#
# There is insufficient memory for the Java Runtime Environment to continue.
# Native memory allocation (mmap) failed to map 618659840 bytes for G1 virtual space
# Possible reasons:
#   The system is out of physical RAM or swap space
#   The process is running with CompressedOops enabled, and the Java Heap may be blocking the growth of the native heap
# Possible solutions:
#   Reduce memory load on the system
#   Increase physical memory or swap space
#   Check if swap backing store is full
#   Decrease Java heap size (-Xmx/-Xms)
#   Decrease number of Java threads
#   Decrease Java thread stack sizes (-Xss)
#   Set larger code cache with -XX:ReservedCodeCacheSize=
#   JVM is running with Zero Based Compressed Oops mode in which the Java heap is
#     placed in the first 32GB address space. The Java Heap base address is the
#     maximum limit for the native heap growth. Please use -XX:HeapBaseMinAddress
#     to set the Java Heap base and to place the Java Heap above 32GB virtual address.
# This output file may be truncated or incomplete.
#
#  Out of Memory Error (os_windows.cpp:3559), pid=16312, tid=5972
#
# JRE version: OpenJDK Runtime Environment Temurin-17.0.7+7 (17.0.7+7) (build 17.0.7+7)
# Java VM: OpenJDK 64-Bit Server VM Temurin-17.0.7+7 (17.0.7+7, mixed mode, emulated-client, sharing, tiered, compressed oops, compressed class ptrs, g1 gc, windows-amd64)
# No core dump will be written. Minidumps are not enabled by default on client versions of Windows
#

---------------  S U M M A R Y ------------

Command Line: -XX:TieredStopAtLevel=1 -Dspring.output.ansi.enabled=always -Dcom.sun.management.jmxremote -Dspring.jmx.enabled=true -Dspring.liveBeansView.mbeanDomain -Dspring.application.admin.enabled=true -Dmanagement.endpoints.jmx.exposure.include=* -javaagent:D:\IntelliJ_Ultimate\IntelliJ IDEA 2023.3.4\lib\idea_rt.jar=63563:D:\IntelliJ_Ultimate\IntelliJ IDEA 2023.3.4\bin -Dfile.encoding=UTF-8 swp391.ticketservice.TicketServiceApplication

Host: AMD Ryzen 5 5600H with Radeon Graphics         , 12 cores, 15G,  Windows 11 , 64 bit Build 22621 (10.0.22621.3958)
Time: Tue Oct  8 00:58:40 2024 SE Asia Standard Time elapsed time: 2772.139910 seconds (0d 0h 46m 12s)

---------------  T H R E A D  ---------------

Current thread (0x0000016d66fbc8c0):  VMThread "VM Thread" [stack: 0x0000000c79300000,0x0000000c79400000] [id=5972]

Stack: [0x0000000c79300000,0x0000000c79400000]
Native frames: (J=compiled Java code, j=interpreted, Vv=VM code, C=native code)
V  [jvm.dll+0x67754a]
V  [jvm.dll+0x834304]
V  [jvm.dll+0x835aae]
V  [jvm.dll+0x836113]
V  [jvm.dll+0x24696f]
V  [jvm.dll+0x6743f9]
V  [jvm.dll+0x668c8a]
V  [jvm.dll+0x3061bb]
V  [jvm.dll+0x30d6a6]
V  [jvm.dll+0x35cece]
V  [jvm.dll+0x35d0ff]
V  [jvm.dll+0x2dd048]
V  [jvm.dll+0x2db20c]
V  [jvm.dll+0x2da7dc]
V  [jvm.dll+0x31ea01]
V  [jvm.dll+0x83a5bb]
V  [jvm.dll+0x83b2f4]
V  [jvm.dll+0x83b80c]
V  [jvm.dll+0x83bbe4]
V  [jvm.dll+0x83bcb0]
V  [jvm.dll+0x7e4e7a]
V  [jvm.dll+0x676395]
C  [ucrtbase.dll+0x29333]
C  [KERNEL32.DLL+0x1257d]
C  [ntdll.dll+0x5af08]

VM_Operation (0x0000000c7caf81e0): G1TryInitiateConcMark, mode: safepoint, requested by thread 0x0000016d6e8b6410


---------------  P R O C E S S  ---------------

Threads class SMR info:
_java_thread_list=0x0000016d6eab3ee0, length=42, elements={
0x0000016d6b006980, 0x0000016d6b007500, 0x0000016d6b0192e0, 0x0000016d6b019f50,
0x0000016d6b01b910, 0x0000016d6b01d6d0, 0x0000016d6b036b50, 0x0000016d6b057460,
0x0000016d6b0eb560, 0x0000016d6b8ecdf0, 0x0000016d6b8ed2c0, 0x0000016d6ba76020,
0x0000016d6c777820, 0x0000016d6cf96870, 0x0000016d6cf95530, 0x0000016d6cf97210,
0x0000016d6cf95060, 0x0000016d6cf97bb0, 0x0000016d6cf96d40, 0x0000016d6cf98080,
0x0000016d6cf98550, 0x0000016d6e8b2f20, 0x0000016d6e8aff00, 0x0000016d6e8afa30,
0x0000016d6e8b03d0, 0x0000016d6e8b4260, 0x0000016d6e8b08a0, 0x0000016d6e8b0d70,
0x0000016d6e8b4730, 0x0000016d6e8b5a70, 0x0000016d6e8b55a0, 0x0000016d6e8b3d90,
0x0000016d6e8b6410, 0x0000016d6e8b1240, 0x0000016d6e8b5f40, 0x0000016d6e8b50d0,
0x0000016d6e8b68e0, 0x0000016d6e8b4c00, 0x0000016d6e8af090, 0x0000016d6e8af560,
0x0000016d6e8b1710, 0x0000016d6e98a260
}

Java Threads: ( => current thread )
  0x0000016d6b006980 JavaThread "Reference Handler" daemon [_thread_blocked, id=21300, stack(0x0000000c79400000,0x0000000c79500000)]
  0x0000016d6b007500 JavaThread "Finalizer" daemon [_thread_blocked, id=2432, stack(0x0000000c79500000,0x0000000c79600000)]
  0x0000016d6b0192e0 JavaThread "Signal Dispatcher" daemon [_thread_blocked, id=16956, stack(0x0000000c79600000,0x0000000c79700000)]
  0x0000016d6b019f50 JavaThread "Attach Listener" daemon [_thread_blocked, id=17476, stack(0x0000000c79700000,0x0000000c79800000)]
  0x0000016d6b01b910 JavaThread "Service Thread" daemon [_thread_blocked, id=16812, stack(0x0000000c79800000,0x0000000c79900000)]
  0x0000016d6b01d6d0 JavaThread "Monitor Deflation Thread" daemon [_thread_blocked, id=17816, stack(0x0000000c79900000,0x0000000c79a00000)]
  0x0000016d6b036b50 JavaThread "C1 CompilerThread0" daemon [_thread_blocked, id=7092, stack(0x0000000c79a00000,0x0000000c79b00000)]
  0x0000016d6b057460 JavaThread "Sweeper thread" daemon [_thread_blocked, id=19332, stack(0x0000000c79b00000,0x0000000c79c00000)]
  0x0000016d6b0eb560 JavaThread "Common-Cleaner" daemon [_thread_blocked, id=19124, stack(0x0000000c79c00000,0x0000000c79d00000)]
  0x0000016d6b8ecdf0 JavaThread "Monitor Ctrl-Break" daemon [_thread_in_native, id=9320, stack(0x0000000c79f00000,0x0000000c7a000000)]
  0x0000016d6b8ed2c0 JavaThread "Notification Thread" daemon [_thread_blocked, id=7432, stack(0x0000000c7a000000,0x0000000c7a100000)]
  0x0000016d6ba76020 JavaThread "RMI TCP Accept-0" daemon [_thread_in_native, id=2304, stack(0x0000000c7a100000,0x0000000c7a200000)]
  0x0000016d6c777820 JavaThread "RMI Scheduler(0)" daemon [_thread_blocked, id=6284, stack(0x0000000c7ae00000,0x0000000c7af00000)]
  0x0000016d6cf96870 JavaThread "Catalina-utility-1" [_thread_blocked, id=21084, stack(0x0000000c7ac00000,0x0000000c7ad00000)]
  0x0000016d6cf95530 JavaThread "Catalina-utility-2" [_thread_blocked, id=18240, stack(0x0000000c7b300000,0x0000000c7b400000)]
  0x0000016d6cf97210 JavaThread "container-0" [_thread_blocked, id=21176, stack(0x0000000c7b600000,0x0000000c7b700000)]
  0x0000016d6cf95060 JavaThread "HikariPool-1 housekeeper" daemon [_thread_blocked, id=14116, stack(0x0000000c7b900000,0x0000000c7ba00000)]
  0x0000016d6cf97bb0 JavaThread "File Watcher" daemon [_thread_blocked, id=15956, stack(0x0000000c7bb00000,0x0000000c7bc00000)]
  0x0000016d6cf96d40 JavaThread "Live Reload Server" daemon [_thread_in_native, id=13252, stack(0x0000000c7bd00000,0x0000000c7be00000)]
  0x0000016d6cf98080 JavaThread "spring.cloud.inetutils" daemon [_thread_blocked, id=1788, stack(0x0000000c7bc00000,0x0000000c7bd00000)]
  0x0000016d6cf98550 JavaThread "spectator-gauge-polling-0" daemon [_thread_blocked, id=12496, stack(0x0000000c7be00000,0x0000000c7bf00000)]
  0x0000016d6e8b2f20 JavaThread "AsyncResolver-bootstrap-%d" daemon [_thread_blocked, id=11220, stack(0x0000000c7bf00000,0x0000000c7c000000)]
  0x0000016d6e8aff00 JavaThread "DiscoveryClient-%d" daemon [_thread_blocked, id=13048, stack(0x0000000c7c000000,0x0000000c7c100000)]
  0x0000016d6e8afa30 JavaThread "DiscoveryClient-%d" daemon [_thread_blocked, id=3528, stack(0x0000000c7c100000,0x0000000c7c200000)]
  0x0000016d6e8b03d0 JavaThread "DiscoveryClient-InstanceInfoReplicator-%d" daemon [_thread_blocked, id=14740, stack(0x0000000c7c200000,0x0000000c7c300000)]
  0x0000016d6e8b4260 JavaThread "http-nio-9003-exec-1" daemon [_thread_blocked, id=8216, stack(0x0000000c7c300000,0x0000000c7c400000)]
  0x0000016d6e8b08a0 JavaThread "http-nio-9003-exec-2" daemon [_thread_blocked, id=6716, stack(0x0000000c7c400000,0x0000000c7c500000)]
  0x0000016d6e8b0d70 JavaThread "http-nio-9003-exec-3" daemon [_thread_blocked, id=17932, stack(0x0000000c7c500000,0x0000000c7c600000)]
  0x0000016d6e8b4730 JavaThread "http-nio-9003-exec-4" daemon [_thread_blocked, id=9572, stack(0x0000000c7c600000,0x0000000c7c700000)]
  0x0000016d6e8b5a70 JavaThread "http-nio-9003-exec-5" daemon [_thread_blocked, id=14080, stack(0x0000000c7c700000,0x0000000c7c800000)]
  0x0000016d6e8b55a0 JavaThread "http-nio-9003-exec-6" daemon [_thread_blocked, id=14716, stack(0x0000000c7c800000,0x0000000c7c900000)]
  0x0000016d6e8b3d90 JavaThread "http-nio-9003-exec-7" daemon [_thread_blocked, id=11720, stack(0x0000000c7c900000,0x0000000c7ca00000)]
  0x0000016d6e8b6410 JavaThread "http-nio-9003-exec-8" daemon [_thread_blocked, id=5960, stack(0x0000000c7ca00000,0x0000000c7cb00000)]
  0x0000016d6e8b1240 JavaThread "http-nio-9003-exec-9" daemon [_thread_blocked, id=18020, stack(0x0000000c7cb00000,0x0000000c7cc00000)]
  0x0000016d6e8b5f40 JavaThread "http-nio-9003-exec-10" daemon [_thread_blocked, id=16360, stack(0x0000000c7cc00000,0x0000000c7cd00000)]
  0x0000016d6e8b50d0 JavaThread "http-nio-9003-Poller" daemon [_thread_in_native, id=11536, stack(0x0000000c7cd00000,0x0000000c7ce00000)]
  0x0000016d6e8b68e0 JavaThread "http-nio-9003-Acceptor" daemon [_thread_in_native, id=2328, stack(0x0000000c7ce00000,0x0000000c7cf00000)]
  0x0000016d6e8b4c00 JavaThread "DestroyJavaVM" [_thread_blocked, id=13868, stack(0x0000000c78d00000,0x0000000c78e00000)]
  0x0000016d6e8af090 JavaThread "DiscoveryClient-CacheRefreshExecutor-%d" daemon [_thread_blocked, id=4720, stack(0x0000000c7ab00000,0x0000000c7ac00000)]
  0x0000016d6e8af560 JavaThread "DiscoveryClient-HeartbeatExecutor-%d" daemon [_thread_blocked, id=18608, stack(0x0000000c7b200000,0x0000000c7b300000)]
  0x0000016d6e8b1710 JavaThread "AsyncResolver-bootstrap-executor-%d" daemon [_thread_blocked, id=9520, stack(0x0000000c78c00000,0x0000000c78d00000)]
  0x0000016d6e98a260 JavaThread "mssql-jdbc-shared-timer-core-1" daemon [_thread_blocked, id=10148, stack(0x0000000c78a00000,0x0000000c78b00000)]

Other Threads:
=>0x0000016d66fbc8c0 VMThread "VM Thread" [stack: 0x0000000c79300000,0x0000000c79400000] [id=5972]
  0x0000016d5023bee0 WatcherThread [stack: 0x0000000c7a200000,0x0000000c7a300000] [id=16832]
  0x0000016d502a3600 GCTaskThread "GC Thread#0" [stack: 0x0000000c78e00000,0x0000000c78f00000] [id=3256]
  0x0000016d6c24d5c0 GCTaskThread "GC Thread#1" [stack: 0x0000000c7a300000,0x0000000c7a400000] [id=7820]
  0x0000016d6c263020 GCTaskThread "GC Thread#2" [stack: 0x0000000c7a400000,0x0000000c7a500000] [id=16508]
  0x0000016d6c263af0 GCTaskThread "GC Thread#3" [stack: 0x0000000c7a500000,0x0000000c7a600000] [id=13020]
  0x0000016d6c263da0 GCTaskThread "GC Thread#4" [stack: 0x0000000c7a600000,0x0000000c7a700000] [id=14416]
  0x0000016d6c28e7f0 GCTaskThread "GC Thread#5" [stack: 0x0000000c7a700000,0x0000000c7a800000] [id=9432]
  0x0000016d6c3e6ed0 GCTaskThread "GC Thread#6" [stack: 0x0000000c7a900000,0x0000000c7aa00000] [id=12516]
  0x0000016d6c771f80 GCTaskThread "GC Thread#7" [stack: 0x0000000c7af00000,0x0000000c7b000000] [id=19480]
  0x0000016d6c777cf0 GCTaskThread "GC Thread#8" [stack: 0x0000000c7b000000,0x0000000c7b100000] [id=11776]
  0x0000016d6c815ea0 GCTaskThread "GC Thread#9" [stack: 0x0000000c7b100000,0x0000000c7b200000] [id=5016]
  0x0000016d502b4b90 ConcurrentGCThread "G1 Main Marker" [stack: 0x0000000c78f00000,0x0000000c79000000] [id=6924]
  0x0000016d502b55a0 ConcurrentGCThread "G1 Conc#0" [stack: 0x0000000c79000000,0x0000000c79100000] [id=18216]
  0x0000016d6cb5f620 ConcurrentGCThread "G1 Conc#1" [stack: 0x0000000c7b400000,0x0000000c7b500000] [id=8728]
  0x0000016d6cb5fb80 ConcurrentGCThread "G1 Conc#2" [stack: 0x0000000c7b500000,0x0000000c7b600000] [id=14496]
  0x0000016d66e76ab0 ConcurrentGCThread "G1 Refine#0" [stack: 0x0000000c79100000,0x0000000c79200000] [id=17836]
  0x0000016d6c265110 ConcurrentGCThread "G1 Refine#1" [stack: 0x0000000c7a800000,0x0000000c7a900000] [id=6008]
  0x0000016d66e774d0 ConcurrentGCThread "G1 Service" [stack: 0x0000000c79200000,0x0000000c79300000] [id=20724]

Threads with active compile tasks:

VM state: at safepoint (normal execution)

VM Mutex/Monitor currently owned by a thread:  ([mutex/lock_event])
[0x0000016d50236270] Threads_lock - owner thread: 0x0000016d66fbc8c0
[0x0000016d50236660] Heap_lock - owner thread: 0x0000016d6e8b6410

Heap address: 0x0000000709c00000, size: 3940 MB, Compressed Oops mode: Zero based, Oop shift amount: 3

CDS archive(s) mapped at: [0x0000000800000000-0x0000000800bc0000-0x0000000800bc0000), size 12320768, SharedBaseAddress: 0x0000000800000000, ArchiveRelocationMode: 0.
Compressed class space mapped at: 0x0000000801000000-0x0000000841000000, reserved size: 1073741824
Narrow klass base: 0x0000000800000000, Narrow klass shift: 0, Narrow klass range: 0x100000000

GC Precious Log:
 CPUs: 12 total, 12 available
 Memory: 15754M
 Large Page Support: Disabled
 NUMA Support: Disabled
 Compressed Oops: Enabled (Zero based)
 Heap Region Size: 2M
 Heap Min Capacity: 8M
 Heap Initial Capacity: 248M
 Heap Max Capacity: 3940M
 Pre-touch: Disabled
 Parallel Workers: 10
 Concurrent Workers: 3
 Concurrent Refinement Workers: 10
 Periodic GC: Disabled

Heap:
 garbage-first heap   total 360448K, used 85315K [0x0000000709c00000, 0x0000000800000000)
  region size 2048K, 2 young (4096K), 2 survivors (4096K)
 Metaspace       used 87859K, committed 88576K, reserved 1179648K
  class space    used 13069K, committed 13376K, reserved 1048576K

Heap Regions: E=young(eden), S=young(survivor), O=old, HS=humongous(starts), HC=humongous(continues), CS=collection set, F=free, OA=open archive, CA=closed archive, TAMS=top-at-mark-start (previous, next)
|   0|0x0000000709c00000, 0x0000000709e00000, 0x0000000709e00000|100%| O|  |TAMS 0x0000000709e00000, 0x0000000709e00000| Untracked 
|   1|0x0000000709e00000, 0x000000070a000000, 0x000000070a000000|100%| O|  |TAMS 0x000000070a000000, 0x000000070a000000| Untracked 
|   2|0x000000070a000000, 0x000000070a200000, 0x000000070a200000|100%| O|  |TAMS 0x000000070a200000, 0x000000070a200000| Untracked 
|   3|0x000000070a200000, 0x000000070a400000, 0x000000070a400000|100%| O|  |TAMS 0x000000070a400000, 0x000000070a400000| Untracked 
|   4|0x000000070a400000, 0x000000070a600000, 0x000000070a600000|100%| O|  |TAMS 0x000000070a600000, 0x000000070a600000| Untracked 
|   5|0x000000070a600000, 0x000000070a800000, 0x000000070a800000|100%| O|  |TAMS 0x000000070a800000, 0x000000070a800000| Untracked 
|   6|0x000000070a800000, 0x000000070aa00000, 0x000000070aa00000|100%| O|  |TAMS 0x000000070aa00000, 0x000000070aa00000| Untracked 
|   7|0x000000070aa00000, 0x000000070ac00000, 0x000000070ac00000|100%| O|  |TAMS 0x000000070ac00000, 0x000000070ac00000| Untracked 
|   8|0x000000070ac00000, 0x000000070ae00000, 0x000000070ae00000|100%| O|  |TAMS 0x000000070ae00000, 0x000000070ae00000| Untracked 
|   9|0x000000070ae00000, 0x000000070b000000, 0x000000070b000000|100%| O|  |TAMS 0x000000070b000000, 0x000000070b000000| Untracked 
|  10|0x000000070b000000, 0x000000070b200000, 0x000000070b200000|100%| O|  |TAMS 0x000000070b200000, 0x000000070b200000| Untracked 
|  11|0x000000070b200000, 0x000000070b400000, 0x000000070b400000|100%| O|  |TAMS 0x000000070b400000, 0x000000070b400000| Untracked 
|  12|0x000000070b400000, 0x000000070b600000, 0x000000070b600000|100%| O|  |TAMS 0x000000070b600000, 0x000000070b600000| Untracked 
|  13|0x000000070b600000, 0x000000070b800000, 0x000000070b800000|100%| O|  |TAMS 0x000000070b800000, 0x000000070b800000| Untracked 
|  14|0x000000070b800000, 0x000000070ba00000, 0x000000070ba00000|100%| O|  |TAMS 0x000000070ba00000, 0x000000070ba00000| Untracked 
|  15|0x000000070ba00000, 0x000000070bc00000, 0x000000070bc00000|100%| O|  |TAMS 0x000000070bc00000, 0x000000070bc00000| Untracked 
|  16|0x000000070bc00000, 0x000000070be00000, 0x000000070be00000|100%| O|  |TAMS 0x000000070be00000, 0x000000070be00000| Untracked 
|  17|0x000000070be00000, 0x000000070c000000, 0x000000070c000000|100%| O|  |TAMS 0x000000070c000000, 0x000000070c000000| Untracked 
|  18|0x000000070c000000, 0x000000070c200000, 0x000000070c200000|100%| O|  |TAMS 0x000000070c200000, 0x000000070c200000| Untracked 
|  19|0x000000070c200000, 0x000000070c400000, 0x000000070c400000|100%| O|  |TAMS 0x000000070c400000, 0x000000070c400000| Untracked 
|  20|0x000000070c400000, 0x000000070c600000, 0x000000070c600000|100%| O|  |TAMS 0x000000070c600000, 0x000000070c600000| Untracked 
|  21|0x000000070c600000, 0x000000070c800000, 0x000000070c800000|100%| O|  |TAMS 0x000000070c800000, 0x000000070c800000| Untracked 
|  22|0x000000070c800000, 0x000000070ca00000, 0x000000070ca00000|100%| O|  |TAMS 0x000000070ca00000, 0x000000070ca00000| Untracked 
|  23|0x000000070ca00000, 0x000000070ca00000, 0x000000070cc00000|  0%| F|  |TAMS 0x000000070ca00000, 0x000000070ca00000| Untracked 
|  24|0x000000070cc00000, 0x000000070ce00000, 0x000000070ce00000|100%| O|  |TAMS 0x000000070ce00000, 0x000000070ce00000| Untracked 
|  25|0x000000070ce00000, 0x000000070d000000, 0x000000070d000000|100%| O|  |TAMS 0x000000070d000000, 0x000000070d000000| Untracked 
|  26|0x000000070d000000, 0x000000070d200000, 0x000000070d200000|100%| O|  |TAMS 0x000000070d200000, 0x000000070d200000| Untracked 
|  27|0x000000070d200000, 0x000000070d400000, 0x000000070d400000|100%| O|  |TAMS 0x000000070d400000, 0x000000070d400000| Untracked 
|  28|0x000000070d400000, 0x000000070d600000, 0x000000070d600000|100%| O|  |TAMS 0x000000070d400000, 0x000000070d600000| Untracked 
|  29|0x000000070d600000, 0x000000070d800000, 0x000000070d800000|100%| O|  |TAMS 0x000000070d600000, 0x000000070d800000| Untracked 
|  30|0x000000070d800000, 0x000000070da00000, 0x000000070da00000|100%| O|  |TAMS 0x000000070da00000, 0x000000070da00000| Untracked 
|  31|0x000000070da00000, 0x000000070dc00000, 0x000000070dc00000|100%| O|  |TAMS 0x000000070da00000, 0x000000070dc00000| Untracked 
|  32|0x000000070dc00000, 0x000000070de00000, 0x000000070de00000|100%| O|  |TAMS 0x000000070dc00000, 0x000000070de00000| Untracked 
|  33|0x000000070de00000, 0x000000070e000000, 0x000000070e000000|100%| O|  |TAMS 0x000000070de00000, 0x000000070e000000| Untracked 
|  34|0x000000070e000000, 0x000000070e200000, 0x000000070e200000|100%| O|  |TAMS 0x000000070e200000, 0x000000070e200000| Untracked 
|  35|0x000000070e200000, 0x000000070e400000, 0x000000070e400000|100%| O|  |TAMS 0x000000070e400000, 0x000000070e400000| Untracked 
|  36|0x000000070e400000, 0x000000070e400000, 0x000000070e600000|  0%| F|  |TAMS 0x000000070e400000, 0x000000070e400000| Untracked 
|  37|0x000000070e600000, 0x000000070e800000, 0x000000070e800000|100%| O|  |TAMS 0x000000070e600000, 0x000000070e800000| Untracked 
|  38|0x000000070e800000, 0x000000070e800000, 0x000000070ea00000|  0%| F|  |TAMS 0x000000070e800000, 0x000000070e800000| Untracked 
|  39|0x000000070ea00000, 0x000000070ec00000, 0x000000070ec00000|100%| O|  |TAMS 0x000000070ec00000, 0x000000070ec00000| Untracked 
|  40|0x000000070ec00000, 0x000000070ee00000, 0x000000070ee00000|100%| O|  |TAMS 0x000000070ee00000, 0x000000070ee00000| Untracked 
|  41|0x000000070ee00000, 0x000000070f000000, 0x000000070f000000|100%| O|  |TAMS 0x000000070f000000, 0x000000070f000000| Untracked 
|  42|0x000000070f000000, 0x000000070f000000, 0x000000070f200000|  0%| F|  |TAMS 0x000000070f000000, 0x000000070f000000| Untracked 
|  43|0x000000070f200000, 0x000000070f33ec00, 0x000000070f400000| 62%| O|  |TAMS 0x000000070f200000, 0x000000070f33ec00| Untracked 
|  44|0x000000070f400000, 0x000000070f400000, 0x000000070f600000|  0%| F|  |TAMS 0x000000070f400000, 0x000000070f400000| Untracked 
|  45|0x000000070f600000, 0x000000070f600000, 0x000000070f800000|  0%| F|  |TAMS 0x000000070f600000, 0x000000070f600000| Untracked 
|  46|0x000000070f800000, 0x000000070f800000, 0x000000070fa00000|  0%| F|  |TAMS 0x000000070f800000, 0x000000070f800000| Untracked 
|  47|0x000000070fa00000, 0x000000070fc00000, 0x000000070fc00000|100%| O|  |TAMS 0x000000070fc00000, 0x000000070fc00000| Untracked 
|  48|0x000000070fc00000, 0x000000070fc00000, 0x000000070fe00000|  0%| F|  |TAMS 0x000000070fc00000, 0x000000070fc00000| Untracked 
|  49|0x000000070fe00000, 0x000000070fe00000, 0x0000000710000000|  0%| F|  |TAMS 0x000000070fe00000, 0x000000070fe00000| Untracked 
|  50|0x0000000710000000, 0x0000000710000000, 0x0000000710200000|  0%| F|  |TAMS 0x0000000710000000, 0x0000000710000000| Untracked 
|  51|0x0000000710200000, 0x0000000710200000, 0x0000000710400000|  0%| F|  |TAMS 0x0000000710200000, 0x0000000710200000| Untracked 
|  52|0x0000000710400000, 0x0000000710400000, 0x0000000710600000|  0%| F|  |TAMS 0x0000000710400000, 0x0000000710400000| Untracked 
|  53|0x0000000710600000, 0x0000000710600000, 0x0000000710800000|  0%| F|  |TAMS 0x0000000710600000, 0x0000000710600000| Untracked 
|  54|0x0000000710800000, 0x0000000710800000, 0x0000000710a00000|  0%| F|  |TAMS 0x0000000710800000, 0x0000000710800000| Untracked 
|  55|0x0000000710a00000, 0x0000000710a00000, 0x0000000710c00000|  0%| F|  |TAMS 0x0000000710a00000, 0x0000000710a00000| Untracked 
|  56|0x0000000710c00000, 0x0000000710c00000, 0x0000000710e00000|  0%| F|  |TAMS 0x0000000710c00000, 0x0000000710c00000| Untracked 
|  57|0x0000000710e00000, 0x0000000710e00000, 0x0000000711000000|  0%| F|  |TAMS 0x0000000710e00000, 0x0000000710e00000| Untracked 
|  58|0x0000000711000000, 0x0000000711000000, 0x0000000711200000|  0%| F|  |TAMS 0x0000000711000000, 0x0000000711000000| Untracked 
|  59|0x0000000711200000, 0x0000000711200000, 0x0000000711400000|  0%| F|  |TAMS 0x0000000711200000, 0x0000000711200000| Untracked 
|  60|0x0000000711400000, 0x0000000711400000, 0x0000000711600000|  0%| F|  |TAMS 0x0000000711400000, 0x0000000711400000| Untracked 
|  61|0x0000000711600000, 0x0000000711600000, 0x0000000711800000|  0%| F|  |TAMS 0x0000000711600000, 0x0000000711600000| Untracked 
|  62|0x0000000711800000, 0x0000000711800000, 0x0000000711a00000|  0%| F|  |TAMS 0x0000000711800000, 0x0000000711800000| Untracked 
|  63|0x0000000711a00000, 0x0000000711a00000, 0x0000000711c00000|  0%| F|  |TAMS 0x0000000711a00000, 0x0000000711a00000| Untracked 
|  64|0x0000000711c00000, 0x0000000711c00000, 0x0000000711e00000|  0%| F|  |TAMS 0x0000000711c00000, 0x0000000711c00000| Untracked 
|  65|0x0000000711e00000, 0x0000000711e00000, 0x0000000712000000|  0%| F|  |TAMS 0x0000000711e00000, 0x0000000711e00000| Untracked 
|  66|0x0000000712000000, 0x0000000712000000, 0x0000000712200000|  0%| F|  |TAMS 0x0000000712000000, 0x0000000712000000| Untracked 
|  67|0x0000000712200000, 0x0000000712200000, 0x0000000712400000|  0%| F|  |TAMS 0x0000000712200000, 0x0000000712200000| Untracked 
|  68|0x0000000712400000, 0x0000000712400000, 0x0000000712600000|  0%| F|  |TAMS 0x0000000712400000, 0x0000000712400000| Untracked 
|  69|0x0000000712600000, 0x0000000712600000, 0x0000000712800000|  0%| F|  |TAMS 0x0000000712600000, 0x0000000712600000| Untracked 
|  70|0x0000000712800000, 0x0000000712800000, 0x0000000712a00000|  0%| F|  |TAMS 0x0000000712800000, 0x0000000712800000| Untracked 
|  71|0x0000000712a00000, 0x0000000712a00000, 0x0000000712c00000|  0%| F|  |TAMS 0x0000000712a00000, 0x0000000712a00000| Untracked 
|  72|0x0000000712c00000, 0x0000000712c00000, 0x0000000712e00000|  0%| F|  |TAMS 0x0000000712c00000, 0x0000000712c00000| Untracked 
|  73|0x0000000712e00000, 0x0000000712e00000, 0x0000000713000000|  0%| F|  |TAMS 0x0000000712e00000, 0x0000000712e00000| Untracked 
|  74|0x0000000713000000, 0x0000000713000000, 0x0000000713200000|  0%| F|  |TAMS 0x0000000713000000, 0x0000000713000000| Untracked 
|  75|0x0000000713200000, 0x0000000713200000, 0x0000000713400000|  0%| F|  |TAMS 0x0000000713200000, 0x0000000713200000| Untracked 
|  76|0x0000000713400000, 0x0000000713400000, 0x0000000713600000|  0%| F|  |TAMS 0x0000000713400000, 0x0000000713400000| Untracked 
|  77|0x0000000713600000, 0x0000000713600000, 0x0000000713800000|  0%| F|  |TAMS 0x0000000713600000, 0x0000000713600000| Untracked 
|  78|0x0000000713800000, 0x0000000713800000, 0x0000000713a00000|  0%| F|  |TAMS 0x0000000713800000, 0x0000000713800000| Untracked 
|  79|0x0000000713a00000, 0x0000000713a00000, 0x0000000713c00000|  0%| F|  |TAMS 0x0000000713a00000, 0x0000000713a00000| Untracked 
|  80|0x0000000713c00000, 0x0000000713c00000, 0x0000000713e00000|  0%| F|  |TAMS 0x0000000713c00000, 0x0000000713c00000| Untracked 
|  81|0x0000000713e00000, 0x0000000713e00000, 0x0000000714000000|  0%| F|  |TAMS 0x0000000713e00000, 0x0000000713e00000| Untracked 
|  82|0x0000000714000000, 0x0000000714000000, 0x0000000714200000|  0%| F|  |TAMS 0x0000000714000000, 0x0000000714000000| Untracked 
|  83|0x0000000714200000, 0x0000000714200000, 0x0000000714400000|  0%| F|  |TAMS 0x0000000714200000, 0x0000000714200000| Untracked 
|  84|0x0000000714400000, 0x0000000714400000, 0x0000000714600000|  0%| F|  |TAMS 0x0000000714400000, 0x0000000714400000| Untracked 
|  85|0x0000000714600000, 0x0000000714600000, 0x0000000714800000|  0%| F|  |TAMS 0x0000000714600000, 0x0000000714600000| Untracked 
|  86|0x0000000714800000, 0x0000000714800000, 0x0000000714a00000|  0%| F|  |TAMS 0x0000000714800000, 0x0000000714800000| Untracked 
|  87|0x0000000714a00000, 0x0000000714a00000, 0x0000000714c00000|  0%| F|  |TAMS 0x0000000714a00000, 0x0000000714a00000| Untracked 
|  88|0x0000000714c00000, 0x0000000714c00000, 0x0000000714e00000|  0%| F|  |TAMS 0x0000000714c00000, 0x0000000714c00000| Untracked 
|  89|0x0000000714e00000, 0x0000000714e00000, 0x0000000715000000|  0%| F|  |TAMS 0x0000000714e00000, 0x0000000714e00000| Untracked 
|  90|0x0000000715000000, 0x0000000715000000, 0x0000000715200000|  0%| F|  |TAMS 0x0000000715000000, 0x0000000715000000| Untracked 
|  91|0x0000000715200000, 0x0000000715200000, 0x0000000715400000|  0%| F|  |TAMS 0x0000000715200000, 0x0000000715200000| Untracked 
|  92|0x0000000715400000, 0x0000000715400000, 0x0000000715600000|  0%| F|  |TAMS 0x0000000715400000, 0x0000000715400000| Untracked 
|  93|0x0000000715600000, 0x0000000715600000, 0x0000000715800000|  0%| F|  |TAMS 0x0000000715600000, 0x0000000715600000| Untracked 
|  94|0x0000000715800000, 0x0000000715800000, 0x0000000715a00000|  0%| F|  |TAMS 0x0000000715800000, 0x0000000715800000| Untracked 
|  95|0x0000000715a00000, 0x0000000715a00000, 0x0000000715c00000|  0%| F|  |TAMS 0x0000000715a00000, 0x0000000715a00000| Untracked 
|  96|0x0000000715c00000, 0x0000000715c00000, 0x0000000715e00000|  0%| F|  |TAMS 0x0000000715c00000, 0x0000000715c00000| Untracked 
|  97|0x0000000715e00000, 0x0000000715e00000, 0x0000000716000000|  0%| F|  |TAMS 0x0000000715e00000, 0x0000000715e00000| Untracked 
|  98|0x0000000716000000, 0x0000000716000000, 0x0000000716200000|  0%| F|  |TAMS 0x0000000716000000, 0x0000000716000000| Untracked 
|  99|0x0000000716200000, 0x0000000716200000, 0x0000000716400000|  0%| F|  |TAMS 0x0000000716200000, 0x0000000716200000| Untracked 
| 100|0x0000000716400000, 0x0000000716400000, 0x0000000716600000|  0%| F|  |TAMS 0x0000000716400000, 0x0000000716400000| Untracked 
| 101|0x0000000716600000, 0x0000000716600000, 0x0000000716800000|  0%| F|  |TAMS 0x0000000716600000, 0x0000000716600000| Untracked 
| 102|0x0000000716800000, 0x0000000716800000, 0x0000000716a00000|  0%| F|  |TAMS 0x0000000716800000, 0x0000000716800000| Untracked 
| 103|0x0000000716a00000, 0x0000000716a00000, 0x0000000716c00000|  0%| F|  |TAMS 0x0000000716a00000, 0x0000000716a00000| Untracked 
| 104|0x0000000716c00000, 0x0000000716c00000, 0x0000000716e00000|  0%| F|  |TAMS 0x0000000716c00000, 0x0000000716c00000| Untracked 
| 105|0x0000000716e00000, 0x0000000716e00000, 0x0000000717000000|  0%| F|  |TAMS 0x0000000716e00000, 0x0000000716e00000| Untracked 
| 106|0x0000000717000000, 0x0000000717000000, 0x0000000717200000|  0%| F|  |TAMS 0x0000000717000000, 0x0000000717000000| Untracked 
| 107|0x0000000717200000, 0x0000000717200000, 0x0000000717400000|  0%| F|  |TAMS 0x0000000717200000, 0x0000000717200000| Untracked 
| 108|0x0000000717400000, 0x0000000717400000, 0x0000000717600000|  0%| F|  |TAMS 0x0000000717400000, 0x0000000717400000| Untracked 
| 109|0x0000000717600000, 0x0000000717600000, 0x0000000717800000|  0%| F|  |TAMS 0x0000000717600000, 0x0000000717600000| Untracked 
| 110|0x0000000717800000, 0x0000000717800000, 0x0000000717a00000|  0%| F|  |TAMS 0x0000000717800000, 0x0000000717800000| Untracked 
| 111|0x0000000717a00000, 0x0000000717a00000, 0x0000000717c00000|  0%| F|  |TAMS 0x0000000717a00000, 0x0000000717a00000| Untracked 
| 112|0x0000000717c00000, 0x0000000717c00000, 0x0000000717e00000|  0%| F|  |TAMS 0x0000000717c00000, 0x0000000717c00000| Untracked 
| 113|0x0000000717e00000, 0x0000000717e00000, 0x0000000718000000|  0%| F|  |TAMS 0x0000000717e00000, 0x0000000717e00000| Untracked 
| 114|0x0000000718000000, 0x0000000718000000, 0x0000000718200000|  0%| F|  |TAMS 0x0000000718000000, 0x0000000718000000| Untracked 
| 115|0x0000000718200000, 0x0000000718200000, 0x0000000718400000|  0%| F|  |TAMS 0x0000000718200000, 0x0000000718200000| Untracked 
| 116|0x0000000718400000, 0x0000000718400000, 0x0000000718600000|  0%| F|  |TAMS 0x0000000718400000, 0x0000000718400000| Untracked 
| 117|0x0000000718600000, 0x0000000718600000, 0x0000000718800000|  0%| F|  |TAMS 0x0000000718600000, 0x0000000718600000| Untracked 
| 118|0x0000000718800000, 0x0000000718800000, 0x0000000718a00000|  0%| F|  |TAMS 0x0000000718800000, 0x0000000718800000| Untracked 
| 119|0x0000000718a00000, 0x0000000718a00000, 0x0000000718c00000|  0%| F|  |TAMS 0x0000000718a00000, 0x0000000718a00000| Untracked 
| 120|0x0000000718c00000, 0x0000000718c00000, 0x0000000718e00000|  0%| F|  |TAMS 0x0000000718c00000, 0x0000000718c00000| Untracked 
| 121|0x0000000718e00000, 0x0000000718e00000, 0x0000000719000000|  0%| F|  |TAMS 0x0000000718e00000, 0x0000000718e00000| Untracked 
| 122|0x0000000719000000, 0x0000000719000000, 0x0000000719200000|  0%| F|  |TAMS 0x0000000719000000, 0x0000000719000000| Untracked 
| 123|0x0000000719200000, 0x0000000719200000, 0x0000000719400000|  0%| F|  |TAMS 0x0000000719200000, 0x0000000719200000| Untracked 
| 124|0x0000000719400000, 0x0000000719400000, 0x0000000719600000|  0%| F|  |TAMS 0x0000000719400000, 0x0000000719400000| Untracked 
| 125|0x0000000719600000, 0x0000000719600000, 0x0000000719800000|  0%| F|  |TAMS 0x0000000719600000, 0x0000000719600000| Untracked 
| 126|0x0000000719800000, 0x0000000719800000, 0x0000000719a00000|  0%| F|  |TAMS 0x0000000719800000, 0x0000000719800000| Untracked 
| 127|0x0000000719a00000, 0x0000000719a00000, 0x0000000719c00000|  0%| F|  |TAMS 0x0000000719a00000, 0x0000000719a00000| Untracked 
| 128|0x0000000719c00000, 0x0000000719c00000, 0x0000000719e00000|  0%| F|  |TAMS 0x0000000719c00000, 0x0000000719c00000| Untracked 
| 129|0x0000000719e00000, 0x0000000719e00000, 0x000000071a000000|  0%| F|  |TAMS 0x0000000719e00000, 0x0000000719e00000| Untracked 
| 130|0x000000071a000000, 0x000000071a000000, 0x000000071a200000|  0%| F|  |TAMS 0x000000071a000000, 0x000000071a000000| Untracked 
| 131|0x000000071a200000, 0x000000071a200000, 0x000000071a400000|  0%| F|  |TAMS 0x000000071a200000, 0x000000071a200000| Untracked 
| 132|0x000000071a400000, 0x000000071a400000, 0x000000071a600000|  0%| F|  |TAMS 0x000000071a400000, 0x000000071a400000| Untracked 
| 133|0x000000071a600000, 0x000000071a600000, 0x000000071a800000|  0%| F|  |TAMS 0x000000071a600000, 0x000000071a600000| Untracked 
| 134|0x000000071a800000, 0x000000071a800000, 0x000000071aa00000|  0%| F|  |TAMS 0x000000071a800000, 0x000000071a800000| Untracked 
| 135|0x000000071aa00000, 0x000000071aa00000, 0x000000071ac00000|  0%| F|  |TAMS 0x000000071aa00000, 0x000000071aa00000| Untracked 
| 136|0x000000071ac00000, 0x000000071ac00000, 0x000000071ae00000|  0%| F|  |TAMS 0x000000071ac00000, 0x000000071ac00000| Untracked 
| 137|0x000000071ae00000, 0x000000071ae00000, 0x000000071b000000|  0%| F|  |TAMS 0x000000071ae00000, 0x000000071ae00000| Untracked 
| 138|0x000000071b000000, 0x000000071b000000, 0x000000071b200000|  0%| F|  |TAMS 0x000000071b000000, 0x000000071b000000| Untracked 
| 139|0x000000071b200000, 0x000000071b200000, 0x000000071b400000|  0%| F|  |TAMS 0x000000071b200000, 0x000000071b200000| Untracked 
| 140|0x000000071b400000, 0x000000071b400000, 0x000000071b600000|  0%| F|  |TAMS 0x000000071b400000, 0x000000071b400000| Untracked 
| 141|0x000000071b600000, 0x000000071b600000, 0x000000071b800000|  0%| F|  |TAMS 0x000000071b600000, 0x000000071b600000| Untracked 
| 142|0x000000071b800000, 0x000000071b800000, 0x000000071ba00000|  0%| F|  |TAMS 0x000000071b800000, 0x000000071b800000| Untracked 
| 143|0x000000071ba00000, 0x000000071ba00000, 0x000000071bc00000|  0%| F|  |TAMS 0x000000071ba00000, 0x000000071ba00000| Untracked 
| 144|0x000000071bc00000, 0x000000071bc00000, 0x000000071be00000|  0%| F|  |TAMS 0x000000071bc00000, 0x000000071bc00000| Untracked 
| 145|0x000000071be00000, 0x000000071be00000, 0x000000071c000000|  0%| F|  |TAMS 0x000000071be00000, 0x000000071be00000| Untracked 
| 146|0x000000071c000000, 0x000000071c000000, 0x000000071c200000|  0%| F|  |TAMS 0x000000071c000000, 0x000000071c000000| Untracked 
| 147|0x000000071c200000, 0x000000071c200000, 0x000000071c400000|  0%| F|  |TAMS 0x000000071c200000, 0x000000071c200000| Untracked 
| 148|0x000000071c400000, 0x000000071c400000, 0x000000071c600000|  0%| F|  |TAMS 0x000000071c400000, 0x000000071c400000| Untracked 
| 149|0x000000071c600000, 0x000000071c600000, 0x000000071c800000|  0%| F|  |TAMS 0x000000071c600000, 0x000000071c600000| Untracked 
| 150|0x000000071c800000, 0x000000071c800000, 0x000000071ca00000|  0%| F|  |TAMS 0x000000071c800000, 0x000000071c800000| Untracked 
| 151|0x000000071ca00000, 0x000000071ca00000, 0x000000071cc00000|  0%| F|  |TAMS 0x000000071ca00000, 0x000000071ca00000| Untracked 
| 152|0x000000071cc00000, 0x000000071cc00000, 0x000000071ce00000|  0%| F|  |TAMS 0x000000071cc00000, 0x000000071cc00000| Untracked 
| 153|0x000000071ce00000, 0x000000071ce00000, 0x000000071d000000|  0%| F|  |TAMS 0x000000071ce00000, 0x000000071ce00000| Untracked 
| 154|0x000000071d000000, 0x000000071d000000, 0x000000071d200000|  0%| F|  |TAMS 0x000000071d000000, 0x000000071d000000| Untracked 
| 155|0x000000071d200000, 0x000000071d200000, 0x000000071d400000|  0%| F|  |TAMS 0x000000071d200000, 0x000000071d200000| Untracked 
| 156|0x000000071d400000, 0x000000071d400000, 0x000000071d600000|  0%| F|  |TAMS 0x000000071d400000, 0x000000071d400000| Untracked 
| 157|0x000000071d600000, 0x000000071d600000, 0x000000071d800000|  0%| F|  |TAMS 0x000000071d600000, 0x000000071d600000| Untracked 
| 158|0x000000071d800000, 0x000000071d800000, 0x000000071da00000|  0%| F|  |TAMS 0x000000071d800000, 0x000000071d800000| Untracked 
| 159|0x000000071da00000, 0x000000071da00000, 0x000000071dc00000|  0%| F|  |TAMS 0x000000071da00000, 0x000000071da00000| Untracked 
| 160|0x000000071dc00000, 0x000000071dc00000, 0x000000071de00000|  0%| F|  |TAMS 0x000000071dc00000, 0x000000071dc00000| Untracked 
| 161|0x000000071de00000, 0x000000071de00000, 0x000000071e000000|  0%| F|  |TAMS 0x000000071de00000, 0x000000071de00000| Untracked 
| 162|0x000000071e000000, 0x000000071e000000, 0x000000071e200000|  0%| F|  |TAMS 0x000000071e000000, 0x000000071e000000| Untracked 
| 163|0x000000071e200000, 0x000000071e200000, 0x000000071e400000|  0%| F|  |TAMS 0x000000071e200000, 0x000000071e200000| Untracked 
| 164|0x000000071e400000, 0x000000071e400000, 0x000000071e600000|  0%| F|  |TAMS 0x000000071e400000, 0x000000071e400000| Untracked 
| 165|0x000000071e600000, 0x000000071e600000, 0x000000071e800000|  0%| F|  |TAMS 0x000000071e600000, 0x000000071e600000| Untracked 
| 166|0x000000071e800000, 0x000000071e800000, 0x000000071ea00000|  0%| F|  |TAMS 0x000000071e800000, 0x000000071e800000| Untracked 
| 167|0x000000071ea00000, 0x000000071ea00000, 0x000000071ec00000|  0%| F|  |TAMS 0x000000071ea00000, 0x000000071ea00000| Untracked 
| 168|0x000000071ec00000, 0x000000071ec00000, 0x000000071ee00000|  0%| F|  |TAMS 0x000000071ec00000, 0x000000071ec00000| Untracked 
| 169|0x000000071ee00000, 0x000000071ee00000, 0x000000071f000000|  0%| F|  |TAMS 0x000000071ee00000, 0x000000071ee00000| Untracked 
| 170|0x000000071f000000, 0x000000071f000000, 0x000000071f200000|  0%| F|  |TAMS 0x000000071f000000, 0x000000071f000000| Untracked 
| 171|0x000000071f200000, 0x000000071f2121e0, 0x000000071f400000|  3%| S|CS|TAMS 0x000000071f200000, 0x000000071f200000| Complete 
| 172|0x000000071f400000, 0x000000071f600000, 0x000000071f600000|100%| S|CS|TAMS 0x000000071f400000, 0x000000071f400000| Complete 
| 173|0x000000071f600000, 0x000000071f600000, 0x000000071f800000|  0%| F|  |TAMS 0x000000071f600000, 0x000000071f600000| Untracked 
| 174|0x000000071f800000, 0x000000071f800000, 0x000000071fa00000|  0%| F|  |TAMS 0x000000071f800000, 0x000000071f800000| Untracked 
| 175|0x000000071fa00000, 0x000000071fa00000, 0x000000071fc00000|  0%| F|  |TAMS 0x000000071fa00000, 0x000000071fa00000| Untracked 

Card table byte_map: [0x0000016d5b7f0000,0x0000016d5bfb0000] _byte_map_base: 0x0000016d57fa2000

Marking Bits (Prev, Next): (CMBitMap*) 0x0000016d502a3c10, (CMBitMap*) 0x0000016d502a3c50
 Prev Bits: [0x0000016d5c770000, 0x0000016d60500000)
 Next Bits: [0x0000016d60500000, 0x0000016d64290000)

Polling page: 0x0000016d4e1e0000

Metaspace:

Usage:
  Non-class:     73.04 MB used.
      Class:     12.76 MB used.
       Both:     85.80 MB used.

Virtual space:
  Non-class space:      128.00 MB reserved,      73.44 MB ( 57%) committed,  2 nodes.
      Class space:        1.00 GB reserved,      13.06 MB (  1%) committed,  1 nodes.
             Both:        1.12 GB reserved,      86.50 MB (  8%) committed. 

Chunk freelists:
   Non-Class:  6.08 MB
       Class:  2.89 MB
        Both:  8.96 MB

MaxMetaspaceSize: unlimited
CompressedClassSpaceSize: 1.00 GB
Initial GC threshold: 21.00 MB
Current GC threshold: 144.00 MB
CDS: on
MetaspaceReclaimPolicy: balanced
 - commit_granule_bytes: 65536.
 - commit_granule_words: 8192.
 - virtual_space_node_default_size: 8388608.
 - enlarge_chunks_in_place: 1.
 - new_chunks_are_fully_committed: 0.
 - uncommit_free_chunks: 1.
 - use_allocation_guard: 0.
 - handle_deallocations: 1.


Internal statistics:

num_allocs_failed_limit: 9.
num_arena_births: 1086.
num_arena_deaths: 380.
num_vsnodes_births: 3.
num_vsnodes_deaths: 0.
num_space_committed: 1384.
num_space_uncommitted: 0.
num_chunks_returned_to_freelist: 456.
num_chunks_taken_from_freelist: 4400.
num_chunk_merges: 148.
num_chunk_splits: 3035.
num_chunks_enlarged: 2337.
num_inconsistent_stats: 0.

CodeCache: size=49152Kb used=20629Kb max_used=22240Kb free=28522Kb
 bounds [0x0000016d57d00000, 0x0000016d592c0000, 0x0000016d5ad00000]
 total_blobs=13235 nmethods=12490 adapters=671
 compilation: enabled
              stopped_count=0, restarted_count=0
 full_count=0

Compilation events (20 events):
Event: 2772.009 Thread 0x0000016d6b036b50 12654       1       swp391.ticketservice.dto.response.EventResponse$EventResponseBuilder::endDate (7 bytes)
Event: 2772.009 Thread 0x0000016d6b036b50 nmethod 12654 0x0000016d5917d810 code [0x0000016d5917d9a0, 0x0000016d5917dab8]
Event: 2772.018 Thread 0x0000016d6b036b50 12655       1       org.apache.coyote.http11.Http11InputBuffer::getFilters (5 bytes)
Event: 2772.018 Thread 0x0000016d6b036b50 nmethod 12655 0x0000016d5917d510 code [0x0000016d5917d6a0, 0x0000016d5917d778]
Event: 2772.019 Thread 0x0000016d6b036b50 12656       1       com.fasterxml.jackson.databind.ser.std.ByteArraySerializer::serialize (11 bytes)
Event: 2772.019 Thread 0x0000016d6b036b50 nmethod 12656 0x0000016d5917d090 code [0x0000016d5917d240, 0x0000016d5917d3a8]
Event: 2772.019 Thread 0x0000016d6b036b50 12657       1       com.fasterxml.jackson.databind.ser.std.ByteArraySerializer::serialize (16 bytes)
Event: 2772.019 Thread 0x0000016d6b036b50 nmethod 12657 0x0000016d5917cc10 code [0x0000016d5917cdc0, 0x0000016d5917cee8]
Event: 2772.019 Thread 0x0000016d6b036b50 12658       1       com.fasterxml.jackson.databind.cfg.MapperConfig::getBase64Variant (8 bytes)
Event: 2772.019 Thread 0x0000016d6b036b50 nmethod 12658 0x0000016d5917c910 code [0x0000016d5917caa0, 0x0000016d5917cb78]
Event: 2772.019 Thread 0x0000016d6b036b50 12659       1       com.fasterxml.jackson.core.json.UTF8JsonGenerator::writeBinary (96 bytes)
Event: 2772.019 Thread 0x0000016d6b036b50 nmethod 12659 0x0000016d5917c290 code [0x0000016d5917c460, 0x0000016d5917c728]
Event: 2772.019 Thread 0x0000016d6b036b50 12661       1       org.hibernate.internal.SessionImpl$$Lambda$1467/0x0000000801ab55e8::apply (5 bytes)
Event: 2772.020 Thread 0x0000016d6b036b50 nmethod 12661 0x0000016d5917be10 code [0x0000016d5917bfc0, 0x0000016d5917c188]
Event: 2772.020 Thread 0x0000016d6b036b50 12660       1       com.fasterxml.jackson.core.base.GeneratorBase::_checkRangeBoundsForByteArray (74 bytes)
Event: 2772.020 Thread 0x0000016d6b036b50 nmethod 12660 0x0000016d5917ac10 code [0x0000016d5917ae60, 0x0000016d5917b8e8]
Event: 2772.044 Thread 0x0000016d6b036b50 12662       1       jakarta.servlet.GenericServlet::getServletConfig (5 bytes)
Event: 2772.044 Thread 0x0000016d6b036b50 nmethod 12662 0x0000016d5917a910 code [0x0000016d5917aaa0, 0x0000016d5917ab78]
Event: 2772.078 Thread 0x0000016d6b036b50 12663   !   1       jdk.internal.reflect.GeneratedConstructorAccessor71::newInstance (49 bytes)
Event: 2772.079 Thread 0x0000016d6b036b50 nmethod 12663 0x0000016d5917a290 code [0x0000016d5917a460, 0x0000016d5917a708]

GC Heap History (20 events):
Event: 2723.027 GC heap after
{Heap after GC invocations=82 (full 0):
 garbage-first heap   total 360448K, used 80657K [0x0000000709c00000, 0x0000000800000000)
  region size 2048K, 1 young (2048K), 1 survivors (2048K)
 Metaspace       used 87857K, committed 88576K, reserved 1179648K
  class space    used 13068K, committed 13376K, reserved 1048576K
}
Event: 2723.030 GC heap before
{Heap before GC invocations=82 (full 0):
 garbage-first heap   total 360448K, used 80657K [0x0000000709c00000, 0x0000000800000000)
  region size 2048K, 3 young (6144K), 1 survivors (2048K)
 Metaspace       used 87857K, committed 88576K, reserved 1179648K
  class space    used 13068K, committed 13376K, reserved 1048576K
}
Event: 2723.032 GC heap after
{Heap after GC invocations=83 (full 0):
 garbage-first heap   total 360448K, used 81184K [0x0000000709c00000, 0x0000000800000000)
  region size 2048K, 2 young (4096K), 2 survivors (4096K)
 Metaspace       used 87857K, committed 88576K, reserved 1179648K
  class space    used 13068K, committed 13376K, reserved 1048576K
}
Event: 2754.909 GC heap before
{Heap before GC invocations=84 (full 0):
 garbage-first heap   total 321536K, used 218400K [0x0000000709c00000, 0x0000000800000000)
  region size 2048K, 53 young (108544K), 2 survivors (4096K)
 Metaspace       used 87857K, committed 88576K, reserved 1179648K
  class space    used 13068K, committed 13376K, reserved 1048576K
}
Event: 2754.912 GC heap after
{Heap after GC invocations=85 (full 0):
 garbage-first heap   total 321536K, used 91614K [0x0000000709c00000, 0x0000000800000000)
  region size 2048K, 7 young (14336K), 7 survivors (14336K)
 Metaspace       used 87857K, committed 88576K, reserved 1179648K
  class space    used 13068K, committed 13376K, reserved 1048576K
}
Event: 2754.922 GC heap before
{Heap before GC invocations=85 (full 0):
 garbage-first heap   total 321536K, used 91614K [0x0000000709c00000, 0x0000000800000000)
  region size 2048K, 8 young (16384K), 7 survivors (14336K)
 Metaspace       used 87857K, committed 88576K, reserved 1179648K
  class space    used 13068K, committed 13376K, reserved 1048576K
}
Event: 2754.924 GC heap after
{Heap after GC invocations=86 (full 0):
 garbage-first heap   total 321536K, used 87383K [0x0000000709c00000, 0x0000000800000000)
  region size 2048K, 1 young (2048K), 1 survivors (2048K)
 Metaspace       used 87857K, committed 88576K, reserved 1179648K
  class space    used 13068K, committed 13376K, reserved 1048576K
}
Event: 2754.925 GC heap before
{Heap before GC invocations=86 (full 0):
 garbage-first heap   total 321536K, used 89431K [0x0000000709c00000, 0x0000000800000000)
  region size 2048K, 3 young (6144K), 1 survivors (2048K)
 Metaspace       used 87857K, committed 88576K, reserved 1179648K
  class space    used 13068K, committed 13376K, reserved 1048576K
}
Event: 2754.926 GC heap after
{Heap after GC invocations=87 (full 0):
 garbage-first heap   total 321536K, used 88561K [0x0000000709c00000, 0x0000000800000000)
  region size 2048K, 2 young (4096K), 2 survivors (4096K)
 Metaspace       used 87857K, committed 88576K, reserved 1179648K
  class space    used 13068K, committed 13376K, reserved 1048576K
}
Event: 2763.967 GC heap before
{Heap before GC invocations=88 (full 0):
 garbage-first heap   total 321536K, used 223414K [0x0000000709c00000, 0x0000000800000000)
  region size 2048K, 53 young (108544K), 2 survivors (4096K)
 Metaspace       used 87859K, committed 88576K, reserved 1179648K
  class space    used 13069K, committed 13376K, reserved 1048576K
}
Event: 2763.969 GC heap after
{Heap after GC invocations=89 (full 0):
 garbage-first heap   total 321536K, used 95171K [0x0000000709c00000, 0x0000000800000000)
  region size 2048K, 7 young (14336K), 7 survivors (14336K)
 Metaspace       used 87859K, committed 88576K, reserved 1179648K
  class space    used 13069K, committed 13376K, reserved 1048576K
}
Event: 2763.986 GC heap before
{Heap before GC invocations=89 (full 0):
 garbage-first heap   total 321536K, used 95171K [0x0000000709c00000, 0x0000000800000000)
  region size 2048K, 8 young (16384K), 7 survivors (14336K)
 Metaspace       used 87859K, committed 88576K, reserved 1179648K
  class space    used 13069K, committed 13376K, reserved 1048576K
}
Event: 2763.988 GC heap after
{Heap after GC invocations=90 (full 0):
 garbage-first heap   total 321536K, used 86454K [0x0000000709c00000, 0x0000000800000000)
  region size 2048K, 1 young (2048K), 1 survivors (2048K)
 Metaspace       used 87859K, committed 88576K, reserved 1179648K
  class space    used 13069K, committed 13376K, reserved 1048576K
}
Event: 2764.005 GC heap before
{Heap before GC invocations=90 (full 0):
 garbage-first heap   total 321536K, used 86454K [0x0000000709c00000, 0x0000000800000000)
  region size 2048K, 3 young (6144K), 1 survivors (2048K)
 Metaspace       used 87859K, committed 88576K, reserved 1179648K
  class space    used 13069K, committed 13376K, reserved 1048576K
}
Event: 2764.006 GC heap after
{Heap after GC invocations=91 (full 0):
 garbage-first heap   total 321536K, used 88927K [0x0000000709c00000, 0x0000000800000000)
  region size 2048K, 2 young (4096K), 2 survivors (4096K)
 Metaspace       used 87859K, committed 88576K, reserved 1179648K
  class space    used 13069K, committed 13376K, reserved 1048576K
}
Event: 2772.105 GC heap before
{Heap before GC invocations=92 (full 0):
 garbage-first heap   total 321536K, used 216932K [0x0000000709c00000, 0x0000000800000000)
  region size 2048K, 51 young (104448K), 2 survivors (4096K)
 Metaspace       used 87859K, committed 88576K, reserved 1179648K
  class space    used 13069K, committed 13376K, reserved 1048576K
}
Event: 2772.106 GC heap after
{Heap after GC invocations=93 (full 0):
 garbage-first heap   total 321536K, used 91228K [0x0000000709c00000, 0x0000000800000000)
  region size 2048K, 6 young (12288K), 6 survivors (12288K)
 Metaspace       used 87859K, committed 88576K, reserved 1179648K
  class space    used 13069K, committed 13376K, reserved 1048576K
}
Event: 2772.118 GC heap before
{Heap before GC invocations=93 (full 0):
 garbage-first heap   total 321536K, used 91228K [0x0000000709c00000, 0x0000000800000000)
  region size 2048K, 7 young (14336K), 6 survivors (12288K)
 Metaspace       used 87859K, committed 88576K, reserved 1179648K
  class space    used 13069K, committed 13376K, reserved 1048576K
}
Event: 2772.120 GC heap after
{Heap after GC invocations=94 (full 0):
 garbage-first heap   total 321536K, used 84177K [0x0000000709c00000, 0x0000000800000000)
  region size 2048K, 1 young (2048K), 1 survivors (2048K)
 Metaspace       used 87859K, committed 88576K, reserved 1179648K
  class space    used 13069K, committed 13376K, reserved 1048576K
}
Event: 2772.136 GC heap before
{Heap before GC invocations=94 (full 0):
 garbage-first heap   total 321536K, used 86225K [0x0000000709c00000, 0x0000000800000000)
  region size 2048K, 3 young (6144K), 1 survivors (2048K)
 Metaspace       used 87859K, committed 88576K, reserved 1179648K
  class space    used 13069K, committed 13376K, reserved 1048576K
}

Dll operation events (13 events):
Event: 0.006 Loaded shared library C:\JDK_Version\JDK17\bin\java.dll
Event: 0.012 Loaded shared library C:\JDK_Version\JDK17\bin\jsvml.dll
Event: 0.123 Loaded shared library C:\JDK_Version\JDK17\bin\zip.dll
Event: 0.124 Loaded shared library C:\JDK_Version\JDK17\bin\instrument.dll
Event: 0.127 Loaded shared library C:\JDK_Version\JDK17\bin\net.dll
Event: 0.128 Loaded shared library C:\JDK_Version\JDK17\bin\nio.dll
Event: 0.131 Loaded shared library C:\JDK_Version\JDK17\bin\zip.dll
Event: 0.201 Loaded shared library D:\IntelliJ_Ultimate\IntelliJ IDEA 2023.3.4\bin\breakgen64.dll
Event: 0.204 Loaded shared library C:\JDK_Version\JDK17\bin\jimage.dll
Event: 0.216 Loaded shared library C:\JDK_Version\JDK17\bin\management.dll
Event: 0.222 Loaded shared library C:\JDK_Version\JDK17\bin\management_ext.dll
Event: 0.362 Loaded shared library C:\JDK_Version\JDK17\bin\verify.dll
Event: 1.312 Loaded shared library C:\JDK_Version\JDK17\bin\sunmscapi.dll

Deoptimization events (20 events):
Event: 1.153 Thread 0x0000016d6c40ca80 DEOPT PACKING pc=0x0000016d582dfcd5 sp=0x0000000c7abfcd60
Event: 1.153 Thread 0x0000016d6c40ca80 DEOPT UNPACKING pc=0x0000016d57d57143 sp=0x0000000c7abfc208 mode 3
Event: 2.559 Thread 0x0000016d6c40ca80 DEOPT PACKING pc=0x0000016d5867dea5 sp=0x0000000c7abfba50
Event: 2.559 Thread 0x0000016d6c40ca80 DEOPT UNPACKING pc=0x0000016d57d57143 sp=0x0000000c7abfafb8 mode 3
Event: 2.571 Thread 0x0000016d6cf95530 DEOPT PACKING pc=0x0000016d581aa29f sp=0x0000000c7b3fec60
Event: 2.571 Thread 0x0000016d6cf95530 DEOPT UNPACKING pc=0x0000016d57d57143 sp=0x0000000c7b3fe0b8 mode 3
Event: 4.374 Thread 0x0000016d6c40ca80 DEOPT PACKING pc=0x0000016d58297652 sp=0x0000000c7abfb1c0
Event: 4.374 Thread 0x0000016d6c40ca80 DEOPT UNPACKING pc=0x0000016d57d57143 sp=0x0000000c7abfa6c8 mode 3
Event: 4.374 Thread 0x0000016d6c40ca80 DEOPT PACKING pc=0x0000016d5828fa65 sp=0x0000000c7abfb180
Event: 4.374 Thread 0x0000016d6c40ca80 DEOPT UNPACKING pc=0x0000016d57d57143 sp=0x0000000c7abfa6c8 mode 3
Event: 4.440 Thread 0x0000016d6c40ca80 DEOPT PACKING pc=0x0000016d58af0a64 sp=0x0000000c7abfb640
Event: 4.440 Thread 0x0000016d6c40ca80 DEOPT UNPACKING pc=0x0000016d57d57143 sp=0x0000000c7abfab98 mode 0
Event: 5.119 Thread 0x0000016d6c40ca80 DEOPT PACKING pc=0x0000016d58c7aff9 sp=0x0000000c7abfa410
Event: 5.119 Thread 0x0000016d6c40ca80 DEOPT UNPACKING pc=0x0000016d57d57143 sp=0x0000000c7abf98f0 mode 3
Event: 6.156 Thread 0x0000016d6c40ca80 DEOPT PACKING pc=0x0000016d58cfeeac sp=0x0000000c7abfc7f0
Event: 6.156 Thread 0x0000016d6c40ca80 DEOPT UNPACKING pc=0x0000016d57d57143 sp=0x0000000c7abfbc98 mode 0
Event: 235.665 Thread 0x0000016d6e8b5a70 DEOPT PACKING pc=0x0000016d57ed6f4b sp=0x0000000c7c7fb510
Event: 235.665 Thread 0x0000016d6e8b5a70 DEOPT UNPACKING pc=0x0000016d57d57143 sp=0x0000000c7c7faa38 mode 3
Event: 383.296 Thread 0x0000016d6e8b0d70 DEOPT PACKING pc=0x0000016d57e6677b sp=0x0000000c7c5fb3f0
Event: 383.296 Thread 0x0000016d6e8b0d70 DEOPT UNPACKING pc=0x0000016d57d57143 sp=0x0000000c7c5fa900 mode 3

Classes unloaded (20 events):
Event: 163.457 Thread 0x0000016d66fbc8c0 Unloading class 0x0000000801003800 'java/lang/invoke/LambdaForm$MH+0x0000000801003800'
Event: 163.457 Thread 0x0000016d66fbc8c0 Unloading class 0x0000000801003000 'java/lang/invoke/LambdaForm$MH+0x0000000801003000'
Event: 163.457 Thread 0x0000016d66fbc8c0 Unloading class 0x0000000801002800 'java/lang/invoke/LambdaForm$MH+0x0000000801002800'
Event: 163.457 Thread 0x0000016d66fbc8c0 Unloading class 0x0000000801002000 'java/lang/invoke/LambdaForm$MH+0x0000000801002000'
Event: 235.565 Thread 0x0000016d66fbc8c0 Unloading class 0x0000000801231400 'java/lang/invoke/LambdaForm$MH+0x0000000801231400'
Event: 235.565 Thread 0x0000016d66fbc8c0 Unloading class 0x0000000801231000 'java/lang/invoke/LambdaForm$MH+0x0000000801231000'
Event: 235.565 Thread 0x0000016d66fbc8c0 Unloading class 0x0000000801230c00 'java/lang/invoke/LambdaForm$MH+0x0000000801230c00'
Event: 235.565 Thread 0x0000016d66fbc8c0 Unloading class 0x0000000801230800 'java/lang/invoke/LambdaForm$MH+0x0000000801230800'
Event: 235.565 Thread 0x0000016d66fbc8c0 Unloading class 0x0000000801230400 'java/lang/invoke/LambdaForm$MH+0x0000000801230400'
Event: 235.565 Thread 0x0000016d66fbc8c0 Unloading class 0x0000000801230000 'java/lang/invoke/LambdaForm$MH+0x0000000801230000'
Event: 235.565 Thread 0x0000016d66fbc8c0 Unloading class 0x0000000801004400 'java/lang/invoke/LambdaForm$MH+0x0000000801004400'
Event: 1136.779 Thread 0x0000016d66fbc8c0 Unloading class 0x00000008014ae400 'jdk/internal/reflect/GeneratedMethodAccessor49'
Event: 1136.779 Thread 0x0000016d66fbc8c0 Unloading class 0x000000080154cc00 'jdk/internal/reflect/GeneratedMethodAccessor48'
Event: 1136.779 Thread 0x0000016d66fbc8c0 Unloading class 0x0000000801552800 'jdk/internal/reflect/GeneratedConstructorAccessor72'
Event: 1136.779 Thread 0x0000016d66fbc8c0 Unloading class 0x0000000801553800 'jdk/internal/reflect/GeneratedMethodAccessor45'
Event: 1757.212 Thread 0x0000016d66fbc8c0 Unloading class 0x0000000801cacc00 'jdk/internal/reflect/GeneratedConstructorAccessor67'
Event: 2353.032 Thread 0x0000016d66fbc8c0 Unloading class 0x0000000801553800 'jdk/internal/reflect/GeneratedMethodAccessor52'
Event: 2353.032 Thread 0x0000016d66fbc8c0 Unloading class 0x0000000801552800 'jdk/internal/reflect/GeneratedMethodAccessor51'
Event: 2353.032 Thread 0x0000016d66fbc8c0 Unloading class 0x000000080154cc00 'jdk/internal/reflect/GeneratedConstructorAccessor76'
Event: 2353.032 Thread 0x0000016d66fbc8c0 Unloading class 0x00000008014ae400 'jdk/internal/reflect/GeneratedMethodAccessor50'

Classes redefined (0 events):
No events

Internal exceptions (20 events):
Event: 5.142 Thread 0x0000016d6c784560 Exception <a 'java/lang/reflect/InvocationTargetException'{0x0000000710c53168}> (0x0000000710c53168) 
thrown [s\src\hotspot\share\runtime\reflection.cpp, line 1121]
Event: 5.292 Thread 0x0000016d6c40ca80 Exception <a 'sun/nio/fs/WindowsException'{0x000000070fc27180}> (0x000000070fc27180) 
thrown [s\src\hotspot\share\prims\jni.cpp, line 516]
Event: 5.331 Thread 0x0000016d6c40ca80 Exception <a 'java/lang/IncompatibleClassChangeError'{0x000000070f998ea0}: Found class java.lang.Object, but interface was expected> (0x000000070f998ea0) 
thrown [s\src\hotspot\share\interpreter\linkResolver.cpp, line 826]
Event: 5.407 Thread 0x0000016d6c40ca80 Exception <a 'java/lang/NoSuchMethodError'{0x000000070f1e70a8}: 'java.lang.Object java.lang.invoke.DirectMethodHandle$Holder.invokeInterface(java.lang.Object, java.lang.Object, java.lang.Object, java.lang.Object)'> (0x000000070f1e70a8) 
thrown [s\src\hotspot\share\interpreter\linkResolver.cpp, line 759]
Event: 5.438 Thread 0x0000016d6c40ca80 Exception <a 'java/lang/NoSuchMethodError'{0x000000070ed5caf8}: 'void java.lang.invoke.DirectMethodHandle$Holder.invokeVirtual(java.lang.Object, java.lang.Object, long)'> (0x000000070ed5caf8) 
thrown [s\src\hotspot\share\interpreter\linkResolver.cpp, line 759]
Event: 5.527 Thread 0x0000016d6c40ca80 Exception <a 'java/lang/IncompatibleClassChangeError'{0x000000071778f7e0}: Found class java.lang.Object, but interface was expected> (0x000000071778f7e0) 
thrown [s\src\hotspot\share\interpreter\linkResolver.cpp, line 826]
Event: 5.887 Thread 0x0000016d6c40ca80 Exception <a 'java/lang/NoSuchMethodError'{0x0000000710a45018}: 'java.lang.Object java.lang.invoke.DirectMethodHandle$Holder.newInvokeSpecial(java.lang.Object, java.lang.Object, int, java.lang.Object, java.lang.Object)'> (0x0000000710a45018) 
thrown [s\src\hotspot\share\interpreter\linkResolver.cpp, line 759]
Event: 5.906 Thread 0x0000016d6c40ca80 Exception <a 'java/lang/NoSuchMethodError'{0x0000000710806b90}: 'double java.lang.invoke.DirectMethodHandle$Holder.invokeVirtual(java.lang.Object, java.lang.Object)'> (0x0000000710806b90) 
thrown [s\src\hotspot\share\interpreter\linkResolver.cpp, line 759]
Event: 162.983 Thread 0x0000016d6e8b4260 Exception <a 'java/lang/NoSuchMethodError'{0x000000071095eb30}: 'java.lang.Object java.lang.invoke.DirectMethodHandle$Holder.invokeSpecial(java.lang.Object, java.lang.Object, java.lang.Object, java.lang.Object, java.lang.Object, long)'> (0x000000071095eb30) 
thrown [s\src\hotspot\share\interpreter\linkResolver.cpp, line 759]
Event: 162.983 Thread 0x0000016d6e8b4260 Exception <a 'java/lang/NoSuchMethodError'{0x0000000710962570}: 'java.lang.Object java.lang.invoke.Invokers$Holder.linkToTargetMethod(java.lang.Object, java.lang.Object, java.lang.Object, long, java.lang.Object)'> (0x0000000710962570) 
thrown [s\src\hotspot\share\interpreter\linkResolver.cpp, line 759]
Event: 163.067 Thread 0x0000016d6e8b4260 Exception <a 'java/lang/IncompatibleClassChangeError'{0x00000007103b6308}: Found class java.lang.Object, but interface was expected> (0x00000007103b6308) 
thrown [s\src\hotspot\share\interpreter\linkResolver.cpp, line 826]
Event: 163.282 Thread 0x0000016d6e8b4260 Exception <a 'java/lang/IncompatibleClassChangeError'{0x0000000717174818}: Found class java.lang.Object, but interface was expected> (0x0000000717174818) 
thrown [s\src\hotspot\share\interpreter\linkResolver.cpp, line 826]
Event: 163.284 Thread 0x0000016d6e8b4260 Exception <a 'java/lang/NoSuchMethodError'{0x000000071226c9a0}: 'void java.lang.invoke.DirectMethodHandle$Holder.invokeSpecialIFC(java.lang.Object, java.lang.Object, int, java.lang.Object, java.lang.Object, java.lang.Object, java.lang.Object)'> (0x000000071226c9a0) 
thrown [s\src\hotspot\share\interpreter\linkResolver.cpp, line 759]
Event: 1764.544 Thread 0x0000016d6e9898c0 Exception <a 'java/lang/reflect/InvocationTargetException'{0x00000007176239c0}> (0x00000007176239c0) 
thrown [s\src\hotspot\share\runtime\reflection.cpp, line 1121]
Event: 1779.312 Thread 0x0000016d6e98c740 Exception <a 'java/lang/reflect/InvocationTargetException'{0x0000000717539700}> (0x0000000717539700) 
thrown [s\src\hotspot\share\runtime\reflection.cpp, line 1121]
Event: 1782.568 Thread 0x0000016d6e98c740 Exception <a 'java/lang/reflect/InvocationTargetException'{0x0000000717593a98}> (0x0000000717593a98) 
thrown [s\src\hotspot\share\runtime\reflection.cpp, line 1121]
Event: 1787.562 Thread 0x0000016d6e98c740 Exception <a 'java/lang/reflect/InvocationTargetException'{0x000000071734c8e8}> (0x000000071734c8e8) 
thrown [s\src\hotspot\share\runtime\reflection.cpp, line 1121]
Event: 1789.133 Thread 0x0000016d6e98c740 Exception <a 'java/lang/reflect/InvocationTargetException'{0x0000000717053d88}> (0x0000000717053d88) 
thrown [s\src\hotspot\share\runtime\reflection.cpp, line 1121]
Event: 1793.575 Thread 0x0000016d6e98c740 Exception <a 'java/lang/reflect/InvocationTargetException'{0x00000007171b0d70}> (0x00000007171b0d70) 
thrown [s\src\hotspot\share\runtime\reflection.cpp, line 1121]
Event: 2756.770 Thread 0x0000016d6e8b6410 Exception <a 'java/net/SocketException'{0x00000007182d2ff0}: Connection reset by peer: shutdown> (0x00000007182d2ff0) 
thrown [s\src\hotspot\share\prims\jni.cpp, line 535]

VM Operations (20 events):
Event: 2763.969 Executing VM operation: G1CollectForAllocation done
Event: 2763.986 Executing VM operation: G1CollectForAllocation
Event: 2763.988 Executing VM operation: G1CollectForAllocation done
Event: 2764.005 Executing VM operation: G1TryInitiateConcMark
Event: 2764.006 Executing VM operation: G1TryInitiateConcMark done
Event: 2764.037 Executing VM operation: G1Concurrent
Event: 2764.041 Executing VM operation: G1Concurrent done
Event: 2764.056 Executing VM operation: G1Concurrent
Event: 2764.056 Executing VM operation: G1Concurrent done
Event: 2765.077 Executing VM operation: Cleanup
Event: 2765.077 Executing VM operation: Cleanup done
Event: 2768.093 Executing VM operation: Cleanup
Event: 2768.093 Executing VM operation: Cleanup done
Event: 2771.122 Executing VM operation: Cleanup
Event: 2771.123 Executing VM operation: Cleanup done
Event: 2772.105 Executing VM operation: G1CollectForAllocation
Event: 2772.106 Executing VM operation: G1CollectForAllocation done
Event: 2772.118 Executing VM operation: G1CollectForAllocation
Event: 2772.120 Executing VM operation: G1CollectForAllocation done
Event: 2772.136 Executing VM operation: G1TryInitiateConcMark

Events (20 events):
Event: 2467.761 Thread 0x0000016d6b1aa790 Thread added: 0x0000016d6b1aa790
Event: 2472.937 Thread 0x0000016d6b1aa790 Thread exited: 0x0000016d6b1aa790
Event: 2671.795 Thread 0x0000016d6b1aa790 Thread added: 0x0000016d6b1aa790
Event: 2671.795 Thread 0x0000016d6eb7cdd0 Thread added: 0x0000016d6eb7cdd0
Event: 2675.564 Thread 0x0000016d6b1aa790 Thread exited: 0x0000016d6b1aa790
Event: 2675.564 Thread 0x0000016d6eb7cdd0 Thread exited: 0x0000016d6eb7cdd0
Event: 2677.961 Thread 0x0000016d6ee05de0 Thread added: 0x0000016d6ee05de0
Event: 2677.961 Thread 0x0000016d6ee09bd0 Thread added: 0x0000016d6ee09bd0
Event: 2683.170 Thread 0x0000016d6ee09bd0 Thread exited: 0x0000016d6ee09bd0
Event: 2683.170 Thread 0x0000016d6ee05de0 Thread exited: 0x0000016d6ee05de0
Event: 2752.997 Thread 0x0000016d6ee99050 Thread added: 0x0000016d6ee99050
Event: 2752.997 Thread 0x0000016d6ba3d9d0 Thread added: 0x0000016d6ba3d9d0
Event: 2754.776 Thread 0x0000016d6ba3d9d0 Thread exited: 0x0000016d6ba3d9d0
Event: 2761.773 Thread 0x0000016d6ee99050 Thread exited: 0x0000016d6ee99050
Event: 2763.813 Thread 0x0000016d6ef06f00 Thread added: 0x0000016d6ef06f00
Event: 2763.813 Thread 0x0000016d6ef07410 Thread added: 0x0000016d6ef07410
Event: 2763.813 Thread 0x0000016d6ef08930 Thread added: 0x0000016d6ef08930
Event: 2770.937 Thread 0x0000016d6ef08930 Thread exited: 0x0000016d6ef08930
Event: 2770.937 Thread 0x0000016d6ef07410 Thread exited: 0x0000016d6ef07410
Event: 2771.863 Thread 0x0000016d6ef06f00 Thread exited: 0x0000016d6ef06f00


Dynamic libraries:
0x00007ff75d8f0000 - 0x00007ff75d8fe000 	C:\JDK_Version\JDK17\bin\java.exe
0x00007fff82930000 - 0x00007fff82b47000 	C:\WINDOWS\SYSTEM32\ntdll.dll
0x00007fff806c0000 - 0x00007fff80784000 	C:\WINDOWS\System32\KERNEL32.DLL
0x00007fff7ffb0000 - 0x00007fff80367000 	C:\WINDOWS\System32\KERNELBASE.dll
0x00007fff803f0000 - 0x00007fff80501000 	C:\WINDOWS\System32\ucrtbase.dll
0x00007fff6e100000 - 0x00007fff6e117000 	C:\JDK_Version\JDK17\bin\jli.dll
0x00007fff66c60000 - 0x00007fff66c79000 	C:\JDK_Version\JDK17\bin\VCRUNTIME140.dll
0x00007fff82490000 - 0x00007fff8263f000 	C:\WINDOWS\System32\USER32.dll
0x00007fff588c0000 - 0x00007fff58b53000 	C:\WINDOWS\WinSxS\amd64_microsoft.windows.common-controls_6595b64144ccf1df_6.0.22621.3672_none_2713b9d173822955\COMCTL32.dll
0x00007fff80630000 - 0x00007fff80656000 	C:\WINDOWS\System32\win32u.dll
0x00007fff80790000 - 0x00007fff80837000 	C:\WINDOWS\System32\msvcrt.dll
0x00007fff80660000 - 0x00007fff80689000 	C:\WINDOWS\System32\GDI32.dll
0x00007fff80510000 - 0x00007fff80628000 	C:\WINDOWS\System32\gdi32full.dll
0x00007fff7fc40000 - 0x00007fff7fcda000 	C:\WINDOWS\System32\msvcp_win.dll
0x00007fff828b0000 - 0x00007fff828e1000 	C:\WINDOWS\System32\IMM32.DLL
0x00007fff7c070000 - 0x00007fff7c07c000 	C:\JDK_Version\JDK17\bin\vcruntime140_1.dll
0x00007fff32680000 - 0x00007fff32711000 	C:\JDK_Version\JDK17\bin\msvcp140.dll
0x00007fff1ed40000 - 0x00007fff1f988000 	C:\JDK_Version\JDK17\bin\server\jvm.dll
0x00007fff80840000 - 0x00007fff808f2000 	C:\WINDOWS\System32\ADVAPI32.dll
0x00007fff81440000 - 0x00007fff814e8000 	C:\WINDOWS\System32\sechost.dll
0x00007fff7ff10000 - 0x00007fff7ff38000 	C:\WINDOWS\System32\bcrypt.dll
0x00007fff821f0000 - 0x00007fff82304000 	C:\WINDOWS\System32\RPCRT4.dll
0x00007fff77690000 - 0x00007fff7769a000 	C:\WINDOWS\SYSTEM32\VERSION.dll
0x00007fff7b580000 - 0x00007fff7b5b4000 	C:\WINDOWS\SYSTEM32\WINMM.dll
0x00007fff7a5d0000 - 0x00007fff7a5d9000 	C:\WINDOWS\SYSTEM32\WSOCK32.dll
0x00007fff82110000 - 0x00007fff82181000 	C:\WINDOWS\System32\WS2_32.dll
0x00007fff7ec60000 - 0x00007fff7ec78000 	C:\WINDOWS\SYSTEM32\kernel.appcore.dll
0x00007fff7bf50000 - 0x00007fff7bf5a000 	C:\JDK_Version\JDK17\bin\jimage.dll
0x00007fff76320000 - 0x00007fff76552000 	C:\WINDOWS\SYSTEM32\DBGHELP.DLL
0x00007fff81d80000 - 0x00007fff8210e000 	C:\WINDOWS\System32\combase.dll
0x00007fff80de0000 - 0x00007fff80eb7000 	C:\WINDOWS\System32\OLEAUT32.dll
0x00007fff762e0000 - 0x00007fff76312000 	C:\WINDOWS\SYSTEM32\dbgcore.DLL
0x00007fff80370000 - 0x00007fff803eb000 	C:\WINDOWS\System32\bcryptPrimitives.dll
0x00007fff71770000 - 0x00007fff7177e000 	C:\JDK_Version\JDK17\bin\instrument.dll
0x00007fff7c080000 - 0x00007fff7c0a5000 	C:\JDK_Version\JDK17\bin\java.dll
0x00007fff32340000 - 0x00007fff32416000 	C:\JDK_Version\JDK17\bin\jsvml.dll
0x00007fff814f0000 - 0x00007fff81d59000 	C:\WINDOWS\System32\SHELL32.dll
0x00007fff7db60000 - 0x00007fff7e45f000 	C:\WINDOWS\SYSTEM32\windows.storage.dll
0x00007fff7da20000 - 0x00007fff7db5f000 	C:\WINDOWS\SYSTEM32\wintypes.dll
0x00007fff82310000 - 0x00007fff82409000 	C:\WINDOWS\System32\SHCORE.dll
0x00007fff82750000 - 0x00007fff827ae000 	C:\WINDOWS\System32\shlwapi.dll
0x00007fff7fb70000 - 0x00007fff7fb97000 	C:\WINDOWS\SYSTEM32\profapi.dll
0x00007fff63f70000 - 0x00007fff63f88000 	C:\JDK_Version\JDK17\bin\zip.dll
0x00007fff66bf0000 - 0x00007fff66c09000 	C:\JDK_Version\JDK17\bin\net.dll
0x00007fff7cb60000 - 0x00007fff7cc96000 	C:\WINDOWS\SYSTEM32\WINHTTP.dll
0x00007fff7f150000 - 0x00007fff7f1b9000 	C:\WINDOWS\system32\mswsock.dll
0x00007fff65940000 - 0x00007fff65955000 	C:\JDK_Version\JDK17\bin\nio.dll
0x00007fff71720000 - 0x00007fff7173a000 	D:\IntelliJ_Ultimate\IntelliJ IDEA 2023.3.4\bin\breakgen64.dll
0x00007fff7e6e0000 - 0x00007fff7e7e2000 	C:\WINDOWS\SYSTEM32\DNSAPI.dll
0x00007fff7e6b0000 - 0x00007fff7e6dd000 	C:\WINDOWS\SYSTEM32\IPHLPAPI.DLL
0x00007fff81d60000 - 0x00007fff81d69000 	C:\WINDOWS\System32\NSI.dll
0x00000000564e0000 - 0x0000000056506000 	C:\Program Files\Bonjour\mdnsNSP.dll
0x00007fff7ba50000 - 0x00007fff7ba5a000 	C:\Windows\System32\rasadhlp.dll
0x00007fff7bb20000 - 0x00007fff7bba3000 	C:\WINDOWS\System32\fwpuclnt.dll
0x00007fff71760000 - 0x00007fff71769000 	C:\JDK_Version\JDK17\bin\management.dll
0x00007fff71750000 - 0x00007fff7175b000 	C:\JDK_Version\JDK17\bin\management_ext.dll
0x00007fff806b0000 - 0x00007fff806b8000 	C:\WINDOWS\System32\PSAPI.DLL
0x00007fff7f3c0000 - 0x00007fff7f3db000 	C:\WINDOWS\SYSTEM32\CRYPTSP.dll
0x00007fff7ebc0000 - 0x00007fff7ebf5000 	C:\WINDOWS\system32\rsaenh.dll
0x00007fff7f240000 - 0x00007fff7f268000 	C:\WINDOWS\SYSTEM32\USERENV.dll
0x00007fff7f3e0000 - 0x00007fff7f3ec000 	C:\WINDOWS\SYSTEM32\CRYPTBASE.dll
0x00007fff7c950000 - 0x00007fff7c969000 	C:\WINDOWS\SYSTEM32\dhcpcsvc6.DLL
0x00007fff7c930000 - 0x00007fff7c94f000 	C:\WINDOWS\SYSTEM32\dhcpcsvc.DLL
0x00007fff5bc80000 - 0x00007fff5bc97000 	C:\WINDOWS\system32\napinsp.dll
0x00007fff5b530000 - 0x00007fff5b54b000 	C:\WINDOWS\system32\pnrpnsp.dll
0x00007fff5b510000 - 0x00007fff5b521000 	C:\WINDOWS\System32\winrnr.dll
0x00007fff5b400000 - 0x00007fff5b415000 	C:\WINDOWS\system32\wshbth.dll
0x00007fff5b3d0000 - 0x00007fff5b3f7000 	C:\WINDOWS\system32\nlansp_c.dll
0x00007fff7bf60000 - 0x00007fff7bf70000 	C:\JDK_Version\JDK17\bin\verify.dll
0x00007fff71740000 - 0x00007fff7174e000 	C:\JDK_Version\JDK17\bin\sunmscapi.dll
0x00007fff7fce0000 - 0x00007fff7fe46000 	C:\WINDOWS\System32\CRYPT32.dll
0x00007fff7f600000 - 0x00007fff7f62e000 	C:\WINDOWS\SYSTEM32\ncrypt.dll
0x00007fff7f5c0000 - 0x00007fff7f5f7000 	C:\WINDOWS\SYSTEM32\NTASN1.dll
0x00007fff6dff0000 - 0x00007fff6dff8000 	C:\WINDOWS\system32\wshunix.dll

dbghelp: loaded successfully - version: 4.0.5 - missing functions: none
symbol engine: initialized successfully - sym options: 0x614 - pdb path: .;C:\JDK_Version\JDK17\bin;C:\WINDOWS\SYSTEM32;C:\WINDOWS\WinSxS\amd64_microsoft.windows.common-controls_6595b64144ccf1df_6.0.22621.3672_none_2713b9d173822955;C:\JDK_Version\JDK17\bin\server;D:\IntelliJ_Ultimate\IntelliJ IDEA 2023.3.4\bin;C:\Program Files\Bonjour

VM Arguments:
jvm_args: -XX:TieredStopAtLevel=1 -Dspring.output.ansi.enabled=always -Dcom.sun.management.jmxremote -Dspring.jmx.enabled=true -Dspring.liveBeansView.mbeanDomain -Dspring.application.admin.enabled=true -Dmanagement.endpoints.jmx.exposure.include=* -javaagent:D:\IntelliJ_Ultimate\IntelliJ IDEA 2023.3.4\lib\idea_rt.jar=63563:D:\IntelliJ_Ultimate\IntelliJ IDEA 2023.3.4\bin -Dfile.encoding=UTF-8 
java_command: swp391.ticketservice.TicketServiceApplication
java_class_path (initial): D:\Fullsnack\SpringReact\SWP391\Ticket-ReSell-Platform\backend\cloud-config-micro-parent\ticket-service\target\classes;C:\Users\ADMIN\.m2\repository\org\springframework\cloud\spring-cloud-config-server\4.1.3\spring-cloud-config-server-4.1.3.jar;C:\Users\ADMIN\.m2\repository\org\springframework\cloud\spring-cloud-config-client\4.1.3\spring-cloud-config-client-4.1.3.jar;C:\Users\ADMIN\.m2\repository\org\springframework\cloud\spring-cloud-commons\4.1.4\spring-cloud-commons-4.1.4.jar;C:\Users\ADMIN\.m2\repository\org\springframework\cloud\spring-cloud-context\4.1.4\spring-cloud-context-4.1.4.jar;C:\Users\ADMIN\.m2\repository\com\fasterxml\jackson\core\jackson-annotations\2.17.2\jackson-annotations-2.17.2.jar;C:\Users\ADMIN\.m2\repository\io\micrometer\micrometer-observation\1.13.3\micrometer-observation-1.13.3.jar;C:\Users\ADMIN\.m2\repository\io\micrometer\micrometer-commons\1.13.3\micrometer-commons-1.13.3.jar;C:\Users\ADMIN\.m2\repository\org\springframework\security\spring-security-crypto\6.3.3\spring-security-crypto-6.3.3.jar;C:\Users\ADMIN\.m2\repository\org\springframework\security\spring-security-rsa\1.1.3\spring-security-rsa-1.1.3.jar;C:\Users\ADMIN\.m2\repository\org\bouncycastle\bcprov-jdk18on\1.78\bcprov-jdk18on-1.78.jar;C:\Users\ADMIN\.m2\repository\org\apache\httpcomponents\client5\httpclient5\5.3.1\httpclient5-5.3.1.jar;C:\Users\ADMIN\.m2\repository\org\apache\httpcomponents\core5\httpcore5\5.2.5\httpcore5-5.2.5.jar;C:\Users\ADMIN\.m2\repository\org\apache\httpcomponents\core5\httpcore5-h2\5.2.5\httpcore5-h2-5.2.5.jar;C:\Users\ADMIN\.m2\repository\org\slf4j\slf4j-api\2.0.16\slf4j-api-2.0.16.jar;C:\Users\ADMIN\.m2\repository\org\eclipse\jgit\org.eclipse.jgit\6.6.1.202309021850-r\org.eclipse.jgit-6.6.1.202309021850-r.jar;C:\Users\ADMIN\.m2\repository\com\googlecode\javaewah\JavaEWAH\1.2.3\JavaEWAH-1.2.3.jar;C:\Users\ADMIN\.m2\repository\org\eclipse\jgit\org.eclipse.jgit.http.apache\6.6.1.202309021850-r\org.eclipse.jgit.http.apac
Launcher Type: SUN_STANDARD

[Global flags]
     intx CICompilerCount                          = 4                                         {product} {ergonomic}
     uint ConcGCThreads                            = 3                                         {product} {ergonomic}
     uint G1ConcRefinementThreads                  = 10                                        {product} {ergonomic}
   size_t G1HeapRegionSize                         = 2097152                                   {product} {ergonomic}
    uintx GCDrainStackTargetSize                   = 64                                        {product} {ergonomic}
   size_t InitialHeapSize                          = 260046848                                 {product} {ergonomic}
     bool ManagementServer                         = true                                      {product} {command line}
   size_t MarkStackSize                            = 4194304                                   {product} {ergonomic}
   size_t MaxHeapSize                              = 4131389440                                {product} {ergonomic}
   size_t MaxNewSize                               = 2478833664                                {product} {ergonomic}
   size_t MinHeapDeltaBytes                        = 2097152                                   {product} {ergonomic}
   size_t MinHeapSize                              = 8388608                                   {product} {ergonomic}
    uintx NonProfiledCodeHeapSize                  = 0                                      {pd product} {ergonomic}
     bool ProfileInterpreter                       = false                                  {pd product} {command line}
    uintx ProfiledCodeHeapSize                     = 0                                      {pd product} {ergonomic}
   size_t SoftMaxHeapSize                          = 4131389440                             {manageable} {ergonomic}
     intx TieredStopAtLevel                        = 1                                         {product} {command line}
     bool UseCompressedClassPointers               = true                           {product lp64_product} {ergonomic}
     bool UseCompressedOops                        = true                           {product lp64_product} {ergonomic}
     bool UseG1GC                                  = true                                      {product} {ergonomic}
     bool UseLargePagesIndividualAllocation        = false                                  {pd product} {ergonomic}

Logging:
Log output configuration:
 #0: stdout all=warning uptime,level,tags
 #1: stderr all=off uptime,level,tags

Environment Variables:
JAVA_HOME=C:\JDK_Version\JDK17
PATH=C:\Program Files (x86)\Common Files\Oracle\Java\javapath;C:\JDK_Version\JDK17\bin;C:\WINDOWS\system32;C:\WINDOWS;C:\WINDOWS\System32\Wbem;C:\WINDOWS\System32\WindowsPowerShell\v1.0\;C:\WINDOWS\System32\OpenSSH\;C:\MinGW\bin;C:\msys64\mingw64\bin;C:\Program Files\Git\cmd;C:\Program Files (x86)\Microsoft SQL Server\160\Tools\Binn\;C:\Program Files\Microsoft SQL Server\160\Tools\Binn\;C:\Program Files\Microsoft SQL Server\Client SDK\ODBC\170\Tools\Binn\;C:\Program Files\Microsoft SQL Server\160\DTS\Binn\;C:\Program Files (x86)\Microsoft SQL Server\160\DTS\Binn\;C:\Program Files\Azure Data Studio\bin;C:\Program Files\dotnet\;D:\NodeJS\;C:\ProgramData\chocolatey\bin;C:\Program Files\Microsoft SQL Server\150\Tools\Binn\;D:\Windows Kits\10\Windows Performance Toolkit\;D:\MongoDB\mongosh-2.3.1-win32-x64\bin;D:\MongoDB\bin;D:\Pycharm\lib\ffmpeg-master-latest-win64-gpl\bin;C:\Users\ADMIN\AppData\Local\Android\Sdk\platform-tools;C:\Users\ADMIN\AppData\Local\Programs\Python\Python312\Scripts\;C:\Users\ADMIN\AppData\Local\Programs\Python\Python312\;C:\Program Files\MySQL\MySQL Shell 8.0\bin\;C:\Users\ADMIN\AppData\Local\Microsoft\WindowsApps;C:\msys64\mingw64\bin;D:\Microsoft VS Code\bin;C:\Program Files\Azure Data Studio\bin;C:\Users\ADMIN\AppData\Roaming\npm;D:\IntelliJ\IntelliJ IDEA Community Edition 2023.3.4\bin;;D:\IntelliJ_Ultimate\IntelliJ IDEA 2023.3.4\bin;;C:\Users\ADMIN\.dotnet\tools;D:\Pycharm\PyCharm 2024.2.0.1\bin;;D:\Pycharm\PyCharm Community Edition 2024.2.0.1\bin;;D:\MongoDB\bin;
USERNAME=ADMIN
OS=Windows_NT
PROCESSOR_IDENTIFIER=AMD64 Family 25 Model 80 Stepping 0, AuthenticAMD
TMP=C:\Users\ADMIN\AppData\Local\Temp
TEMP=C:\Users\ADMIN\AppData\Local\Temp



---------------  S Y S T E M  ---------------

OS:
 Windows 11 , 64 bit Build 22621 (10.0.22621.3958)
OS uptime: 0 days 6:20 hours
Hyper-V role detected

CPU: total 12 (initial active 12) (12 cores per cpu, 2 threads per core) family 25 model 80 stepping 0 microcode 0x0, cx8, cmov, fxsr, ht, mmx, 3dnowpref, sse, sse2, sse3, ssse3, sse4a, sse4.1, sse4.2, popcnt, lzcnt, tsc, tscinvbit, avx, avx2, aes, erms, clmul, bmi1, bmi2, adx, sha, fma, vzeroupper, clflush, clflushopt, hv

Memory: 4k page, system-wide physical 15754M (1675M free)
TotalPageFile size 20766M (AvailPageFile size 263M)
current process WorkingSet (physical memory assigned to process): 466M, peak: 466M
current process commit charge ("private bytes"): 605M, peak: 1195M

vm_info: OpenJDK 64-Bit Server VM (17.0.7+7) for windows-amd64 JRE (17.0.7+7), built on Apr 18 2023 22:10:42 by "temurin" with MS VC++ 16.7 (VS2019)

END.
