#
# There is insufficient memory for the Java Runtime Environment to continue.
# Native memory allocation (mmap) failed to map 218103808 bytes for G1 virtual space
# Possible reasons:
#   The system is out of physical RAM or swap space
#   The process is running with CompressedOops enabled, and the Java Heap may be blocking the growth of the native heap
# Possible solutions:
#   Reduce memory load on the system
#   Increase physical memory or swap space
#   Check if swap backing store is full
#   Decrease Java heap size (-Xmx/-Xms)
#   Decrease number of Java threads
#   Decrease Java thread stack sizes (-Xss)
#   Set larger code cache with -XX:ReservedCodeCacheSize=
#   JVM is running with Zero Based Compressed Oops mode in which the Java heap is
#     placed in the first 32GB address space. The Java Heap base address is the
#     maximum limit for the native heap growth. Please use -XX:HeapBaseMinAddress
#     to set the Java Heap base and to place the Java Heap above 32GB virtual address.
# This output file may be truncated or incomplete.
#
#  Out of Memory Error (os_windows.cpp:3559), pid=11316, tid=9972
#
# JRE version: OpenJDK Runtime Environment Temurin-17.0.7+7 (17.0.7+7) (build 17.0.7+7)
# Java VM: OpenJDK 64-Bit Server VM Temurin-17.0.7+7 (17.0.7+7, mixed mode, emulated-client, sharing, tiered, compressed oops, compressed class ptrs, g1 gc, windows-amd64)
# No core dump will be written. Minidumps are not enabled by default on client versions of Windows
#

---------------  S U M M A R Y ------------

Command Line: -XX:TieredStopAtLevel=1 -Dspring.output.ansi.enabled=always -Dcom.sun.management.jmxremote -Dspring.jmx.enabled=true -Dspring.liveBeansView.mbeanDomain -Dspring.application.admin.enabled=true -Dmanagement.endpoints.jmx.exposure.include=* -javaagent:D:\IntelliJ_Ultimate\IntelliJ IDEA 2023.3.4\lib\idea_rt.jar=58670:D:\IntelliJ_Ultimate\IntelliJ IDEA 2023.3.4\bin -Dfile.encoding=UTF-8 swp391.ticketservice.TicketServiceApplication

Host: AMD Ryzen 5 5600H with Radeon Graphics         , 12 cores, 15G,  Windows 11 , 64 bit Build 22621 (10.0.22621.3958)
Time: Sat Sep 28 02:32:23 2024 SE Asia Standard Time elapsed time: 4275.128300 seconds (0d 1h 11m 15s)

---------------  T H R E A D  ---------------

Current thread (0x000002914ac77e50):  VMThread "VM Thread" [stack: 0x000000dc30700000,0x000000dc30800000] [id=9972]

Stack: [0x000000dc30700000,0x000000dc30800000]
Native frames: (J=compiled Java code, j=interpreted, Vv=VM code, C=native code)
V  [jvm.dll+0x67754a]
V  [jvm.dll+0x834304]
V  [jvm.dll+0x835aae]
V  [jvm.dll+0x836113]
V  [jvm.dll+0x24696f]
V  [jvm.dll+0x6743f9]
V  [jvm.dll+0x668c8a]
V  [jvm.dll+0x3061bb]
V  [jvm.dll+0x30d6a6]
V  [jvm.dll+0x35cece]
V  [jvm.dll+0x35d0ff]
V  [jvm.dll+0x2dd048]
V  [jvm.dll+0x2db20c]
V  [jvm.dll+0x2da7dc]
V  [jvm.dll+0x31ea01]
V  [jvm.dll+0x83a5bb]
V  [jvm.dll+0x83b2f4]
V  [jvm.dll+0x83b80c]
V  [jvm.dll+0x83bbe4]
V  [jvm.dll+0x83bcb0]
V  [jvm.dll+0x7e4e7a]
V  [jvm.dll+0x676395]
C  [ucrtbase.dll+0x29333]
C  [KERNEL32.DLL+0x1257d]
C  [ntdll.dll+0x5af08]

VM_Operation (0x000000dc336fa100): G1TryInitiateConcMark, mode: safepoint, requested by thread 0x0000029150379530


---------------  P R O C E S S  ---------------

Threads class SMR info:
_java_thread_list=0x0000029152f41370, length=41, elements={
0x000002914ac7fd70, 0x000002914ac809e0, 0x000002914ac90e80, 0x000002914ac91830,
0x000002914ac961f0, 0x000002914ac97fb0, 0x000002914ac98960, 0x000002914aca4c70,
0x000002914b190cf0, 0x000002914b50c710, 0x000002914b50cbe0, 0x000002914bba3380,
0x0000029150b70690, 0x0000029151b6b230, 0x00000291503756a0, 0x0000029151b69080,
0x0000029151b6c0a0, 0x0000029151b69550, 0x0000029151b6a890, 0x0000029151b6b700,
0x0000029150379060, 0x00000291503721b0, 0x0000029150374830, 0x0000029150377d20,
0x0000029150377380, 0x0000029150373e90, 0x0000029150375b70, 0x00000291503781f0,
0x0000029150377850, 0x0000029150379530, 0x00000291503739c0, 0x0000029150372680,
0x0000029150376040, 0x0000029150371ce0, 0x00000291503769e0, 0x0000029150372b50,
0x00000291503786c0, 0x00000291503734f0, 0x0000029150373020, 0x0000029150374360,
0x0000029150376eb0
}

Java Threads: ( => current thread )
  0x000002914ac7fd70 JavaThread "Reference Handler" daemon [_thread_blocked, id=3208, stack(0x000000dc30800000,0x000000dc30900000)]
  0x000002914ac809e0 JavaThread "Finalizer" daemon [_thread_blocked, id=16324, stack(0x000000dc30900000,0x000000dc30a00000)]
  0x000002914ac90e80 JavaThread "Signal Dispatcher" daemon [_thread_blocked, id=1476, stack(0x000000dc30a00000,0x000000dc30b00000)]
  0x000002914ac91830 JavaThread "Attach Listener" daemon [_thread_blocked, id=13696, stack(0x000000dc30b00000,0x000000dc30c00000)]
  0x000002914ac961f0 JavaThread "Service Thread" daemon [_thread_blocked, id=5664, stack(0x000000dc30c00000,0x000000dc30d00000)]
  0x000002914ac97fb0 JavaThread "Monitor Deflation Thread" daemon [_thread_blocked, id=7644, stack(0x000000dc30d00000,0x000000dc30e00000)]
  0x000002914ac98960 JavaThread "C1 CompilerThread0" daemon [_thread_blocked, id=14256, stack(0x000000dc30e00000,0x000000dc30f00000)]
  0x000002914aca4c70 JavaThread "Sweeper thread" daemon [_thread_blocked, id=19260, stack(0x000000dc30f00000,0x000000dc31000000)]
  0x000002914b190cf0 JavaThread "Common-Cleaner" daemon [_thread_blocked, id=1608, stack(0x000000dc31000000,0x000000dc31100000)]
  0x000002914b50c710 JavaThread "Monitor Ctrl-Break" daemon [_thread_in_native, id=17144, stack(0x000000dc31300000,0x000000dc31400000)]
  0x000002914b50cbe0 JavaThread "Notification Thread" daemon [_thread_blocked, id=9976, stack(0x000000dc31400000,0x000000dc31500000)]
  0x000002914bba3380 JavaThread "RMI TCP Accept-0" daemon [_thread_in_native, id=12956, stack(0x000000dc31500000,0x000000dc31600000)]
  0x0000029150b70690 JavaThread "RMI Scheduler(0)" daemon [_thread_blocked, id=836, stack(0x000000dc32600000,0x000000dc32700000)]
  0x0000029151b6b230 JavaThread "spectator-gauge-polling-0" daemon [_thread_blocked, id=12004, stack(0x000000dc33100000,0x000000dc33200000)]
  0x00000291503756a0 JavaThread "DestroyJavaVM" [_thread_blocked, id=5764, stack(0x000000dc30100000,0x000000dc30200000)]
  0x0000029151b69080 JavaThread "Catalina-utility-1" [_thread_blocked, id=13432, stack(0x000000dc31f00000,0x000000dc32000000)]
  0x0000029151b6c0a0 JavaThread "Catalina-utility-2" [_thread_blocked, id=11616, stack(0x000000dc32000000,0x000000dc32100000)]
  0x0000029151b69550 JavaThread "container-0" [_thread_blocked, id=16400, stack(0x000000dc32400000,0x000000dc32500000)]
  0x0000029151b6a890 JavaThread "HikariPool-7 housekeeper" daemon [_thread_blocked, id=8720, stack(0x000000dc32700000,0x000000dc32800000)]
  0x0000029151b6b700 JavaThread "File Watcher" daemon [_thread_blocked, id=19928, stack(0x000000dc32b00000,0x000000dc32c00000)]
  0x0000029150379060 JavaThread "spring.cloud.inetutils" daemon [_thread_blocked, id=10012, stack(0x000000dc32c00000,0x000000dc32d00000)]
  0x00000291503721b0 JavaThread "AsyncResolver-bootstrap-%d" daemon [_thread_blocked, id=12680, stack(0x000000dc32d00000,0x000000dc32e00000)]
  0x0000029150374830 JavaThread "DiscoveryClient-%d" daemon [_thread_blocked, id=11884, stack(0x000000dc32e00000,0x000000dc32f00000)]
  0x0000029150377d20 JavaThread "DiscoveryClient-%d" daemon [_thread_blocked, id=20212, stack(0x000000dc32f00000,0x000000dc33000000)]
  0x0000029150377380 JavaThread "DiscoveryClient-InstanceInfoReplicator-%d" daemon [_thread_blocked, id=6404, stack(0x000000dc33000000,0x000000dc33100000)]
  0x0000029150373e90 JavaThread "http-nio-9003-exec-1" daemon [_thread_blocked, id=17696, stack(0x000000dc33200000,0x000000dc33300000)]
  0x0000029150375b70 JavaThread "http-nio-9003-exec-2" daemon [_thread_blocked, id=2596, stack(0x000000dc33300000,0x000000dc33400000)]
  0x00000291503781f0 JavaThread "http-nio-9003-exec-3" daemon [_thread_blocked, id=19740, stack(0x000000dc33400000,0x000000dc33500000)]
  0x0000029150377850 JavaThread "http-nio-9003-exec-4" daemon [_thread_blocked, id=4156, stack(0x000000dc33500000,0x000000dc33600000)]
  0x0000029150379530 JavaThread "http-nio-9003-exec-5" daemon [_thread_blocked, id=15508, stack(0x000000dc33600000,0x000000dc33700000)]
  0x00000291503739c0 JavaThread "http-nio-9003-exec-6" daemon [_thread_blocked, id=17560, stack(0x000000dc33700000,0x000000dc33800000)]
  0x0000029150372680 JavaThread "http-nio-9003-exec-7" daemon [_thread_blocked, id=16620, stack(0x000000dc33800000,0x000000dc33900000)]
  0x0000029150376040 JavaThread "http-nio-9003-exec-8" daemon [_thread_blocked, id=16520, stack(0x000000dc33900000,0x000000dc33a00000)]
  0x0000029150371ce0 JavaThread "http-nio-9003-exec-9" daemon [_thread_blocked, id=7308, stack(0x000000dc33a00000,0x000000dc33b00000)]
  0x00000291503769e0 JavaThread "http-nio-9003-exec-10" daemon [_thread_blocked, id=20112, stack(0x000000dc33b00000,0x000000dc33c00000)]
  0x0000029150372b50 JavaThread "http-nio-9003-Poller" daemon [_thread_in_native, id=5556, stack(0x000000dc33c00000,0x000000dc33d00000)]
  0x00000291503786c0 JavaThread "http-nio-9003-Acceptor" daemon [_thread_in_native, id=7564, stack(0x000000dc33d00000,0x000000dc33e00000)]
  0x00000291503734f0 JavaThread "DiscoveryClient-CacheRefreshExecutor-%d" daemon [_thread_blocked, id=10520, stack(0x000000dc31100000,0x000000dc31200000)]
  0x0000029150373020 JavaThread "DiscoveryClient-HeartbeatExecutor-%d" daemon [_thread_blocked, id=15468, stack(0x000000dc31200000,0x000000dc31300000)]
  0x0000029150374360 JavaThread "AsyncResolver-bootstrap-executor-%d" daemon [_thread_blocked, id=19436, stack(0x000000dc2fe00000,0x000000dc2ff00000)]
  0x0000029150376eb0 JavaThread "mssql-jdbc-shared-timer-core-7" daemon [_thread_blocked, id=4628, stack(0x000000dc30000000,0x000000dc30100000)]

Other Threads:
=>0x000002914ac77e50 VMThread "VM Thread" [stack: 0x000000dc30700000,0x000000dc30800000] [id=9972]
  0x00000291323bc250 WatcherThread [stack: 0x000000dc31600000,0x000000dc31700000] [id=2312]
  0x0000029132423a10 GCTaskThread "GC Thread#0" [stack: 0x000000dc30200000,0x000000dc30300000] [id=3384]
  0x000002914bc21de0 GCTaskThread "GC Thread#1" [stack: 0x000000dc31700000,0x000000dc31800000] [id=15232]
  0x000002914bc22090 GCTaskThread "GC Thread#2" [stack: 0x000000dc31800000,0x000000dc31900000] [id=11644]
  0x000002914bc24750 GCTaskThread "GC Thread#3" [stack: 0x000000dc31900000,0x000000dc31a00000] [id=12428]
  0x000002914bc24a00 GCTaskThread "GC Thread#4" [stack: 0x000000dc31a00000,0x000000dc31b00000] [id=2680]
  0x00000291504ee640 GCTaskThread "GC Thread#5" [stack: 0x000000dc31b00000,0x000000dc31c00000] [id=11196]
  0x0000029150660950 GCTaskThread "GC Thread#6" [stack: 0x000000dc31d00000,0x000000dc31e00000] [id=6280]
  0x0000029150951f20 GCTaskThread "GC Thread#7" [stack: 0x000000dc32100000,0x000000dc32200000] [id=2528]
  0x0000029150975e30 GCTaskThread "GC Thread#8" [stack: 0x000000dc32200000,0x000000dc32300000] [id=5804]
  0x00000291509a42d0 GCTaskThread "GC Thread#9" [stack: 0x000000dc32300000,0x000000dc32400000] [id=12628]
  0x0000029132434fa0 ConcurrentGCThread "G1 Main Marker" [stack: 0x000000dc30300000,0x000000dc30400000] [id=7128]
  0x0000029132436150 ConcurrentGCThread "G1 Conc#0" [stack: 0x000000dc30400000,0x000000dc30500000] [id=292]
  0x0000029150c62560 ConcurrentGCThread "G1 Conc#1" [stack: 0x000000dc32800000,0x000000dc32900000] [id=10288]
  0x0000029150cc7bb0 ConcurrentGCThread "G1 Conc#2" [stack: 0x000000dc32900000,0x000000dc32a00000] [id=2820]
  0x000002913245dc00 ConcurrentGCThread "G1 Refine#0" [stack: 0x000000dc30500000,0x000000dc30600000] [id=3836]
  0x000002914be2a5b0 ConcurrentGCThread "G1 Refine#1" [stack: 0x000000dc31c00000,0x000000dc31d00000] [id=9644]
  0x000002913245e520 ConcurrentGCThread "G1 Service" [stack: 0x000000dc30600000,0x000000dc30700000] [id=12768]

Threads with active compile tasks:

VM state: at safepoint (normal execution)

VM Mutex/Monitor currently owned by a thread:  ([mutex/lock_event])
[0x00000291323b6ad0] Threads_lock - owner thread: 0x000002914ac77e50
[0x00000291323b5de0] Heap_lock - owner thread: 0x0000029150379530

Heap address: 0x0000000709c00000, size: 3940 MB, Compressed Oops mode: Zero based, Oop shift amount: 3

CDS archive(s) mapped at: [0x0000000800000000-0x0000000800bc0000-0x0000000800bc0000), size 12320768, SharedBaseAddress: 0x0000000800000000, ArchiveRelocationMode: 0.
Compressed class space mapped at: 0x0000000801000000-0x0000000841000000, reserved size: 1073741824
Narrow klass base: 0x0000000800000000, Narrow klass shift: 0, Narrow klass range: 0x100000000

GC Precious Log:
 CPUs: 12 total, 12 available
 Memory: 15754M
 Large Page Support: Disabled
 NUMA Support: Disabled
 Compressed Oops: Enabled (Zero based)
 Heap Region Size: 2M
 Heap Min Capacity: 8M
 Heap Initial Capacity: 248M
 Heap Max Capacity: 3940M
 Pre-touch: Disabled
 Parallel Workers: 10
 Concurrent Workers: 3
 Concurrent Refinement Workers: 10
 Periodic GC: Disabled

Heap:
 garbage-first heap   total 548864K, used 86964K [0x0000000709c00000, 0x0000000800000000)
  region size 2048K, 1 young (2048K), 1 survivors (2048K)
 Metaspace       used 87418K, committed 88064K, reserved 1179648K
  class space    used 12885K, committed 13184K, reserved 1048576K

Heap Regions: E=young(eden), S=young(survivor), O=old, HS=humongous(starts), HC=humongous(continues), CS=collection set, F=free, OA=open archive, CA=closed archive, TAMS=top-at-mark-start (previous, next)
|   0|0x0000000709c00000, 0x0000000709dfa6c8, 0x0000000709e00000| 98%| O|  |TAMS 0x0000000709dfa6c8, 0x0000000709dfa6c8| Untracked 
|   1|0x0000000709e00000, 0x0000000709ffffe0, 0x000000070a000000| 99%| O|  |TAMS 0x0000000709ffffe0, 0x0000000709ffffe0| Untracked 
|   2|0x000000070a000000, 0x000000070a200000, 0x000000070a200000|100%| O|  |TAMS 0x000000070a200000, 0x000000070a200000| Untracked 
|   3|0x000000070a200000, 0x000000070a3ffff0, 0x000000070a400000| 99%| O|  |TAMS 0x000000070a3ffff0, 0x000000070a3ffff0| Untracked 
|   4|0x000000070a400000, 0x000000070a5ffff0, 0x000000070a600000| 99%| O|  |TAMS 0x000000070a5ffff0, 0x000000070a5ffff0| Untracked 
|   5|0x000000070a600000, 0x000000070a7ffff8, 0x000000070a800000| 99%| O|  |TAMS 0x000000070a7ffff8, 0x000000070a7ffff8| Untracked 
|   6|0x000000070a800000, 0x000000070aa00000, 0x000000070aa00000|100%| O|  |TAMS 0x000000070aa00000, 0x000000070aa00000| Untracked 
|   7|0x000000070aa00000, 0x000000070abffff8, 0x000000070ac00000| 99%| O|  |TAMS 0x000000070abffff8, 0x000000070abffff8| Untracked 
|   8|0x000000070ac00000, 0x000000070adfffe8, 0x000000070ae00000| 99%| O|  |TAMS 0x000000070adfffe8, 0x000000070adfffe8| Untracked 
|   9|0x000000070ae00000, 0x000000070affe500, 0x000000070b000000| 99%| O|  |TAMS 0x000000070affe500, 0x000000070affe500| Untracked 
|  10|0x000000070b000000, 0x000000070b1fffc0, 0x000000070b200000| 99%| O|  |TAMS 0x000000070b1fffc0, 0x000000070b1fffc0| Untracked 
|  11|0x000000070b200000, 0x000000070b400000, 0x000000070b400000|100%| O|  |TAMS 0x000000070b400000, 0x000000070b400000| Untracked 
|  12|0x000000070b400000, 0x000000070b5fffc0, 0x000000070b600000| 99%| O|  |TAMS 0x000000070b5fffc0, 0x000000070b5fffc0| Untracked 
|  13|0x000000070b600000, 0x000000070b800000, 0x000000070b800000|100%| O|  |TAMS 0x000000070b800000, 0x000000070b800000| Untracked 
|  14|0x000000070b800000, 0x000000070b9fffc0, 0x000000070ba00000| 99%| O|  |TAMS 0x000000070b9fffc0, 0x000000070b9fffc0| Untracked 
|  15|0x000000070ba00000, 0x000000070bbfffc8, 0x000000070bc00000| 99%| O|  |TAMS 0x000000070bbfffc8, 0x000000070bbfffc8| Untracked 
|  16|0x000000070bc00000, 0x000000070bc00000, 0x000000070be00000|  0%| F|  |TAMS 0x000000070bc00000, 0x000000070bc00000| Untracked 
|  17|0x000000070be00000, 0x000000070bf86258, 0x000000070c000000| 76%| O|  |TAMS 0x000000070bf86258, 0x000000070bf86258| Untracked 
|  18|0x000000070c000000, 0x000000070c200000, 0x000000070c200000|100%| O|  |TAMS 0x000000070c200000, 0x000000070c200000| Untracked 
|  19|0x000000070c200000, 0x000000070c400000, 0x000000070c400000|100%| O|  |TAMS 0x000000070c400000, 0x000000070c400000| Untracked 
|  20|0x000000070c400000, 0x000000070c600000, 0x000000070c600000|100%| O|  |TAMS 0x000000070c400000, 0x000000070c600000| Untracked 
|  21|0x000000070c600000, 0x000000070c800000, 0x000000070c800000|100%| O|  |TAMS 0x000000070c800000, 0x000000070c800000| Untracked 
|  22|0x000000070c800000, 0x000000070ca00000, 0x000000070ca00000|100%| O|  |TAMS 0x000000070ca00000, 0x000000070ca00000| Untracked 
|  23|0x000000070ca00000, 0x000000070cc00000, 0x000000070cc00000|100%| O|  |TAMS 0x000000070cc00000, 0x000000070cc00000| Untracked 
|  24|0x000000070cc00000, 0x000000070ce00000, 0x000000070ce00000|100%| O|  |TAMS 0x000000070ce00000, 0x000000070ce00000| Untracked 
|  25|0x000000070ce00000, 0x000000070d000000, 0x000000070d000000|100%| O|  |TAMS 0x000000070d000000, 0x000000070d000000| Untracked 
|  26|0x000000070d000000, 0x000000070d200000, 0x000000070d200000|100%| O|  |TAMS 0x000000070d200000, 0x000000070d200000| Untracked 
|  27|0x000000070d200000, 0x000000070d400000, 0x000000070d400000|100%| O|  |TAMS 0x000000070d400000, 0x000000070d400000| Untracked 
|  28|0x000000070d400000, 0x000000070d498800, 0x000000070d600000| 29%| O|  |TAMS 0x000000070d498800, 0x000000070d498800| Untracked 
|  29|0x000000070d600000, 0x000000070d800000, 0x000000070d800000|100%| O|  |TAMS 0x000000070d600000, 0x000000070d800000| Untracked 
|  30|0x000000070d800000, 0x000000070da00000, 0x000000070da00000|100%| O|  |TAMS 0x000000070d800000, 0x000000070da00000| Untracked 
|  31|0x000000070da00000, 0x000000070dc00000, 0x000000070dc00000|100%| O|  |TAMS 0x000000070dc00000, 0x000000070dc00000| Untracked 
|  32|0x000000070dc00000, 0x000000070dc00000, 0x000000070de00000|  0%| F|  |TAMS 0x000000070dc00000, 0x000000070dc00000| Untracked 
|  33|0x000000070de00000, 0x000000070e000000, 0x000000070e000000|100%| O|  |TAMS 0x000000070de00000, 0x000000070e000000| Untracked 
|  34|0x000000070e000000, 0x000000070e000000, 0x000000070e200000|  0%| F|  |TAMS 0x000000070e000000, 0x000000070e000000| Untracked 
|  35|0x000000070e200000, 0x000000070e400000, 0x000000070e400000|100%| O|  |TAMS 0x000000070e400000, 0x000000070e400000| Untracked 
|  36|0x000000070e400000, 0x000000070e600000, 0x000000070e600000|100%| O|  |TAMS 0x000000070e4e9c00, 0x000000070e600000| Untracked 
|  37|0x000000070e600000, 0x000000070e707800, 0x000000070e800000| 51%| O|  |TAMS 0x000000070e600000, 0x000000070e707800| Untracked 
|  38|0x000000070e800000, 0x000000070e800000, 0x000000070ea00000|  0%| F|  |TAMS 0x000000070e800000, 0x000000070e800000| Untracked 
|  39|0x000000070ea00000, 0x000000070ea00000, 0x000000070ec00000|  0%| F|  |TAMS 0x000000070ea00000, 0x000000070ea00000| Untracked 
|  40|0x000000070ec00000, 0x000000070ec00000, 0x000000070ee00000|  0%| F|  |TAMS 0x000000070ec00000, 0x000000070ec00000| Untracked 
|  41|0x000000070ee00000, 0x000000070ee00000, 0x000000070f000000|  0%| F|  |TAMS 0x000000070ee00000, 0x000000070ee00000| Untracked 
|  42|0x000000070f000000, 0x000000070f000000, 0x000000070f200000|  0%| F|  |TAMS 0x000000070f000000, 0x000000070f000000| Untracked 
|  43|0x000000070f200000, 0x000000070f400000, 0x000000070f400000|100%| O|  |TAMS 0x000000070f200000, 0x000000070f400000| Untracked 
|  44|0x000000070f400000, 0x000000070f600000, 0x000000070f600000|100%| O|  |TAMS 0x000000070f400000, 0x000000070f600000| Untracked 
|  45|0x000000070f600000, 0x000000070f800000, 0x000000070f800000|100%| O|  |TAMS 0x000000070f600000, 0x000000070f800000| Untracked 
|  46|0x000000070f800000, 0x000000070fa00000, 0x000000070fa00000|100%| O|  |TAMS 0x000000070f800000, 0x000000070fa00000| Untracked 
|  47|0x000000070fa00000, 0x000000070fa00000, 0x000000070fc00000|  0%| F|  |TAMS 0x000000070fa00000, 0x000000070fa00000| Untracked 
|  48|0x000000070fc00000, 0x000000070fc00000, 0x000000070fe00000|  0%| F|  |TAMS 0x000000070fc00000, 0x000000070fc00000| Untracked 
|  49|0x000000070fe00000, 0x0000000710000000, 0x0000000710000000|100%| O|  |TAMS 0x000000070fe00000, 0x0000000710000000| Untracked 
|  50|0x0000000710000000, 0x0000000710200000, 0x0000000710200000|100%| O|  |TAMS 0x0000000710000000, 0x0000000710200000| Untracked 
|  51|0x0000000710200000, 0x0000000710400000, 0x0000000710400000|100%| O|  |TAMS 0x0000000710200000, 0x0000000710400000| Untracked 
|  52|0x0000000710400000, 0x0000000710600000, 0x0000000710600000|100%| O|  |TAMS 0x0000000710400000, 0x0000000710600000| Untracked 
|  53|0x0000000710600000, 0x0000000710600000, 0x0000000710800000|  0%| F|  |TAMS 0x0000000710600000, 0x0000000710600000| Untracked 
|  54|0x0000000710800000, 0x0000000710800000, 0x0000000710a00000|  0%| F|  |TAMS 0x0000000710800000, 0x0000000710800000| Untracked 
|  55|0x0000000710a00000, 0x0000000710a00000, 0x0000000710c00000|  0%| F|  |TAMS 0x0000000710a00000, 0x0000000710a00000| Untracked 
|  56|0x0000000710c00000, 0x0000000710c00000, 0x0000000710e00000|  0%| F|  |TAMS 0x0000000710c00000, 0x0000000710c00000| Untracked 
|  57|0x0000000710e00000, 0x0000000710e00000, 0x0000000711000000|  0%| F|  |TAMS 0x0000000710e00000, 0x0000000710e00000| Untracked 
|  58|0x0000000711000000, 0x0000000711000000, 0x0000000711200000|  0%| F|  |TAMS 0x0000000711000000, 0x0000000711000000| Untracked 
|  59|0x0000000711200000, 0x0000000711200000, 0x0000000711400000|  0%| F|  |TAMS 0x0000000711200000, 0x0000000711200000| Untracked 
|  60|0x0000000711400000, 0x0000000711400000, 0x0000000711600000|  0%| F|  |TAMS 0x0000000711400000, 0x0000000711400000| Untracked 
|  61|0x0000000711600000, 0x0000000711600000, 0x0000000711800000|  0%| F|  |TAMS 0x0000000711600000, 0x0000000711600000| Untracked 
|  62|0x0000000711800000, 0x0000000711800000, 0x0000000711a00000|  0%| F|  |TAMS 0x0000000711800000, 0x0000000711800000| Untracked 
|  63|0x0000000711a00000, 0x0000000711a00000, 0x0000000711c00000|  0%| F|  |TAMS 0x0000000711a00000, 0x0000000711a00000| Untracked 
|  64|0x0000000711c00000, 0x0000000711c00000, 0x0000000711e00000|  0%| F|  |TAMS 0x0000000711c00000, 0x0000000711c00000| Untracked 
|  65|0x0000000711e00000, 0x0000000711e00000, 0x0000000712000000|  0%| F|  |TAMS 0x0000000711e00000, 0x0000000711e00000| Untracked 
|  66|0x0000000712000000, 0x0000000712000000, 0x0000000712200000|  0%| F|  |TAMS 0x0000000712000000, 0x0000000712000000| Untracked 
|  67|0x0000000712200000, 0x0000000712200000, 0x0000000712400000|  0%| F|  |TAMS 0x0000000712200000, 0x0000000712200000| Untracked 
|  68|0x0000000712400000, 0x0000000712400000, 0x0000000712600000|  0%| F|  |TAMS 0x0000000712400000, 0x0000000712400000| Untracked 
|  69|0x0000000712600000, 0x0000000712600000, 0x0000000712800000|  0%| F|  |TAMS 0x0000000712600000, 0x0000000712600000| Untracked 
|  70|0x0000000712800000, 0x0000000712800000, 0x0000000712a00000|  0%| F|  |TAMS 0x0000000712800000, 0x0000000712800000| Untracked 
|  71|0x0000000712a00000, 0x0000000712a00000, 0x0000000712c00000|  0%| F|  |TAMS 0x0000000712a00000, 0x0000000712a00000| Untracked 
|  72|0x0000000712c00000, 0x0000000712c00000, 0x0000000712e00000|  0%| F|  |TAMS 0x0000000712c00000, 0x0000000712c00000| Untracked 
|  73|0x0000000712e00000, 0x0000000712e00000, 0x0000000713000000|  0%| F|  |TAMS 0x0000000712e00000, 0x0000000712e00000| Untracked 
|  74|0x0000000713000000, 0x0000000713000000, 0x0000000713200000|  0%| F|  |TAMS 0x0000000713000000, 0x0000000713000000| Untracked 
|  75|0x0000000713200000, 0x0000000713200000, 0x0000000713400000|  0%| F|  |TAMS 0x0000000713200000, 0x0000000713200000| Untracked 
|  76|0x0000000713400000, 0x0000000713400000, 0x0000000713600000|  0%| F|  |TAMS 0x0000000713400000, 0x0000000713400000| Untracked 
|  77|0x0000000713600000, 0x0000000713600000, 0x0000000713800000|  0%| F|  |TAMS 0x0000000713600000, 0x0000000713600000| Untracked 
|  78|0x0000000713800000, 0x0000000713800000, 0x0000000713a00000|  0%| F|  |TAMS 0x0000000713800000, 0x0000000713800000| Untracked 
|  79|0x0000000713a00000, 0x0000000713a00000, 0x0000000713c00000|  0%| F|  |TAMS 0x0000000713a00000, 0x0000000713a00000| Untracked 
|  80|0x0000000713c00000, 0x0000000713c00000, 0x0000000713e00000|  0%| F|  |TAMS 0x0000000713c00000, 0x0000000713c00000| Untracked 
|  81|0x0000000713e00000, 0x0000000713e00000, 0x0000000714000000|  0%| F|  |TAMS 0x0000000713e00000, 0x0000000713e00000| Untracked 
|  82|0x0000000714000000, 0x0000000714000000, 0x0000000714200000|  0%| F|  |TAMS 0x0000000714000000, 0x0000000714000000| Untracked 
|  83|0x0000000714200000, 0x0000000714200000, 0x0000000714400000|  0%| F|  |TAMS 0x0000000714200000, 0x0000000714200000| Untracked 
|  84|0x0000000714400000, 0x0000000714400000, 0x0000000714600000|  0%| F|  |TAMS 0x0000000714400000, 0x0000000714400000| Untracked 
|  85|0x0000000714600000, 0x0000000714600000, 0x0000000714800000|  0%| F|  |TAMS 0x0000000714600000, 0x0000000714600000| Untracked 
|  86|0x0000000714800000, 0x0000000714800000, 0x0000000714a00000|  0%| F|  |TAMS 0x0000000714800000, 0x0000000714800000| Untracked 
|  87|0x0000000714a00000, 0x0000000714a00000, 0x0000000714c00000|  0%| F|  |TAMS 0x0000000714a00000, 0x0000000714a00000| Untracked 
|  88|0x0000000714c00000, 0x0000000714c00000, 0x0000000714e00000|  0%| F|  |TAMS 0x0000000714c00000, 0x0000000714c00000| Untracked 
|  89|0x0000000714e00000, 0x0000000714e00000, 0x0000000715000000|  0%| F|  |TAMS 0x0000000714e00000, 0x0000000714e00000| Untracked 
|  90|0x0000000715000000, 0x0000000715000000, 0x0000000715200000|  0%| F|  |TAMS 0x0000000715000000, 0x0000000715000000| Untracked 
|  91|0x0000000715200000, 0x0000000715200000, 0x0000000715400000|  0%| F|  |TAMS 0x0000000715200000, 0x0000000715200000| Untracked 
|  92|0x0000000715400000, 0x0000000715400000, 0x0000000715600000|  0%| F|  |TAMS 0x0000000715400000, 0x0000000715400000| Untracked 
|  93|0x0000000715600000, 0x0000000715600000, 0x0000000715800000|  0%| F|  |TAMS 0x0000000715600000, 0x0000000715600000| Untracked 
|  94|0x0000000715800000, 0x0000000715800000, 0x0000000715a00000|  0%| F|  |TAMS 0x0000000715800000, 0x0000000715800000| Untracked 
|  95|0x0000000715a00000, 0x0000000715a00000, 0x0000000715c00000|  0%| F|  |TAMS 0x0000000715a00000, 0x0000000715a00000| Untracked 
|  96|0x0000000715c00000, 0x0000000715c00000, 0x0000000715e00000|  0%| F|  |TAMS 0x0000000715c00000, 0x0000000715c00000| Untracked 
|  97|0x0000000715e00000, 0x0000000715e00000, 0x0000000716000000|  0%| F|  |TAMS 0x0000000715e00000, 0x0000000715e00000| Untracked 
|  98|0x0000000716000000, 0x0000000716000000, 0x0000000716200000|  0%| F|  |TAMS 0x0000000716000000, 0x0000000716000000| Untracked 
|  99|0x0000000716200000, 0x0000000716200000, 0x0000000716400000|  0%| F|  |TAMS 0x0000000716200000, 0x0000000716200000| Untracked 
| 100|0x0000000716400000, 0x0000000716400000, 0x0000000716600000|  0%| F|  |TAMS 0x0000000716400000, 0x0000000716400000| Untracked 
| 101|0x0000000716600000, 0x0000000716600000, 0x0000000716800000|  0%| F|  |TAMS 0x0000000716600000, 0x0000000716600000| Untracked 
| 102|0x0000000716800000, 0x0000000716800000, 0x0000000716a00000|  0%| F|  |TAMS 0x0000000716800000, 0x0000000716800000| Untracked 
| 103|0x0000000716a00000, 0x0000000716a00000, 0x0000000716c00000|  0%| F|  |TAMS 0x0000000716a00000, 0x0000000716a00000| Untracked 
| 104|0x0000000716c00000, 0x0000000716c00000, 0x0000000716e00000|  0%| F|  |TAMS 0x0000000716c00000, 0x0000000716c00000| Untracked 
| 105|0x0000000716e00000, 0x0000000716e00000, 0x0000000717000000|  0%| F|  |TAMS 0x0000000716e00000, 0x0000000716e00000| Untracked 
| 106|0x0000000717000000, 0x0000000717000000, 0x0000000717200000|  0%| F|  |TAMS 0x0000000717000000, 0x0000000717000000| Untracked 
| 107|0x0000000717200000, 0x0000000717200000, 0x0000000717400000|  0%| F|  |TAMS 0x0000000717200000, 0x0000000717200000| Untracked 
| 108|0x0000000717400000, 0x0000000717400000, 0x0000000717600000|  0%| F|  |TAMS 0x0000000717400000, 0x0000000717400000| Untracked 
| 109|0x0000000717600000, 0x0000000717600000, 0x0000000717800000|  0%| F|  |TAMS 0x0000000717600000, 0x0000000717600000| Untracked 
| 110|0x0000000717800000, 0x0000000717800000, 0x0000000717a00000|  0%| F|  |TAMS 0x0000000717800000, 0x0000000717800000| Untracked 
| 111|0x0000000717a00000, 0x0000000717a00000, 0x0000000717c00000|  0%| F|  |TAMS 0x0000000717a00000, 0x0000000717a00000| Untracked 
| 112|0x0000000717c00000, 0x0000000717c00000, 0x0000000717e00000|  0%| F|  |TAMS 0x0000000717c00000, 0x0000000717c00000| Untracked 
| 113|0x0000000717e00000, 0x0000000717e00000, 0x0000000718000000|  0%| F|  |TAMS 0x0000000717e00000, 0x0000000717e00000| Untracked 
| 114|0x0000000718000000, 0x0000000718000000, 0x0000000718200000|  0%| F|  |TAMS 0x0000000718000000, 0x0000000718000000| Untracked 
| 115|0x0000000718200000, 0x0000000718200000, 0x0000000718400000|  0%| F|  |TAMS 0x0000000718200000, 0x0000000718200000| Untracked 
| 116|0x0000000718400000, 0x0000000718400000, 0x0000000718600000|  0%| F|  |TAMS 0x0000000718400000, 0x0000000718400000| Untracked 
| 117|0x0000000718600000, 0x0000000718600000, 0x0000000718800000|  0%| F|  |TAMS 0x0000000718600000, 0x0000000718600000| Untracked 
| 118|0x0000000718800000, 0x0000000718800000, 0x0000000718a00000|  0%| F|  |TAMS 0x0000000718800000, 0x0000000718800000| Untracked 
| 119|0x0000000718a00000, 0x0000000718a00000, 0x0000000718c00000|  0%| F|  |TAMS 0x0000000718a00000, 0x0000000718a00000| Untracked 
| 120|0x0000000718c00000, 0x0000000718c00000, 0x0000000718e00000|  0%| F|  |TAMS 0x0000000718c00000, 0x0000000718c00000| Untracked 
| 121|0x0000000718e00000, 0x0000000718e00000, 0x0000000719000000|  0%| F|  |TAMS 0x0000000718e00000, 0x0000000718e00000| Untracked 
| 122|0x0000000719000000, 0x0000000719000000, 0x0000000719200000|  0%| F|  |TAMS 0x0000000719000000, 0x0000000719000000| Untracked 
| 123|0x0000000719200000, 0x0000000719200000, 0x0000000719400000|  0%| F|  |TAMS 0x0000000719200000, 0x0000000719200000| Untracked 
| 124|0x0000000719400000, 0x0000000719400000, 0x0000000719600000|  0%| F|  |TAMS 0x0000000719400000, 0x0000000719400000| Untracked 
| 125|0x0000000719600000, 0x0000000719600000, 0x0000000719800000|  0%| F|  |TAMS 0x0000000719600000, 0x0000000719600000| Untracked 
| 126|0x0000000719800000, 0x0000000719800000, 0x0000000719a00000|  0%| F|  |TAMS 0x0000000719800000, 0x0000000719800000| Untracked 
| 127|0x0000000719a00000, 0x0000000719a00000, 0x0000000719c00000|  0%| F|  |TAMS 0x0000000719a00000, 0x0000000719a00000| Untracked 
| 128|0x0000000719c00000, 0x0000000719c00000, 0x0000000719e00000|  0%| F|  |TAMS 0x0000000719c00000, 0x0000000719c00000| Untracked 
| 129|0x0000000719e00000, 0x0000000719e00000, 0x000000071a000000|  0%| F|  |TAMS 0x0000000719e00000, 0x0000000719e00000| Untracked 
| 130|0x000000071a000000, 0x000000071a000000, 0x000000071a200000|  0%| F|  |TAMS 0x000000071a000000, 0x000000071a000000| Untracked 
| 131|0x000000071a200000, 0x000000071a200000, 0x000000071a400000|  0%| F|  |TAMS 0x000000071a200000, 0x000000071a200000| Untracked 
| 132|0x000000071a400000, 0x000000071a400000, 0x000000071a600000|  0%| F|  |TAMS 0x000000071a400000, 0x000000071a400000| Untracked 
| 133|0x000000071a600000, 0x000000071a600000, 0x000000071a800000|  0%| F|  |TAMS 0x000000071a600000, 0x000000071a600000| Untracked 
| 134|0x000000071a800000, 0x000000071a800000, 0x000000071aa00000|  0%| F|  |TAMS 0x000000071a800000, 0x000000071a800000| Untracked 
| 135|0x000000071aa00000, 0x000000071aa00000, 0x000000071ac00000|  0%| F|  |TAMS 0x000000071aa00000, 0x000000071aa00000| Untracked 
| 136|0x000000071ac00000, 0x000000071ac00000, 0x000000071ae00000|  0%| F|  |TAMS 0x000000071ac00000, 0x000000071ac00000| Untracked 
| 137|0x000000071ae00000, 0x000000071ae00000, 0x000000071b000000|  0%| F|  |TAMS 0x000000071ae00000, 0x000000071ae00000| Untracked 
| 138|0x000000071b000000, 0x000000071b000000, 0x000000071b200000|  0%| F|  |TAMS 0x000000071b000000, 0x000000071b000000| Untracked 
| 139|0x000000071b200000, 0x000000071b200000, 0x000000071b400000|  0%| F|  |TAMS 0x000000071b200000, 0x000000071b200000| Untracked 
| 140|0x000000071b400000, 0x000000071b400000, 0x000000071b600000|  0%| F|  |TAMS 0x000000071b400000, 0x000000071b400000| Untracked 
| 141|0x000000071b600000, 0x000000071b600000, 0x000000071b800000|  0%| F|  |TAMS 0x000000071b600000, 0x000000071b600000| Untracked 
| 142|0x000000071b800000, 0x000000071b800000, 0x000000071ba00000|  0%| F|  |TAMS 0x000000071b800000, 0x000000071b800000| Untracked 
| 143|0x000000071ba00000, 0x000000071ba00000, 0x000000071bc00000|  0%| F|  |TAMS 0x000000071ba00000, 0x000000071ba00000| Untracked 
| 144|0x000000071bc00000, 0x000000071bc00000, 0x000000071be00000|  0%| F|  |TAMS 0x000000071bc00000, 0x000000071bc00000| Untracked 
| 145|0x000000071be00000, 0x000000071be00000, 0x000000071c000000|  0%| F|  |TAMS 0x000000071be00000, 0x000000071be00000| Untracked 
| 146|0x000000071c000000, 0x000000071c000000, 0x000000071c200000|  0%| F|  |TAMS 0x000000071c000000, 0x000000071c000000| Untracked 
| 147|0x000000071c200000, 0x000000071c200000, 0x000000071c400000|  0%| F|  |TAMS 0x000000071c200000, 0x000000071c200000| Untracked 
| 148|0x000000071c400000, 0x000000071c400000, 0x000000071c600000|  0%| F|  |TAMS 0x000000071c400000, 0x000000071c400000| Untracked 
| 149|0x000000071c600000, 0x000000071c600000, 0x000000071c800000|  0%| F|  |TAMS 0x000000071c600000, 0x000000071c600000| Untracked 
| 150|0x000000071c800000, 0x000000071c800000, 0x000000071ca00000|  0%| F|  |TAMS 0x000000071c800000, 0x000000071c800000| Untracked 
| 151|0x000000071ca00000, 0x000000071ca00000, 0x000000071cc00000|  0%| F|  |TAMS 0x000000071ca00000, 0x000000071ca00000| Untracked 
| 152|0x000000071cc00000, 0x000000071cc00000, 0x000000071ce00000|  0%| F|  |TAMS 0x000000071cc00000, 0x000000071cc00000| Untracked 
| 153|0x000000071ce00000, 0x000000071cfce540, 0x000000071d000000| 90%| S|CS|TAMS 0x000000071ce00000, 0x000000071ce00000| Complete 
| 154|0x000000071d000000, 0x000000071d000000, 0x000000071d200000|  0%| F|  |TAMS 0x000000071d000000, 0x000000071d000000| Untracked 
| 155|0x000000071d200000, 0x000000071d200000, 0x000000071d400000|  0%| F|  |TAMS 0x000000071d200000, 0x000000071d200000| Untracked 
| 156|0x000000071d400000, 0x000000071d400000, 0x000000071d600000|  0%| F|  |TAMS 0x000000071d400000, 0x000000071d400000| Untracked 
| 157|0x000000071d600000, 0x000000071d600000, 0x000000071d800000|  0%| F|  |TAMS 0x000000071d600000, 0x000000071d600000| Untracked 
| 158|0x000000071d800000, 0x000000071d800000, 0x000000071da00000|  0%| F|  |TAMS 0x000000071d800000, 0x000000071d800000| Untracked 
| 159|0x000000071da00000, 0x000000071da00000, 0x000000071dc00000|  0%| F|  |TAMS 0x000000071da00000, 0x000000071da00000| Untracked 
| 160|0x000000071dc00000, 0x000000071dc00000, 0x000000071de00000|  0%| F|  |TAMS 0x000000071dc00000, 0x000000071dc00000| Untracked 
| 161|0x000000071de00000, 0x000000071de00000, 0x000000071e000000|  0%| F|  |TAMS 0x000000071de00000, 0x000000071de00000| Untracked 
| 162|0x000000071e000000, 0x000000071e000000, 0x000000071e200000|  0%| F|  |TAMS 0x000000071e000000, 0x000000071e000000| Untracked 
| 163|0x000000071e200000, 0x000000071e200000, 0x000000071e400000|  0%| F|  |TAMS 0x000000071e200000, 0x000000071e200000| Untracked 
| 164|0x000000071e400000, 0x000000071e400000, 0x000000071e600000|  0%| F|  |TAMS 0x000000071e400000, 0x000000071e400000| Untracked 
| 165|0x000000071e600000, 0x000000071e600000, 0x000000071e800000|  0%| F|  |TAMS 0x000000071e600000, 0x000000071e600000| Untracked 
| 166|0x000000071e800000, 0x000000071e800000, 0x000000071ea00000|  0%| F|  |TAMS 0x000000071e800000, 0x000000071e800000| Untracked 
| 167|0x000000071ea00000, 0x000000071ea00000, 0x000000071ec00000|  0%| F|  |TAMS 0x000000071ea00000, 0x000000071ea00000| Untracked 
| 168|0x000000071ec00000, 0x000000071ec00000, 0x000000071ee00000|  0%| F|  |TAMS 0x000000071ec00000, 0x000000071ec00000| Untracked 
| 169|0x000000071ee00000, 0x000000071ee00000, 0x000000071f000000|  0%| F|  |TAMS 0x000000071ee00000, 0x000000071ee00000| Untracked 
| 170|0x000000071f000000, 0x000000071f000000, 0x000000071f200000|  0%| F|  |TAMS 0x000000071f000000, 0x000000071f000000| Untracked 
| 171|0x000000071f200000, 0x000000071f200000, 0x000000071f400000|  0%| F|  |TAMS 0x000000071f200000, 0x000000071f200000| Untracked 
| 172|0x000000071f400000, 0x000000071f400000, 0x000000071f600000|  0%| F|  |TAMS 0x000000071f400000, 0x000000071f400000| Untracked 
| 173|0x000000071f600000, 0x000000071f600000, 0x000000071f800000|  0%| F|  |TAMS 0x000000071f600000, 0x000000071f600000| Untracked 
| 174|0x000000071f800000, 0x000000071f800000, 0x000000071fa00000|  0%| F|  |TAMS 0x000000071f800000, 0x000000071f800000| Untracked 
| 175|0x000000071fa00000, 0x000000071fa00000, 0x000000071fc00000|  0%| F|  |TAMS 0x000000071fa00000, 0x000000071fa00000| Untracked 
| 176|0x000000071fc00000, 0x000000071fc00000, 0x000000071fe00000|  0%| F|  |TAMS 0x000000071fc00000, 0x000000071fc00000| Untracked 
| 177|0x000000071fe00000, 0x000000071fe00000, 0x0000000720000000|  0%| F|  |TAMS 0x000000071fe00000, 0x000000071fe00000| Untracked 
| 178|0x0000000720000000, 0x0000000720000000, 0x0000000720200000|  0%| F|  |TAMS 0x0000000720000000, 0x0000000720000000| Untracked 
| 179|0x0000000720200000, 0x0000000720200000, 0x0000000720400000|  0%| F|  |TAMS 0x0000000720200000, 0x0000000720200000| Untracked 
| 180|0x0000000720400000, 0x0000000720400000, 0x0000000720600000|  0%| F|  |TAMS 0x0000000720400000, 0x0000000720400000| Untracked 
| 181|0x0000000720600000, 0x0000000720600000, 0x0000000720800000|  0%| F|  |TAMS 0x0000000720600000, 0x0000000720600000| Untracked 
| 182|0x0000000720800000, 0x0000000720800000, 0x0000000720a00000|  0%| F|  |TAMS 0x0000000720800000, 0x0000000720800000| Untracked 
| 183|0x0000000720a00000, 0x0000000720a00000, 0x0000000720c00000|  0%| F|  |TAMS 0x0000000720a00000, 0x0000000720a00000| Untracked 
| 184|0x0000000720c00000, 0x0000000720c00000, 0x0000000720e00000|  0%| F|  |TAMS 0x0000000720c00000, 0x0000000720c00000| Untracked 
| 185|0x0000000720e00000, 0x0000000720e00000, 0x0000000721000000|  0%| F|  |TAMS 0x0000000720e00000, 0x0000000720e00000| Untracked 
| 186|0x0000000721000000, 0x0000000721000000, 0x0000000721200000|  0%| F|  |TAMS 0x0000000721000000, 0x0000000721000000| Untracked 
| 187|0x0000000721200000, 0x0000000721200000, 0x0000000721400000|  0%| F|  |TAMS 0x0000000721200000, 0x0000000721200000| Untracked 
| 188|0x0000000721400000, 0x0000000721400000, 0x0000000721600000|  0%| F|  |TAMS 0x0000000721400000, 0x0000000721400000| Untracked 
| 189|0x0000000721600000, 0x0000000721600000, 0x0000000721800000|  0%| F|  |TAMS 0x0000000721600000, 0x0000000721600000| Untracked 
| 190|0x0000000721800000, 0x0000000721800000, 0x0000000721a00000|  0%| F|  |TAMS 0x0000000721800000, 0x0000000721800000| Untracked 
| 191|0x0000000721a00000, 0x0000000721a00000, 0x0000000721c00000|  0%| F|  |TAMS 0x0000000721a00000, 0x0000000721a00000| Untracked 
| 192|0x0000000721c00000, 0x0000000721c00000, 0x0000000721e00000|  0%| F|  |TAMS 0x0000000721c00000, 0x0000000721c00000| Untracked 
| 193|0x0000000721e00000, 0x0000000721e00000, 0x0000000722000000|  0%| F|  |TAMS 0x0000000721e00000, 0x0000000721e00000| Untracked 
| 194|0x0000000722000000, 0x0000000722000000, 0x0000000722200000|  0%| F|  |TAMS 0x0000000722000000, 0x0000000722000000| Untracked 
| 195|0x0000000722200000, 0x0000000722200000, 0x0000000722400000|  0%| F|  |TAMS 0x0000000722200000, 0x0000000722200000| Untracked 
| 196|0x0000000722400000, 0x0000000722400000, 0x0000000722600000|  0%| F|  |TAMS 0x0000000722400000, 0x0000000722400000| Untracked 
| 197|0x0000000722600000, 0x0000000722600000, 0x0000000722800000|  0%| F|  |TAMS 0x0000000722600000, 0x0000000722600000| Untracked 
| 198|0x0000000722800000, 0x0000000722800000, 0x0000000722a00000|  0%| F|  |TAMS 0x0000000722800000, 0x0000000722800000| Untracked 
| 199|0x0000000722a00000, 0x0000000722a00000, 0x0000000722c00000|  0%| F|  |TAMS 0x0000000722a00000, 0x0000000722a00000| Untracked 
| 200|0x0000000722c00000, 0x0000000722c00000, 0x0000000722e00000|  0%| F|  |TAMS 0x0000000722c00000, 0x0000000722c00000| Untracked 
| 201|0x0000000722e00000, 0x0000000722e00000, 0x0000000723000000|  0%| F|  |TAMS 0x0000000722e00000, 0x0000000722e00000| Untracked 
| 202|0x0000000723000000, 0x0000000723000000, 0x0000000723200000|  0%| F|  |TAMS 0x0000000723000000, 0x0000000723000000| Untracked 
| 203|0x0000000723200000, 0x0000000723200000, 0x0000000723400000|  0%| F|  |TAMS 0x0000000723200000, 0x0000000723200000| Untracked 
| 204|0x0000000723400000, 0x0000000723400000, 0x0000000723600000|  0%| F|  |TAMS 0x0000000723400000, 0x0000000723400000| Untracked 
| 205|0x0000000723600000, 0x0000000723600000, 0x0000000723800000|  0%| F|  |TAMS 0x0000000723600000, 0x0000000723600000| Untracked 
| 206|0x0000000723800000, 0x0000000723800000, 0x0000000723a00000|  0%| F|  |TAMS 0x0000000723800000, 0x0000000723800000| Untracked 
| 207|0x0000000723a00000, 0x0000000723a00000, 0x0000000723c00000|  0%| F|  |TAMS 0x0000000723a00000, 0x0000000723a00000| Untracked 
| 208|0x0000000723c00000, 0x0000000723c00000, 0x0000000723e00000|  0%| F|  |TAMS 0x0000000723c00000, 0x0000000723c00000| Untracked 
| 209|0x0000000723e00000, 0x0000000723e00000, 0x0000000724000000|  0%| F|  |TAMS 0x0000000723e00000, 0x0000000723e00000| Untracked 
| 210|0x0000000724000000, 0x0000000724000000, 0x0000000724200000|  0%| F|  |TAMS 0x0000000724000000, 0x0000000724000000| Untracked 
| 211|0x0000000724200000, 0x0000000724200000, 0x0000000724400000|  0%| F|  |TAMS 0x0000000724200000, 0x0000000724200000| Untracked 
| 212|0x0000000724400000, 0x0000000724400000, 0x0000000724600000|  0%| F|  |TAMS 0x0000000724400000, 0x0000000724400000| Untracked 
| 213|0x0000000724600000, 0x0000000724600000, 0x0000000724800000|  0%| F|  |TAMS 0x0000000724600000, 0x0000000724600000| Untracked 
| 214|0x0000000724800000, 0x0000000724800000, 0x0000000724a00000|  0%| F|  |TAMS 0x0000000724800000, 0x0000000724800000| Untracked 
| 215|0x0000000724a00000, 0x0000000724a00000, 0x0000000724c00000|  0%| F|  |TAMS 0x0000000724a00000, 0x0000000724a00000| Untracked 
| 216|0x0000000724c00000, 0x0000000724c00000, 0x0000000724e00000|  0%| F|  |TAMS 0x0000000724c00000, 0x0000000724c00000| Untracked 
| 217|0x0000000724e00000, 0x0000000724e00000, 0x0000000725000000|  0%| F|  |TAMS 0x0000000724e00000, 0x0000000724e00000| Untracked 
| 218|0x0000000725000000, 0x0000000725000000, 0x0000000725200000|  0%| F|  |TAMS 0x0000000725000000, 0x0000000725000000| Untracked 
| 219|0x0000000725200000, 0x0000000725200000, 0x0000000725400000|  0%| F|  |TAMS 0x0000000725200000, 0x0000000725200000| Untracked 
| 220|0x0000000725400000, 0x0000000725400000, 0x0000000725600000|  0%| F|  |TAMS 0x0000000725400000, 0x0000000725400000| Untracked 
| 221|0x0000000725600000, 0x0000000725600000, 0x0000000725800000|  0%| F|  |TAMS 0x0000000725600000, 0x0000000725600000| Untracked 
| 222|0x0000000725800000, 0x0000000725800000, 0x0000000725a00000|  0%| F|  |TAMS 0x0000000725800000, 0x0000000725800000| Untracked 
| 223|0x0000000725a00000, 0x0000000725a00000, 0x0000000725c00000|  0%| F|  |TAMS 0x0000000725a00000, 0x0000000725a00000| Untracked 
| 224|0x0000000725c00000, 0x0000000725c00000, 0x0000000725e00000|  0%| F|  |TAMS 0x0000000725c00000, 0x0000000725c00000| Untracked 
| 225|0x0000000725e00000, 0x0000000725e00000, 0x0000000726000000|  0%| F|  |TAMS 0x0000000725e00000, 0x0000000725e00000| Untracked 
| 226|0x0000000726000000, 0x0000000726000000, 0x0000000726200000|  0%| F|  |TAMS 0x0000000726000000, 0x0000000726000000| Untracked 
| 227|0x0000000726200000, 0x0000000726200000, 0x0000000726400000|  0%| F|  |TAMS 0x0000000726200000, 0x0000000726200000| Untracked 
| 228|0x0000000726400000, 0x0000000726400000, 0x0000000726600000|  0%| F|  |TAMS 0x0000000726400000, 0x0000000726400000| Untracked 
| 229|0x0000000726600000, 0x0000000726600000, 0x0000000726800000|  0%| F|  |TAMS 0x0000000726600000, 0x0000000726600000| Untracked 
| 230|0x0000000726800000, 0x0000000726800000, 0x0000000726a00000|  0%| F|  |TAMS 0x0000000726800000, 0x0000000726800000| Untracked 
| 231|0x0000000726a00000, 0x0000000726a00000, 0x0000000726c00000|  0%| F|  |TAMS 0x0000000726a00000, 0x0000000726a00000| Untracked 
| 232|0x0000000726c00000, 0x0000000726c00000, 0x0000000726e00000|  0%| F|  |TAMS 0x0000000726c00000, 0x0000000726c00000| Untracked 
| 233|0x0000000726e00000, 0x0000000726e00000, 0x0000000727000000|  0%| F|  |TAMS 0x0000000726e00000, 0x0000000726e00000| Untracked 
| 234|0x0000000727000000, 0x0000000727000000, 0x0000000727200000|  0%| F|  |TAMS 0x0000000727000000, 0x0000000727000000| Untracked 
| 235|0x0000000727200000, 0x0000000727200000, 0x0000000727400000|  0%| F|  |TAMS 0x0000000727200000, 0x0000000727200000| Untracked 
| 236|0x0000000727400000, 0x0000000727400000, 0x0000000727600000|  0%| F|  |TAMS 0x0000000727400000, 0x0000000727400000| Untracked 
| 237|0x0000000727600000, 0x0000000727600000, 0x0000000727800000|  0%| F|  |TAMS 0x0000000727600000, 0x0000000727600000| Untracked 
| 238|0x0000000727800000, 0x0000000727800000, 0x0000000727a00000|  0%| F|  |TAMS 0x0000000727800000, 0x0000000727800000| Untracked 
| 239|0x0000000727a00000, 0x0000000727a00000, 0x0000000727c00000|  0%| F|  |TAMS 0x0000000727a00000, 0x0000000727a00000| Untracked 
| 240|0x0000000727c00000, 0x0000000727c00000, 0x0000000727e00000|  0%| F|  |TAMS 0x0000000727c00000, 0x0000000727c00000| Untracked 
| 241|0x0000000727e00000, 0x0000000727e00000, 0x0000000728000000|  0%| F|  |TAMS 0x0000000727e00000, 0x0000000727e00000| Untracked 
| 242|0x0000000728000000, 0x0000000728000000, 0x0000000728200000|  0%| F|  |TAMS 0x0000000728000000, 0x0000000728000000| Untracked 
| 243|0x0000000728200000, 0x0000000728200000, 0x0000000728400000|  0%| F|  |TAMS 0x0000000728200000, 0x0000000728200000| Untracked 
| 244|0x0000000728400000, 0x0000000728400000, 0x0000000728600000|  0%| F|  |TAMS 0x0000000728400000, 0x0000000728400000| Untracked 
| 245|0x0000000728600000, 0x0000000728600000, 0x0000000728800000|  0%| F|  |TAMS 0x0000000728600000, 0x0000000728600000| Untracked 
| 246|0x0000000728800000, 0x0000000728800000, 0x0000000728a00000|  0%| F|  |TAMS 0x0000000728800000, 0x0000000728800000| Untracked 
| 247|0x0000000728a00000, 0x0000000728a00000, 0x0000000728c00000|  0%| F|  |TAMS 0x0000000728a00000, 0x0000000728a00000| Untracked 
| 248|0x0000000728c00000, 0x0000000728c00000, 0x0000000728e00000|  0%| F|  |TAMS 0x0000000728c00000, 0x0000000728c00000| Untracked 
| 249|0x0000000728e00000, 0x0000000728e00000, 0x0000000729000000|  0%| F|  |TAMS 0x0000000728e00000, 0x0000000728e00000| Untracked 
| 250|0x0000000729000000, 0x0000000729000000, 0x0000000729200000|  0%| F|  |TAMS 0x0000000729000000, 0x0000000729000000| Untracked 
| 251|0x0000000729200000, 0x0000000729200000, 0x0000000729400000|  0%| F|  |TAMS 0x0000000729200000, 0x0000000729200000| Untracked 
| 252|0x0000000729400000, 0x0000000729400000, 0x0000000729600000|  0%| F|  |TAMS 0x0000000729400000, 0x0000000729400000| Untracked 
| 253|0x0000000729600000, 0x0000000729600000, 0x0000000729800000|  0%| F|  |TAMS 0x0000000729600000, 0x0000000729600000| Untracked 
| 254|0x0000000729800000, 0x0000000729800000, 0x0000000729a00000|  0%| F|  |TAMS 0x0000000729800000, 0x0000000729800000| Untracked 
| 255|0x0000000729a00000, 0x0000000729a00000, 0x0000000729c00000|  0%| F|  |TAMS 0x0000000729a00000, 0x0000000729a00000| Untracked 
| 256|0x0000000729c00000, 0x0000000729c00000, 0x0000000729e00000|  0%| F|  |TAMS 0x0000000729c00000, 0x0000000729c00000| Untracked 
| 257|0x0000000729e00000, 0x0000000729e00000, 0x000000072a000000|  0%| F|  |TAMS 0x0000000729e00000, 0x0000000729e00000| Untracked 
| 258|0x000000072a000000, 0x000000072a000000, 0x000000072a200000|  0%| F|  |TAMS 0x000000072a000000, 0x000000072a000000| Untracked 
| 259|0x000000072a200000, 0x000000072a200000, 0x000000072a400000|  0%| F|  |TAMS 0x000000072a200000, 0x000000072a200000| Untracked 
| 260|0x000000072a400000, 0x000000072a400000, 0x000000072a600000|  0%| F|  |TAMS 0x000000072a400000, 0x000000072a400000| Untracked 
| 261|0x000000072a600000, 0x000000072a600000, 0x000000072a800000|  0%| F|  |TAMS 0x000000072a600000, 0x000000072a600000| Untracked 
| 262|0x000000072a800000, 0x000000072a800000, 0x000000072aa00000|  0%| F|  |TAMS 0x000000072a800000, 0x000000072a800000| Untracked 
| 263|0x000000072aa00000, 0x000000072aa00000, 0x000000072ac00000|  0%| F|  |TAMS 0x000000072aa00000, 0x000000072aa00000| Untracked 
| 264|0x000000072ac00000, 0x000000072ac00000, 0x000000072ae00000|  0%| F|  |TAMS 0x000000072ac00000, 0x000000072ac00000| Untracked 
| 265|0x000000072ae00000, 0x000000072ae00000, 0x000000072b000000|  0%| F|  |TAMS 0x000000072ae00000, 0x000000072ae00000| Untracked 
| 266|0x000000072b000000, 0x000000072b000000, 0x000000072b200000|  0%| F|  |TAMS 0x000000072b000000, 0x000000072b000000| Untracked 
| 267|0x000000072b200000, 0x000000072b200000, 0x000000072b400000|  0%| F|  |TAMS 0x000000072b200000, 0x000000072b200000| Untracked 

Card table byte_map: [0x000002913f940000,0x0000029140100000] _byte_map_base: 0x000002913c0f2000

Marking Bits (Prev, Next): (CMBitMap*) 0x0000029132424020, (CMBitMap*) 0x0000029132424060
 Prev Bits: [0x00000291408c0000, 0x0000029144650000)
 Next Bits: [0x0000029144650000, 0x00000291483e0000)

Polling page: 0x0000029132460000

Metaspace:

Usage:
  Non-class:     72.79 MB used.
      Class:     12.58 MB used.
       Both:     85.37 MB used.

Virtual space:
  Non-class space:      128.00 MB reserved,      73.12 MB ( 57%) committed,  2 nodes.
      Class space:        1.00 GB reserved,      12.88 MB (  1%) committed,  1 nodes.
             Both:        1.12 GB reserved,      86.00 MB (  7%) committed. 

Chunk freelists:
   Non-Class:  6.50 MB
       Class:  3.09 MB
        Both:  9.59 MB

MaxMetaspaceSize: unlimited
CompressedClassSpaceSize: 1.00 GB
Initial GC threshold: 21.00 MB
Current GC threshold: 143.75 MB
CDS: on
MetaspaceReclaimPolicy: balanced
 - commit_granule_bytes: 65536.
 - commit_granule_words: 8192.
 - virtual_space_node_default_size: 8388608.
 - enlarge_chunks_in_place: 1.
 - new_chunks_are_fully_committed: 0.
 - uncommit_free_chunks: 1.
 - use_allocation_guard: 0.
 - handle_deallocations: 1.


Internal statistics:

num_allocs_failed_limit: 9.
num_arena_births: 1622.
num_arena_deaths: 782.
num_vsnodes_births: 3.
num_vsnodes_deaths: 0.
num_space_committed: 1406.
num_space_uncommitted: 30.
num_chunks_returned_to_freelist: 1444.
num_chunks_taken_from_freelist: 5616.
num_chunk_merges: 311.
num_chunk_splits: 3350.
num_chunks_enlarged: 2433.
num_inconsistent_stats: 0.

CodeCache: size=49152Kb used=29560Kb max_used=31103Kb free=19592Kb
 bounds [0x000002913b670000, 0x000002913d4d0000, 0x000002913e670000]
 total_blobs=18211 nmethods=17468 adapters=669
 compilation: enabled
              stopped_count=0, restarted_count=0
 full_count=0

Compilation events (20 events):
Event: 4266.275 Thread 0x000002914ac98960 17636       1       org.springframework.cloud.commons.security.ResourceServerTokenRelayAutoConfiguration$ResourceServerTokenRelayRegistrationAutoConfiguration$1::preHandle (2 bytes)
Event: 4266.275 Thread 0x000002914ac98960 nmethod 17636 0x000002913d4ad110 code [0x000002913d4ad2a0, 0x000002913d4ad378]
Event: 4266.275 Thread 0x000002914ac98960 17637       1       org.springframework.core.StandardReflectionParameterNameDiscoverer::<init> (5 bytes)
Event: 4266.275 Thread 0x000002914ac98960 nmethod 17637 0x000002913d4ace10 code [0x000002913d4acfa0, 0x000002913d4ad058]
Event: 4266.275 Thread 0x000002914ac98960 17638       1       org.springframework.data.jpa.repository.query.HqlQueryRenderer::visitGeneralPathFragment (6 bytes)
Event: 4266.275 Thread 0x000002914ac98960 nmethod 17638 0x000002913d4acb10 code [0x000002913d4acca0, 0x000002913d4acd88]
Event: 4266.280 Thread 0x000002914ac98960 17639       1       org.springframework.core.DefaultParameterNameDiscoverer::<init> (33 bytes)
Event: 4266.281 Thread 0x000002914ac98960 nmethod 17639 0x000002913d4ac610 code [0x000002913d4ac7c0, 0x000002913d4ac9f8]
Event: 4266.499 Thread 0x000002914ac98960 17640   !   1       java.util.concurrent.LinkedBlockingQueue::take (91 bytes)
Event: 4266.500 Thread 0x000002914ac98960 nmethod 17640 0x000002913d4ab110 code [0x000002913d4ab3e0, 0x000002913d4abd58]
Event: 4269.857 Thread 0x000002914ac98960 17641   !   1       jdk.internal.reflect.GeneratedConstructorAccessor182::newInstance (49 bytes)
Event: 4269.857 Thread 0x000002914ac98960 nmethod 17641 0x000002913d4aaa90 code [0x000002913d4aac60, 0x000002913d4aaf08]
Event: 4269.863 Thread 0x000002914ac98960 17642   !   1       jdk.internal.reflect.GeneratedMethodAccessor143::invoke (61 bytes)
Event: 4269.864 Thread 0x000002914ac98960 nmethod 17642 0x000002913d4aa290 code [0x000002913d4aa480, 0x000002913d4aa828]
Event: 4269.864 Thread 0x000002914ac98960 17643   !   1       jdk.internal.reflect.GeneratedMethodAccessor144::invoke (61 bytes)
Event: 4269.864 Thread 0x000002914ac98960 nmethod 17643 0x000002913d4a9a90 code [0x000002913d4a9c80, 0x000002913d4aa028]
Event: 4269.864 Thread 0x000002914ac98960 17644   !   1       jdk.internal.reflect.GeneratedMethodAccessor145::invoke (64 bytes)
Event: 4269.864 Thread 0x000002914ac98960 nmethod 17644 0x000002913d4a9210 code [0x000002913d4a9400, 0x000002913d4a97c8]
Event: 4274.933 Thread 0x000002914ac98960 17645       1       java.util.concurrent.ScheduledThreadPoolExecutor$DelayedWorkQueue::indexOf (79 bytes)
Event: 4274.934 Thread 0x000002914ac98960 nmethod 17645 0x000002913d4a8c10 code [0x000002913d4a8dc0, 0x000002913d4a9088]

GC Heap History (20 events):
Event: 4258.453 GC heap after
{Heap after GC invocations=232 (full 6):
 garbage-first heap   total 321536K, used 83698K [0x0000000709c00000, 0x0000000800000000)
  region size 2048K, 1 young (2048K), 1 survivors (2048K)
 Metaspace       used 87418K, committed 88064K, reserved 1179648K
  class space    used 12885K, committed 13184K, reserved 1048576K
}
Event: 4258.454 GC heap before
{Heap before GC invocations=232 (full 6):
 garbage-first heap   total 321536K, used 83698K [0x0000000709c00000, 0x0000000800000000)
  region size 2048K, 2 young (4096K), 1 survivors (2048K)
 Metaspace       used 87418K, committed 88064K, reserved 1179648K
  class space    used 12885K, committed 13184K, reserved 1048576K
}
Event: 4258.455 GC heap after
{Heap after GC invocations=233 (full 6):
 garbage-first heap   total 321536K, used 84521K [0x0000000709c00000, 0x0000000800000000)
  region size 2048K, 1 young (2048K), 1 survivors (2048K)
 Metaspace       used 87418K, committed 88064K, reserved 1179648K
  class space    used 12885K, committed 13184K, reserved 1048576K
}
Event: 4266.505 GC heap before
{Heap before GC invocations=234 (full 6):
 garbage-first heap   total 307200K, used 222086K [0x0000000709c00000, 0x0000000800000000)
  region size 2048K, 55 young (112640K), 1 survivors (2048K)
 Metaspace       used 87418K, committed 88064K, reserved 1179648K
  class space    used 12885K, committed 13184K, reserved 1048576K
}
Event: 4266.506 GC heap after
{Heap after GC invocations=235 (full 6):
 garbage-first heap   total 307200K, used 79447K [0x0000000709c00000, 0x0000000800000000)
  region size 2048K, 4 young (8192K), 4 survivors (8192K)
 Metaspace       used 87418K, committed 88064K, reserved 1179648K
  class space    used 12885K, committed 13184K, reserved 1048576K
}
Event: 4266.539 GC heap before
{Heap before GC invocations=235 (full 6):
 garbage-first heap   total 307200K, used 83543K [0x0000000709c00000, 0x0000000800000000)
  region size 2048K, 7 young (14336K), 4 survivors (8192K)
 Metaspace       used 87418K, committed 88064K, reserved 1179648K
  class space    used 12885K, committed 13184K, reserved 1048576K
}
Event: 4266.540 GC heap after
{Heap after GC invocations=236 (full 6):
 garbage-first heap   total 307200K, used 78304K [0x0000000709c00000, 0x0000000800000000)
  region size 2048K, 1 young (2048K), 1 survivors (2048K)
 Metaspace       used 87418K, committed 88064K, reserved 1179648K
  class space    used 12885K, committed 13184K, reserved 1048576K
}
Event: 4266.560 GC heap before
{Heap before GC invocations=236 (full 6):
 garbage-first heap   total 307200K, used 78304K [0x0000000709c00000, 0x0000000800000000)
  region size 2048K, 2 young (4096K), 1 survivors (2048K)
 Metaspace       used 87418K, committed 88064K, reserved 1179648K
  class space    used 12885K, committed 13184K, reserved 1048576K
}
Event: 4266.562 GC heap after
{Heap after GC invocations=237 (full 6):
 garbage-first heap   total 307200K, used 79276K [0x0000000709c00000, 0x0000000800000000)
  region size 2048K, 2 young (4096K), 2 survivors (4096K)
 Metaspace       used 87418K, committed 88064K, reserved 1179648K
  class space    used 12885K, committed 13184K, reserved 1048576K
}
Event: 4270.129 GC heap before
{Heap before GC invocations=238 (full 6):
 garbage-first heap   total 253952K, used 191529K [0x0000000709c00000, 0x0000000800000000)
  region size 2048K, 49 young (100352K), 2 survivors (4096K)
 Metaspace       used 87418K, committed 88064K, reserved 1179648K
  class space    used 12885K, committed 13184K, reserved 1048576K
}
Event: 4270.131 GC heap after
{Heap after GC invocations=239 (full 6):
 garbage-first heap   total 253952K, used 79044K [0x0000000709c00000, 0x0000000800000000)
  region size 2048K, 7 young (14336K), 7 survivors (14336K)
 Metaspace       used 87418K, committed 88064K, reserved 1179648K
  class space    used 12885K, committed 13184K, reserved 1048576K
}
Event: 4270.145 GC heap before
{Heap before GC invocations=239 (full 6):
 garbage-first heap   total 253952K, used 81092K [0x0000000709c00000, 0x0000000800000000)
  region size 2048K, 8 young (16384K), 7 survivors (14336K)
 Metaspace       used 87418K, committed 88064K, reserved 1179648K
  class space    used 12885K, committed 13184K, reserved 1048576K
}
Event: 4270.146 GC heap after
{Heap after GC invocations=240 (full 6):
 garbage-first heap   total 253952K, used 71840K [0x0000000709c00000, 0x0000000800000000)
  region size 2048K, 1 young (2048K), 1 survivors (2048K)
 Metaspace       used 87418K, committed 88064K, reserved 1179648K
  class space    used 12885K, committed 13184K, reserved 1048576K
}
Event: 4270.167 GC heap before
{Heap before GC invocations=240 (full 6):
 garbage-first heap   total 253952K, used 71840K [0x0000000709c00000, 0x0000000800000000)
  region size 2048K, 3 young (6144K), 1 survivors (2048K)
 Metaspace       used 87418K, committed 88064K, reserved 1179648K
  class space    used 12885K, committed 13184K, reserved 1048576K
}
Event: 4270.168 GC heap after
{Heap after GC invocations=241 (full 6):
 garbage-first heap   total 253952K, used 74779K [0x0000000709c00000, 0x0000000800000000)
  region size 2048K, 3 young (6144K), 3 survivors (6144K)
 Metaspace       used 87418K, committed 88064K, reserved 1179648K
  class space    used 12885K, committed 13184K, reserved 1048576K
}
Event: 4275.117 GC heap before
{Heap before GC invocations=242 (full 6):
 garbage-first heap   total 253952K, used 158747K [0x0000000709c00000, 0x0000000800000000)
  region size 2048K, 36 young (73728K), 3 survivors (6144K)
 Metaspace       used 87418K, committed 88064K, reserved 1179648K
  class space    used 12885K, committed 13184K, reserved 1048576K
}
Event: 4275.120 GC heap after
{Heap after GC invocations=243 (full 6):
 garbage-first heap   total 253952K, used 93380K [0x0000000709c00000, 0x0000000800000000)
  region size 2048K, 5 young (10240K), 5 survivors (10240K)
 Metaspace       used 87418K, committed 88064K, reserved 1179648K
  class space    used 12885K, committed 13184K, reserved 1048576K
}
Event: 4275.122 GC heap before
{Heap before GC invocations=243 (full 6):
 garbage-first heap   total 253952K, used 95428K [0x0000000709c00000, 0x0000000800000000)
  region size 2048K, 6 young (12288K), 5 survivors (10240K)
 Metaspace       used 87418K, committed 88064K, reserved 1179648K
  class space    used 12885K, committed 13184K, reserved 1048576K
}
Event: 4275.123 GC heap after
{Heap after GC invocations=244 (full 6):
 garbage-first heap   total 253952K, used 86143K [0x0000000709c00000, 0x0000000800000000)
  region size 2048K, 1 young (2048K), 1 survivors (2048K)
 Metaspace       used 87418K, committed 88064K, reserved 1179648K
  class space    used 12885K, committed 13184K, reserved 1048576K
}
Event: 4275.123 GC heap before
{Heap before GC invocations=244 (full 6):
 garbage-first heap   total 253952K, used 86143K [0x0000000709c00000, 0x0000000800000000)
  region size 2048K, 3 young (6144K), 1 survivors (2048K)
 Metaspace       used 87418K, committed 88064K, reserved 1179648K
  class space    used 12885K, committed 13184K, reserved 1048576K
}

Dll operation events (13 events):
Event: 0.006 Loaded shared library C:\JDK_Version\JDK17\bin\java.dll
Event: 0.013 Loaded shared library C:\JDK_Version\JDK17\bin\jsvml.dll
Event: 0.124 Loaded shared library C:\JDK_Version\JDK17\bin\zip.dll
Event: 0.126 Loaded shared library C:\JDK_Version\JDK17\bin\instrument.dll
Event: 0.129 Loaded shared library C:\JDK_Version\JDK17\bin\net.dll
Event: 0.130 Loaded shared library C:\JDK_Version\JDK17\bin\nio.dll
Event: 0.132 Loaded shared library C:\JDK_Version\JDK17\bin\zip.dll
Event: 0.208 Loaded shared library D:\IntelliJ_Ultimate\IntelliJ IDEA 2023.3.4\bin\breakgen64.dll
Event: 0.211 Loaded shared library C:\JDK_Version\JDK17\bin\jimage.dll
Event: 0.222 Loaded shared library C:\JDK_Version\JDK17\bin\management.dll
Event: 0.228 Loaded shared library C:\JDK_Version\JDK17\bin\management_ext.dll
Event: 0.364 Loaded shared library C:\JDK_Version\JDK17\bin\verify.dll
Event: 1.269 Loaded shared library C:\JDK_Version\JDK17\bin\sunmscapi.dll

Deoptimization events (20 events):
Event: 2.494 Thread 0x000002915066a060 DEOPT PACKING pc=0x000002913bfe0b25 sp=0x000000dc31ffc1c0
Event: 2.494 Thread 0x000002915066a060 DEOPT UNPACKING pc=0x000002913b6c7143 sp=0x000000dc31ffb728 mode 3
Event: 2.506 Thread 0x0000029151b6c570 DEOPT PACKING pc=0x000002913bb1c01f sp=0x000000dc320ff2b0
Event: 2.506 Thread 0x0000029151b6c570 DEOPT UNPACKING pc=0x000002913b6c7143 sp=0x000000dc320fe708 mode 3
Event: 4.237 Thread 0x000002915066a060 DEOPT PACKING pc=0x000002913bc461d2 sp=0x000000dc31ffb930
Event: 4.237 Thread 0x000002915066a060 DEOPT UNPACKING pc=0x000002913b6c7143 sp=0x000000dc31ffae38 mode 3
Event: 4.304 Thread 0x000002915066a060 DEOPT PACKING pc=0x000002913c3f9664 sp=0x000000dc31ffbdb0
Event: 4.304 Thread 0x000002915066a060 DEOPT UNPACKING pc=0x000002913b6c7143 sp=0x000000dc31ffb308 mode 0
Event: 4.807 Thread 0x000002915066a060 DEOPT PACKING pc=0x000002913c538ef9 sp=0x000000dc31ffac50
Event: 4.807 Thread 0x000002915066a060 DEOPT UNPACKING pc=0x000002913b6c7143 sp=0x000000dc31ffa130 mode 3
Event: 5.913 Thread 0x000002915066a060 DEOPT PACKING pc=0x000002913c5be52c sp=0x000000dc31ffcf10
Event: 5.913 Thread 0x000002915066a060 DEOPT UNPACKING pc=0x000002913b6c7143 sp=0x000000dc31ffc3b8 mode 0
Event: 598.092 Thread 0x0000029150379060 DEOPT PACKING pc=0x000002913cdebf4b sp=0x000000dc333fe450
Event: 598.092 Thread 0x0000029150379060 DEOPT UNPACKING pc=0x000002913b6c7143 sp=0x000000dc333fd978 mode 3
Event: 767.264 Thread 0x0000029150373020 DEOPT PACKING pc=0x000002913ccf67e4 sp=0x000000dc300fa010
Event: 767.264 Thread 0x0000029150373020 DEOPT UNPACKING pc=0x000002913b6c7143 sp=0x000000dc300f94a8 mode 3
Event: 773.398 Thread 0x0000029150377380 DEOPT PACKING pc=0x000002913d06298f sp=0x000000dc330fdfe0
Event: 773.398 Thread 0x0000029150377380 DEOPT UNPACKING pc=0x000002913b6c7143 sp=0x000000dc330fd558 mode 3
Event: 2623.507 Thread 0x00000291503739c0 DEOPT PACKING pc=0x000002913bfe167b sp=0x000000dc337fb3d0
Event: 2623.507 Thread 0x00000291503739c0 DEOPT UNPACKING pc=0x000002913b6c7143 sp=0x000000dc337fa8e0 mode 3

Classes unloaded (20 events):
Event: 2771.342 Thread 0x000002914ac77e50 Unloading class 0x0000000801cd8000 'java/lang/invoke/LambdaForm$MH+0x0000000801cd8000'
Event: 2771.342 Thread 0x000002914ac77e50 Unloading class 0x0000000801ca0c00 'java/lang/invoke/LambdaForm$MH+0x0000000801ca0c00'
Event: 3329.352 Thread 0x000002914ac77e50 Unloading class 0x0000000801190800 'jdk/internal/reflect/GeneratedMethodAccessor139'
Event: 3329.352 Thread 0x000002914ac77e50 Unloading class 0x00000008017d4000 'jdk/internal/reflect/GeneratedMethodAccessor138'
Event: 3329.352 Thread 0x000002914ac77e50 Unloading class 0x00000008012b1400 'jdk/internal/reflect/GeneratedConstructorAccessor180'
Event: 3329.352 Thread 0x000002914ac77e50 Unloading class 0x0000000801cedc00 'jdk/internal/reflect/GeneratedMethodAccessor135'
Event: 3870.480 Thread 0x000002914ac77e50 Unloading class 0x0000000801cedc00 'jdk/internal/reflect/GeneratedMethodAccessor142'
Event: 3870.480 Thread 0x000002914ac77e50 Unloading class 0x00000008012b1400 'jdk/internal/reflect/GeneratedMethodAccessor141'
Event: 3870.480 Thread 0x000002914ac77e50 Unloading class 0x00000008017d4000 'jdk/internal/reflect/GeneratedConstructorAccessor181'
Event: 3870.480 Thread 0x000002914ac77e50 Unloading class 0x0000000801190800 'jdk/internal/reflect/GeneratedMethodAccessor140'
Event: 4233.382 Thread 0x000002914ac77e50 Unloading class 0x0000000801b4c800 'java/lang/invoke/LambdaForm$MH+0x0000000801b4c800'
Event: 4233.382 Thread 0x000002914ac77e50 Unloading class 0x0000000801bc4800 'java/lang/invoke/LambdaForm$MH+0x0000000801bc4800'
Event: 4233.382 Thread 0x000002914ac77e50 Unloading class 0x0000000801cbbc00 'java/lang/invoke/LambdaForm$MH+0x0000000801cbbc00'
Event: 4233.382 Thread 0x000002914ac77e50 Unloading class 0x0000000801cba400 'java/lang/invoke/LambdaForm$MH+0x0000000801cba400'
Event: 4233.382 Thread 0x000002914ac77e50 Unloading class 0x0000000801c98400 'java/lang/invoke/LambdaForm$MH+0x0000000801c98400'
Event: 4233.382 Thread 0x000002914ac77e50 Unloading class 0x00000008010d4400 'java/lang/invoke/LambdaForm$MH+0x00000008010d4400'
Event: 4233.382 Thread 0x000002914ac77e50 Unloading class 0x0000000801190800 'java/lang/invoke/LambdaForm$MH+0x0000000801190800'
Event: 4233.382 Thread 0x000002914ac77e50 Unloading class 0x00000008017d4000 'java/lang/invoke/LambdaForm$MH+0x00000008017d4000'
Event: 4233.382 Thread 0x000002914ac77e50 Unloading class 0x00000008012b1400 'java/lang/invoke/LambdaForm$MH+0x00000008012b1400'
Event: 4233.382 Thread 0x000002914ac77e50 Unloading class 0x0000000801cedc00 'java/lang/invoke/LambdaForm$MH+0x0000000801cedc00'

Classes redefined (0 events):
No events

Internal exceptions (20 events):
Event: 772.550 Thread 0x0000029151b69ef0 Exception <a 'java/io/FileNotFoundException'{0x000000070ec1fa40}> (0x000000070ec1fa40) 
thrown [s\src\hotspot\share\prims\jni.cpp, line 516]
Event: 772.566 Thread 0x0000029151b69ef0 Exception <a 'java/io/FileNotFoundException'{0x000000070e819280}> (0x000000070e819280) 
thrown [s\src\hotspot\share\prims\jni.cpp, line 516]
Event: 772.566 Thread 0x0000029151b69ef0 Exception <a 'java/io/FileNotFoundException'{0x000000070e81b980}> (0x000000070e81b980) 
thrown [s\src\hotspot\share\prims\jni.cpp, line 516]
Event: 772.580 Thread 0x0000029151b69ef0 Exception <a 'java/io/FileNotFoundException'{0x000000070e6582e8}> (0x000000070e6582e8) 
thrown [s\src\hotspot\share\prims\jni.cpp, line 516]
Event: 772.606 Thread 0x0000029151b69ef0 Exception <a 'sun/nio/fs/WindowsException'{0x00000007166d3c80}> (0x00000007166d3c80) 
thrown [s\src\hotspot\share\prims\jni.cpp, line 516]
Event: 772.876 Thread 0x0000029151b69ef0 Exception <a 'java/lang/reflect/InvocationTargetException'{0x00000007100d5e38}> (0x00000007100d5e38) 
thrown [s\src\hotspot\share\runtime\reflection.cpp, line 1121]
Event: 772.890 Thread 0x0000029151b69ef0 Exception <a 'java/lang/reflect/InvocationTargetException'{0x000000070ffb4c30}> (0x000000070ffb4c30) 
thrown [s\src\hotspot\share\runtime\reflection.cpp, line 1121]
Event: 772.921 Thread 0x0000029151b69ef0 Exception <a 'java/lang/reflect/InvocationTargetException'{0x000000070f62d450}> (0x000000070f62d450) 
thrown [s\src\hotspot\share\runtime\reflection.cpp, line 1121]
Event: 772.922 Thread 0x0000029151b69ef0 Exception <a 'java/lang/reflect/InvocationTargetException'{0x000000070f63b788}> (0x000000070f63b788) 
thrown [s\src\hotspot\share\runtime\reflection.cpp, line 1121]
Event: 772.934 Thread 0x0000029151b69ef0 Exception <a 'java/lang/reflect/InvocationTargetException'{0x000000070f4ec8f0}> (0x000000070f4ec8f0) 
thrown [s\src\hotspot\share\runtime\reflection.cpp, line 1121]
Event: 773.037 Thread 0x0000029151b69ef0 Exception <a 'sun/nio/fs/WindowsException'{0x00000007165dc738}> (0x00000007165dc738) 
thrown [s\src\hotspot\share\prims\jni.cpp, line 516]
Event: 773.161 Thread 0x0000029151b69ef0 Exception <a 'java/net/BindException'{0x000000070ee68ff0}: Address already in use: bind> (0x000000070ee68ff0) 
thrown [s\src\hotspot\share\prims\jni.cpp, line 535]
Event: 773.161 Thread 0x0000029151b69ef0 Exception <a 'java/net/SocketException'{0x000000070ee695d0}: Socket is not connected: shutdown> (0x000000070ee695d0) 
thrown [s\src\hotspot\share\prims\jni.cpp, line 535]
Event: 2499.310 Thread 0x0000029150373e90 Exception <a 'java/lang/NoSuchMethodError'{0x0000000716206ea8}: 'java.lang.Object java.lang.invoke.DirectMethodHandle$Holder.invokeSpecial(java.lang.Object, java.lang.Object, java.lang.Object, java.lang.Object, java.lang.Object, long)'> (0x0000000716206ea8) 
thrown [s\src\hotspot\share\interpreter\linkResolver.cpp, line 759]
Event: 2499.310 Thread 0x0000029150373e90 Exception <a 'java/lang/NoSuchMethodError'{0x000000071620a8e8}: 'java.lang.Object java.lang.invoke.Invokers$Holder.linkToTargetMethod(java.lang.Object, java.lang.Object, java.lang.Object, long, java.lang.Object)'> (0x000000071620a8e8) 
thrown [s\src\hotspot\share\interpreter\linkResolver.cpp, line 759]
Event: 2499.700 Thread 0x0000029150373e90 Exception <a 'java/lang/IncompatibleClassChangeError'{0x0000000716527e10}: Found class java.lang.Object, but interface was expected> (0x0000000716527e10) 
thrown [s\src\hotspot\share\interpreter\linkResolver.cpp, line 826]
Event: 4073.146 Thread 0x0000029150371ce0 Exception <a 'java/io/IOException'{0x00000007181e7da8}> (0x00000007181e7da8) 
thrown [s\src\hotspot\share\prims\jni.cpp, line 516]
Event: 4073.150 Thread 0x0000029150371ce0 Exception <a 'java/io/IOException'{0x00000007177fb858}> (0x00000007177fb858) 
thrown [s\src\hotspot\share\prims\jni.cpp, line 516]
Event: 4133.745 Thread 0x00000291503781f0 Exception <a 'java/io/IOException'{0x0000000717481318}> (0x0000000717481318) 
thrown [s\src\hotspot\share\prims\jni.cpp, line 516]
Event: 4133.746 Thread 0x00000291503781f0 Exception <a 'java/io/IOException'{0x0000000717487390}> (0x0000000717487390) 
thrown [s\src\hotspot\share\prims\jni.cpp, line 516]

VM Operations (20 events):
Event: 4266.562 Executing VM operation: G1TryInitiateConcMark done
Event: 4266.585 Executing VM operation: G1Concurrent
Event: 4266.590 Executing VM operation: G1Concurrent done
Event: 4266.599 Executing VM operation: G1Concurrent
Event: 4266.599 Executing VM operation: G1Concurrent done
Event: 4270.129 Executing VM operation: G1CollectForAllocation
Event: 4270.131 Executing VM operation: G1CollectForAllocation done
Event: 4270.145 Executing VM operation: G1CollectForAllocation
Event: 4270.146 Executing VM operation: G1CollectForAllocation done
Event: 4270.167 Executing VM operation: G1TryInitiateConcMark
Event: 4270.168 Executing VM operation: G1TryInitiateConcMark done
Event: 4270.190 Executing VM operation: G1Concurrent
Event: 4270.194 Executing VM operation: G1Concurrent done
Event: 4270.203 Executing VM operation: G1Concurrent
Event: 4270.203 Executing VM operation: G1Concurrent done
Event: 4275.117 Executing VM operation: G1CollectForAllocation
Event: 4275.120 Executing VM operation: G1CollectForAllocation done
Event: 4275.121 Executing VM operation: G1CollectForAllocation
Event: 4275.123 Executing VM operation: G1CollectForAllocation done
Event: 4275.123 Executing VM operation: G1TryInitiateConcMark

Events (20 events):
Event: 3878.506 Thread 0x000002914b8b7990 Thread exited: 0x000002914b8b7990
Event: 3883.508 Thread 0x000002915329c8c0 Thread exited: 0x000002915329c8c0
Event: 3906.287 Thread 0x000002915329c8c0 Thread added: 0x000002915329c8c0
Event: 3906.287 Thread 0x000002914b8b7990 Thread added: 0x000002914b8b7990
Event: 3908.277 Thread 0x000002914b8b7990 Thread exited: 0x000002914b8b7990
Event: 3913.506 Thread 0x000002915329c8c0 Thread exited: 0x000002915329c8c0
Event: 3926.054 Thread 0x000002915329c8c0 Thread added: 0x000002915329c8c0
Event: 3931.392 Thread 0x000002915329c8c0 Thread exited: 0x000002915329c8c0
Event: 4233.284 Thread 0x000002914b1fa8d0 Thread added: 0x000002914b1fa8d0
Event: 4233.474 Thread 0x0000029150ea75b0 Thread added: 0x0000029150ea75b0
Event: 4233.474 Thread 0x00000291504ba4c0 Thread added: 0x00000291504ba4c0
Event: 4238.731 Thread 0x00000291504ba4c0 Thread exited: 0x00000291504ba4c0
Event: 4239.274 Thread 0x0000029150ea75b0 Thread exited: 0x0000029150ea75b0
Event: 4239.275 Thread 0x0000029150ea75b0 Thread added: 0x0000029150ea75b0
Event: 4239.275 Thread 0x00000291504ba4c0 Thread added: 0x00000291504ba4c0
Event: 4241.285 Thread 0x00000291504ba4c0 Thread exited: 0x00000291504ba4c0
Event: 4241.285 Thread 0x0000029150ea75b0 Thread exited: 0x0000029150ea75b0
Event: 4241.285 Thread 0x000002914b1fa8d0 Thread exited: 0x000002914b1fa8d0
Event: 4241.286 Thread 0x000002914b1fa8d0 Thread added: 0x000002914b1fa8d0
Event: 4247.499 Thread 0x000002914b1fa8d0 Thread exited: 0x000002914b1fa8d0


Dynamic libraries:
0x00007ff76be90000 - 0x00007ff76be9e000 	C:\JDK_Version\JDK17\bin\java.exe
0x00007ff8872d0000 - 0x00007ff8874e7000 	C:\WINDOWS\SYSTEM32\ntdll.dll
0x00007ff886140000 - 0x00007ff886204000 	C:\WINDOWS\System32\KERNEL32.DLL
0x00007ff884a00000 - 0x00007ff884db7000 	C:\WINDOWS\System32\KERNELBASE.dll
0x00007ff8845e0000 - 0x00007ff8846f1000 	C:\WINDOWS\System32\ucrtbase.dll
0x00007ff87fec0000 - 0x00007ff87fed7000 	C:\JDK_Version\JDK17\bin\jli.dll
0x00007ff87fde0000 - 0x00007ff87fdf9000 	C:\JDK_Version\JDK17\bin\VCRUNTIME140.dll
0x00007ff885240000 - 0x00007ff8853ef000 	C:\WINDOWS\System32\USER32.dll
0x00007ff862d70000 - 0x00007ff863003000 	C:\WINDOWS\WinSxS\amd64_microsoft.windows.common-controls_6595b64144ccf1df_6.0.22621.3672_none_2713b9d173822955\COMCTL32.dll
0x00007ff8848e0000 - 0x00007ff884906000 	C:\WINDOWS\System32\win32u.dll
0x00007ff8871e0000 - 0x00007ff887287000 	C:\WINDOWS\System32\msvcrt.dll
0x00007ff886d30000 - 0x00007ff886d59000 	C:\WINDOWS\System32\GDI32.dll
0x00007ff8847c0000 - 0x00007ff8848d8000 	C:\WINDOWS\System32\gdi32full.dll
0x00007ff884f60000 - 0x00007ff884ffa000 	C:\WINDOWS\System32\msvcp_win.dll
0x00007ff886d60000 - 0x00007ff886d91000 	C:\WINDOWS\System32\IMM32.DLL
0x00007ff87fe90000 - 0x00007ff87fe9c000 	C:\JDK_Version\JDK17\bin\vcruntime140_1.dll
0x00007ff85e130000 - 0x00007ff85e1c1000 	C:\JDK_Version\JDK17\bin\msvcp140.dll
0x00007ff843380000 - 0x00007ff843fc8000 	C:\JDK_Version\JDK17\bin\server\jvm.dll
0x00007ff8867f0000 - 0x00007ff8868a2000 	C:\WINDOWS\System32\ADVAPI32.dll
0x00007ff885e70000 - 0x00007ff885f18000 	C:\WINDOWS\System32\sechost.dll
0x00007ff884f30000 - 0x00007ff884f58000 	C:\WINDOWS\System32\bcrypt.dll
0x00007ff886e60000 - 0x00007ff886f74000 	C:\WINDOWS\System32\RPCRT4.dll
0x00007ff87fe20000 - 0x00007ff87fe54000 	C:\WINDOWS\SYSTEM32\WINMM.dll
0x00007ff87d010000 - 0x00007ff87d01a000 	C:\WINDOWS\SYSTEM32\VERSION.dll
0x00007ff881770000 - 0x00007ff881779000 	C:\WINDOWS\SYSTEM32\WSOCK32.dll
0x00007ff8865a0000 - 0x00007ff886611000 	C:\WINDOWS\System32\WS2_32.dll
0x00007ff883600000 - 0x00007ff883618000 	C:\WINDOWS\SYSTEM32\kernel.appcore.dll
0x00007ff87fd80000 - 0x00007ff87fd8a000 	C:\JDK_Version\JDK17\bin\jimage.dll
0x00007ff87b620000 - 0x00007ff87b852000 	C:\WINDOWS\SYSTEM32\DBGHELP.DLL
0x00007ff886210000 - 0x00007ff88659e000 	C:\WINDOWS\System32\combase.dll
0x00007ff885160000 - 0x00007ff885237000 	C:\WINDOWS\System32\OLEAUT32.dll
0x00007ff87b970000 - 0x00007ff87b9a2000 	C:\WINDOWS\SYSTEM32\dbgcore.DLL
0x00007ff884980000 - 0x00007ff8849fb000 	C:\WINDOWS\System32\bcryptPrimitives.dll
0x00007ff87f0a0000 - 0x00007ff87f0ae000 	C:\JDK_Version\JDK17\bin\instrument.dll
0x00007ff87f9c0000 - 0x00007ff87f9e5000 	C:\JDK_Version\JDK17\bin\java.dll
0x00007ff858950000 - 0x00007ff858a26000 	C:\JDK_Version\JDK17\bin\jsvml.dll
0x00007ff885600000 - 0x00007ff885e69000 	C:\WINDOWS\System32\SHELL32.dll
0x00007ff882500000 - 0x00007ff882dff000 	C:\WINDOWS\SYSTEM32\windows.storage.dll
0x00007ff8823c0000 - 0x00007ff8824ff000 	C:\WINDOWS\SYSTEM32\wintypes.dll
0x00007ff885410000 - 0x00007ff885509000 	C:\WINDOWS\System32\SHCORE.dll
0x00007ff885510000 - 0x00007ff88556e000 	C:\WINDOWS\System32\shlwapi.dll
0x00007ff884510000 - 0x00007ff884537000 	C:\WINDOWS\SYSTEM32\profapi.dll
0x00007ff877e00000 - 0x00007ff877e18000 	C:\JDK_Version\JDK17\bin\zip.dll
0x00007ff87f0b0000 - 0x00007ff87f0c9000 	C:\JDK_Version\JDK17\bin\net.dll
0x00007ff8811d0000 - 0x00007ff881306000 	C:\WINDOWS\SYSTEM32\WINHTTP.dll
0x00007ff883a80000 - 0x00007ff883ae9000 	C:\WINDOWS\system32\mswsock.dll
0x00007ff87ecf0000 - 0x00007ff87ed05000 	C:\JDK_Version\JDK17\bin\nio.dll
0x00007ff876180000 - 0x00007ff87619a000 	D:\IntelliJ_Ultimate\IntelliJ IDEA 2023.3.4\bin\breakgen64.dll
0x00007ff883080000 - 0x00007ff883182000 	C:\WINDOWS\SYSTEM32\DNSAPI.dll
0x00007ff883050000 - 0x00007ff88307d000 	C:\WINDOWS\SYSTEM32\IPHLPAPI.DLL
0x00007ff886620000 - 0x00007ff886629000 	C:\WINDOWS\System32\NSI.dll
0x0000000054c10000 - 0x0000000054c36000 	C:\Program Files\Bonjour\mdnsNSP.dll
0x00007ff8800c0000 - 0x00007ff8800ca000 	C:\Windows\System32\rasadhlp.dll
0x00007ff880200000 - 0x00007ff880283000 	C:\WINDOWS\System32\fwpuclnt.dll
0x00007ff87d040000 - 0x00007ff87d049000 	C:\JDK_Version\JDK17\bin\management.dll
0x00007ff87d030000 - 0x00007ff87d03b000 	C:\JDK_Version\JDK17\bin\management_ext.dll
0x00007ff885f80000 - 0x00007ff885f88000 	C:\WINDOWS\System32\PSAPI.DLL
0x00007ff883cd0000 - 0x00007ff883ceb000 	C:\WINDOWS\SYSTEM32\CRYPTSP.dll
0x00007ff883560000 - 0x00007ff883595000 	C:\WINDOWS\system32\rsaenh.dll
0x00007ff883b70000 - 0x00007ff883b98000 	C:\WINDOWS\SYSTEM32\USERENV.dll
0x00007ff883cf0000 - 0x00007ff883cfc000 	C:\WINDOWS\SYSTEM32\CRYPTBASE.dll
0x00007ff8810f0000 - 0x00007ff881109000 	C:\WINDOWS\SYSTEM32\dhcpcsvc6.DLL
0x00007ff8810d0000 - 0x00007ff8810ef000 	C:\WINDOWS\SYSTEM32\dhcpcsvc.DLL
0x00007ff856060000 - 0x00007ff856077000 	C:\WINDOWS\system32\napinsp.dll
0x00007ff856040000 - 0x00007ff85605b000 	C:\WINDOWS\system32\pnrpnsp.dll
0x00007ff856020000 - 0x00007ff856031000 	C:\WINDOWS\System32\winrnr.dll
0x00007ff86f3c0000 - 0x00007ff86f3d5000 	C:\WINDOWS\system32\wshbth.dll
0x00007ff855fc0000 - 0x00007ff855fe7000 	C:\WINDOWS\system32\nlansp_c.dll
0x00007ff87fa40000 - 0x00007ff87fa50000 	C:\JDK_Version\JDK17\bin\verify.dll
0x00007ff87d020000 - 0x00007ff87d02e000 	C:\JDK_Version\JDK17\bin\sunmscapi.dll
0x00007ff884dc0000 - 0x00007ff884f26000 	C:\WINDOWS\System32\CRYPT32.dll
0x00007ff883f20000 - 0x00007ff883f4e000 	C:\WINDOWS\SYSTEM32\ncrypt.dll
0x00007ff883ee0000 - 0x00007ff883f17000 	C:\WINDOWS\SYSTEM32\NTASN1.dll
0x00007ff880000000 - 0x00007ff880008000 	C:\WINDOWS\system32\wshunix.dll

dbghelp: loaded successfully - version: 4.0.5 - missing functions: none
symbol engine: initialized successfully - sym options: 0x614 - pdb path: .;C:\JDK_Version\JDK17\bin;C:\WINDOWS\SYSTEM32;C:\WINDOWS\WinSxS\amd64_microsoft.windows.common-controls_6595b64144ccf1df_6.0.22621.3672_none_2713b9d173822955;C:\JDK_Version\JDK17\bin\server;D:\IntelliJ_Ultimate\IntelliJ IDEA 2023.3.4\bin;C:\Program Files\Bonjour

VM Arguments:
jvm_args: -XX:TieredStopAtLevel=1 -Dspring.output.ansi.enabled=always -Dcom.sun.management.jmxremote -Dspring.jmx.enabled=true -Dspring.liveBeansView.mbeanDomain -Dspring.application.admin.enabled=true -Dmanagement.endpoints.jmx.exposure.include=* -javaagent:D:\IntelliJ_Ultimate\IntelliJ IDEA 2023.3.4\lib\idea_rt.jar=58670:D:\IntelliJ_Ultimate\IntelliJ IDEA 2023.3.4\bin -Dfile.encoding=UTF-8 
java_command: swp391.ticketservice.TicketServiceApplication
java_class_path (initial): D:\Fullsnack\SpringReact\SWP391\Ticket-ReSell-Platform\backend\cloud-config-micro-parent\ticket-service\target\classes;C:\Users\ADMIN\.m2\repository\org\springframework\cloud\spring-cloud-config-server\4.1.3\spring-cloud-config-server-4.1.3.jar;C:\Users\ADMIN\.m2\repository\org\springframework\cloud\spring-cloud-config-client\4.1.3\spring-cloud-config-client-4.1.3.jar;C:\Users\ADMIN\.m2\repository\org\springframework\cloud\spring-cloud-commons\4.1.4\spring-cloud-commons-4.1.4.jar;C:\Users\ADMIN\.m2\repository\org\springframework\cloud\spring-cloud-context\4.1.4\spring-cloud-context-4.1.4.jar;C:\Users\ADMIN\.m2\repository\com\fasterxml\jackson\core\jackson-annotations\2.17.2\jackson-annotations-2.17.2.jar;C:\Users\ADMIN\.m2\repository\io\micrometer\micrometer-observation\1.13.3\micrometer-observation-1.13.3.jar;C:\Users\ADMIN\.m2\repository\io\micrometer\micrometer-commons\1.13.3\micrometer-commons-1.13.3.jar;C:\Users\ADMIN\.m2\repository\org\springframework\security\spring-security-crypto\6.3.3\spring-security-crypto-6.3.3.jar;C:\Users\ADMIN\.m2\repository\org\springframework\security\spring-security-rsa\1.1.3\spring-security-rsa-1.1.3.jar;C:\Users\ADMIN\.m2\repository\org\bouncycastle\bcprov-jdk18on\1.78\bcprov-jdk18on-1.78.jar;C:\Users\ADMIN\.m2\repository\org\apache\httpcomponents\client5\httpclient5\5.3.1\httpclient5-5.3.1.jar;C:\Users\ADMIN\.m2\repository\org\apache\httpcomponents\core5\httpcore5\5.2.5\httpcore5-5.2.5.jar;C:\Users\ADMIN\.m2\repository\org\apache\httpcomponents\core5\httpcore5-h2\5.2.5\httpcore5-h2-5.2.5.jar;C:\Users\ADMIN\.m2\repository\org\slf4j\slf4j-api\2.0.16\slf4j-api-2.0.16.jar;C:\Users\ADMIN\.m2\repository\org\eclipse\jgit\org.eclipse.jgit\6.6.1.202309021850-r\org.eclipse.jgit-6.6.1.202309021850-r.jar;C:\Users\ADMIN\.m2\repository\com\googlecode\javaewah\JavaEWAH\1.2.3\JavaEWAH-1.2.3.jar;C:\Users\ADMIN\.m2\repository\org\eclipse\jgit\org.eclipse.jgit.http.apache\6.6.1.202309021850-r\org.eclipse.jgit.http.apac
Launcher Type: SUN_STANDARD

[Global flags]
     intx CICompilerCount                          = 4                                         {product} {ergonomic}
     uint ConcGCThreads                            = 3                                         {product} {ergonomic}
     uint G1ConcRefinementThreads                  = 10                                        {product} {ergonomic}
   size_t G1HeapRegionSize                         = 2097152                                   {product} {ergonomic}
    uintx GCDrainStackTargetSize                   = 64                                        {product} {ergonomic}
   size_t InitialHeapSize                          = 260046848                                 {product} {ergonomic}
     bool ManagementServer                         = true                                      {product} {command line}
   size_t MarkStackSize                            = 4194304                                   {product} {ergonomic}
   size_t MaxHeapSize                              = 4131389440                                {product} {ergonomic}
   size_t MaxNewSize                               = 2478833664                                {product} {ergonomic}
   size_t MinHeapDeltaBytes                        = 2097152                                   {product} {ergonomic}
   size_t MinHeapSize                              = 8388608                                   {product} {ergonomic}
    uintx NonProfiledCodeHeapSize                  = 0                                      {pd product} {ergonomic}
     bool ProfileInterpreter                       = false                                  {pd product} {command line}
    uintx ProfiledCodeHeapSize                     = 0                                      {pd product} {ergonomic}
   size_t SoftMaxHeapSize                          = 4131389440                             {manageable} {ergonomic}
     intx TieredStopAtLevel                        = 1                                         {product} {command line}
     bool UseCompressedClassPointers               = true                           {product lp64_product} {ergonomic}
     bool UseCompressedOops                        = true                           {product lp64_product} {ergonomic}
     bool UseG1GC                                  = true                                      {product} {ergonomic}
     bool UseLargePagesIndividualAllocation        = false                                  {pd product} {ergonomic}

Logging:
Log output configuration:
 #0: stdout all=warning uptime,level,tags
 #1: stderr all=off uptime,level,tags

Environment Variables:
JAVA_HOME=C:\JDK_Version\JDK17
PATH=C:\Program Files (x86)\Common Files\Oracle\Java\javapath;C:\JDK_Version\JDK17\bin;C:\WINDOWS\system32;C:\WINDOWS;C:\WINDOWS\System32\Wbem;C:\WINDOWS\System32\WindowsPowerShell\v1.0\;C:\WINDOWS\System32\OpenSSH\;C:\MinGW\bin;C:\msys64\mingw64\bin;C:\Program Files\Git\cmd;C:\Program Files (x86)\Microsoft SQL Server\160\Tools\Binn\;C:\Program Files\Microsoft SQL Server\160\Tools\Binn\;C:\Program Files\Microsoft SQL Server\Client SDK\ODBC\170\Tools\Binn\;C:\Program Files\Microsoft SQL Server\160\DTS\Binn\;C:\Program Files (x86)\Microsoft SQL Server\160\DTS\Binn\;C:\Program Files\Azure Data Studio\bin;C:\Program Files\dotnet\;D:\NodeJS\;C:\ProgramData\chocolatey\bin;C:\Program Files\Microsoft SQL Server\150\Tools\Binn\;D:\Windows Kits\10\Windows Performance Toolkit\;D:\MongoDB\mongosh-2.3.1-win32-x64\bin;D:\MongoDB\bin;D:\Pycharm\lib\ffmpeg-master-latest-win64-gpl\bin;C:\Users\ADMIN\AppData\Local\Android\Sdk\platform-tools;C:\Users\ADMIN\AppData\Local\Programs\Python\Python312\Scripts\;C:\Users\ADMIN\AppData\Local\Programs\Python\Python312\;C:\Program Files\MySQL\MySQL Shell 8.0\bin\;C:\Users\ADMIN\AppData\Local\Microsoft\WindowsApps;C:\msys64\mingw64\bin;D:\Microsoft VS Code\bin;C:\Program Files\Azure Data Studio\bin;C:\Users\ADMIN\AppData\Roaming\npm;D:\IntelliJ\IntelliJ IDEA Community Edition 2023.3.4\bin;;D:\IntelliJ_Ultimate\IntelliJ IDEA 2023.3.4\bin;;C:\Users\ADMIN\.dotnet\tools;D:\Pycharm\PyCharm 2024.2.0.1\bin;;D:\Pycharm\PyCharm Community Edition 2024.2.0.1\bin;;D:\MongoDB\bin;
USERNAME=ADMIN
OS=Windows_NT
PROCESSOR_IDENTIFIER=AMD64 Family 25 Model 80 Stepping 0, AuthenticAMD
TMP=C:\Users\ADMIN\AppData\Local\Temp
TEMP=C:\Users\ADMIN\AppData\Local\Temp



---------------  S Y S T E M  ---------------

OS:
 Windows 11 , 64 bit Build 22621 (10.0.22621.3958)
OS uptime: 0 days 5:42 hours
Hyper-V role detected

CPU: total 12 (initial active 12) (12 cores per cpu, 2 threads per core) family 25 model 80 stepping 0 microcode 0x0, cx8, cmov, fxsr, ht, mmx, 3dnowpref, sse, sse2, sse3, ssse3, sse4a, sse4.1, sse4.2, popcnt, lzcnt, tsc, tscinvbit, avx, avx2, aes, erms, clmul, bmi1, bmi2, adx, sha, fma, vzeroupper, clflush, clflushopt, hv

Memory: 4k page, system-wide physical 15754M (2728M free)
TotalPageFile size 20766M (AvailPageFile size 194M)
current process WorkingSet (physical memory assigned to process): 442M, peak: 633M
current process commit charge ("private bytes"): 808M, peak: 1016M

vm_info: OpenJDK 64-Bit Server VM (17.0.7+7) for windows-amd64 JRE (17.0.7+7), built on Apr 18 2023 22:10:42 by "temurin" with MS VC++ 16.7 (VS2019)

END.
