#
# There is insufficient memory for the Java Runtime Environment to continue.
# Native memory allocation (mmap) failed to map 92274688 bytes for G1 virtual space
# Possible reasons:
#   The system is out of physical RAM or swap space
#   The process is running with CompressedOops enabled, and the Java Heap may be blocking the growth of the native heap
# Possible solutions:
#   Reduce memory load on the system
#   Increase physical memory or swap space
#   Check if swap backing store is full
#   Decrease Java heap size (-Xmx/-Xms)
#   Decrease number of Java threads
#   Decrease Java thread stack sizes (-Xss)
#   Set larger code cache with -XX:ReservedCodeCacheSize=
#   JVM is running with Zero Based Compressed Oops mode in which the Java heap is
#     placed in the first 32GB address space. The Java Heap base address is the
#     maximum limit for the native heap growth. Please use -XX:HeapBaseMinAddress
#     to set the Java Heap base and to place the Java Heap above 32GB virtual address.
# This output file may be truncated or incomplete.
#
#  Out of Memory Error (os_windows.cpp:3559), pid=17148, tid=5832
#
# JRE version: OpenJDK Runtime Environment Temurin-17.0.7+7 (17.0.7+7) (build 17.0.7+7)
# Java VM: OpenJDK 64-Bit Server VM Temurin-17.0.7+7 (17.0.7+7, mixed mode, emulated-client, sharing, tiered, compressed oops, compressed class ptrs, g1 gc, windows-amd64)
# No core dump will be written. Minidumps are not enabled by default on client versions of Windows
#

---------------  S U M M A R Y ------------

Command Line: -XX:TieredStopAtLevel=1 -Dspring.output.ansi.enabled=always -Dcom.sun.management.jmxremote -Dspring.jmx.enabled=true -Dspring.liveBeansView.mbeanDomain -Dspring.application.admin.enabled=true -Dmanagement.endpoints.jmx.exposure.include=* -javaagent:D:\IntelliJ_Ultimate\IntelliJ IDEA 2023.3.4\lib\idea_rt.jar=55269:D:\IntelliJ_Ultimate\IntelliJ IDEA 2023.3.4\bin -Dfile.encoding=UTF-8 swp391.ticketservice.TicketServiceApplication

Host: AMD Ryzen 5 5600H with Radeon Graphics         , 12 cores, 15G,  Windows 11 , 64 bit Build 22621 (10.0.22621.3958)
Time: Fri Oct 11 23:53:55 2024 SE Asia Standard Time elapsed time: 7159.226111 seconds (0d 1h 59m 19s)

---------------  T H R E A D  ---------------

Current thread (0x0000021ea8d12090):  VMThread "VM Thread" [stack: 0x0000004f4fc00000,0x0000004f4fd00000] [id=5832]

Stack: [0x0000004f4fc00000,0x0000004f4fd00000]
Native frames: (J=compiled Java code, j=interpreted, Vv=VM code, C=native code)
V  [jvm.dll+0x67754a]
V  [jvm.dll+0x834304]
V  [jvm.dll+0x835aae]
V  [jvm.dll+0x836113]
V  [jvm.dll+0x24696f]
V  [jvm.dll+0x6743f9]
V  [jvm.dll+0x668c8a]
V  [jvm.dll+0x3061bb]
V  [jvm.dll+0x30d6a6]
V  [jvm.dll+0x35cece]
V  [jvm.dll+0x35d0ff]
V  [jvm.dll+0x2dd048]
V  [jvm.dll+0x2db20c]
V  [jvm.dll+0x2da7dc]
V  [jvm.dll+0x31ea01]
V  [jvm.dll+0x83a5bb]
V  [jvm.dll+0x83b2f4]
V  [jvm.dll+0x83b80c]
V  [jvm.dll+0x83bbe4]
V  [jvm.dll+0x83bcb0]
V  [jvm.dll+0x7e4e7a]
V  [jvm.dll+0x676395]
C  [ucrtbase.dll+0x29333]
C  [KERNEL32.DLL+0x1257d]
C  [ntdll.dll+0x5af08]

VM_Operation (0x0000004f531f6e80): G1TryInitiateConcMark, mode: safepoint, requested by thread 0x0000021eb08c8230


---------------  P R O C E S S  ---------------

Threads class SMR info:
_java_thread_list=0x0000021ea96ceaf0, length=44, elements={
0x0000021ea8d16aa0, 0x0000021ea8d17620, 0x0000021ea8d27df0, 0x0000021ea8d28970,
0x0000021ea8d2ac50, 0x0000021ea8d34950, 0x0000021ea8d41a20, 0x0000021ea8d36340,
0x0000021ea8bf0e00, 0x0000021ea95fc1a0, 0x0000021ea95fc670, 0x0000021ea9777020,
0x0000021eae558590, 0x0000021eaeb701c0, 0x0000021eaeb6ee80, 0x0000021eaeb6f350,
0x0000021eaeb70690, 0x0000021eb02e3a40, 0x0000021eb02e30a0, 0x0000021eb02e3f10,
0x0000021eb02e5720, 0x0000021eb02e60c0, 0x0000021eb02e5bf0, 0x0000021eb02e6590,
0x0000021eb02e43e0, 0x0000021eb02e6a60, 0x0000021eb02e48b0, 0x0000021eb02e4d80,
0x0000021eb08c6ef0, 0x0000021eb08c9570, 0x0000021eb08c8230, 0x0000021eb08c6080,
0x0000021eb08c8700, 0x0000021eb08c6550, 0x0000021eb08c6a20, 0x0000021eb08c8bd0,
0x0000021eb08c73c0, 0x0000021eb08c90a0, 0x0000021eb08c9a40, 0x0000021eb08c7890,
0x0000021eb03c8260, 0x0000021eb03c8730, 0x0000021ea99c2180, 0x0000021eb0c39750
}

Java Threads: ( => current thread )
  0x0000021ea8d16aa0 JavaThread "Reference Handler" daemon [_thread_blocked, id=17076, stack(0x0000004f4fd00000,0x0000004f4fe00000)]
  0x0000021ea8d17620 JavaThread "Finalizer" daemon [_thread_blocked, id=14620, stack(0x0000004f4fe00000,0x0000004f4ff00000)]
  0x0000021ea8d27df0 JavaThread "Signal Dispatcher" daemon [_thread_blocked, id=9548, stack(0x0000004f4ff00000,0x0000004f50000000)]
  0x0000021ea8d28970 JavaThread "Attach Listener" daemon [_thread_blocked, id=13280, stack(0x0000004f50000000,0x0000004f50100000)]
  0x0000021ea8d2ac50 JavaThread "Service Thread" daemon [_thread_blocked, id=10196, stack(0x0000004f50100000,0x0000004f50200000)]
  0x0000021ea8d34950 JavaThread "Monitor Deflation Thread" daemon [_thread_blocked, id=5144, stack(0x0000004f50200000,0x0000004f50300000)]
  0x0000021ea8d41a20 JavaThread "C1 CompilerThread0" daemon [_thread_blocked, id=11112, stack(0x0000004f50300000,0x0000004f50400000)]
  0x0000021ea8d36340 JavaThread "Sweeper thread" daemon [_thread_blocked, id=17860, stack(0x0000004f50400000,0x0000004f50500000)]
  0x0000021ea8bf0e00 JavaThread "Common-Cleaner" daemon [_thread_blocked, id=16820, stack(0x0000004f50500000,0x0000004f50600000)]
  0x0000021ea95fc1a0 JavaThread "Monitor Ctrl-Break" daemon [_thread_in_native, id=16304, stack(0x0000004f50900000,0x0000004f50a00000)]
  0x0000021ea95fc670 JavaThread "Notification Thread" daemon [_thread_blocked, id=18052, stack(0x0000004f50a00000,0x0000004f50b00000)]
  0x0000021ea9777020 JavaThread "RMI TCP Accept-0" daemon [_thread_in_native, id=16764, stack(0x0000004f50b00000,0x0000004f50c00000)]
  0x0000021eae558590 JavaThread "RMI Scheduler(0)" daemon [_thread_blocked, id=2172, stack(0x0000004f51700000,0x0000004f51800000)]
  0x0000021eaeb701c0 JavaThread "Catalina-utility-1" [_thread_blocked, id=16756, stack(0x0000004f51500000,0x0000004f51600000)]
  0x0000021eaeb6ee80 JavaThread "Catalina-utility-2" [_thread_blocked, id=17140, stack(0x0000004f51d00000,0x0000004f51e00000)]
  0x0000021eaeb6f350 JavaThread "container-0" [_thread_blocked, id=17440, stack(0x0000004f51e00000,0x0000004f51f00000)]
  0x0000021eaeb70690 JavaThread "HikariPool-1 housekeeper" daemon [_thread_blocked, id=18412, stack(0x0000004f52100000,0x0000004f52200000)]
  0x0000021eb02e3a40 JavaThread "File Watcher" daemon [_thread_blocked, id=16428, stack(0x0000004f52300000,0x0000004f52400000)]
  0x0000021eb02e30a0 JavaThread "Live Reload Server" daemon [_thread_in_native, id=17732, stack(0x0000004f52500000,0x0000004f52600000)]
  0x0000021eb02e3f10 JavaThread "spring.cloud.inetutils" daemon [_thread_blocked, id=5476, stack(0x0000004f52400000,0x0000004f52500000)]
  0x0000021eb02e5720 JavaThread "spectator-gauge-polling-0" daemon [_thread_blocked, id=12152, stack(0x0000004f52600000,0x0000004f52700000)]
  0x0000021eb02e60c0 JavaThread "AsyncResolver-bootstrap-%d" daemon [_thread_blocked, id=4636, stack(0x0000004f52700000,0x0000004f52800000)]
  0x0000021eb02e5bf0 JavaThread "DiscoveryClient-%d" daemon [_thread_blocked, id=17988, stack(0x0000004f52900000,0x0000004f52a00000)]
  0x0000021eb02e6590 JavaThread "DiscoveryClient-%d" daemon [_thread_blocked, id=7000, stack(0x0000004f52a00000,0x0000004f52b00000)]
  0x0000021eb02e43e0 JavaThread "DiscoveryClient-InstanceInfoReplicator-%d" daemon [_thread_blocked, id=6824, stack(0x0000004f52b00000,0x0000004f52c00000)]
  0x0000021eb02e6a60 JavaThread "http-nio-9003-exec-1" daemon [_thread_blocked, id=7488, stack(0x0000004f52c00000,0x0000004f52d00000)]
  0x0000021eb02e48b0 JavaThread "http-nio-9003-exec-2" daemon [_thread_blocked, id=12720, stack(0x0000004f52d00000,0x0000004f52e00000)]
  0x0000021eb02e4d80 JavaThread "http-nio-9003-exec-3" daemon [_thread_blocked, id=332, stack(0x0000004f52e00000,0x0000004f52f00000)]
  0x0000021eb08c6ef0 JavaThread "http-nio-9003-exec-4" daemon [_thread_blocked, id=16436, stack(0x0000004f52f00000,0x0000004f53000000)]
  0x0000021eb08c9570 JavaThread "http-nio-9003-exec-5" daemon [_thread_blocked, id=17932, stack(0x0000004f53000000,0x0000004f53100000)]
  0x0000021eb08c8230 JavaThread "http-nio-9003-exec-6" daemon [_thread_blocked, id=7024, stack(0x0000004f53100000,0x0000004f53200000)]
  0x0000021eb08c6080 JavaThread "http-nio-9003-exec-7" daemon [_thread_blocked, id=15084, stack(0x0000004f53200000,0x0000004f53300000)]
  0x0000021eb08c8700 JavaThread "http-nio-9003-exec-8" daemon [_thread_blocked, id=5852, stack(0x0000004f53300000,0x0000004f53400000)]
  0x0000021eb08c6550 JavaThread "http-nio-9003-exec-9" daemon [_thread_blocked, id=7036, stack(0x0000004f53400000,0x0000004f53500000)]
  0x0000021eb08c6a20 JavaThread "http-nio-9003-exec-10" daemon [_thread_blocked, id=1204, stack(0x0000004f53500000,0x0000004f53600000)]
  0x0000021eb08c8bd0 JavaThread "http-nio-9003-Poller" daemon [_thread_in_native, id=8668, stack(0x0000004f53600000,0x0000004f53700000)]
  0x0000021eb08c73c0 JavaThread "http-nio-9003-Acceptor" daemon [_thread_in_native, id=3976, stack(0x0000004f53700000,0x0000004f53800000)]
  0x0000021eb08c90a0 JavaThread "DestroyJavaVM" [_thread_blocked, id=17184, stack(0x0000004f4f600000,0x0000004f4f700000)]
  0x0000021eb08c9a40 JavaThread "DiscoveryClient-CacheRefreshExecutor-%d" daemon [_thread_blocked, id=8508, stack(0x0000004f50800000,0x0000004f50900000)]
  0x0000021eb08c7890 JavaThread "DiscoveryClient-HeartbeatExecutor-%d" daemon [_thread_blocked, id=11508, stack(0x0000004f51400000,0x0000004f51500000)]
  0x0000021eb03c8260 JavaThread "AsyncResolver-bootstrap-executor-%d" daemon [_thread_blocked, id=17072, stack(0x0000004f4f500000,0x0000004f4f600000)]
  0x0000021eb03c8730 JavaThread "mssql-jdbc-shared-timer-core-5" daemon [_thread_blocked, id=7820, stack(0x0000004f4f300000,0x0000004f4f400000)]
  0x0000021ea99c2180 JavaThread "HikariPool-1 connection closer" daemon [_thread_blocked, id=14076, stack(0x0000004f4f400000,0x0000004f4f500000)]
  0x0000021eb0c39750 JavaThread "HikariPool-1 connection adder" daemon [_thread_blocked, id=19552, stack(0x0000004f50600000,0x0000004f50700000)]

Other Threads:
=>0x0000021ea8d12090 VMThread "VM Thread" [stack: 0x0000004f4fc00000,0x0000004f4fd00000] [id=5832]
  0x0000021e9200d880 WatcherThread [stack: 0x0000004f50c00000,0x0000004f50d00000] [id=18372]
  0x0000021e92076050 GCTaskThread "GC Thread#0" [stack: 0x0000004f4f700000,0x0000004f4f800000] [id=16324]
  0x0000021ea97ed970 GCTaskThread "GC Thread#1" [stack: 0x0000004f50d00000,0x0000004f50e00000] [id=5504]
  0x0000021ea97edc20 GCTaskThread "GC Thread#2" [stack: 0x0000004f50e00000,0x0000004f50f00000] [id=3472]
  0x0000021ea9a05950 GCTaskThread "GC Thread#3" [stack: 0x0000004f50f00000,0x0000004f51000000] [id=7196]
  0x0000021ea9a05c00 GCTaskThread "GC Thread#4" [stack: 0x0000004f51000000,0x0000004f51100000] [id=4784]
  0x0000021eae10ef40 GCTaskThread "GC Thread#5" [stack: 0x0000004f51100000,0x0000004f51200000] [id=3936]
  0x0000021eae239670 GCTaskThread "GC Thread#6" [stack: 0x0000004f51200000,0x0000004f51300000] [id=224]
  0x0000021eae47fa80 GCTaskThread "GC Thread#7" [stack: 0x0000004f51800000,0x0000004f51900000] [id=8980]
  0x0000021eae56eba0 GCTaskThread "GC Thread#8" [stack: 0x0000004f51900000,0x0000004f51a00000] [id=17208]
  0x0000021eae4be840 GCTaskThread "GC Thread#9" [stack: 0x0000004f51a00000,0x0000004f51b00000] [id=16180]
  0x0000021e920864e0 ConcurrentGCThread "G1 Main Marker" [stack: 0x0000004f4f800000,0x0000004f4f900000] [id=3060]
  0x0000021e92088d10 ConcurrentGCThread "G1 Conc#0" [stack: 0x0000004f4f900000,0x0000004f4fa00000] [id=9352]
  0x0000021eae6b59f0 ConcurrentGCThread "G1 Conc#1" [stack: 0x0000004f51b00000,0x0000004f51c00000] [id=10644]
  0x0000021eae65b5c0 ConcurrentGCThread "G1 Conc#2" [stack: 0x0000004f51c00000,0x0000004f51d00000] [id=16416]
  0x0000021ea8abe270 ConcurrentGCThread "G1 Refine#0" [stack: 0x0000004f4fa00000,0x0000004f4fb00000] [id=7304]
  0x0000021eb0234df0 ConcurrentGCThread "G1 Refine#1" [stack: 0x0000004f52800000,0x0000004f52900000] [id=3252]
  0x0000021ea8abeaa0 ConcurrentGCThread "G1 Service" [stack: 0x0000004f4fb00000,0x0000004f4fc00000] [id=3616]

Threads with active compile tasks:

VM state: at safepoint (normal execution)

VM Mutex/Monitor currently owned by a thread:  ([mutex/lock_event])
[0x0000021e92007f00] Threads_lock - owner thread: 0x0000021ea8d12090
[0x0000021e92008b60] Heap_lock - owner thread: 0x0000021eb08c8230

Heap address: 0x0000000709c00000, size: 3940 MB, Compressed Oops mode: Zero based, Oop shift amount: 3

CDS archive(s) mapped at: [0x0000000800000000-0x0000000800bc0000-0x0000000800bc0000), size 12320768, SharedBaseAddress: 0x0000000800000000, ArchiveRelocationMode: 0.
Compressed class space mapped at: 0x0000000801000000-0x0000000841000000, reserved size: 1073741824
Narrow klass base: 0x0000000800000000, Narrow klass shift: 0, Narrow klass range: 0x100000000

GC Precious Log:
 CPUs: 12 total, 12 available
 Memory: 15754M
 Large Page Support: Disabled
 NUMA Support: Disabled
 Compressed Oops: Enabled (Zero based)
 Heap Region Size: 2M
 Heap Min Capacity: 8M
 Heap Initial Capacity: 248M
 Heap Max Capacity: 3940M
 Pre-touch: Disabled
 Parallel Workers: 10
 Concurrent Workers: 3
 Concurrent Refinement Workers: 10
 Periodic GC: Disabled

Heap:
 garbage-first heap   total 442368K, used 107430K [0x0000000709c00000, 0x0000000800000000)
  region size 2048K, 3 young (6144K), 3 survivors (6144K)
 Metaspace       used 89138K, committed 89856K, reserved 1179648K
  class space    used 13372K, committed 13696K, reserved 1048576K

Heap Regions: E=young(eden), S=young(survivor), O=old, HS=humongous(starts), HC=humongous(continues), CS=collection set, F=free, OA=open archive, CA=closed archive, TAMS=top-at-mark-start (previous, next)
|   0|0x0000000709c00000, 0x0000000709e00000, 0x0000000709e00000|100%| O|  |TAMS 0x0000000709e00000, 0x0000000709e00000| Untracked 
|   1|0x0000000709e00000, 0x000000070a000000, 0x000000070a000000|100%| O|  |TAMS 0x000000070a000000, 0x000000070a000000| Untracked 
|   2|0x000000070a000000, 0x000000070a200000, 0x000000070a200000|100%| O|  |TAMS 0x000000070a200000, 0x000000070a200000| Untracked 
|   3|0x000000070a200000, 0x000000070a400000, 0x000000070a400000|100%| O|  |TAMS 0x000000070a400000, 0x000000070a400000| Untracked 
|   4|0x000000070a400000, 0x000000070a600000, 0x000000070a600000|100%| O|  |TAMS 0x000000070a600000, 0x000000070a600000| Untracked 
|   5|0x000000070a600000, 0x000000070a800000, 0x000000070a800000|100%| O|  |TAMS 0x000000070a800000, 0x000000070a800000| Untracked 
|   6|0x000000070a800000, 0x000000070aa00000, 0x000000070aa00000|100%| O|  |TAMS 0x000000070aa00000, 0x000000070aa00000| Untracked 
|   7|0x000000070aa00000, 0x000000070ac00000, 0x000000070ac00000|100%| O|  |TAMS 0x000000070ac00000, 0x000000070ac00000| Untracked 
|   8|0x000000070ac00000, 0x000000070ae00000, 0x000000070ae00000|100%| O|  |TAMS 0x000000070ae00000, 0x000000070ae00000| Untracked 
|   9|0x000000070ae00000, 0x000000070b000000, 0x000000070b000000|100%| O|  |TAMS 0x000000070b000000, 0x000000070b000000| Untracked 
|  10|0x000000070b000000, 0x000000070b200000, 0x000000070b200000|100%| O|  |TAMS 0x000000070b200000, 0x000000070b200000| Untracked 
|  11|0x000000070b200000, 0x000000070b400000, 0x000000070b400000|100%| O|  |TAMS 0x000000070b400000, 0x000000070b400000| Untracked 
|  12|0x000000070b400000, 0x000000070b600000, 0x000000070b600000|100%| O|  |TAMS 0x000000070b600000, 0x000000070b600000| Untracked 
|  13|0x000000070b600000, 0x000000070b7ffff8, 0x000000070b800000| 99%| O|  |TAMS 0x000000070b7ffff8, 0x000000070b7ffff8| Untracked 
|  14|0x000000070b800000, 0x000000070ba00000, 0x000000070ba00000|100%| O|  |TAMS 0x000000070ba00000, 0x000000070ba00000| Untracked 
|  15|0x000000070ba00000, 0x000000070bc00000, 0x000000070bc00000|100%| O|  |TAMS 0x000000070bc00000, 0x000000070bc00000| Untracked 
|  16|0x000000070bc00000, 0x000000070be00000, 0x000000070be00000|100%| O|  |TAMS 0x000000070be00000, 0x000000070be00000| Untracked 
|  17|0x000000070be00000, 0x000000070c000000, 0x000000070c000000|100%| O|  |TAMS 0x000000070c000000, 0x000000070c000000| Untracked 
|  18|0x000000070c000000, 0x000000070c200000, 0x000000070c200000|100%| O|  |TAMS 0x000000070c200000, 0x000000070c200000| Untracked 
|  19|0x000000070c200000, 0x000000070c400000, 0x000000070c400000|100%| O|  |TAMS 0x000000070c400000, 0x000000070c400000| Untracked 
|  20|0x000000070c400000, 0x000000070c600000, 0x000000070c600000|100%| O|  |TAMS 0x000000070c600000, 0x000000070c600000| Untracked 
|  21|0x000000070c600000, 0x000000070c800000, 0x000000070c800000|100%| O|  |TAMS 0x000000070c800000, 0x000000070c800000| Untracked 
|  22|0x000000070c800000, 0x000000070ca00000, 0x000000070ca00000|100%|HS|  |TAMS 0x000000070c800000, 0x000000070ca00000| Complete 
|  23|0x000000070ca00000, 0x000000070cc00000, 0x000000070cc00000|100%|HC|  |TAMS 0x000000070ca00000, 0x000000070cc00000| Complete 
|  24|0x000000070cc00000, 0x000000070cc00000, 0x000000070ce00000|  0%| F|  |TAMS 0x000000070cc00000, 0x000000070cc00000| Untracked 
|  25|0x000000070ce00000, 0x000000070d000000, 0x000000070d000000|100%| O|  |TAMS 0x000000070d000000, 0x000000070d000000| Untracked 
|  26|0x000000070d000000, 0x000000070d200000, 0x000000070d200000|100%| O|  |TAMS 0x000000070d200000, 0x000000070d200000| Untracked 
|  27|0x000000070d200000, 0x000000070d400000, 0x000000070d400000|100%| O|  |TAMS 0x000000070d400000, 0x000000070d400000| Untracked 
|  28|0x000000070d400000, 0x000000070d600000, 0x000000070d600000|100%| O|  |TAMS 0x000000070d600000, 0x000000070d600000| Untracked 
|  29|0x000000070d600000, 0x000000070d800000, 0x000000070d800000|100%| O|  |TAMS 0x000000070d800000, 0x000000070d800000| Untracked 
|  30|0x000000070d800000, 0x000000070da00000, 0x000000070da00000|100%| O|  |TAMS 0x000000070da00000, 0x000000070da00000| Untracked 
|  31|0x000000070da00000, 0x000000070da00000, 0x000000070dc00000|  0%| F|  |TAMS 0x000000070da00000, 0x000000070da00000| Untracked 
|  32|0x000000070dc00000, 0x000000070dc00000, 0x000000070de00000|  0%| F|  |TAMS 0x000000070dc00000, 0x000000070dc00000| Untracked 
|  33|0x000000070de00000, 0x000000070e000000, 0x000000070e000000|100%| O|  |TAMS 0x000000070de00000, 0x000000070e000000| Untracked 
|  34|0x000000070e000000, 0x000000070e000000, 0x000000070e200000|  0%| F|  |TAMS 0x000000070e000000, 0x000000070e000000| Untracked 
|  35|0x000000070e200000, 0x000000070e400000, 0x000000070e400000|100%| O|  |TAMS 0x000000070e400000, 0x000000070e400000| Untracked 
|  36|0x000000070e400000, 0x000000070e600000, 0x000000070e600000|100%| O|  |TAMS 0x000000070e400000, 0x000000070e600000| Untracked 
|  37|0x000000070e600000, 0x000000070e600000, 0x000000070e800000|  0%| F|  |TAMS 0x000000070e600000, 0x000000070e600000| Untracked 
|  38|0x000000070e800000, 0x000000070e800000, 0x000000070ea00000|  0%| F|  |TAMS 0x000000070e800000, 0x000000070e800000| Untracked 
|  39|0x000000070ea00000, 0x000000070ec00000, 0x000000070ec00000|100%| O|  |TAMS 0x000000070ec00000, 0x000000070ec00000| Untracked 
|  40|0x000000070ec00000, 0x000000070ee00000, 0x000000070ee00000|100%| O|  |TAMS 0x000000070ec00000, 0x000000070ee00000| Untracked 
|  41|0x000000070ee00000, 0x000000070f000000, 0x000000070f000000|100%| O|  |TAMS 0x000000070ee00000, 0x000000070f000000| Untracked 
|  42|0x000000070f000000, 0x000000070f200000, 0x000000070f200000|100%| O|  |TAMS 0x000000070f000000, 0x000000070f200000| Untracked 
|  43|0x000000070f200000, 0x000000070f200000, 0x000000070f400000|  0%| F|  |TAMS 0x000000070f200000, 0x000000070f200000| Untracked 
|  44|0x000000070f400000, 0x000000070f400000, 0x000000070f600000|  0%| F|  |TAMS 0x000000070f400000, 0x000000070f400000| Untracked 
|  45|0x000000070f600000, 0x000000070f600000, 0x000000070f800000|  0%| F|  |TAMS 0x000000070f600000, 0x000000070f600000| Untracked 
|  46|0x000000070f800000, 0x000000070fa00000, 0x000000070fa00000|100%| O|  |TAMS 0x000000070f800000, 0x000000070fa00000| Untracked 
|  47|0x000000070fa00000, 0x000000070fc00000, 0x000000070fc00000|100%| O|  |TAMS 0x000000070fa00000, 0x000000070fc00000| Untracked 
|  48|0x000000070fc00000, 0x000000070fe00000, 0x000000070fe00000|100%| O|  |TAMS 0x000000070fc00000, 0x000000070fe00000| Untracked 
|  49|0x000000070fe00000, 0x000000070ff33800, 0x0000000710000000| 60%| O|  |TAMS 0x000000070fe00000, 0x000000070ff33800| Untracked 
|  50|0x0000000710000000, 0x0000000710000000, 0x0000000710200000|  0%| F|  |TAMS 0x0000000710000000, 0x0000000710000000| Untracked 
|  51|0x0000000710200000, 0x0000000710200000, 0x0000000710400000|  0%| F|  |TAMS 0x0000000710200000, 0x0000000710200000| Untracked 
|  52|0x0000000710400000, 0x0000000710600000, 0x0000000710600000|100%| O|  |TAMS 0x0000000710400000, 0x0000000710600000| Untracked 
|  53|0x0000000710600000, 0x0000000710600000, 0x0000000710800000|  0%| F|  |TAMS 0x0000000710600000, 0x0000000710600000| Untracked 
|  54|0x0000000710800000, 0x0000000710800000, 0x0000000710a00000|  0%| F|  |TAMS 0x0000000710800000, 0x0000000710800000| Untracked 
|  55|0x0000000710a00000, 0x0000000710a00000, 0x0000000710c00000|  0%| F|  |TAMS 0x0000000710a00000, 0x0000000710a00000| Untracked 
|  56|0x0000000710c00000, 0x0000000710c00000, 0x0000000710e00000|  0%| F|  |TAMS 0x0000000710c00000, 0x0000000710c00000| Untracked 
|  57|0x0000000710e00000, 0x0000000710e00000, 0x0000000711000000|  0%| F|  |TAMS 0x0000000710e00000, 0x0000000710e00000| Untracked 
|  58|0x0000000711000000, 0x0000000711000000, 0x0000000711200000|  0%| F|  |TAMS 0x0000000711000000, 0x0000000711000000| Untracked 
|  59|0x0000000711200000, 0x0000000711400000, 0x0000000711400000|100%|HS|  |TAMS 0x0000000711200000, 0x0000000711400000| Complete 
|  60|0x0000000711400000, 0x0000000711600000, 0x0000000711600000|100%|HC|  |TAMS 0x0000000711400000, 0x0000000711600000| Complete 
|  61|0x0000000711600000, 0x0000000711600000, 0x0000000711800000|  0%| F|  |TAMS 0x0000000711600000, 0x0000000711600000| Untracked 
|  62|0x0000000711800000, 0x0000000711800000, 0x0000000711a00000|  0%| F|  |TAMS 0x0000000711800000, 0x0000000711800000| Untracked 
|  63|0x0000000711a00000, 0x0000000711c00000, 0x0000000711c00000|100%| O|  |TAMS 0x0000000711a00000, 0x0000000711c00000| Untracked 
|  64|0x0000000711c00000, 0x0000000711e00000, 0x0000000711e00000|100%| O|  |TAMS 0x0000000711c00000, 0x0000000711e00000| Untracked 
|  65|0x0000000711e00000, 0x0000000712000000, 0x0000000712000000|100%| O|  |TAMS 0x0000000711e00000, 0x0000000712000000| Untracked 
|  66|0x0000000712000000, 0x0000000712200000, 0x0000000712200000|100%| O|  |TAMS 0x0000000712000000, 0x0000000712200000| Untracked 
|  67|0x0000000712200000, 0x0000000712200000, 0x0000000712400000|  0%| F|  |TAMS 0x0000000712200000, 0x0000000712200000| Untracked 
|  68|0x0000000712400000, 0x0000000712400000, 0x0000000712600000|  0%| F|  |TAMS 0x0000000712400000, 0x0000000712400000| Untracked 
|  69|0x0000000712600000, 0x0000000712600000, 0x0000000712800000|  0%| F|  |TAMS 0x0000000712600000, 0x0000000712600000| Untracked 
|  70|0x0000000712800000, 0x0000000712a00000, 0x0000000712a00000|100%| O|  |TAMS 0x0000000712a00000, 0x0000000712a00000| Untracked 
|  71|0x0000000712a00000, 0x0000000712a00000, 0x0000000712c00000|  0%| F|  |TAMS 0x0000000712a00000, 0x0000000712a00000| Untracked 
|  72|0x0000000712c00000, 0x0000000712c00000, 0x0000000712e00000|  0%| F|  |TAMS 0x0000000712c00000, 0x0000000712c00000| Untracked 
|  73|0x0000000712e00000, 0x0000000712e00000, 0x0000000713000000|  0%| F|  |TAMS 0x0000000712e00000, 0x0000000712e00000| Untracked 
|  74|0x0000000713000000, 0x0000000713000000, 0x0000000713200000|  0%| F|  |TAMS 0x0000000713000000, 0x0000000713000000| Untracked 
|  75|0x0000000713200000, 0x0000000713200000, 0x0000000713400000|  0%| F|  |TAMS 0x0000000713200000, 0x0000000713200000| Untracked 
|  76|0x0000000713400000, 0x0000000713400000, 0x0000000713600000|  0%| F|  |TAMS 0x0000000713400000, 0x0000000713400000| Untracked 
|  77|0x0000000713600000, 0x0000000713600000, 0x0000000713800000|  0%| F|  |TAMS 0x0000000713600000, 0x0000000713600000| Untracked 
|  78|0x0000000713800000, 0x0000000713800000, 0x0000000713a00000|  0%| F|  |TAMS 0x0000000713800000, 0x0000000713800000| Untracked 
|  79|0x0000000713a00000, 0x0000000713c00000, 0x0000000713c00000|100%| O|  |TAMS 0x0000000713c00000, 0x0000000713c00000| Untracked 
|  80|0x0000000713c00000, 0x0000000713c00000, 0x0000000713e00000|  0%| F|  |TAMS 0x0000000713c00000, 0x0000000713c00000| Untracked 
|  81|0x0000000713e00000, 0x0000000713e00000, 0x0000000714000000|  0%| F|  |TAMS 0x0000000713e00000, 0x0000000713e00000| Untracked 
|  82|0x0000000714000000, 0x0000000714000000, 0x0000000714200000|  0%| F|  |TAMS 0x0000000714000000, 0x0000000714000000| Untracked 
|  83|0x0000000714200000, 0x0000000714200000, 0x0000000714400000|  0%| F|  |TAMS 0x0000000714200000, 0x0000000714200000| Untracked 
|  84|0x0000000714400000, 0x0000000714400000, 0x0000000714600000|  0%| F|  |TAMS 0x0000000714400000, 0x0000000714400000| Untracked 
|  85|0x0000000714600000, 0x0000000714600000, 0x0000000714800000|  0%| F|  |TAMS 0x0000000714600000, 0x0000000714600000| Untracked 
|  86|0x0000000714800000, 0x0000000714800000, 0x0000000714a00000|  0%| F|  |TAMS 0x0000000714800000, 0x0000000714800000| Untracked 
|  87|0x0000000714a00000, 0x0000000714a00000, 0x0000000714c00000|  0%| F|  |TAMS 0x0000000714a00000, 0x0000000714a00000| Untracked 
|  88|0x0000000714c00000, 0x0000000714c00000, 0x0000000714e00000|  0%| F|  |TAMS 0x0000000714c00000, 0x0000000714c00000| Untracked 
|  89|0x0000000714e00000, 0x0000000714e00000, 0x0000000715000000|  0%| F|  |TAMS 0x0000000714e00000, 0x0000000714e00000| Untracked 
|  90|0x0000000715000000, 0x0000000715000000, 0x0000000715200000|  0%| F|  |TAMS 0x0000000715000000, 0x0000000715000000| Untracked 
|  91|0x0000000715200000, 0x0000000715200000, 0x0000000715400000|  0%| F|  |TAMS 0x0000000715200000, 0x0000000715200000| Untracked 
|  92|0x0000000715400000, 0x0000000715400000, 0x0000000715600000|  0%| F|  |TAMS 0x0000000715400000, 0x0000000715400000| Untracked 
|  93|0x0000000715600000, 0x0000000715600000, 0x0000000715800000|  0%| F|  |TAMS 0x0000000715600000, 0x0000000715600000| Untracked 
|  94|0x0000000715800000, 0x0000000715800000, 0x0000000715a00000|  0%| F|  |TAMS 0x0000000715800000, 0x0000000715800000| Untracked 
|  95|0x0000000715a00000, 0x0000000715a00000, 0x0000000715c00000|  0%| F|  |TAMS 0x0000000715a00000, 0x0000000715a00000| Untracked 
|  96|0x0000000715c00000, 0x0000000715c00000, 0x0000000715e00000|  0%| F|  |TAMS 0x0000000715c00000, 0x0000000715c00000| Untracked 
|  97|0x0000000715e00000, 0x0000000715e00000, 0x0000000716000000|  0%| F|  |TAMS 0x0000000715e00000, 0x0000000715e00000| Untracked 
|  98|0x0000000716000000, 0x0000000716000000, 0x0000000716200000|  0%| F|  |TAMS 0x0000000716000000, 0x0000000716000000| Untracked 
|  99|0x0000000716200000, 0x0000000716200000, 0x0000000716400000|  0%| F|  |TAMS 0x0000000716200000, 0x0000000716200000| Untracked 
| 100|0x0000000716400000, 0x0000000716400000, 0x0000000716600000|  0%| F|  |TAMS 0x0000000716400000, 0x0000000716400000| Untracked 
| 101|0x0000000716600000, 0x0000000716600000, 0x0000000716800000|  0%| F|  |TAMS 0x0000000716600000, 0x0000000716600000| Untracked 
| 102|0x0000000716800000, 0x0000000716800000, 0x0000000716a00000|  0%| F|  |TAMS 0x0000000716800000, 0x0000000716800000| Untracked 
| 103|0x0000000716a00000, 0x0000000716a00000, 0x0000000716c00000|  0%| F|  |TAMS 0x0000000716a00000, 0x0000000716a00000| Untracked 
| 104|0x0000000716c00000, 0x0000000716c00000, 0x0000000716e00000|  0%| F|  |TAMS 0x0000000716c00000, 0x0000000716c00000| Untracked 
| 105|0x0000000716e00000, 0x0000000716e00000, 0x0000000717000000|  0%| F|  |TAMS 0x0000000716e00000, 0x0000000716e00000| Untracked 
| 106|0x0000000717000000, 0x0000000717000000, 0x0000000717200000|  0%| F|  |TAMS 0x0000000717000000, 0x0000000717000000| Untracked 
| 107|0x0000000717200000, 0x0000000717200000, 0x0000000717400000|  0%| F|  |TAMS 0x0000000717200000, 0x0000000717200000| Untracked 
| 108|0x0000000717400000, 0x0000000717400000, 0x0000000717600000|  0%| F|  |TAMS 0x0000000717400000, 0x0000000717400000| Untracked 
| 109|0x0000000717600000, 0x0000000717600000, 0x0000000717800000|  0%| F|  |TAMS 0x0000000717600000, 0x0000000717600000| Untracked 
| 110|0x0000000717800000, 0x0000000717800000, 0x0000000717a00000|  0%| F|  |TAMS 0x0000000717800000, 0x0000000717800000| Untracked 
| 111|0x0000000717a00000, 0x0000000717a00000, 0x0000000717c00000|  0%| F|  |TAMS 0x0000000717a00000, 0x0000000717a00000| Untracked 
| 112|0x0000000717c00000, 0x0000000717c00000, 0x0000000717e00000|  0%| F|  |TAMS 0x0000000717c00000, 0x0000000717c00000| Untracked 
| 113|0x0000000717e00000, 0x0000000717e00000, 0x0000000718000000|  0%| F|  |TAMS 0x0000000717e00000, 0x0000000717e00000| Untracked 
| 114|0x0000000718000000, 0x0000000718000000, 0x0000000718200000|  0%| F|  |TAMS 0x0000000718000000, 0x0000000718000000| Untracked 
| 115|0x0000000718200000, 0x0000000718200000, 0x0000000718400000|  0%| F|  |TAMS 0x0000000718200000, 0x0000000718200000| Untracked 
| 116|0x0000000718400000, 0x0000000718400000, 0x0000000718600000|  0%| F|  |TAMS 0x0000000718400000, 0x0000000718400000| Untracked 
| 117|0x0000000718600000, 0x0000000718600000, 0x0000000718800000|  0%| F|  |TAMS 0x0000000718600000, 0x0000000718600000| Untracked 
| 118|0x0000000718800000, 0x0000000718800000, 0x0000000718a00000|  0%| F|  |TAMS 0x0000000718800000, 0x0000000718800000| Untracked 
| 119|0x0000000718a00000, 0x0000000718a00000, 0x0000000718c00000|  0%| F|  |TAMS 0x0000000718a00000, 0x0000000718a00000| Untracked 
| 120|0x0000000718c00000, 0x0000000718c00000, 0x0000000718e00000|  0%| F|  |TAMS 0x0000000718c00000, 0x0000000718c00000| Untracked 
| 121|0x0000000718e00000, 0x0000000718e00000, 0x0000000719000000|  0%| F|  |TAMS 0x0000000718e00000, 0x0000000718e00000| Untracked 
| 122|0x0000000719000000, 0x0000000719000000, 0x0000000719200000|  0%| F|  |TAMS 0x0000000719000000, 0x0000000719000000| Untracked 
| 123|0x0000000719200000, 0x0000000719200000, 0x0000000719400000|  0%| F|  |TAMS 0x0000000719200000, 0x0000000719200000| Untracked 
| 124|0x0000000719400000, 0x0000000719400000, 0x0000000719600000|  0%| F|  |TAMS 0x0000000719400000, 0x0000000719400000| Untracked 
| 125|0x0000000719600000, 0x0000000719600000, 0x0000000719800000|  0%| F|  |TAMS 0x0000000719600000, 0x0000000719600000| Untracked 
| 126|0x0000000719800000, 0x0000000719800000, 0x0000000719a00000|  0%| F|  |TAMS 0x0000000719800000, 0x0000000719800000| Untracked 
| 127|0x0000000719a00000, 0x0000000719a00000, 0x0000000719c00000|  0%| F|  |TAMS 0x0000000719a00000, 0x0000000719a00000| Untracked 
| 128|0x0000000719c00000, 0x0000000719db6300, 0x0000000719e00000| 85%| S|CS|TAMS 0x0000000719c00000, 0x0000000719c00000| Complete 
| 129|0x0000000719e00000, 0x000000071a000000, 0x000000071a000000|100%| S|CS|TAMS 0x0000000719e00000, 0x0000000719e00000| Complete 
| 130|0x000000071a000000, 0x000000071a200000, 0x000000071a200000|100%| S|CS|TAMS 0x000000071a000000, 0x000000071a000000| Complete 
| 131|0x000000071a200000, 0x000000071a200000, 0x000000071a400000|  0%| F|  |TAMS 0x000000071a200000, 0x000000071a200000| Untracked 
| 132|0x000000071a400000, 0x000000071a400000, 0x000000071a600000|  0%| F|  |TAMS 0x000000071a400000, 0x000000071a400000| Untracked 
| 133|0x000000071a600000, 0x000000071a600000, 0x000000071a800000|  0%| F|  |TAMS 0x000000071a600000, 0x000000071a600000| Untracked 
| 134|0x000000071a800000, 0x000000071a800000, 0x000000071aa00000|  0%| F|  |TAMS 0x000000071a800000, 0x000000071a800000| Untracked 
| 135|0x000000071aa00000, 0x000000071aa00000, 0x000000071ac00000|  0%| F|  |TAMS 0x000000071aa00000, 0x000000071aa00000| Untracked 
| 136|0x000000071ac00000, 0x000000071ac00000, 0x000000071ae00000|  0%| F|  |TAMS 0x000000071ac00000, 0x000000071ac00000| Untracked 
| 137|0x000000071ae00000, 0x000000071ae00000, 0x000000071b000000|  0%| F|  |TAMS 0x000000071ae00000, 0x000000071ae00000| Untracked 
| 138|0x000000071b000000, 0x000000071b000000, 0x000000071b200000|  0%| F|  |TAMS 0x000000071b000000, 0x000000071b000000| Untracked 
| 139|0x000000071b200000, 0x000000071b200000, 0x000000071b400000|  0%| F|  |TAMS 0x000000071b200000, 0x000000071b200000| Untracked 
| 140|0x000000071b400000, 0x000000071b400000, 0x000000071b600000|  0%| F|  |TAMS 0x000000071b400000, 0x000000071b400000| Untracked 
| 141|0x000000071b600000, 0x000000071b600000, 0x000000071b800000|  0%| F|  |TAMS 0x000000071b600000, 0x000000071b600000| Untracked 
| 142|0x000000071b800000, 0x000000071b800000, 0x000000071ba00000|  0%| F|  |TAMS 0x000000071b800000, 0x000000071b800000| Untracked 
| 143|0x000000071ba00000, 0x000000071ba00000, 0x000000071bc00000|  0%| F|  |TAMS 0x000000071ba00000, 0x000000071ba00000| Untracked 
| 144|0x000000071bc00000, 0x000000071bc00000, 0x000000071be00000|  0%| F|  |TAMS 0x000000071bc00000, 0x000000071bc00000| Untracked 
| 145|0x000000071be00000, 0x000000071be00000, 0x000000071c000000|  0%| F|  |TAMS 0x000000071be00000, 0x000000071be00000| Untracked 
| 146|0x000000071c000000, 0x000000071c000000, 0x000000071c200000|  0%| F|  |TAMS 0x000000071c000000, 0x000000071c000000| Untracked 
| 147|0x000000071c200000, 0x000000071c200000, 0x000000071c400000|  0%| F|  |TAMS 0x000000071c200000, 0x000000071c200000| Untracked 
| 148|0x000000071c400000, 0x000000071c400000, 0x000000071c600000|  0%| F|  |TAMS 0x000000071c400000, 0x000000071c400000| Untracked 
| 149|0x000000071c600000, 0x000000071c600000, 0x000000071c800000|  0%| F|  |TAMS 0x000000071c600000, 0x000000071c600000| Untracked 
| 150|0x000000071c800000, 0x000000071c800000, 0x000000071ca00000|  0%| F|  |TAMS 0x000000071c800000, 0x000000071c800000| Untracked 
| 151|0x000000071ca00000, 0x000000071ca00000, 0x000000071cc00000|  0%| F|  |TAMS 0x000000071ca00000, 0x000000071ca00000| Untracked 
| 152|0x000000071cc00000, 0x000000071cc00000, 0x000000071ce00000|  0%| F|  |TAMS 0x000000071cc00000, 0x000000071cc00000| Untracked 
| 153|0x000000071ce00000, 0x000000071ce00000, 0x000000071d000000|  0%| F|  |TAMS 0x000000071ce00000, 0x000000071ce00000| Untracked 
| 154|0x000000071d000000, 0x000000071d000000, 0x000000071d200000|  0%| F|  |TAMS 0x000000071d000000, 0x000000071d000000| Untracked 
| 155|0x000000071d200000, 0x000000071d200000, 0x000000071d400000|  0%| F|  |TAMS 0x000000071d200000, 0x000000071d200000| Untracked 
| 156|0x000000071d400000, 0x000000071d400000, 0x000000071d600000|  0%| F|  |TAMS 0x000000071d400000, 0x000000071d400000| Untracked 
| 157|0x000000071d600000, 0x000000071d600000, 0x000000071d800000|  0%| F|  |TAMS 0x000000071d600000, 0x000000071d600000| Untracked 
| 158|0x000000071d800000, 0x000000071d800000, 0x000000071da00000|  0%| F|  |TAMS 0x000000071d800000, 0x000000071d800000| Untracked 
| 159|0x000000071da00000, 0x000000071da00000, 0x000000071dc00000|  0%| F|  |TAMS 0x000000071da00000, 0x000000071da00000| Untracked 
| 160|0x000000071dc00000, 0x000000071dc00000, 0x000000071de00000|  0%| F|  |TAMS 0x000000071dc00000, 0x000000071dc00000| Untracked 
| 161|0x000000071de00000, 0x000000071de00000, 0x000000071e000000|  0%| F|  |TAMS 0x000000071de00000, 0x000000071de00000| Untracked 
| 162|0x000000071e000000, 0x000000071e000000, 0x000000071e200000|  0%| F|  |TAMS 0x000000071e000000, 0x000000071e000000| Untracked 
| 163|0x000000071e200000, 0x000000071e200000, 0x000000071e400000|  0%| F|  |TAMS 0x000000071e200000, 0x000000071e200000| Untracked 
| 164|0x000000071e400000, 0x000000071e400000, 0x000000071e600000|  0%| F|  |TAMS 0x000000071e400000, 0x000000071e400000| Untracked 
| 165|0x000000071e600000, 0x000000071e600000, 0x000000071e800000|  0%| F|  |TAMS 0x000000071e600000, 0x000000071e600000| Untracked 
| 166|0x000000071e800000, 0x000000071e800000, 0x000000071ea00000|  0%| F|  |TAMS 0x000000071e800000, 0x000000071e800000| Untracked 
| 167|0x000000071ea00000, 0x000000071ea00000, 0x000000071ec00000|  0%| F|  |TAMS 0x000000071ea00000, 0x000000071ea00000| Untracked 
| 168|0x000000071ec00000, 0x000000071ec00000, 0x000000071ee00000|  0%| F|  |TAMS 0x000000071ec00000, 0x000000071ec00000| Untracked 
| 169|0x000000071ee00000, 0x000000071ee00000, 0x000000071f000000|  0%| F|  |TAMS 0x000000071ee00000, 0x000000071ee00000| Untracked 
| 170|0x000000071f000000, 0x000000071f000000, 0x000000071f200000|  0%| F|  |TAMS 0x000000071f000000, 0x000000071f000000| Untracked 
| 171|0x000000071f200000, 0x000000071f200000, 0x000000071f400000|  0%| F|  |TAMS 0x000000071f200000, 0x000000071f200000| Untracked 
| 172|0x000000071f400000, 0x000000071f400000, 0x000000071f600000|  0%| F|  |TAMS 0x000000071f400000, 0x000000071f400000| Untracked 
| 173|0x000000071f600000, 0x000000071f600000, 0x000000071f800000|  0%| F|  |TAMS 0x000000071f600000, 0x000000071f600000| Untracked 
| 174|0x000000071f800000, 0x000000071f800000, 0x000000071fa00000|  0%| F|  |TAMS 0x000000071f800000, 0x000000071f800000| Untracked 
| 175|0x000000071fa00000, 0x000000071fa00000, 0x000000071fc00000|  0%| F|  |TAMS 0x000000071fa00000, 0x000000071fa00000| Untracked 
| 176|0x000000071fc00000, 0x000000071fc00000, 0x000000071fe00000|  0%| F|  |TAMS 0x000000071fc00000, 0x000000071fc00000| Untracked 
| 177|0x000000071fe00000, 0x000000071fe00000, 0x0000000720000000|  0%| F|  |TAMS 0x000000071fe00000, 0x000000071fe00000| Untracked 
| 178|0x0000000720000000, 0x0000000720000000, 0x0000000720200000|  0%| F|  |TAMS 0x0000000720000000, 0x0000000720000000| Untracked 
| 179|0x0000000720200000, 0x0000000720200000, 0x0000000720400000|  0%| F|  |TAMS 0x0000000720200000, 0x0000000720200000| Untracked 
| 180|0x0000000720400000, 0x0000000720400000, 0x0000000720600000|  0%| F|  |TAMS 0x0000000720400000, 0x0000000720400000| Untracked 
| 181|0x0000000720600000, 0x0000000720600000, 0x0000000720800000|  0%| F|  |TAMS 0x0000000720600000, 0x0000000720600000| Untracked 
| 182|0x0000000720800000, 0x0000000720800000, 0x0000000720a00000|  0%| F|  |TAMS 0x0000000720800000, 0x0000000720800000| Untracked 
| 183|0x0000000720a00000, 0x0000000720a00000, 0x0000000720c00000|  0%| F|  |TAMS 0x0000000720a00000, 0x0000000720a00000| Untracked 
| 184|0x0000000720c00000, 0x0000000720c00000, 0x0000000720e00000|  0%| F|  |TAMS 0x0000000720c00000, 0x0000000720c00000| Untracked 
| 185|0x0000000720e00000, 0x0000000720e00000, 0x0000000721000000|  0%| F|  |TAMS 0x0000000720e00000, 0x0000000720e00000| Untracked 
| 186|0x0000000721000000, 0x0000000721000000, 0x0000000721200000|  0%| F|  |TAMS 0x0000000721000000, 0x0000000721000000| Untracked 
| 187|0x0000000721200000, 0x0000000721200000, 0x0000000721400000|  0%| F|  |TAMS 0x0000000721200000, 0x0000000721200000| Untracked 
| 188|0x0000000721400000, 0x0000000721400000, 0x0000000721600000|  0%| F|  |TAMS 0x0000000721400000, 0x0000000721400000| Untracked 
| 189|0x0000000721600000, 0x0000000721600000, 0x0000000721800000|  0%| F|  |TAMS 0x0000000721600000, 0x0000000721600000| Untracked 
| 190|0x0000000721800000, 0x0000000721800000, 0x0000000721a00000|  0%| F|  |TAMS 0x0000000721800000, 0x0000000721800000| Untracked 
| 191|0x0000000721a00000, 0x0000000721a00000, 0x0000000721c00000|  0%| F|  |TAMS 0x0000000721a00000, 0x0000000721a00000| Untracked 
| 192|0x0000000721c00000, 0x0000000721c00000, 0x0000000721e00000|  0%| F|  |TAMS 0x0000000721c00000, 0x0000000721c00000| Untracked 
| 193|0x0000000721e00000, 0x0000000721e00000, 0x0000000722000000|  0%| F|  |TAMS 0x0000000721e00000, 0x0000000721e00000| Untracked 
| 194|0x0000000722000000, 0x0000000722000000, 0x0000000722200000|  0%| F|  |TAMS 0x0000000722000000, 0x0000000722000000| Untracked 
| 195|0x0000000722200000, 0x0000000722200000, 0x0000000722400000|  0%| F|  |TAMS 0x0000000722200000, 0x0000000722200000| Untracked 
| 196|0x0000000722400000, 0x0000000722400000, 0x0000000722600000|  0%| F|  |TAMS 0x0000000722400000, 0x0000000722400000| Untracked 
| 197|0x0000000722600000, 0x0000000722600000, 0x0000000722800000|  0%| F|  |TAMS 0x0000000722600000, 0x0000000722600000| Untracked 
| 198|0x0000000722800000, 0x0000000722800000, 0x0000000722a00000|  0%| F|  |TAMS 0x0000000722800000, 0x0000000722800000| Untracked 
| 199|0x0000000722a00000, 0x0000000722a00000, 0x0000000722c00000|  0%| F|  |TAMS 0x0000000722a00000, 0x0000000722a00000| Untracked 
| 200|0x0000000722c00000, 0x0000000722c00000, 0x0000000722e00000|  0%| F|  |TAMS 0x0000000722c00000, 0x0000000722c00000| Untracked 
| 201|0x0000000722e00000, 0x0000000722e00000, 0x0000000723000000|  0%| F|  |TAMS 0x0000000722e00000, 0x0000000722e00000| Untracked 
| 202|0x0000000723000000, 0x0000000723000000, 0x0000000723200000|  0%| F|  |TAMS 0x0000000723000000, 0x0000000723000000| Untracked 
| 203|0x0000000723200000, 0x0000000723200000, 0x0000000723400000|  0%| F|  |TAMS 0x0000000723200000, 0x0000000723200000| Untracked 
| 204|0x0000000723400000, 0x0000000723400000, 0x0000000723600000|  0%| F|  |TAMS 0x0000000723400000, 0x0000000723400000| Untracked 
| 205|0x0000000723600000, 0x0000000723600000, 0x0000000723800000|  0%| F|  |TAMS 0x0000000723600000, 0x0000000723600000| Untracked 
| 206|0x0000000723800000, 0x0000000723800000, 0x0000000723a00000|  0%| F|  |TAMS 0x0000000723800000, 0x0000000723800000| Untracked 
| 207|0x0000000723a00000, 0x0000000723a00000, 0x0000000723c00000|  0%| F|  |TAMS 0x0000000723a00000, 0x0000000723a00000| Untracked 
| 208|0x0000000723c00000, 0x0000000723c00000, 0x0000000723e00000|  0%| F|  |TAMS 0x0000000723c00000, 0x0000000723c00000| Untracked 
| 209|0x0000000723e00000, 0x0000000723e00000, 0x0000000724000000|  0%| F|  |TAMS 0x0000000723e00000, 0x0000000723e00000| Untracked 
| 210|0x0000000724000000, 0x0000000724000000, 0x0000000724200000|  0%| F|  |TAMS 0x0000000724000000, 0x0000000724000000| Untracked 
| 211|0x0000000724200000, 0x0000000724200000, 0x0000000724400000|  0%| F|  |TAMS 0x0000000724200000, 0x0000000724200000| Untracked 
| 212|0x0000000724400000, 0x0000000724400000, 0x0000000724600000|  0%| F|  |TAMS 0x0000000724400000, 0x0000000724400000| Untracked 
| 213|0x0000000724600000, 0x0000000724600000, 0x0000000724800000|  0%| F|  |TAMS 0x0000000724600000, 0x0000000724600000| Untracked 
| 258|0x000000072a000000, 0x000000072a000000, 0x000000072a200000|  0%| F|  |TAMS 0x000000072a000000, 0x000000072a000000| Untracked 
|1969|0x00000007ffe00000, 0x00000007ffe00000, 0x0000000800000000|  0%| F|  |TAMS 0x00000007ffe00000, 0x00000007ffe00000| Untracked 

Card table byte_map: [0x0000021e9d5d0000,0x0000021e9dd90000] _byte_map_base: 0x0000021e99d82000

Marking Bits (Prev, Next): (CMBitMap*) 0x0000021e920765b0, (CMBitMap*) 0x0000021e92076570
 Prev Bits: [0x0000021ea22e0000, 0x0000021ea6070000)
 Next Bits: [0x0000021e9e550000, 0x0000021ea22e0000)

Polling page: 0x0000021e8fd10000

Metaspace:

Usage:
  Non-class:     73.99 MB used.
      Class:     13.06 MB used.
       Both:     87.05 MB used.

Virtual space:
  Non-class space:      128.00 MB reserved,      74.38 MB ( 58%) committed,  2 nodes.
      Class space:        1.00 GB reserved,      13.38 MB (  1%) committed,  1 nodes.
             Both:        1.12 GB reserved,      87.75 MB (  8%) committed. 

Chunk freelists:
   Non-Class:  5.35 MB
       Class:  2.55 MB
        Both:  7.90 MB

MaxMetaspaceSize: unlimited
CompressedClassSpaceSize: 1.00 GB
Initial GC threshold: 21.00 MB
Current GC threshold: 146.25 MB
CDS: on
MetaspaceReclaimPolicy: balanced
 - commit_granule_bytes: 65536.
 - commit_granule_words: 8192.
 - virtual_space_node_default_size: 8388608.
 - enlarge_chunks_in_place: 1.
 - new_chunks_are_fully_committed: 0.
 - uncommit_free_chunks: 1.
 - use_allocation_guard: 0.
 - handle_deallocations: 1.


Internal statistics:

num_allocs_failed_limit: 9.
num_arena_births: 1266.
num_arena_deaths: 408.
num_vsnodes_births: 3.
num_vsnodes_deaths: 0.
num_space_committed: 1404.
num_space_uncommitted: 0.
num_chunks_returned_to_freelist: 497.
num_chunks_taken_from_freelist: 4637.
num_chunk_merges: 159.
num_chunk_splits: 3146.
num_chunks_enlarged: 2374.
num_inconsistent_stats: 0.

CodeCache: size=49152Kb used=27622Kb max_used=28208Kb free=21530Kb
 bounds [0x0000021e99ad0000, 0x0000021e9b6d0000, 0x0000021e9cad0000]
 total_blobs=16963 nmethods=16214 adapters=675
 compilation: enabled
              stopped_count=0, restarted_count=0
 full_count=0

Compilation events (20 events):
Event: 7140.725 Thread 0x0000021ea8d41a20 16381       1       java.lang.ThreadGroup::getMaxPriority (5 bytes)
Event: 7140.725 Thread 0x0000021ea8d41a20 nmethod 16381 0x0000021e9b506590 code [0x0000021e9b506720, 0x0000021e9b5067f8]
Event: 7140.726 Thread 0x0000021ea8d41a20 16382       1       java.net.InetSocketAddress::isUnresolved (8 bytes)
Event: 7140.726 Thread 0x0000021ea8d41a20 nmethod 16382 0x0000021e9b506290 code [0x0000021e9b506420, 0x0000021e9b506518]
Event: 7140.726 Thread 0x0000021ea8d41a20 16383       1       java.net.InetSocketAddress$InetSocketAddressHolder::isUnresolved (13 bytes)
Event: 7140.726 Thread 0x0000021ea8d41a20 nmethod 16383 0x0000021e9b505f90 code [0x0000021e9b506120, 0x0000021e9b5061f8]
Event: 7154.765 Thread 0x0000021ea8d41a20 16384       1       com.microsoft.sqlserver.jdbc.SQLServerConnection::setState (6 bytes)
Event: 7154.765 Thread 0x0000021ea8d41a20 nmethod 16384 0x0000021e9b505c90 code [0x0000021e9b505e20, 0x0000021e9b505f38]
Event: 7154.772 Thread 0x0000021ea8d41a20 16385       1       java.math.MutableBigInteger::divide (8 bytes)
Event: 7154.772 Thread 0x0000021ea8d41a20 nmethod 16385 0x0000021e9b505990 code [0x0000021e9b505b20, 0x0000021e9b505c08]
Event: 7154.772 Thread 0x0000021ea8d41a20 16386       1       java.math.MutableBigInteger::divide (38 bytes)
Event: 7154.772 Thread 0x0000021ea8d41a20 nmethod 16386 0x0000021e9b505590 code [0x0000021e9b505740, 0x0000021e9b505878]
Event: 7154.774 Thread 0x0000021ea8d41a20 16387       1       sun.security.provider.SHA5::<init> (27 bytes)
Event: 7154.775 Thread 0x0000021ea8d41a20 nmethod 16387 0x0000021e9b504e90 code [0x0000021e9b505040, 0x0000021e9b505488]
Event: 7154.776 Thread 0x0000021ea8d41a20 16388       1       sun.security.provider.SHA5$SHA384::<init> (12 bytes)
Event: 7154.776 Thread 0x0000021ea8d41a20 nmethod 16388 0x0000021e9b504710 code [0x0000021e9b5048c0, 0x0000021e9b504d48]
Event: 7159.002 Thread 0x0000021ea8d41a20 16389       1       com.microsoft.sqlserver.jdbc.SQLServerPreparedStatement::setString (75 bytes)
Event: 7159.004 Thread 0x0000021ea8d41a20 nmethod 16389 0x0000021e9b503310 code [0x0000021e9b503600, 0x0000021e9b504048]
Event: 7159.075 Thread 0x0000021ea8d41a20 16390       1       com.microsoft.sqlserver.jdbc.DTV$SendByRPCOp::execute (25 bytes)
Event: 7159.076 Thread 0x0000021ea8d41a20 nmethod 16390 0x0000021e9b502f90 code [0x0000021e9b503120, 0x0000021e9b503228]

GC Heap History (20 events):
Event: 7075.043 GC heap after
{Heap after GC invocations=274 (full 0):
 garbage-first heap   total 274432K, used 76009K [0x0000000709c00000, 0x0000000800000000)
  region size 2048K, 2 young (4096K), 2 survivors (4096K)
 Metaspace       used 89138K, committed 89856K, reserved 1179648K
  class space    used 13372K, committed 13696K, reserved 1048576K
}
Event: 7152.509 GC heap before
{Heap before GC invocations=275 (full 0):
 garbage-first heap   total 274432K, used 221417K [0x0000000709c00000, 0x0000000800000000)
  region size 2048K, 49 young (100352K), 2 survivors (4096K)
 Metaspace       used 89138K, committed 89856K, reserved 1179648K
  class space    used 13372K, committed 13696K, reserved 1048576K
}
Event: 7152.511 GC heap after
{Heap after GC invocations=276 (full 0):
 garbage-first heap   total 274432K, used 104099K [0x0000000709c00000, 0x0000000800000000)
  region size 2048K, 7 young (14336K), 7 survivors (14336K)
 Metaspace       used 89138K, committed 89856K, reserved 1179648K
  class space    used 13372K, committed 13696K, reserved 1048576K
}
Event: 7152.513 GC heap before
{Heap before GC invocations=276 (full 0):
 garbage-first heap   total 274432K, used 108195K [0x0000000709c00000, 0x0000000800000000)
  region size 2048K, 8 young (16384K), 7 survivors (14336K)
 Metaspace       used 89138K, committed 89856K, reserved 1179648K
  class space    used 13372K, committed 13696K, reserved 1048576K
}
Event: 7152.516 GC heap after
{Heap after GC invocations=277 (full 0):
 garbage-first heap   total 274432K, used 101037K [0x0000000709c00000, 0x0000000800000000)
  region size 2048K, 1 young (2048K), 1 survivors (2048K)
 Metaspace       used 89138K, committed 89856K, reserved 1179648K
  class space    used 13372K, committed 13696K, reserved 1048576K
}
Event: 7152.525 GC heap before
{Heap before GC invocations=277 (full 0):
 garbage-first heap   total 274432K, used 101037K [0x0000000709c00000, 0x0000000800000000)
  region size 2048K, 3 young (6144K), 1 survivors (2048K)
 Metaspace       used 89138K, committed 89856K, reserved 1179648K
  class space    used 13372K, committed 13696K, reserved 1048576K
}
Event: 7152.526 GC heap after
{Heap after GC invocations=278 (full 0):
 garbage-first heap   total 274432K, used 101894K [0x0000000709c00000, 0x0000000800000000)
  region size 2048K, 1 young (2048K), 1 survivors (2048K)
 Metaspace       used 89138K, committed 89856K, reserved 1179648K
  class space    used 13372K, committed 13696K, reserved 1048576K
}
Event: 7153.045 GC heap before
{Heap before GC invocations=279 (full 0):
 garbage-first heap   total 274432K, used 226822K [0x0000000709c00000, 0x0000000800000000)
  region size 2048K, 43 young (88064K), 1 survivors (2048K)
 Metaspace       used 89138K, committed 89856K, reserved 1179648K
  class space    used 13372K, committed 13696K, reserved 1048576K
}
Event: 7153.049 GC heap after
{Heap after GC invocations=280 (full 0):
 garbage-first heap   total 274432K, used 142496K [0x0000000709c00000, 0x0000000800000000)
  region size 2048K, 6 young (12288K), 6 survivors (12288K)
 Metaspace       used 89138K, committed 89856K, reserved 1179648K
  class space    used 13372K, committed 13696K, reserved 1048576K
}
Event: 7153.109 GC heap before
{Heap before GC invocations=280 (full 0):
 garbage-first heap   total 274432K, used 152736K [0x0000000709c00000, 0x0000000800000000)
  region size 2048K, 7 young (14336K), 6 survivors (12288K)
 Metaspace       used 89138K, committed 89856K, reserved 1179648K
  class space    used 13372K, committed 13696K, reserved 1048576K
}
Event: 7153.111 GC heap after
{Heap after GC invocations=281 (full 0):
 garbage-first heap   total 274432K, used 125618K [0x0000000709c00000, 0x0000000800000000)
  region size 2048K, 1 young (2048K), 1 survivors (2048K)
 Metaspace       used 89138K, committed 89856K, reserved 1179648K
  class space    used 13372K, committed 13696K, reserved 1048576K
}
Event: 7153.118 GC heap before
{Heap before GC invocations=281 (full 0):
 garbage-first heap   total 274432K, used 125618K [0x0000000709c00000, 0x0000000800000000)
  region size 2048K, 2 young (4096K), 1 survivors (2048K)
 Metaspace       used 89138K, committed 89856K, reserved 1179648K
  class space    used 13372K, committed 13696K, reserved 1048576K
}
Event: 7153.120 GC heap after
{Heap after GC invocations=282 (full 0):
 garbage-first heap   total 274432K, used 125882K [0x0000000709c00000, 0x0000000800000000)
  region size 2048K, 1 young (2048K), 1 survivors (2048K)
 Metaspace       used 89138K, committed 89856K, reserved 1179648K
  class space    used 13372K, committed 13696K, reserved 1048576K
}
Event: 7159.125 GC heap before
{Heap before GC invocations=283 (full 0):
 garbage-first heap   total 274432K, used 227262K [0x0000000709c00000, 0x0000000800000000)
  region size 2048K, 35 young (71680K), 1 survivors (2048K)
 Metaspace       used 89138K, committed 89856K, reserved 1179648K
  class space    used 13372K, committed 13696K, reserved 1048576K
}
Event: 7159.127 GC heap after
{Heap after GC invocations=284 (full 0):
 garbage-first heap   total 274432K, used 144856K [0x0000000709c00000, 0x0000000800000000)
  region size 2048K, 5 young (10240K), 5 survivors (10240K)
 Metaspace       used 89138K, committed 89856K, reserved 1179648K
  class space    used 13372K, committed 13696K, reserved 1048576K
}
Event: 7159.137 GC heap before
{Heap before GC invocations=284 (full 0):
 garbage-first heap   total 274432K, used 144856K [0x0000000709c00000, 0x0000000800000000)
  region size 2048K, 6 young (12288K), 5 survivors (10240K)
 Metaspace       used 89138K, committed 89856K, reserved 1179648K
  class space    used 13372K, committed 13696K, reserved 1048576K
}
Event: 7159.139 GC heap after
{Heap after GC invocations=285 (full 0):
 garbage-first heap   total 274432K, used 120743K [0x0000000709c00000, 0x0000000800000000)
  region size 2048K, 1 young (2048K), 1 survivors (2048K)
 Metaspace       used 89138K, committed 89856K, reserved 1179648K
  class space    used 13372K, committed 13696K, reserved 1048576K
}
Event: 7159.184 GC heap before
{Heap before GC invocations=285 (full 0):
 garbage-first heap   total 274432K, used 133031K [0x0000000709c00000, 0x0000000800000000)
  region size 2048K, 6 young (12288K), 1 survivors (2048K)
 Metaspace       used 89138K, committed 89856K, reserved 1179648K
  class space    used 13372K, committed 13696K, reserved 1048576K
}
Event: 7159.186 GC heap after
{Heap after GC invocations=286 (full 0):
 garbage-first heap   total 274432K, used 105677K [0x0000000709c00000, 0x0000000800000000)
  region size 2048K, 1 young (2048K), 1 survivors (2048K)
 Metaspace       used 89138K, committed 89856K, reserved 1179648K
  class space    used 13372K, committed 13696K, reserved 1048576K
}
Event: 7159.220 GC heap before
{Heap before GC invocations=286 (full 0):
 garbage-first heap   total 274432K, used 107725K [0x0000000709c00000, 0x0000000800000000)
  region size 2048K, 4 young (8192K), 1 survivors (2048K)
 Metaspace       used 89138K, committed 89856K, reserved 1179648K
  class space    used 13372K, committed 13696K, reserved 1048576K
}

Dll operation events (13 events):
Event: 0.017 Loaded shared library C:\JDK_Version\JDK17\bin\java.dll
Event: 0.022 Loaded shared library C:\JDK_Version\JDK17\bin\jsvml.dll
Event: 0.128 Loaded shared library C:\JDK_Version\JDK17\bin\zip.dll
Event: 0.129 Loaded shared library C:\JDK_Version\JDK17\bin\instrument.dll
Event: 0.132 Loaded shared library C:\JDK_Version\JDK17\bin\net.dll
Event: 0.133 Loaded shared library C:\JDK_Version\JDK17\bin\nio.dll
Event: 0.136 Loaded shared library C:\JDK_Version\JDK17\bin\zip.dll
Event: 0.217 Loaded shared library D:\IntelliJ_Ultimate\IntelliJ IDEA 2023.3.4\bin\breakgen64.dll
Event: 0.220 Loaded shared library C:\JDK_Version\JDK17\bin\jimage.dll
Event: 0.232 Loaded shared library C:\JDK_Version\JDK17\bin\management.dll
Event: 0.240 Loaded shared library C:\JDK_Version\JDK17\bin\management_ext.dll
Event: 0.385 Loaded shared library C:\JDK_Version\JDK17\bin\verify.dll
Event: 1.390 Loaded shared library C:\JDK_Version\JDK17\bin\sunmscapi.dll

Deoptimization events (20 events):
Event: 1.260 Thread 0x0000021eae27fac0 DEOPT PACKING pc=0x0000021e9a1414d5 sp=0x0000004f514fd040
Event: 1.260 Thread 0x0000021eae27fac0 DEOPT UNPACKING pc=0x0000021e99b27143 sp=0x0000004f514fc4e8 mode 3
Event: 2.925 Thread 0x0000021eae27fac0 DEOPT PACKING pc=0x0000021e9a45e0a5 sp=0x0000004f514fbe60
Event: 2.925 Thread 0x0000021eae27fac0 DEOPT UNPACKING pc=0x0000021e99b27143 sp=0x0000004f514fb3c8 mode 3
Event: 2.940 Thread 0x0000021eaeb6ee80 DEOPT PACKING pc=0x0000021e9a00d99f sp=0x0000004f51dff260
Event: 2.940 Thread 0x0000021eaeb6ee80 DEOPT UNPACKING pc=0x0000021e99b27143 sp=0x0000004f51dfe6b8 mode 3
Event: 5.228 Thread 0x0000021eae27fac0 DEOPT PACKING pc=0x0000021e9a111052 sp=0x0000004f514fb5d0
Event: 5.228 Thread 0x0000021eae27fac0 DEOPT UNPACKING pc=0x0000021e99b27143 sp=0x0000004f514faad8 mode 3
Event: 5.302 Thread 0x0000021eae27fac0 DEOPT PACKING pc=0x0000021e9a8c80e4 sp=0x0000004f514fba50
Event: 5.302 Thread 0x0000021eae27fac0 DEOPT UNPACKING pc=0x0000021e99b27143 sp=0x0000004f514fafa8 mode 0
Event: 6.116 Thread 0x0000021eae27fac0 DEOPT PACKING pc=0x0000021e9aa6af79 sp=0x0000004f514fa850
Event: 6.116 Thread 0x0000021eae27fac0 DEOPT UNPACKING pc=0x0000021e99b27143 sp=0x0000004f514f9d30 mode 3
Event: 7.174 Thread 0x0000021eae27fac0 DEOPT PACKING pc=0x0000021e9aaef12c sp=0x0000004f514fcbb0
Event: 7.174 Thread 0x0000021eae27fac0 DEOPT UNPACKING pc=0x0000021e99b27143 sp=0x0000004f514fc058 mode 0
Event: 153.919 Thread 0x0000021eb02e4d80 DEOPT PACKING pc=0x0000021e9acc714b sp=0x0000004f52efb790
Event: 153.919 Thread 0x0000021eb02e4d80 DEOPT UNPACKING pc=0x0000021e99b27143 sp=0x0000004f52efacb8 mode 3
Event: 171.276 Thread 0x0000021eb08c8230 DEOPT PACKING pc=0x0000021e99d7db7b sp=0x0000004f531fb3f0
Event: 171.276 Thread 0x0000021eb08c8230 DEOPT UNPACKING pc=0x0000021e99b27143 sp=0x0000004f531fa900 mode 3
Event: 226.078 Thread 0x0000021eb02e6a60 DEOPT PACKING pc=0x0000021e9abd539c sp=0x0000004f52cfa2e0
Event: 226.078 Thread 0x0000021eb02e6a60 DEOPT UNPACKING pc=0x0000021e99b27143 sp=0x0000004f52cf9790 mode 0

Classes unloaded (20 events):
Event: 229.815 Thread 0x0000021ea8d12090 Unloading class 0x0000000801003000 'java/lang/invoke/LambdaForm$MH+0x0000000801003000'
Event: 229.815 Thread 0x0000021ea8d12090 Unloading class 0x0000000801002800 'java/lang/invoke/LambdaForm$MH+0x0000000801002800'
Event: 229.815 Thread 0x0000021ea8d12090 Unloading class 0x0000000801002000 'java/lang/invoke/LambdaForm$MH+0x0000000801002000'
Event: 6360.293 Thread 0x0000021ea8d12090 Unloading class 0x0000000801003800 'jdk/internal/reflect/GeneratedMethodAccessor130'
Event: 6360.293 Thread 0x0000021ea8d12090 Unloading class 0x0000000801004400 'jdk/internal/reflect/GeneratedMethodAccessor129'
Event: 6360.293 Thread 0x0000021ea8d12090 Unloading class 0x0000000801004c00 'jdk/internal/reflect/GeneratedConstructorAccessor95'
Event: 6360.293 Thread 0x0000021ea8d12090 Unloading class 0x0000000801005000 'jdk/internal/reflect/GeneratedMethodAccessor128'
Event: 6360.293 Thread 0x0000021ea8d12090 Unloading class 0x0000000801007c00 'jdk/internal/reflect/GeneratedMethodAccessor127'
Event: 6360.293 Thread 0x0000021ea8d12090 Unloading class 0x0000000801008800 'jdk/internal/reflect/GeneratedMethodAccessor126'
Event: 6360.293 Thread 0x0000021ea8d12090 Unloading class 0x0000000801009000 'jdk/internal/reflect/GeneratedConstructorAccessor94'
Event: 6360.293 Thread 0x0000021ea8d12090 Unloading class 0x00000008010c0800 'jdk/internal/reflect/GeneratedMethodAccessor125'
Event: 6360.293 Thread 0x0000021ea8d12090 Unloading class 0x0000000801181000 'jdk/internal/reflect/GeneratedMethodAccessor123'
Event: 6360.293 Thread 0x0000021ea8d12090 Unloading class 0x0000000801181c00 'jdk/internal/reflect/GeneratedMethodAccessor122'
Event: 6360.293 Thread 0x0000021ea8d12090 Unloading class 0x0000000801190800 'jdk/internal/reflect/GeneratedConstructorAccessor92'
Event: 6360.293 Thread 0x0000021ea8d12090 Unloading class 0x00000008011d0800 'jdk/internal/reflect/GeneratedMethodAccessor121'
Event: 6360.293 Thread 0x0000021ea8d12090 Unloading class 0x0000000801bd0800 'jdk/internal/reflect/GeneratedMethodAccessor100'
Event: 6360.293 Thread 0x0000021ea8d12090 Unloading class 0x0000000801bec400 'jdk/internal/reflect/GeneratedMethodAccessor99'
Event: 6360.293 Thread 0x0000021ea8d12090 Unloading class 0x0000000801bed800 'jdk/internal/reflect/GeneratedConstructorAccessor82'
Event: 6360.293 Thread 0x0000021ea8d12090 Unloading class 0x0000000801d5c800 'jdk/internal/reflect/GeneratedMethodAccessor58'
Event: 6360.293 Thread 0x0000021ea8d12090 Unloading class 0x0000000801cbe000 'jdk/internal/reflect/GeneratedConstructorAccessor68'

Classes redefined (0 events):
No events

Internal exceptions (20 events):
Event: 6.898 Thread 0x0000021eae27fac0 Exception <a 'java/lang/NoSuchMethodError'{0x00000007102920f0}: 'java.lang.Object java.lang.invoke.DirectMethodHandle$Holder.newInvokeSpecial(java.lang.Object, java.lang.Object, int, java.lang.Object, java.lang.Object)'> (0x00000007102920f0) 
thrown [s\src\hotspot\share\interpreter\linkResolver.cpp, line 759]
Event: 6.918 Thread 0x0000021eae27fac0 Exception <a 'java/lang/NoSuchMethodError'{0x0000000710052cb0}: 'double java.lang.invoke.DirectMethodHandle$Holder.invokeVirtual(java.lang.Object, java.lang.Object)'> (0x0000000710052cb0) 
thrown [s\src\hotspot\share\interpreter\linkResolver.cpp, line 759]
Event: 153.376 Thread 0x0000021eb08c8230 Exception <a 'java/lang/NoSuchMethodError'{0x00000007113d1e28}: 'java.lang.Object java.lang.invoke.DirectMethodHandle$Holder.invokeSpecial(java.lang.Object, java.lang.Object, java.lang.Object, java.lang.Object, java.lang.Object, long)'> (0x00000007113d1e28) 
thrown [s\src\hotspot\share\interpreter\linkResolver.cpp, line 759]
Event: 153.376 Thread 0x0000021eb08c8230 Exception <a 'java/lang/NoSuchMethodError'{0x00000007113d5868}: 'java.lang.Object java.lang.invoke.Invokers$Holder.linkToTargetMethod(java.lang.Object, java.lang.Object, java.lang.Object, long, java.lang.Object)'> (0x00000007113d5868) 
thrown [s\src\hotspot\share\interpreter\linkResolver.cpp, line 759]
Event: 153.494 Thread 0x0000021eb02e48b0 Exception <a 'java/lang/NoSuchMethodError'{0x0000000710215df8}: 'void java.lang.invoke.DirectMethodHandle$Holder.invokeSpecialIFC(java.lang.Object, java.lang.Object, int, java.lang.Object, java.lang.Object, java.lang.Object, java.lang.Object)'> (0x0000000710215df8) 
thrown [s\src\hotspot\share\interpreter\linkResolver.cpp, line 759]
Event: 153.494 Thread 0x0000021eb08c6ef0 Exception <a 'java/lang/NoSuchMethodError'{0x000000071055f8f0}: 'void java.lang.invoke.DirectMethodHandle$Holder.invokeSpecialIFC(java.lang.Object, java.lang.Object, int, java.lang.Object, java.lang.Object, java.lang.Object, java.lang.Object)'> (0x000000071055f8f0) 
thrown [s\src\hotspot\share\interpreter\linkResolver.cpp, line 759]
Event: 153.494 Thread 0x0000021eb02e6a60 Exception <a 'java/lang/NoSuchMethodError'{0x00000007105f7c40}: 'void java.lang.invoke.DirectMethodHandle$Holder.invokeSpecialIFC(java.lang.Object, java.lang.Object, int, java.lang.Object, java.lang.Object, java.lang.Object, java.lang.Object)'> (0x00000007105f7c40) 
thrown [s\src\hotspot\share\interpreter\linkResolver.cpp, line 759]
Event: 153.494 Thread 0x0000021eb08c9570 Exception <a 'java/lang/NoSuchMethodError'{0x0000000710595258}: 'void java.lang.invoke.DirectMethodHandle$Holder.invokeSpecialIFC(java.lang.Object, java.lang.Object, int, java.lang.Object, java.lang.Object, java.lang.Object, java.lang.Object)'> (0x0000000710595258) 
thrown [s\src\hotspot\share\interpreter\linkResolver.cpp, line 759]
Event: 153.550 Thread 0x0000021eb08c8230 Exception <a 'java/lang/IncompatibleClassChangeError'{0x000000070fc35178}: Found class java.lang.Object, but interface was expected> (0x000000070fc35178) 
thrown [s\src\hotspot\share\interpreter\linkResolver.cpp, line 826]
Event: 1761.705 Thread 0x0000021eb03c8730 Exception <a 'java/lang/reflect/InvocationTargetException'{0x000000071b1df448}> (0x000000071b1df448) 
thrown [s\src\hotspot\share\runtime\reflection.cpp, line 1121]
Event: 1770.536 Thread 0x0000021eb0bd77c0 Exception <a 'java/lang/reflect/InvocationTargetException'{0x0000000719b160b0}> (0x0000000719b160b0) 
thrown [s\src\hotspot\share\runtime\reflection.cpp, line 1121]
Event: 1770.581 Thread 0x0000021eb0bd77c0 Exception <a 'java/lang/reflect/InvocationTargetException'{0x0000000719b71390}> (0x0000000719b71390) 
thrown [s\src\hotspot\share\runtime\reflection.cpp, line 1121]
Event: 1779.048 Thread 0x0000021eb03c7d90 Exception <a 'java/lang/reflect/InvocationTargetException'{0x0000000718be0e10}> (0x0000000718be0e10) 
thrown [s\src\hotspot\share\runtime\reflection.cpp, line 1121]
Event: 1784.040 Thread 0x0000021eb03c7d90 Exception <a 'java/lang/reflect/InvocationTargetException'{0x000000071b1df068}> (0x000000071b1df068) 
thrown [s\src\hotspot\share\runtime\reflection.cpp, line 1121]
Event: 1785.642 Thread 0x0000021eb03c7d90 Exception <a 'java/lang/reflect/InvocationTargetException'{0x000000071af16190}> (0x000000071af16190) 
thrown [s\src\hotspot\share\runtime\reflection.cpp, line 1121]
Event: 6348.448 Thread 0x0000021eb08c8700 Exception <a 'java/lang/IncompatibleClassChangeError'{0x000000071f9ff2e0}: Found class java.lang.Object, but interface was expected> (0x000000071f9ff2e0) 
thrown [s\src\hotspot\share\interpreter\linkResolver.cpp, line 826]
Event: 6394.653 Thread 0x0000021eb08c6080 Exception <a 'java/lang/NoSuchMethodError'{0x000000071f8f7ee0}: 'void java.lang.invoke.DirectMethodHandle$Holder.invokeStatic(java.lang.Object, int, java.lang.Object, java.lang.Object, java.lang.Object, java.lang.Object)'> (0x000000071f8f7ee0) 
thrown [s\src\hotspot\share\interpreter\linkResolver.cpp, line 759]
Event: 6394.654 Thread 0x0000021eb08c6080 Exception <a 'java/lang/NoSuchMethodError'{0x000000071f903350}: 'int java.lang.invoke.DirectMethodHandle$Holder.invokeStatic(java.lang.Object, java.lang.Object, int, int)'> (0x000000071f903350) 
thrown [s\src\hotspot\share\interpreter\linkResolver.cpp, line 759]
Event: 6394.669 Thread 0x0000021eb08c6080 Exception <a 'java/lang/NoSuchMethodError'{0x000000071f60e748}: 'java.lang.Object java.lang.invoke.Invokers$Holder.linkToTargetMethod(java.lang.Object, int, java.lang.Object, java.lang.Object, java.lang.Object, java.lang.Object)'> (0x000000071f60e748) 
thrown [s\src\hotspot\share\interpreter\linkResolver.cpp, line 759]
Event: 6394.669 Thread 0x0000021eb08c6080 Exception <a 'java/lang/NoSuchMethodError'{0x000000071f61bb10}: 'int java.lang.invoke.DirectMethodHandle$Holder.invokeStatic(java.lang.Object, java.lang.Object, int, java.lang.Object)'> (0x000000071f61bb10) 
thrown [s\src\hotspot\share\interpreter\linkResolver.cpp, line 759]

VM Operations (20 events):
Event: 7152.561 Executing VM operation: G1Concurrent done
Event: 7152.575 Executing VM operation: G1Concurrent
Event: 7152.575 Executing VM operation: G1Concurrent done
Event: 7153.044 Executing VM operation: G1CollectForAllocation
Event: 7153.049 Executing VM operation: G1CollectForAllocation done
Event: 7153.109 Executing VM operation: G1CollectForAllocation
Event: 7153.111 Executing VM operation: G1CollectForAllocation done
Event: 7153.118 Executing VM operation: G1TryInitiateConcMark
Event: 7153.120 Executing VM operation: G1TryInitiateConcMark done
Event: 7153.152 Executing VM operation: G1Concurrent
Event: 7153.158 Executing VM operation: G1Concurrent done
Event: 7153.176 Executing VM operation: G1Concurrent
Event: 7153.177 Executing VM operation: G1Concurrent done
Event: 7159.124 Executing VM operation: G1CollectForAllocation
Event: 7159.127 Executing VM operation: G1CollectForAllocation done
Event: 7159.137 Executing VM operation: G1CollectForAllocation
Event: 7159.139 Executing VM operation: G1CollectForAllocation done
Event: 7159.184 Executing VM operation: G1CollectForAllocation
Event: 7159.186 Executing VM operation: G1CollectForAllocation done
Event: 7159.220 Executing VM operation: G1TryInitiateConcMark

Events (20 events):
Event: 7111.759 Thread 0x0000021eb0b413b0 Thread added: 0x0000021eb0b413b0
Event: 7111.759 Thread 0x0000021eb0c14970 Thread added: 0x0000021eb0c14970
Event: 7117.517 Thread 0x0000021eb0b413b0 Thread exited: 0x0000021eb0b413b0
Event: 7117.563 Thread 0x0000021eb0c14970 Thread exited: 0x0000021eb0c14970
Event: 7122.002 Thread 0x0000021eb0b40540 Thread added: 0x0000021eb0b40540
Event: 7122.003 Thread 0x0000021eb0e61540 Thread added: 0x0000021eb0e61540
Event: 7127.603 Thread 0x0000021eb0b40540 Thread exited: 0x0000021eb0b40540
Event: 7127.650 Thread 0x0000021eb0e61540 Thread exited: 0x0000021eb0e61540
Event: 7129.800 Thread 0x0000021eb0b40a10 Thread added: 0x0000021eb0b40a10
Event: 7129.800 Thread 0x0000021eb09d4da0 Thread added: 0x0000021eb09d4da0
Event: 7134.225 Thread 0x0000021eb0c3a5c0 Thread exited: 0x0000021eb0c3a5c0
Event: 7139.231 Thread 0x0000021eb0b40a10 Thread exited: 0x0000021eb0b40a10
Event: 7139.277 Thread 0x0000021eb09d4da0 Thread exited: 0x0000021eb09d4da0
Event: 7140.725 Thread 0x0000021eb0b40540 Thread added: 0x0000021eb0b40540
Event: 7140.725 Thread 0x0000021eb0b40a10 Thread added: 0x0000021eb0b40a10
Event: 7145.735 Thread 0x0000021eb0b40540 Thread exited: 0x0000021eb0b40540
Event: 7145.782 Thread 0x0000021eb0b40a10 Thread exited: 0x0000021eb0b40a10
Event: 7152.397 Thread 0x0000021eb03c8730 Thread added: 0x0000021eb03c8730
Event: 7154.765 Thread 0x0000021ea99c2180 Thread added: 0x0000021ea99c2180
Event: 7154.765 Thread 0x0000021eb0c39750 Thread added: 0x0000021eb0c39750


Dynamic libraries:
0x00007ff76b750000 - 0x00007ff76b75e000 	C:\JDK_Version\JDK17\bin\java.exe
0x00007fff01e10000 - 0x00007fff02027000 	C:\WINDOWS\SYSTEM32\ntdll.dll
0x00007fff01410000 - 0x00007fff014d4000 	C:\WINDOWS\System32\KERNEL32.DLL
0x00007ffeff400000 - 0x00007ffeff7b7000 	C:\WINDOWS\System32\KERNELBASE.dll
0x00007ffeff980000 - 0x00007ffeffa91000 	C:\WINDOWS\System32\ucrtbase.dll
0x00007ffef3b30000 - 0x00007ffef3b47000 	C:\JDK_Version\JDK17\bin\jli.dll
0x00007ffef0ae0000 - 0x00007ffef0af9000 	C:\JDK_Version\JDK17\bin\VCRUNTIME140.dll
0x00007fff00520000 - 0x00007fff006cf000 	C:\WINDOWS\System32\USER32.dll
0x00007ffedd3d0000 - 0x00007ffedd663000 	C:\WINDOWS\WinSxS\amd64_microsoft.windows.common-controls_6595b64144ccf1df_6.0.22621.3672_none_2713b9d173822955\COMCTL32.dll
0x00007ffeffb10000 - 0x00007ffeffb36000 	C:\WINDOWS\System32\win32u.dll
0x00007ffeffca0000 - 0x00007ffeffd47000 	C:\WINDOWS\System32\msvcrt.dll
0x00007ffeffb60000 - 0x00007ffeffb89000 	C:\WINDOWS\System32\GDI32.dll
0x00007ffeff7c0000 - 0x00007ffeff8d8000 	C:\WINDOWS\System32\gdi32full.dll
0x00007ffeff8e0000 - 0x00007ffeff97a000 	C:\WINDOWS\System32\msvcp_win.dll
0x00007fff01910000 - 0x00007fff01941000 	C:\WINDOWS\System32\IMM32.DLL
0x00007ffef3c50000 - 0x00007ffef3c5c000 	C:\JDK_Version\JDK17\bin\vcruntime140_1.dll
0x00007ffeed0f0000 - 0x00007ffeed181000 	C:\JDK_Version\JDK17\bin\msvcp140.dll
0x00007ffeacd70000 - 0x00007ffead9b8000 	C:\JDK_Version\JDK17\bin\server\jvm.dll
0x00007ffefff00000 - 0x00007ffefffb2000 	C:\WINDOWS\System32\ADVAPI32.dll
0x00007ffeffe50000 - 0x00007ffeffef8000 	C:\WINDOWS\System32\sechost.dll
0x00007ffeff3d0000 - 0x00007ffeff3f8000 	C:\WINDOWS\System32\bcrypt.dll
0x00007fff00170000 - 0x00007fff00284000 	C:\WINDOWS\System32\RPCRT4.dll
0x00007ffefaae0000 - 0x00007ffefab14000 	C:\WINDOWS\SYSTEM32\WINMM.dll
0x00007ffefc150000 - 0x00007ffefc159000 	C:\WINDOWS\SYSTEM32\WSOCK32.dll
0x00007ffef7be0000 - 0x00007ffef7bea000 	C:\WINDOWS\SYSTEM32\VERSION.dll
0x00007fff011d0000 - 0x00007fff01241000 	C:\WINDOWS\System32\WS2_32.dll
0x00007ffefe140000 - 0x00007ffefe158000 	C:\WINDOWS\SYSTEM32\kernel.appcore.dll
0x00007ffef1160000 - 0x00007ffef116a000 	C:\JDK_Version\JDK17\bin\jimage.dll
0x00007ffef34a0000 - 0x00007ffef36d2000 	C:\WINDOWS\SYSTEM32\DBGHELP.DLL
0x00007fff01580000 - 0x00007fff0190e000 	C:\WINDOWS\System32\combase.dll
0x00007fff012b0000 - 0x00007fff01387000 	C:\WINDOWS\System32\OLEAUT32.dll
0x00007ffef3460000 - 0x00007ffef3492000 	C:\WINDOWS\SYSTEM32\dbgcore.DLL
0x00007ffeff120000 - 0x00007ffeff19b000 	C:\WINDOWS\System32\bcryptPrimitives.dll
0x00007ffef0780000 - 0x00007ffef078e000 	C:\JDK_Version\JDK17\bin\instrument.dll
0x00007ffef0800000 - 0x00007ffef0825000 	C:\JDK_Version\JDK17\bin\java.dll
0x00007ffeecfa0000 - 0x00007ffeed076000 	C:\JDK_Version\JDK17\bin\jsvml.dll
0x00007fff00780000 - 0x00007fff00fe9000 	C:\WINDOWS\System32\SHELL32.dll
0x00007ffefd040000 - 0x00007ffefd93f000 	C:\WINDOWS\SYSTEM32\windows.storage.dll
0x00007ffefcf00000 - 0x00007ffefd03f000 	C:\WINDOWS\SYSTEM32\wintypes.dll
0x00007ffeffba0000 - 0x00007ffeffc99000 	C:\WINDOWS\System32\SHCORE.dll
0x00007fff00290000 - 0x00007fff002ee000 	C:\WINDOWS\System32\shlwapi.dll
0x00007ffeff050000 - 0x00007ffeff077000 	C:\WINDOWS\SYSTEM32\profapi.dll
0x00007ffef07e0000 - 0x00007ffef07f8000 	C:\JDK_Version\JDK17\bin\zip.dll
0x00007ffef0ac0000 - 0x00007ffef0ad9000 	C:\JDK_Version\JDK17\bin\net.dll
0x00007ffefb160000 - 0x00007ffefb296000 	C:\WINDOWS\SYSTEM32\WINHTTP.dll
0x00007ffefe5c0000 - 0x00007ffefe629000 	C:\WINDOWS\system32\mswsock.dll
0x00007ffef0930000 - 0x00007ffef0945000 	C:\JDK_Version\JDK17\bin\nio.dll
0x00007ffeed0d0000 - 0x00007ffeed0ea000 	D:\IntelliJ_Ultimate\IntelliJ IDEA 2023.3.4\bin\breakgen64.dll
0x00007ffefdbd0000 - 0x00007ffefdcd2000 	C:\WINDOWS\SYSTEM32\DNSAPI.dll
0x00007ffefdba0000 - 0x00007ffefdbcd000 	C:\WINDOWS\SYSTEM32\IPHLPAPI.DLL
0x00007fff00350000 - 0x00007fff00359000 	C:\WINDOWS\System32\NSI.dll
0x000000005fb90000 - 0x000000005fbb6000 	C:\Program Files\Bonjour\mdnsNSP.dll
0x00007ffefa850000 - 0x00007ffefa85a000 	C:\Windows\System32\rasadhlp.dll
0x00007ffefaa50000 - 0x00007ffefaad3000 	C:\WINDOWS\System32\fwpuclnt.dll
0x00007ffef0770000 - 0x00007ffef0779000 	C:\JDK_Version\JDK17\bin\management.dll
0x00007ffef0730000 - 0x00007ffef073b000 	C:\JDK_Version\JDK17\bin\management_ext.dll
0x00007ffeffb90000 - 0x00007ffeffb98000 	C:\WINDOWS\System32\PSAPI.DLL
0x00007ffefe810000 - 0x00007ffefe82b000 	C:\WINDOWS\SYSTEM32\CRYPTSP.dll
0x00007ffefe0a0000 - 0x00007ffefe0d5000 	C:\WINDOWS\system32\rsaenh.dll
0x00007ffefe6b0000 - 0x00007ffefe6d8000 	C:\WINDOWS\SYSTEM32\USERENV.dll
0x00007ffefe830000 - 0x00007ffefe83c000 	C:\WINDOWS\SYSTEM32\CRYPTBASE.dll
0x00007ffefb100000 - 0x00007ffefb119000 	C:\WINDOWS\SYSTEM32\dhcpcsvc6.DLL
0x00007ffefb0b0000 - 0x00007ffefb0cf000 	C:\WINDOWS\SYSTEM32\dhcpcsvc.DLL
0x00007ffedf560000 - 0x00007ffedf577000 	C:\WINDOWS\system32\napinsp.dll
0x00007ffed5e20000 - 0x00007ffed5e3b000 	C:\WINDOWS\system32\pnrpnsp.dll
0x00007ffed4750000 - 0x00007ffed4761000 	C:\WINDOWS\System32\winrnr.dll
0x00007ffee5d00000 - 0x00007ffee5d15000 	C:\WINDOWS\system32\wshbth.dll
0x00007ffed2d60000 - 0x00007ffed2d87000 	C:\WINDOWS\system32\nlansp_c.dll
0x00007ffeecf90000 - 0x00007ffeecfa0000 	C:\JDK_Version\JDK17\bin\verify.dll
0x00007ffef0720000 - 0x00007ffef072e000 	C:\JDK_Version\JDK17\bin\sunmscapi.dll
0x00007ffeff260000 - 0x00007ffeff3c6000 	C:\WINDOWS\System32\CRYPT32.dll
0x00007ffefea60000 - 0x00007ffefea8d000 	C:\WINDOWS\SYSTEM32\ncrypt.dll
0x00007ffefea20000 - 0x00007ffefea57000 	C:\WINDOWS\SYSTEM32\NTASN1.dll
0x00007ffe8a9e0000 - 0x00007ffe8a9e8000 	C:\WINDOWS\system32\wshunix.dll

dbghelp: loaded successfully - version: 4.0.5 - missing functions: none
symbol engine: initialized successfully - sym options: 0x614 - pdb path: .;C:\JDK_Version\JDK17\bin;C:\WINDOWS\SYSTEM32;C:\WINDOWS\WinSxS\amd64_microsoft.windows.common-controls_6595b64144ccf1df_6.0.22621.3672_none_2713b9d173822955;C:\JDK_Version\JDK17\bin\server;D:\IntelliJ_Ultimate\IntelliJ IDEA 2023.3.4\bin;C:\Program Files\Bonjour

VM Arguments:
jvm_args: -XX:TieredStopAtLevel=1 -Dspring.output.ansi.enabled=always -Dcom.sun.management.jmxremote -Dspring.jmx.enabled=true -Dspring.liveBeansView.mbeanDomain -Dspring.application.admin.enabled=true -Dmanagement.endpoints.jmx.exposure.include=* -javaagent:D:\IntelliJ_Ultimate\IntelliJ IDEA 2023.3.4\lib\idea_rt.jar=55269:D:\IntelliJ_Ultimate\IntelliJ IDEA 2023.3.4\bin -Dfile.encoding=UTF-8 
java_command: swp391.ticketservice.TicketServiceApplication
java_class_path (initial): D:\Fullsnack\SpringReact\SWP391\Ticket-ReSell-Platform\backend\cloud-config-micro-parent\ticket-service\target\classes;C:\Users\ADMIN\.m2\repository\org\springframework\cloud\spring-cloud-config-server\4.1.3\spring-cloud-config-server-4.1.3.jar;C:\Users\ADMIN\.m2\repository\org\springframework\cloud\spring-cloud-config-client\4.1.3\spring-cloud-config-client-4.1.3.jar;C:\Users\ADMIN\.m2\repository\org\springframework\cloud\spring-cloud-commons\4.1.4\spring-cloud-commons-4.1.4.jar;C:\Users\ADMIN\.m2\repository\org\springframework\cloud\spring-cloud-context\4.1.4\spring-cloud-context-4.1.4.jar;C:\Users\ADMIN\.m2\repository\com\fasterxml\jackson\core\jackson-annotations\2.17.2\jackson-annotations-2.17.2.jar;C:\Users\ADMIN\.m2\repository\io\micrometer\micrometer-observation\1.13.3\micrometer-observation-1.13.3.jar;C:\Users\ADMIN\.m2\repository\io\micrometer\micrometer-commons\1.13.3\micrometer-commons-1.13.3.jar;C:\Users\ADMIN\.m2\repository\org\springframework\security\spring-security-crypto\6.3.3\spring-security-crypto-6.3.3.jar;C:\Users\ADMIN\.m2\repository\org\springframework\security\spring-security-rsa\1.1.3\spring-security-rsa-1.1.3.jar;C:\Users\ADMIN\.m2\repository\org\bouncycastle\bcprov-jdk18on\1.78\bcprov-jdk18on-1.78.jar;C:\Users\ADMIN\.m2\repository\org\apache\httpcomponents\client5\httpclient5\5.3.1\httpclient5-5.3.1.jar;C:\Users\ADMIN\.m2\repository\org\apache\httpcomponents\core5\httpcore5\5.2.5\httpcore5-5.2.5.jar;C:\Users\ADMIN\.m2\repository\org\apache\httpcomponents\core5\httpcore5-h2\5.2.5\httpcore5-h2-5.2.5.jar;C:\Users\ADMIN\.m2\repository\org\slf4j\slf4j-api\2.0.16\slf4j-api-2.0.16.jar;C:\Users\ADMIN\.m2\repository\org\eclipse\jgit\org.eclipse.jgit\6.6.1.202309021850-r\org.eclipse.jgit-6.6.1.202309021850-r.jar;C:\Users\ADMIN\.m2\repository\com\googlecode\javaewah\JavaEWAH\1.2.3\JavaEWAH-1.2.3.jar;C:\Users\ADMIN\.m2\repository\org\eclipse\jgit\org.eclipse.jgit.http.apache\6.6.1.202309021850-r\org.eclipse.jgit.http.apac
Launcher Type: SUN_STANDARD

[Global flags]
     intx CICompilerCount                          = 4                                         {product} {ergonomic}
     uint ConcGCThreads                            = 3                                         {product} {ergonomic}
     uint G1ConcRefinementThreads                  = 10                                        {product} {ergonomic}
   size_t G1HeapRegionSize                         = 2097152                                   {product} {ergonomic}
    uintx GCDrainStackTargetSize                   = 64                                        {product} {ergonomic}
   size_t InitialHeapSize                          = 260046848                                 {product} {ergonomic}
     bool ManagementServer                         = true                                      {product} {command line}
   size_t MarkStackSize                            = 4194304                                   {product} {ergonomic}
   size_t MaxHeapSize                              = 4131389440                                {product} {ergonomic}
   size_t MaxNewSize                               = 2478833664                                {product} {ergonomic}
   size_t MinHeapDeltaBytes                        = 2097152                                   {product} {ergonomic}
   size_t MinHeapSize                              = 8388608                                   {product} {ergonomic}
    uintx NonProfiledCodeHeapSize                  = 0                                      {pd product} {ergonomic}
     bool ProfileInterpreter                       = false                                  {pd product} {command line}
    uintx ProfiledCodeHeapSize                     = 0                                      {pd product} {ergonomic}
   size_t SoftMaxHeapSize                          = 4131389440                             {manageable} {ergonomic}
     intx TieredStopAtLevel                        = 1                                         {product} {command line}
     bool UseCompressedClassPointers               = true                           {product lp64_product} {ergonomic}
     bool UseCompressedOops                        = true                           {product lp64_product} {ergonomic}
     bool UseG1GC                                  = true                                      {product} {ergonomic}
     bool UseLargePagesIndividualAllocation        = false                                  {pd product} {ergonomic}

Logging:
Log output configuration:
 #0: stdout all=warning uptime,level,tags
 #1: stderr all=off uptime,level,tags

Environment Variables:
JAVA_HOME=C:\JDK_Version\JDK17
PATH=C:\Program Files (x86)\Common Files\Oracle\Java\javapath;C:\JDK_Version\JDK17\bin;C:\WINDOWS\system32;C:\WINDOWS;C:\WINDOWS\System32\Wbem;C:\WINDOWS\System32\WindowsPowerShell\v1.0\;C:\WINDOWS\System32\OpenSSH\;C:\MinGW\bin;C:\msys64\mingw64\bin;C:\Program Files\Git\cmd;C:\Program Files (x86)\Microsoft SQL Server\160\Tools\Binn\;C:\Program Files\Microsoft SQL Server\160\Tools\Binn\;C:\Program Files\Microsoft SQL Server\Client SDK\ODBC\170\Tools\Binn\;C:\Program Files\Microsoft SQL Server\160\DTS\Binn\;C:\Program Files (x86)\Microsoft SQL Server\160\DTS\Binn\;C:\Program Files\Azure Data Studio\bin;C:\Program Files\dotnet\;D:\NodeJS\;C:\ProgramData\chocolatey\bin;C:\Program Files\Microsoft SQL Server\150\Tools\Binn\;D:\Windows Kits\10\Windows Performance Toolkit\;D:\MongoDB\mongosh-2.3.1-win32-x64\bin;D:\MongoDB\bin;D:\Pycharm\lib\ffmpeg-master-latest-win64-gpl\bin;C:\Users\ADMIN\AppData\Local\Android\Sdk\platform-tools;C:\Users\ADMIN\AppData\Local\Programs\Python\Python312\Scripts\;C:\Users\ADMIN\AppData\Local\Programs\Python\Python312\;C:\Program Files\MySQL\MySQL Shell 8.0\bin\;C:\Users\ADMIN\AppData\Local\Microsoft\WindowsApps;C:\msys64\mingw64\bin;D:\Microsoft VS Code\bin;C:\Program Files\Azure Data Studio\bin;C:\Users\ADMIN\AppData\Roaming\npm;D:\IntelliJ\IntelliJ IDEA Community Edition 2023.3.4\bin;;D:\IntelliJ_Ultimate\IntelliJ IDEA 2023.3.4\bin;;C:\Users\ADMIN\.dotnet\tools;D:\Pycharm\PyCharm 2024.2.0.1\bin;;D:\Pycharm\PyCharm Community Edition 2024.2.0.1\bin;;D:\MongoDB\bin;
USERNAME=ADMIN
OS=Windows_NT
PROCESSOR_IDENTIFIER=AMD64 Family 25 Model 80 Stepping 0, AuthenticAMD
TMP=C:\Users\ADMIN\AppData\Local\Temp
TEMP=C:\Users\ADMIN\AppData\Local\Temp



---------------  S Y S T E M  ---------------

OS:
 Windows 11 , 64 bit Build 22621 (10.0.22621.3958)
OS uptime: 0 days 5:03 hours
Hyper-V role detected

CPU: total 12 (initial active 12) (12 cores per cpu, 2 threads per core) family 25 model 80 stepping 0 microcode 0x0, cx8, cmov, fxsr, ht, mmx, 3dnowpref, sse, sse2, sse3, ssse3, sse4a, sse4.1, sse4.2, popcnt, lzcnt, tsc, tscinvbit, avx, avx2, aes, erms, clmul, bmi1, bmi2, adx, sha, fma, vzeroupper, clflush, clflushopt, hv

Memory: 4k page, system-wide physical 15754M (2680M free)
TotalPageFile size 20766M (AvailPageFile size 276M)
current process WorkingSet (physical memory assigned to process): 457M, peak: 612M
current process commit charge ("private bytes"): 699M, peak: 791M

vm_info: OpenJDK 64-Bit Server VM (17.0.7+7) for windows-amd64 JRE (17.0.7+7), built on Apr 18 2023 22:10:42 by "temurin" with MS VC++ 16.7 (VS2019)

END.
