#
# There is insufficient memory for the Java Runtime Environment to continue.
# Native memory allocation (mmap) failed to map 65536 bytes for Failed to commit metaspace.
# Possible reasons:
#   The system is out of physical RAM or swap space
#   The process is running with CompressedOops enabled, and the Java Heap may be blocking the growth of the native heap
# Possible solutions:
#   Reduce memory load on the system
#   Increase physical memory or swap space
#   Check if swap backing store is full
#   Decrease Java heap size (-Xmx/-Xms)
#   Decrease number of Java threads
#   Decrease Java thread stack sizes (-Xss)
#   Set larger code cache with -XX:ReservedCodeCacheSize=
#   JVM is running with Zero Based Compressed Oops mode in which the Java heap is
#     placed in the first 32GB address space. The Java Heap base address is the
#     maximum limit for the native heap growth. Please use -XX:HeapBaseMinAddress
#     to set the Java Heap base and to place the Java Heap above 32GB virtual address.
# This output file may be truncated or incomplete.
#
#  Out of Memory Error (virtualSpaceNode.cpp:110), pid=10864, tid=2804
#
# JRE version: OpenJDK Runtime Environment Temurin-17.0.7+7 (17.0.7+7) (build 17.0.7+7)
# Java VM: OpenJDK 64-Bit Server VM Temurin-17.0.7+7 (17.0.7+7, mixed mode, emulated-client, sharing, tiered, compressed oops, compressed class ptrs, g1 gc, windows-amd64)
# No core dump will be written. Minidumps are not enabled by default on client versions of Windows
#

---------------  S U M M A R Y ------------

Command Line: -XX:TieredStopAtLevel=1 -Dspring.output.ansi.enabled=always -Dcom.sun.management.jmxremote -Dspring.jmx.enabled=true -Dspring.liveBeansView.mbeanDomain -Dspring.application.admin.enabled=true -Dmanagement.endpoints.jmx.exposure.include=* -javaagent:D:\IntelliJ_Ultimate\IntelliJ IDEA 2023.3.4\lib\idea_rt.jar=59334:D:\IntelliJ_Ultimate\IntelliJ IDEA 2023.3.4\bin -Dfile.encoding=UTF-8 swp391.userservice.UserServiceApplication

Host: AMD Ryzen 5 5600H with Radeon Graphics         , 12 cores, 15G,  Windows 11 , 64 bit Build 22621 (10.0.22621.3958)
Time: Fri Oct  4 01:30:41 2024 SE Asia Standard Time elapsed time: 1.074542 seconds (0d 0h 0m 1s)

---------------  T H R E A D  ---------------

Current thread (0x00000246f955b610):  JavaThread "Attach Listener" daemon [_thread_in_vm, id=2804, stack(0x0000006165800000,0x0000006165900000)]

Stack: [0x0000006165800000,0x0000006165900000]
Native frames: (J=compiled Java code, j=interpreted, Vv=VM code, C=native code)
V  [jvm.dll+0x67754a]
V  [jvm.dll+0x834304]
V  [jvm.dll+0x835aae]
V  [jvm.dll+0x836113]
V  [jvm.dll+0x24696f]
V  [jvm.dll+0x83039b]
V  [jvm.dll+0x61c006]
V  [jvm.dll+0x61c06a]
V  [jvm.dll+0x61e89a]
V  [jvm.dll+0x61c9a6]
V  [jvm.dll+0x626887]
V  [jvm.dll+0x1eb47b]
V  [jvm.dll+0x1eb9b5]
V  [jvm.dll+0x1ec3ef]
V  [jvm.dll+0x1e1891]
V  [jvm.dll+0x53ea50]
V  [jvm.dll+0x1f2067]
V  [jvm.dll+0x7af05b]
V  [jvm.dll+0x7b0402]
V  [jvm.dll+0x7b0738]
V  [jvm.dll+0x23ec6e]
V  [jvm.dll+0x38283b]
C  0x00000246ea29ece4

Java frames: (J=compiled Java code, j=interpreted, Vv=VM code)
j  sun.nio.cs.Surrogate$Parser.<clinit>()V+0 java.base@17.0.7
v  ~StubRoutines::call_stub
j  sun.nio.cs.ISO_8859_1$Encoder.<init>(Ljava/nio/charset/Charset;)V+8 java.base@17.0.7
j  sun.nio.cs.ISO_8859_1.newEncoder()Ljava/nio/charset/CharsetEncoder;+5 java.base@17.0.7
j  sun.nio.cs.StreamEncoder.<init>(Ljava/io/OutputStream;Ljava/lang/Object;Ljava/nio/charset/Charset;)V+4 java.base@17.0.7
j  sun.nio.cs.StreamEncoder.forOutputStreamWriter(Ljava/io/OutputStream;Ljava/lang/Object;Ljava/nio/charset/Charset;)Lsun/nio/cs/StreamEncoder;+7 java.base@17.0.7
j  java.io.OutputStreamWriter.<init>(Ljava/io/OutputStream;Ljava/nio/charset/Charset;)V+23 java.base@17.0.7
j  java.util.Properties.store(Ljava/io/OutputStream;Ljava/lang/String;)V+13 java.base@17.0.7
j  jdk.internal.vm.VMSupport.serializePropertiesToByteArray(Ljava/util/Properties;)[B+77 java.base@17.0.7
j  jdk.internal.vm.VMSupport.serializeAgentPropertiesToByteArray()[B+3 java.base@17.0.7
v  ~StubRoutines::call_stub

---------------  P R O C E S S  ---------------

Threads class SMR info:
_java_thread_list=0x00000246feadcf60, length=17, elements={
0x00000246e27cc230, 0x00000246f9548af0, 0x00000246f9549f70, 0x00000246f955aa90,
0x00000246f955b610, 0x00000246f955cfd0, 0x00000246f9562da0, 0x00000246f9563800,
0x00000246f956f700, 0x00000246f9420cd0, 0x00000246f9421370, 0x00000246f9710ff0,
0x00000246fe45c660, 0x00000246fe45d140, 0x00000246fe55c4e0, 0x00000246fe983060,
0x00000246fe9839b0
}

Java Threads: ( => current thread )
  0x00000246e27cc230 JavaThread "main" [_thread_blocked, id=14472, stack(0x0000006164e00000,0x0000006164f00000)]
  0x00000246f9548af0 JavaThread "Reference Handler" daemon [_thread_blocked, id=19436, stack(0x0000006165500000,0x0000006165600000)]
  0x00000246f9549f70 JavaThread "Finalizer" daemon [_thread_blocked, id=1656, stack(0x0000006165600000,0x0000006165700000)]
  0x00000246f955aa90 JavaThread "Signal Dispatcher" daemon [_thread_blocked, id=19916, stack(0x0000006165700000,0x0000006165800000)]
=>0x00000246f955b610 JavaThread "Attach Listener" daemon [_thread_in_vm, id=2804, stack(0x0000006165800000,0x0000006165900000)]
  0x00000246f955cfd0 JavaThread "Service Thread" daemon [_thread_blocked, id=16616, stack(0x0000006165900000,0x0000006165a00000)]
  0x00000246f9562da0 JavaThread "Monitor Deflation Thread" daemon [_thread_blocked, id=13440, stack(0x0000006165a00000,0x0000006165b00000)]
  0x00000246f9563800 JavaThread "C1 CompilerThread0" daemon [_thread_blocked, id=15200, stack(0x0000006165b00000,0x0000006165c00000)]
  0x00000246f956f700 JavaThread "Sweeper thread" daemon [_thread_blocked, id=17880, stack(0x0000006165c00000,0x0000006165d00000)]
  0x00000246f9420cd0 JavaThread "Common-Cleaner" daemon [_thread_blocked, id=13240, stack(0x0000006165d00000,0x0000006165e00000)]
  0x00000246f9421370 JavaThread "C1 CompilerThread1" daemon [_thread_blocked, id=12116, stack(0x0000006165e00000,0x0000006165f00000)]
  0x00000246f9710ff0 JavaThread "C1 CompilerThread2" daemon [_thread_blocked, id=15584, stack(0x0000006165f00000,0x0000006166000000)]
  0x00000246fe45c660 JavaThread "Monitor Ctrl-Break" daemon [_thread_in_native, id=2008, stack(0x0000006166000000,0x0000006166100000)]
  0x00000246fe45d140 JavaThread "Notification Thread" daemon [_thread_blocked, id=15304, stack(0x0000006166100000,0x0000006166200000)]
  0x00000246fe55c4e0 JavaThread "RMI TCP Accept-0" daemon [_thread_in_native, id=4360, stack(0x0000006166200000,0x0000006166300000)]
  0x00000246fe983060 JavaThread "Thread-0" [_thread_blocked, id=19364, stack(0x0000006166b00000,0x0000006166c00000)]
  0x00000246fe9839b0 JavaThread "restartedMain" [_thread_in_vm, id=14656, stack(0x0000006166c00000,0x0000006166d00000)]

Other Threads:
  0x00000246f942eb10 VMThread "VM Thread" [stack: 0x0000006165400000,0x0000006165500000] [id=18800]
  0x00000246e285c440 WatcherThread [stack: 0x0000006166300000,0x0000006166400000] [id=13316]
  0x00000246e2834670 GCTaskThread "GC Thread#0" [stack: 0x0000006164f00000,0x0000006165000000] [id=19940]
  0x00000246fe84acd0 GCTaskThread "GC Thread#1" [stack: 0x0000006166400000,0x0000006166500000] [id=15908]
  0x00000246fe8444b0 GCTaskThread "GC Thread#2" [stack: 0x0000006166500000,0x0000006166600000] [id=17544]
  0x00000246fe844b60 GCTaskThread "GC Thread#3" [stack: 0x0000006166600000,0x0000006166700000] [id=15688]
  0x00000246fe844e10 GCTaskThread "GC Thread#4" [stack: 0x0000006166700000,0x0000006166800000] [id=11900]
  0x00000246fe861b20 GCTaskThread "GC Thread#5" [stack: 0x0000006166800000,0x0000006166900000] [id=9312]
  0x00000246fe90be20 GCTaskThread "GC Thread#6" [stack: 0x0000006166a00000,0x0000006166b00000] [id=13768]
  0x00000246e2845c00 ConcurrentGCThread "G1 Main Marker" [stack: 0x0000006165000000,0x0000006165100000] [id=10144]
  0x00000246e2846db0 ConcurrentGCThread "G1 Conc#0" [stack: 0x0000006165100000,0x0000006165200000] [id=9572]
  0x00000246f92e9060 ConcurrentGCThread "G1 Refine#0" [stack: 0x0000006165200000,0x0000006165300000] [id=10568]
  0x00000246fe84b400 ConcurrentGCThread "G1 Refine#1" [stack: 0x0000006166900000,0x0000006166a00000] [id=11268]
  0x00000246f92eb8a0 ConcurrentGCThread "G1 Service" [stack: 0x0000006165300000,0x0000006165400000] [id=2844]

Threads with active compile tasks:

VM state: not at safepoint (normal execution)

VM Mutex/Monitor currently owned by a thread:  ([mutex/lock_event])
[0x00000246e27c4fc0] Metaspace_lock - owner thread: 0x00000246f955b610

Heap address: 0x0000000709c00000, size: 3940 MB, Compressed Oops mode: Zero based, Oop shift amount: 3

CDS archive(s) mapped at: [0x0000000800000000-0x0000000800bc0000-0x0000000800bc0000), size 12320768, SharedBaseAddress: 0x0000000800000000, ArchiveRelocationMode: 0.
Compressed class space mapped at: 0x0000000801000000-0x0000000841000000, reserved size: 1073741824
Narrow klass base: 0x0000000800000000, Narrow klass shift: 0, Narrow klass range: 0x100000000

GC Precious Log:
 CPUs: 12 total, 12 available
 Memory: 15754M
 Large Page Support: Disabled
 NUMA Support: Disabled
 Compressed Oops: Enabled (Zero based)
 Heap Region Size: 2M
 Heap Min Capacity: 8M
 Heap Initial Capacity: 248M
 Heap Max Capacity: 3940M
 Pre-touch: Disabled
 Parallel Workers: 10
 Concurrent Workers: 3
 Concurrent Refinement Workers: 10
 Periodic GC: Disabled

Heap:
 garbage-first heap   total 253952K, used 39168K [0x0000000709c00000, 0x0000000800000000)
  region size 2048K, 16 young (32768K), 1 survivors (2048K)
 Metaspace       used 11412K, committed 11648K, reserved 1114112K
  class space    used 1597K, committed 1728K, reserved 1048576K

Heap Regions: E=young(eden), S=young(survivor), O=old, HS=humongous(starts), HC=humongous(continues), CS=collection set, F=free, OA=open archive, CA=closed archive, TAMS=top-at-mark-start (previous, next)
|   0|0x0000000709c00000, 0x0000000709e00000, 0x0000000709e00000|100%| O|  |TAMS 0x0000000709c00000, 0x0000000709c00000| Untracked 
|   1|0x0000000709e00000, 0x000000070a000000, 0x000000070a000000|100%| O|  |TAMS 0x0000000709e00000, 0x0000000709e00000| Untracked 
|   2|0x000000070a000000, 0x000000070a200000, 0x000000070a200000|100%| O|  |TAMS 0x000000070a000000, 0x000000070a000000| Untracked 
|   3|0x000000070a200000, 0x000000070a400000, 0x000000070a400000|100%| O|  |TAMS 0x000000070a200000, 0x000000070a200000| Untracked 
|   4|0x000000070a400000, 0x000000070a511400, 0x000000070a600000| 53%| O|  |TAMS 0x000000070a400000, 0x000000070a400000| Untracked 
|   5|0x000000070a600000, 0x000000070a600000, 0x000000070a800000|  0%| F|  |TAMS 0x000000070a600000, 0x000000070a600000| Untracked 
|   6|0x000000070a800000, 0x000000070a800000, 0x000000070aa00000|  0%| F|  |TAMS 0x000000070a800000, 0x000000070a800000| Untracked 
|   7|0x000000070aa00000, 0x000000070aa00000, 0x000000070ac00000|  0%| F|  |TAMS 0x000000070aa00000, 0x000000070aa00000| Untracked 
|   8|0x000000070ac00000, 0x000000070ac00000, 0x000000070ae00000|  0%| F|  |TAMS 0x000000070ac00000, 0x000000070ac00000| Untracked 
|   9|0x000000070ae00000, 0x000000070ae00000, 0x000000070b000000|  0%| F|  |TAMS 0x000000070ae00000, 0x000000070ae00000| Untracked 
|  10|0x000000070b000000, 0x000000070b000000, 0x000000070b200000|  0%| F|  |TAMS 0x000000070b000000, 0x000000070b000000| Untracked 
|  11|0x000000070b200000, 0x000000070b200000, 0x000000070b400000|  0%| F|  |TAMS 0x000000070b200000, 0x000000070b200000| Untracked 
|  12|0x000000070b400000, 0x000000070b400000, 0x000000070b600000|  0%| F|  |TAMS 0x000000070b400000, 0x000000070b400000| Untracked 
|  13|0x000000070b600000, 0x000000070b600000, 0x000000070b800000|  0%| F|  |TAMS 0x000000070b600000, 0x000000070b600000| Untracked 
|  14|0x000000070b800000, 0x000000070b800000, 0x000000070ba00000|  0%| F|  |TAMS 0x000000070b800000, 0x000000070b800000| Untracked 
|  15|0x000000070ba00000, 0x000000070ba00000, 0x000000070bc00000|  0%| F|  |TAMS 0x000000070ba00000, 0x000000070ba00000| Untracked 
|  16|0x000000070bc00000, 0x000000070bc00000, 0x000000070be00000|  0%| F|  |TAMS 0x000000070bc00000, 0x000000070bc00000| Untracked 
|  17|0x000000070be00000, 0x000000070be00000, 0x000000070c000000|  0%| F|  |TAMS 0x000000070be00000, 0x000000070be00000| Untracked 
|  18|0x000000070c000000, 0x000000070c000000, 0x000000070c200000|  0%| F|  |TAMS 0x000000070c000000, 0x000000070c000000| Untracked 
|  19|0x000000070c200000, 0x000000070c200000, 0x000000070c400000|  0%| F|  |TAMS 0x000000070c200000, 0x000000070c200000| Untracked 
|  20|0x000000070c400000, 0x000000070c400000, 0x000000070c600000|  0%| F|  |TAMS 0x000000070c400000, 0x000000070c400000| Untracked 
|  21|0x000000070c600000, 0x000000070c600000, 0x000000070c800000|  0%| F|  |TAMS 0x000000070c600000, 0x000000070c600000| Untracked 
|  22|0x000000070c800000, 0x000000070c800000, 0x000000070ca00000|  0%| F|  |TAMS 0x000000070c800000, 0x000000070c800000| Untracked 
|  23|0x000000070ca00000, 0x000000070ca00000, 0x000000070cc00000|  0%| F|  |TAMS 0x000000070ca00000, 0x000000070ca00000| Untracked 
|  24|0x000000070cc00000, 0x000000070cc00000, 0x000000070ce00000|  0%| F|  |TAMS 0x000000070cc00000, 0x000000070cc00000| Untracked 
|  25|0x000000070ce00000, 0x000000070ce00000, 0x000000070d000000|  0%| F|  |TAMS 0x000000070ce00000, 0x000000070ce00000| Untracked 
|  26|0x000000070d000000, 0x000000070d000000, 0x000000070d200000|  0%| F|  |TAMS 0x000000070d000000, 0x000000070d000000| Untracked 
|  27|0x000000070d200000, 0x000000070d200000, 0x000000070d400000|  0%| F|  |TAMS 0x000000070d200000, 0x000000070d200000| Untracked 
|  28|0x000000070d400000, 0x000000070d400000, 0x000000070d600000|  0%| F|  |TAMS 0x000000070d400000, 0x000000070d400000| Untracked 
|  29|0x000000070d600000, 0x000000070d600000, 0x000000070d800000|  0%| F|  |TAMS 0x000000070d600000, 0x000000070d600000| Untracked 
|  30|0x000000070d800000, 0x000000070d800000, 0x000000070da00000|  0%| F|  |TAMS 0x000000070d800000, 0x000000070d800000| Untracked 
|  31|0x000000070da00000, 0x000000070da00000, 0x000000070dc00000|  0%| F|  |TAMS 0x000000070da00000, 0x000000070da00000| Untracked 
|  32|0x000000070dc00000, 0x000000070dc00000, 0x000000070de00000|  0%| F|  |TAMS 0x000000070dc00000, 0x000000070dc00000| Untracked 
|  33|0x000000070de00000, 0x000000070de00000, 0x000000070e000000|  0%| F|  |TAMS 0x000000070de00000, 0x000000070de00000| Untracked 
|  34|0x000000070e000000, 0x000000070e000000, 0x000000070e200000|  0%| F|  |TAMS 0x000000070e000000, 0x000000070e000000| Untracked 
|  35|0x000000070e200000, 0x000000070e200000, 0x000000070e400000|  0%| F|  |TAMS 0x000000070e200000, 0x000000070e200000| Untracked 
|  36|0x000000070e400000, 0x000000070e400000, 0x000000070e600000|  0%| F|  |TAMS 0x000000070e400000, 0x000000070e400000| Untracked 
|  37|0x000000070e600000, 0x000000070e600000, 0x000000070e800000|  0%| F|  |TAMS 0x000000070e600000, 0x000000070e600000| Untracked 
|  38|0x000000070e800000, 0x000000070e800000, 0x000000070ea00000|  0%| F|  |TAMS 0x000000070e800000, 0x000000070e800000| Untracked 
|  39|0x000000070ea00000, 0x000000070ea00000, 0x000000070ec00000|  0%| F|  |TAMS 0x000000070ea00000, 0x000000070ea00000| Untracked 
|  40|0x000000070ec00000, 0x000000070ec00000, 0x000000070ee00000|  0%| F|  |TAMS 0x000000070ec00000, 0x000000070ec00000| Untracked 
|  41|0x000000070ee00000, 0x000000070ee00000, 0x000000070f000000|  0%| F|  |TAMS 0x000000070ee00000, 0x000000070ee00000| Untracked 
|  42|0x000000070f000000, 0x000000070f000000, 0x000000070f200000|  0%| F|  |TAMS 0x000000070f000000, 0x000000070f000000| Untracked 
|  43|0x000000070f200000, 0x000000070f200000, 0x000000070f400000|  0%| F|  |TAMS 0x000000070f200000, 0x000000070f200000| Untracked 
|  44|0x000000070f400000, 0x000000070f400000, 0x000000070f600000|  0%| F|  |TAMS 0x000000070f400000, 0x000000070f400000| Untracked 
|  45|0x000000070f600000, 0x000000070f600000, 0x000000070f800000|  0%| F|  |TAMS 0x000000070f600000, 0x000000070f600000| Untracked 
|  46|0x000000070f800000, 0x000000070f800000, 0x000000070fa00000|  0%| F|  |TAMS 0x000000070f800000, 0x000000070f800000| Untracked 
|  47|0x000000070fa00000, 0x000000070fa00000, 0x000000070fc00000|  0%| F|  |TAMS 0x000000070fa00000, 0x000000070fa00000| Untracked 
|  48|0x000000070fc00000, 0x000000070fc00000, 0x000000070fe00000|  0%| F|  |TAMS 0x000000070fc00000, 0x000000070fc00000| Untracked 
|  49|0x000000070fe00000, 0x000000070fe00000, 0x0000000710000000|  0%| F|  |TAMS 0x000000070fe00000, 0x000000070fe00000| Untracked 
|  50|0x0000000710000000, 0x0000000710000000, 0x0000000710200000|  0%| F|  |TAMS 0x0000000710000000, 0x0000000710000000| Untracked 
|  51|0x0000000710200000, 0x0000000710200000, 0x0000000710400000|  0%| F|  |TAMS 0x0000000710200000, 0x0000000710200000| Untracked 
|  52|0x0000000710400000, 0x0000000710400000, 0x0000000710600000|  0%| F|  |TAMS 0x0000000710400000, 0x0000000710400000| Untracked 
|  53|0x0000000710600000, 0x0000000710600000, 0x0000000710800000|  0%| F|  |TAMS 0x0000000710600000, 0x0000000710600000| Untracked 
|  54|0x0000000710800000, 0x0000000710800000, 0x0000000710a00000|  0%| F|  |TAMS 0x0000000710800000, 0x0000000710800000| Untracked 
|  55|0x0000000710a00000, 0x0000000710a00000, 0x0000000710c00000|  0%| F|  |TAMS 0x0000000710a00000, 0x0000000710a00000| Untracked 
|  56|0x0000000710c00000, 0x0000000710c00000, 0x0000000710e00000|  0%| F|  |TAMS 0x0000000710c00000, 0x0000000710c00000| Untracked 
|  57|0x0000000710e00000, 0x0000000710e00000, 0x0000000711000000|  0%| F|  |TAMS 0x0000000710e00000, 0x0000000710e00000| Untracked 
|  58|0x0000000711000000, 0x0000000711000000, 0x0000000711200000|  0%| F|  |TAMS 0x0000000711000000, 0x0000000711000000| Untracked 
|  59|0x0000000711200000, 0x0000000711200000, 0x0000000711400000|  0%| F|  |TAMS 0x0000000711200000, 0x0000000711200000| Untracked 
|  60|0x0000000711400000, 0x0000000711400000, 0x0000000711600000|  0%| F|  |TAMS 0x0000000711400000, 0x0000000711400000| Untracked 
|  61|0x0000000711600000, 0x0000000711600000, 0x0000000711800000|  0%| F|  |TAMS 0x0000000711600000, 0x0000000711600000| Untracked 
|  62|0x0000000711800000, 0x0000000711800000, 0x0000000711a00000|  0%| F|  |TAMS 0x0000000711800000, 0x0000000711800000| Untracked 
|  63|0x0000000711a00000, 0x0000000711a00000, 0x0000000711c00000|  0%| F|  |TAMS 0x0000000711a00000, 0x0000000711a00000| Untracked 
|  64|0x0000000711c00000, 0x0000000711c00000, 0x0000000711e00000|  0%| F|  |TAMS 0x0000000711c00000, 0x0000000711c00000| Untracked 
|  65|0x0000000711e00000, 0x0000000711e00000, 0x0000000712000000|  0%| F|  |TAMS 0x0000000711e00000, 0x0000000711e00000| Untracked 
|  66|0x0000000712000000, 0x0000000712000000, 0x0000000712200000|  0%| F|  |TAMS 0x0000000712000000, 0x0000000712000000| Untracked 
|  67|0x0000000712200000, 0x0000000712200000, 0x0000000712400000|  0%| F|  |TAMS 0x0000000712200000, 0x0000000712200000| Untracked 
|  68|0x0000000712400000, 0x0000000712400000, 0x0000000712600000|  0%| F|  |TAMS 0x0000000712400000, 0x0000000712400000| Untracked 
|  69|0x0000000712600000, 0x0000000712600000, 0x0000000712800000|  0%| F|  |TAMS 0x0000000712600000, 0x0000000712600000| Untracked 
|  70|0x0000000712800000, 0x0000000712800000, 0x0000000712a00000|  0%| F|  |TAMS 0x0000000712800000, 0x0000000712800000| Untracked 
|  71|0x0000000712a00000, 0x0000000712a00000, 0x0000000712c00000|  0%| F|  |TAMS 0x0000000712a00000, 0x0000000712a00000| Untracked 
|  72|0x0000000712c00000, 0x0000000712c00000, 0x0000000712e00000|  0%| F|  |TAMS 0x0000000712c00000, 0x0000000712c00000| Untracked 
|  73|0x0000000712e00000, 0x0000000712e00000, 0x0000000713000000|  0%| F|  |TAMS 0x0000000712e00000, 0x0000000712e00000| Untracked 
|  74|0x0000000713000000, 0x0000000713000000, 0x0000000713200000|  0%| F|  |TAMS 0x0000000713000000, 0x0000000713000000| Untracked 
|  75|0x0000000713200000, 0x0000000713200000, 0x0000000713400000|  0%| F|  |TAMS 0x0000000713200000, 0x0000000713200000| Untracked 
|  76|0x0000000713400000, 0x0000000713400000, 0x0000000713600000|  0%| F|  |TAMS 0x0000000713400000, 0x0000000713400000| Untracked 
|  77|0x0000000713600000, 0x0000000713600000, 0x0000000713800000|  0%| F|  |TAMS 0x0000000713600000, 0x0000000713600000| Untracked 
|  78|0x0000000713800000, 0x0000000713800000, 0x0000000713a00000|  0%| F|  |TAMS 0x0000000713800000, 0x0000000713800000| Untracked 
|  79|0x0000000713a00000, 0x0000000713a00000, 0x0000000713c00000|  0%| F|  |TAMS 0x0000000713a00000, 0x0000000713a00000| Untracked 
|  80|0x0000000713c00000, 0x0000000713c00000, 0x0000000713e00000|  0%| F|  |TAMS 0x0000000713c00000, 0x0000000713c00000| Untracked 
|  81|0x0000000713e00000, 0x0000000713e00000, 0x0000000714000000|  0%| F|  |TAMS 0x0000000713e00000, 0x0000000713e00000| Untracked 
|  82|0x0000000714000000, 0x0000000714000000, 0x0000000714200000|  0%| F|  |TAMS 0x0000000714000000, 0x0000000714000000| Untracked 
|  83|0x0000000714200000, 0x0000000714200000, 0x0000000714400000|  0%| F|  |TAMS 0x0000000714200000, 0x0000000714200000| Untracked 
|  84|0x0000000714400000, 0x0000000714400000, 0x0000000714600000|  0%| F|  |TAMS 0x0000000714400000, 0x0000000714400000| Untracked 
|  85|0x0000000714600000, 0x0000000714600000, 0x0000000714800000|  0%| F|  |TAMS 0x0000000714600000, 0x0000000714600000| Untracked 
|  86|0x0000000714800000, 0x0000000714800000, 0x0000000714a00000|  0%| F|  |TAMS 0x0000000714800000, 0x0000000714800000| Untracked 
|  87|0x0000000714a00000, 0x0000000714a00000, 0x0000000714c00000|  0%| F|  |TAMS 0x0000000714a00000, 0x0000000714a00000| Untracked 
|  88|0x0000000714c00000, 0x0000000714c00000, 0x0000000714e00000|  0%| F|  |TAMS 0x0000000714c00000, 0x0000000714c00000| Untracked 
|  89|0x0000000714e00000, 0x0000000714e00000, 0x0000000715000000|  0%| F|  |TAMS 0x0000000714e00000, 0x0000000714e00000| Untracked 
|  90|0x0000000715000000, 0x0000000715000000, 0x0000000715200000|  0%| F|  |TAMS 0x0000000715000000, 0x0000000715000000| Untracked 
|  91|0x0000000715200000, 0x0000000715200000, 0x0000000715400000|  0%| F|  |TAMS 0x0000000715200000, 0x0000000715200000| Untracked 
|  92|0x0000000715400000, 0x0000000715400000, 0x0000000715600000|  0%| F|  |TAMS 0x0000000715400000, 0x0000000715400000| Untracked 
|  93|0x0000000715600000, 0x0000000715600000, 0x0000000715800000|  0%| F|  |TAMS 0x0000000715600000, 0x0000000715600000| Untracked 
|  94|0x0000000715800000, 0x0000000715800000, 0x0000000715a00000|  0%| F|  |TAMS 0x0000000715800000, 0x0000000715800000| Untracked 
|  95|0x0000000715a00000, 0x0000000715a00000, 0x0000000715c00000|  0%| F|  |TAMS 0x0000000715a00000, 0x0000000715a00000| Untracked 
|  96|0x0000000715c00000, 0x0000000715c00000, 0x0000000715e00000|  0%| F|  |TAMS 0x0000000715c00000, 0x0000000715c00000| Untracked 
|  97|0x0000000715e00000, 0x0000000715e00000, 0x0000000716000000|  0%| F|  |TAMS 0x0000000715e00000, 0x0000000715e00000| Untracked 
|  98|0x0000000716000000, 0x0000000716000000, 0x0000000716200000|  0%| F|  |TAMS 0x0000000716000000, 0x0000000716000000| Untracked 
|  99|0x0000000716200000, 0x0000000716200000, 0x0000000716400000|  0%| F|  |TAMS 0x0000000716200000, 0x0000000716200000| Untracked 
| 100|0x0000000716400000, 0x0000000716400000, 0x0000000716600000|  0%| F|  |TAMS 0x0000000716400000, 0x0000000716400000| Untracked 
| 101|0x0000000716600000, 0x0000000716600000, 0x0000000716800000|  0%| F|  |TAMS 0x0000000716600000, 0x0000000716600000| Untracked 
| 102|0x0000000716800000, 0x0000000716800000, 0x0000000716a00000|  0%| F|  |TAMS 0x0000000716800000, 0x0000000716800000| Untracked 
| 103|0x0000000716a00000, 0x0000000716a00000, 0x0000000716c00000|  0%| F|  |TAMS 0x0000000716a00000, 0x0000000716a00000| Untracked 
| 104|0x0000000716c00000, 0x0000000716c00000, 0x0000000716e00000|  0%| F|  |TAMS 0x0000000716c00000, 0x0000000716c00000| Untracked 
| 105|0x0000000716e00000, 0x0000000716e00000, 0x0000000717000000|  0%| F|  |TAMS 0x0000000716e00000, 0x0000000716e00000| Untracked 
| 106|0x0000000717000000, 0x0000000717000000, 0x0000000717200000|  0%| F|  |TAMS 0x0000000717000000, 0x0000000717000000| Untracked 
| 107|0x0000000717200000, 0x0000000717200000, 0x0000000717400000|  0%| F|  |TAMS 0x0000000717200000, 0x0000000717200000| Untracked 
| 108|0x0000000717400000, 0x0000000717580ba0, 0x0000000717600000| 75%| E|  |TAMS 0x0000000717400000, 0x0000000717400000| Complete 
| 109|0x0000000717600000, 0x0000000717800000, 0x0000000717800000|100%| E|CS|TAMS 0x0000000717600000, 0x0000000717600000| Complete 
| 110|0x0000000717800000, 0x0000000717a00000, 0x0000000717a00000|100%| E|CS|TAMS 0x0000000717800000, 0x0000000717800000| Complete 
| 111|0x0000000717a00000, 0x0000000717c00000, 0x0000000717c00000|100%| E|CS|TAMS 0x0000000717a00000, 0x0000000717a00000| Complete 
| 112|0x0000000717c00000, 0x0000000717e00000, 0x0000000717e00000|100%| E|CS|TAMS 0x0000000717c00000, 0x0000000717c00000| Complete 
| 113|0x0000000717e00000, 0x0000000718000000, 0x0000000718000000|100%| E|CS|TAMS 0x0000000717e00000, 0x0000000717e00000| Complete 
| 114|0x0000000718000000, 0x000000071812ee08, 0x0000000718200000| 59%| S|CS|TAMS 0x0000000718000000, 0x0000000718000000| Complete 
| 115|0x0000000718200000, 0x0000000718400000, 0x0000000718400000|100%| E|CS|TAMS 0x0000000718200000, 0x0000000718200000| Complete 
| 116|0x0000000718400000, 0x0000000718600000, 0x0000000718600000|100%| E|CS|TAMS 0x0000000718400000, 0x0000000718400000| Complete 
| 117|0x0000000718600000, 0x0000000718800000, 0x0000000718800000|100%| E|CS|TAMS 0x0000000718600000, 0x0000000718600000| Complete 
| 118|0x0000000718800000, 0x0000000718a00000, 0x0000000718a00000|100%| E|CS|TAMS 0x0000000718800000, 0x0000000718800000| Complete 
| 119|0x0000000718a00000, 0x0000000718c00000, 0x0000000718c00000|100%| E|CS|TAMS 0x0000000718a00000, 0x0000000718a00000| Complete 
| 120|0x0000000718c00000, 0x0000000718e00000, 0x0000000718e00000|100%| E|CS|TAMS 0x0000000718c00000, 0x0000000718c00000| Complete 
| 121|0x0000000718e00000, 0x0000000719000000, 0x0000000719000000|100%| E|CS|TAMS 0x0000000718e00000, 0x0000000718e00000| Complete 
| 122|0x0000000719000000, 0x0000000719200000, 0x0000000719200000|100%| E|CS|TAMS 0x0000000719000000, 0x0000000719000000| Complete 
| 123|0x0000000719200000, 0x0000000719400000, 0x0000000719400000|100%| E|CS|TAMS 0x0000000719200000, 0x0000000719200000| Complete 

Card table byte_map: [0x00000246edd80000,0x00000246ee540000] _byte_map_base: 0x00000246ea532000

Marking Bits (Prev, Next): (CMBitMap*) 0x00000246e2834c80, (CMBitMap*) 0x00000246e2834cc0
 Prev Bits: [0x00000246eed00000, 0x00000246f2a90000)
 Next Bits: [0x00000246f2a90000, 0x00000246f6820000)

Polling page: 0x00000246e0780000

Metaspace:

Usage:
  Non-class:      9.58 MB used.
      Class:      1.56 MB used.
       Both:     11.14 MB used.

Virtual space:
  Non-class space:       64.00 MB reserved,       9.69 MB ( 15%) committed,  1 nodes.
      Class space:        1.00 GB reserved,       1.69 MB ( <1%) committed,  1 nodes.
             Both:        1.06 GB reserved,      11.38 MB (  1%) committed. 

Chunk freelists:
   Non-Class:  6.20 MB
       Class:  14.34 MB
        Both:  20.55 MB

MaxMetaspaceSize: unlimited
CompressedClassSpaceSize: 1.00 GB
Initial GC threshold: 21.00 MB
Current GC threshold: 21.00 MB
CDS: on
MetaspaceReclaimPolicy: balanced
 - commit_granule_bytes: 65536.
 - commit_granule_words: 8192.
 - virtual_space_node_default_size: 8388608.
 - enlarge_chunks_in_place: 1.
 - new_chunks_are_fully_committed: 0.
 - uncommit_free_chunks: 1.
 - use_allocation_guard: 0.
 - handle_deallocations: 1.


Internal statistics:

num_allocs_failed_limit: 0.
num_arena_births: 240.
num_arena_deaths: 0.
num_vsnodes_births: 2.
num_vsnodes_deaths: 0.
num_space_committed: 182.
num_space_uncommitted: 0.
num_chunks_returned_to_freelist: 0.
num_chunks_taken_from_freelist: 543.
num_chunk_merges: 0.
num_chunk_splits: 342.
num_chunks_enlarged: 239.
num_inconsistent_stats: 0.

CodeCache: size=49152Kb used=5395Kb max_used=5395Kb free=43757Kb
 bounds [0x00000246ea290000, 0x00000246ea7e0000, 0x00000246ed290000]
 total_blobs=2540 nmethods=2081 adapters=384
 compilation: enabled
              stopped_count=0, restarted_count=0
 full_count=0

Compilation events (20 events):
Event: 1.054 Thread 0x00000246f9563800 nmethod 2068 0x00000246ea7ceb10 code [0x00000246ea7cecc0, 0x00000246ea7cee78]
Event: 1.054 Thread 0x00000246f9563800 2069       1       ch.qos.logback.classic.util.LoggerNameUtil::getSeparatorIndexOf (53 bytes)
Event: 1.054 Thread 0x00000246f9421370 2070       1       java.lang.invoke.BootstrapMethodInvoker::widenAndCast (47 bytes)
Event: 1.054 Thread 0x00000246f9710ff0 2071       1       java.lang.invoke.Invokers::callSiteForm (308 bytes)
Event: 1.054 Thread 0x00000246f9563800 nmethod 2069 0x00000246ea7cef90 code [0x00000246ea7cf160, 0x00000246ea7cf3d8]
Event: 1.054 Thread 0x00000246f9421370 nmethod 2070 0x00000246ea7cf510 code [0x00000246ea7cf720, 0x00000246ea7cfb58]
Event: 1.055 Thread 0x00000246f9421370 2072       1       java.util.logging.LogManager::getProperty (9 bytes)
Event: 1.055 Thread 0x00000246f9710ff0 nmethod 2071 0x00000246ea7cfd90 code [0x00000246ea7d0020, 0x00000246ea7d0d18]
Event: 1.055 Thread 0x00000246f9421370 nmethod 2072 0x00000246ea7d1510 code [0x00000246ea7d16a0, 0x00000246ea7d1788]
Event: 1.073 Thread 0x00000246f9710ff0 2073       1       java.util.stream.ReferencePipeline::toArray (18 bytes)
Event: 1.073 Thread 0x00000246f9563800 2074       1       java.util.stream.AbstractPipeline::evaluateToArrayNode (78 bytes)
Event: 1.073 Thread 0x00000246f9421370 2075       1       java.util.stream.AbstractPipeline::evaluate (44 bytes)
Event: 1.073 Thread 0x00000246f9710ff0 nmethod 2073 0x00000246ea7d1810 code [0x00000246ea7d19c0, 0x00000246ea7d1ae8]
Event: 1.073 Thread 0x00000246f9710ff0 2080       1       java.util.LinkedHashMap::get (29 bytes)
Event: 1.073 Thread 0x00000246f9563800 nmethod 2074 0x00000246ea7d1b90 code [0x00000246ea7d1d80, 0x00000246ea7d2058]
Event: 1.073 Thread 0x00000246f9421370 nmethod 2075 0x00000246ea7d2210 code [0x00000246ea7d2400, 0x00000246ea7d2788]
Event: 1.073 Thread 0x00000246f9563800 2081       1       org.springframework.boot.context.properties.bind.MapBinder$$Lambda$265/0x000000080117e3a8::test (12 bytes)
Event: 1.073 Thread 0x00000246f9421370 2076       1       java.util.stream.AbstractPipeline::exactOutputSizeIfKnown (86 bytes)
Event: 1.073 Thread 0x00000246f9710ff0 nmethod 2080 0x00000246ea7d2990 code [0x00000246ea7d2b40, 0x00000246ea7d2cb8]
Event: 1.073 Thread 0x00000246f9710ff0 2077       1       java.util.stream.ReferencePipeline::makeNodeBuilder (6 bytes)

GC Heap History (4 events):
Event: 0.454 GC heap before
{Heap before GC invocations=0 (full 0):
 garbage-first heap   total 253952K, used 20480K [0x0000000709c00000, 0x0000000800000000)
  region size 2048K, 11 young (22528K), 0 survivors (0K)
 Metaspace       used 5311K, committed 5504K, reserved 1114112K
  class space    used 654K, committed 768K, reserved 1048576K
}
Event: 0.459 GC heap after
{Heap after GC invocations=1 (full 0):
 garbage-first heap   total 253952K, used 9173K [0x0000000709c00000, 0x0000000800000000)
  region size 2048K, 2 young (4096K), 2 survivors (4096K)
 Metaspace       used 5311K, committed 5504K, reserved 1114112K
  class space    used 654K, committed 768K, reserved 1048576K
}
Event: 0.604 GC heap before
{Heap before GC invocations=1 (full 0):
 garbage-first heap   total 253952K, used 27605K [0x0000000709c00000, 0x0000000800000000)
  region size 2048K, 11 young (22528K), 2 survivors (4096K)
 Metaspace       used 6996K, committed 7104K, reserved 1114112K
  class space    used 905K, committed 960K, reserved 1048576K
}
Event: 0.606 GC heap after
{Heap after GC invocations=2 (full 0):
 garbage-first heap   total 253952K, used 10496K [0x0000000709c00000, 0x0000000800000000)
  region size 2048K, 1 young (2048K), 1 survivors (2048K)
 Metaspace       used 6996K, committed 7104K, reserved 1114112K
  class space    used 905K, committed 960K, reserved 1048576K
}

Dll operation events (12 events):
Event: 0.009 Loaded shared library C:\JDK_Version\JDK17\bin\java.dll
Event: 0.017 Loaded shared library C:\JDK_Version\JDK17\bin\jsvml.dll
Event: 0.131 Loaded shared library C:\JDK_Version\JDK17\bin\zip.dll
Event: 0.132 Loaded shared library C:\JDK_Version\JDK17\bin\instrument.dll
Event: 0.136 Loaded shared library C:\JDK_Version\JDK17\bin\net.dll
Event: 0.137 Loaded shared library C:\JDK_Version\JDK17\bin\nio.dll
Event: 0.138 Loaded shared library C:\JDK_Version\JDK17\bin\zip.dll
Event: 0.226 Loaded shared library D:\IntelliJ_Ultimate\IntelliJ IDEA 2023.3.4\bin\breakgen64.dll
Event: 0.229 Loaded shared library C:\JDK_Version\JDK17\bin\jimage.dll
Event: 0.242 Loaded shared library C:\JDK_Version\JDK17\bin\management.dll
Event: 0.248 Loaded shared library C:\JDK_Version\JDK17\bin\management_ext.dll
Event: 0.398 Loaded shared library C:\JDK_Version\JDK17\bin\verify.dll

Deoptimization events (0 events):
No events

Classes unloaded (0 events):
No events

Classes redefined (0 events):
No events

Internal exceptions (20 events):
Event: 0.749 Thread 0x00000246fe9839b0 Exception <a 'java/lang/NoSuchMethodError'{0x0000000718564fe0}: 'java.lang.Object java.lang.invoke.DirectMethodHandle$Holder.invokeSpecial(java.lang.Object, java.lang.Object, java.lang.Object, java.lang.Object, java.lang.Object, java.lang.Object, int)'> (0x0000000718564fe0) 
thrown [s\src\hotspot\share\interpreter\linkResolver.cpp, line 759]
Event: 0.750 Thread 0x00000246fe9839b0 Exception <a 'java/lang/NoSuchMethodError'{0x000000071856f548}: 'java.lang.Object java.lang.invoke.DirectMethodHandle$Holder.newInvokeSpecial(java.lang.Object, java.lang.Object, java.lang.Object, java.lang.Object, java.lang.Object, java.lang.Object, int)'> (0x000000071856f548) 
thrown [s\src\hotspot\share\interpreter\linkResolver.cpp, line 759]
Event: 0.750 Thread 0x00000246fe9839b0 Exception <a 'java/lang/NoSuchMethodError'{0x0000000718574588}: 'java.lang.Object java.lang.invoke.DirectMethodHandle$Holder.invokeSpecial(java.lang.Object, java.lang.Object, java.lang.Object, java.lang.Object, java.lang.Object, java.lang.Object, java.lang.Object, int)'> (0x0000000718574588) 
thrown [s\src\hotspot\share\interpreter\linkResolver.cpp, line 759]
Event: 0.784 Thread 0x00000246fe9839b0 Exception <a 'java/lang/NoSuchMethodError'{0x000000071834be68}: 'void java.lang.invoke.DirectMethodHandle$Holder.invokeSpecial(java.lang.Object, java.lang.Object, java.lang.Object, java.lang.Object, java.lang.Object)'> (0x000000071834be68) 
thrown [s\src\hotspot\share\interpreter\linkResolver.cpp, line 759]
Event: 0.841 Thread 0x00000246fe9839b0 Exception <a 'java/lang/NoSuchMethodError'{0x0000000717c788f0}: 'void java.lang.invoke.DirectMethodHandle$Holder.invokeSpecial(java.lang.Object, java.lang.Object, java.lang.Object, java.lang.Object, java.lang.Object, java.lang.Object)'> (0x0000000717c788f0) 
thrown [s\src\hotspot\share\interpreter\linkResolver.cpp, line 759]
Event: 0.855 Thread 0x00000246fe9839b0 Exception <a 'java/lang/NoSuchMethodError'{0x0000000717d39ec8}: 'java.lang.Object java.lang.invoke.DirectMethodHandle$Holder.invokeSpecial(java.lang.Object, java.lang.Object, java.lang.Object, int, java.lang.Object)'> (0x0000000717d39ec8) 
thrown [s\src\hotspot\share\interpreter\linkResolver.cpp, line 759]
Event: 0.856 Thread 0x00000246fe9839b0 Exception <a 'java/lang/NoSuchMethodError'{0x0000000717d42660}: 'java.lang.Object java.lang.invoke.DirectMethodHandle$Holder.newInvokeSpecial(java.lang.Object, java.lang.Object, java.lang.Object, int, java.lang.Object)'> (0x0000000717d42660) 
thrown [s\src\hotspot\share\interpreter\linkResolver.cpp, line 759]
Event: 0.856 Thread 0x00000246fe9839b0 Exception <a 'java/lang/NoSuchMethodError'{0x0000000717d4a030}: 'java.lang.Object java.lang.invoke.Invokers$Holder.linkToTargetMethod(java.lang.Object, java.lang.Object, int, java.lang.Object, java.lang.Object)'> (0x0000000717d4a030) 
thrown [s\src\hotspot\share\interpreter\linkResolver.cpp, line 759]
Event: 0.857 Thread 0x00000246fe9839b0 Exception <a 'java/lang/NoSuchMethodError'{0x0000000717d5b378}: 'java.lang.Object java.lang.invoke.DirectMethodHandle$Holder.newInvokeSpecial(java.lang.Object, int, java.lang.Object)'> (0x0000000717d5b378) 
thrown [s\src\hotspot\share\interpreter\linkResolver.cpp, line 759]
Event: 0.857 Thread 0x00000246fe9839b0 Exception <a 'java/lang/NoSuchMethodError'{0x0000000717d5fdb8}: 'int java.lang.invoke.DirectMethodHandle$Holder.invokeSpecialIFC(java.lang.Object, java.lang.Object, java.lang.Object, java.lang.Object)'> (0x0000000717d5fdb8) 
thrown [s\src\hotspot\share\interpreter\linkResolver.cpp, line 759]
Event: 0.873 Thread 0x00000246fe9839b0 Exception <a 'java/lang/NoSuchMethodError'{0x0000000717a45e30}: 'void java.lang.invoke.DirectMethodHandle$Holder.invokeInterface(java.lang.Object, java.lang.Object, java.lang.Object)'> (0x0000000717a45e30) 
thrown [s\src\hotspot\share\interpreter\linkResolver.cpp, line 759]
Event: 0.890 Thread 0x00000246fe9839b0 Exception <a 'java/lang/NoSuchMethodError'{0x0000000717b11168}: 'java.lang.Object java.lang.invoke.DirectMethodHandle$Holder.invokeStatic(java.lang.Object, java.lang.Object, int)'> (0x0000000717b11168) 
thrown [s\src\hotspot\share\interpreter\linkResolver.cpp, line 759]
Event: 0.890 Thread 0x00000246fe9839b0 Exception <a 'java/lang/NoSuchMethodError'{0x0000000717b1cb80}: 'void java.lang.invoke.DelegatingMethodHandle$Holder.delegate(java.lang.Object, java.lang.Object, int, java.lang.Object)'> (0x0000000717b1cb80) 
thrown [s\src\hotspot\share\interpreter\linkResolver.cpp, line 759]
Event: 1.028 Thread 0x00000246fe9839b0 Exception <a 'java/lang/NoSuchMethodError'{0x0000000717963390}: 'void java.lang.invoke.DirectMethodHandle$Holder.invokeStatic(java.lang.Object, java.lang.Object, int)'> (0x0000000717963390) 
thrown [s\src\hotspot\share\interpreter\linkResolver.cpp, line 759]
Event: 1.030 Thread 0x00000246fe9839b0 Exception <a 'java/lang/NoSuchMethodError'{0x000000071797eef0}: 'void java.lang.invoke.DirectMethodHandle$Holder.invokeStaticInit(java.lang.Object, java.lang.Object, java.lang.Object)'> (0x000000071797eef0) 
thrown [s\src\hotspot\share\interpreter\linkResolver.cpp, line 759]
Event: 1.035 Thread 0x00000246fe9839b0 Exception <a 'java/lang/NoSuchMethodError'{0x00000007179d5da8}: 'java.lang.Object java.lang.invoke.DirectMethodHandle$Holder.invokeStatic(java.lang.Object, java.lang.Object, long, java.lang.Object)'> (0x00000007179d5da8) 
thrown [s\src\hotspot\share\interpreter\linkResolver.cpp, line 759]
Event: 1.035 Thread 0x00000246fe9839b0 Exception <a 'java/lang/NoSuchMethodError'{0x00000007179d9840}: 'java.lang.Object java.lang.invoke.DirectMethodHandle$Holder.invokeStaticInit(java.lang.Object, java.lang.Object, long, java.lang.Object)'> (0x00000007179d9840) 
thrown [s\src\hotspot\share\interpreter\linkResolver.cpp, line 759]
Event: 1.036 Thread 0x00000246fe9839b0 Exception <a 'java/lang/NoSuchMethodError'{0x00000007179dfb70}: 'java.lang.Object java.lang.invoke.DirectMethodHandle$Holder.newInvokeSpecial(java.lang.Object, java.lang.Object, long)'> (0x00000007179dfb70) 
thrown [s\src\hotspot\share\interpreter\linkResolver.cpp, line 759]
Event: 1.036 Thread 0x00000246fe9839b0 Exception <a 'java/lang/NoSuchMethodError'{0x00000007179e36e0}: 'java.lang.Object java.lang.invoke.Invokers$Holder.linkToTargetMethod(java.lang.Object, long, java.lang.Object)'> (0x00000007179e36e0) 
thrown [s\src\hotspot\share\interpreter\linkResolver.cpp, line 759]
Event: 1.044 Thread 0x00000246fe9839b0 Exception <a 'java/lang/NoSuchMethodError'{0x0000000717666db8}: 'void java.lang.invoke.DirectMethodHandle$Holder.invokeVirtual(java.lang.Object, java.lang.Object, java.lang.Object, java.lang.Object)'> (0x0000000717666db8) 
thrown [s\src\hotspot\share\interpreter\linkResolver.cpp, line 759]

VM Operations (20 events):
Event: 0.410 Executing VM operation: HandshakeAllThreads
Event: 0.410 Executing VM operation: HandshakeAllThreads done
Event: 0.454 Executing VM operation: G1CollectForAllocation
Event: 0.459 Executing VM operation: G1CollectForAllocation done
Event: 0.604 Executing VM operation: G1CollectForAllocation
Event: 0.606 Executing VM operation: G1CollectForAllocation done
Event: 0.652 Executing VM operation: HandshakeAllThreads
Event: 0.652 Executing VM operation: HandshakeAllThreads done
Event: 0.796 Executing VM operation: HandshakeAllThreads
Event: 0.796 Executing VM operation: HandshakeAllThreads done
Event: 0.874 Executing VM operation: ICBufferFull
Event: 0.874 Executing VM operation: ICBufferFull done
Event: 0.899 Executing VM operation: HandshakeAllThreads
Event: 0.899 Executing VM operation: HandshakeAllThreads done
Event: 1.027 Executing VM operation: HandshakeAllThreads
Event: 1.027 Executing VM operation: HandshakeAllThreads done
Event: 1.028 Executing VM operation: HandshakeAllThreads
Event: 1.028 Executing VM operation: HandshakeAllThreads done
Event: 1.071 Executing VM operation: HandshakeAllThreads
Event: 1.071 Executing VM operation: HandshakeAllThreads done

Events (20 events):
Event: 1.028 loading class java/util/stream/IntPipeline$4$1 done
Event: 1.029 loading class java/util/RegularEnumSet$EnumSetIterator
Event: 1.029 loading class java/util/RegularEnumSet$EnumSetIterator done
Event: 1.034 loading class java/nio/file/attribute/PosixFilePermission
Event: 1.034 loading class java/nio/file/attribute/PosixFilePermission done
Event: 1.034 loading class java/lang/ProcessHandle
Event: 1.034 loading class java/lang/ProcessHandle done
Event: 1.034 loading class java/lang/ProcessHandleImpl
Event: 1.035 loading class java/lang/ProcessHandleImpl done
Event: 1.043 loading class java/util/concurrent/Executors$DefaultThreadFactory
Event: 1.043 loading class java/util/concurrent/Executors$DefaultThreadFactory done
Event: 1.053 loading class java/util/Stack
Event: 1.053 loading class java/util/Stack done
Event: 1.053 loading class java/util/Vector$Itr
Event: 1.053 loading class java/util/Vector$Itr done
Event: 1.073 loading class sun/nio/cs/ISO_8859_1$Encoder
Event: 1.073 loading class sun/nio/cs/ISO_8859_1$Encoder done
Event: 1.073 loading class sun/nio/cs/Surrogate$Parser
Event: 1.073 loading class sun/nio/cs/Surrogate$Parser done
Event: 1.073 loading class sun/nio/cs/Surrogate


Dynamic libraries:
0x00007ff7adb70000 - 0x00007ff7adb7e000 	C:\JDK_Version\JDK17\bin\java.exe
0x00007ffbe0b10000 - 0x00007ffbe0d27000 	C:\WINDOWS\SYSTEM32\ntdll.dll
0x00007ffbded70000 - 0x00007ffbdee34000 	C:\WINDOWS\System32\KERNEL32.DLL
0x00007ffbde480000 - 0x00007ffbde837000 	C:\WINDOWS\System32\KERNELBASE.dll
0x00007ffbde360000 - 0x00007ffbde471000 	C:\WINDOWS\System32\ucrtbase.dll
0x00007ffbcb980000 - 0x00007ffbcb999000 	C:\JDK_Version\JDK17\bin\VCRUNTIME140.dll
0x00007ffbcb690000 - 0x00007ffbcb6a7000 	C:\JDK_Version\JDK17\bin\jli.dll
0x00007ffbdebc0000 - 0x00007ffbded6f000 	C:\WINDOWS\System32\USER32.dll
0x00007ffbbc2e0000 - 0x00007ffbbc573000 	C:\WINDOWS\WinSxS\amd64_microsoft.windows.common-controls_6595b64144ccf1df_6.0.22621.3672_none_2713b9d173822955\COMCTL32.dll
0x00007ffbdde20000 - 0x00007ffbdde46000 	C:\WINDOWS\System32\win32u.dll
0x00007ffbe0240000 - 0x00007ffbe02e7000 	C:\WINDOWS\System32\msvcrt.dll
0x00007ffbe00a0000 - 0x00007ffbe00c9000 	C:\WINDOWS\System32\GDI32.dll
0x00007ffbde240000 - 0x00007ffbde358000 	C:\WINDOWS\System32\gdi32full.dll
0x00007ffbddf00000 - 0x00007ffbddf9a000 	C:\WINDOWS\System32\msvcp_win.dll
0x00007ffbdeb80000 - 0x00007ffbdebb1000 	C:\WINDOWS\System32\IMM32.DLL
0x00007ffbcf800000 - 0x00007ffbcf80c000 	C:\JDK_Version\JDK17\bin\vcruntime140_1.dll
0x00007ffba0920000 - 0x00007ffba09b1000 	C:\JDK_Version\JDK17\bin\msvcp140.dll
0x00007ffb82d90000 - 0x00007ffb839d8000 	C:\JDK_Version\JDK17\bin\server\jvm.dll
0x00007ffbdf370000 - 0x00007ffbdf422000 	C:\WINDOWS\System32\ADVAPI32.dll
0x00007ffbdfff0000 - 0x00007ffbe0098000 	C:\WINDOWS\System32\sechost.dll
0x00007ffbdded0000 - 0x00007ffbddef8000 	C:\WINDOWS\System32\bcrypt.dll
0x00007ffbdea60000 - 0x00007ffbdeb74000 	C:\WINDOWS\System32\RPCRT4.dll
0x00007ffbd4f90000 - 0x00007ffbd4f9a000 	C:\WINDOWS\SYSTEM32\VERSION.dll
0x00007ffbd99b0000 - 0x00007ffbd99e4000 	C:\WINDOWS\SYSTEM32\WINMM.dll
0x00007ffbda4a0000 - 0x00007ffbda4a9000 	C:\WINDOWS\SYSTEM32\WSOCK32.dll
0x00007ffbdfe80000 - 0x00007ffbdfef1000 	C:\WINDOWS\System32\WS2_32.dll
0x00007ffbdce40000 - 0x00007ffbdce58000 	C:\WINDOWS\SYSTEM32\kernel.appcore.dll
0x00007ffbcf770000 - 0x00007ffbcf77a000 	C:\JDK_Version\JDK17\bin\jimage.dll
0x00007ffbd44e0000 - 0x00007ffbd4712000 	C:\WINDOWS\SYSTEM32\DBGHELP.DLL
0x00007ffbe0720000 - 0x00007ffbe0aae000 	C:\WINDOWS\System32\combase.dll
0x00007ffbdfca0000 - 0x00007ffbdfd77000 	C:\WINDOWS\System32\OLEAUT32.dll
0x00007ffbd50c0000 - 0x00007ffbd50f2000 	C:\WINDOWS\SYSTEM32\dbgcore.DLL
0x00007ffbdde50000 - 0x00007ffbddecb000 	C:\WINDOWS\System32\bcryptPrimitives.dll
0x00007ffbda1e0000 - 0x00007ffbda1ee000 	C:\JDK_Version\JDK17\bin\instrument.dll
0x00007ffbc1fd0000 - 0x00007ffbc1ff5000 	C:\JDK_Version\JDK17\bin\java.dll
0x00007ffb96930000 - 0x00007ffb96a06000 	C:\JDK_Version\JDK17\bin\jsvml.dll
0x00007ffbdf430000 - 0x00007ffbdfc99000 	C:\WINDOWS\System32\SHELL32.dll
0x00007ffbdbd40000 - 0x00007ffbdc63f000 	C:\WINDOWS\SYSTEM32\windows.storage.dll
0x00007ffbdbc00000 - 0x00007ffbdbd3f000 	C:\WINDOWS\SYSTEM32\wintypes.dll
0x00007ffbe05d0000 - 0x00007ffbe06c9000 	C:\WINDOWS\System32\SHCORE.dll
0x00007ffbdff80000 - 0x00007ffbdffde000 	C:\WINDOWS\System32\shlwapi.dll
0x00007ffbddd50000 - 0x00007ffbddd77000 	C:\WINDOWS\SYSTEM32\profapi.dll
0x00007ffbc9080000 - 0x00007ffbc9098000 	C:\JDK_Version\JDK17\bin\zip.dll
0x00007ffbc5420000 - 0x00007ffbc5439000 	C:\JDK_Version\JDK17\bin\net.dll
0x00007ffbdac10000 - 0x00007ffbdad46000 	C:\WINDOWS\SYSTEM32\WINHTTP.dll
0x00007ffbdd2b0000 - 0x00007ffbdd319000 	C:\WINDOWS\system32\mswsock.dll
0x00007ffbc52b0000 - 0x00007ffbc52c5000 	C:\JDK_Version\JDK17\bin\nio.dll
0x00007ffbcfba0000 - 0x00007ffbcfbba000 	D:\IntelliJ_Ultimate\IntelliJ IDEA 2023.3.4\bin\breakgen64.dll
0x00007ffbdc8d0000 - 0x00007ffbdc9d2000 	C:\WINDOWS\SYSTEM32\DNSAPI.dll
0x00007ffbdc8a0000 - 0x00007ffbdc8cd000 	C:\WINDOWS\SYSTEM32\IPHLPAPI.DLL
0x00007ffbdffe0000 - 0x00007ffbdffe9000 	C:\WINDOWS\System32\NSI.dll
0x0000000057900000 - 0x0000000057926000 	C:\Program Files\Bonjour\mdnsNSP.dll
0x00007ffbd97d0000 - 0x00007ffbd97da000 	C:\Windows\System32\rasadhlp.dll
0x00007ffbd98a0000 - 0x00007ffbd9923000 	C:\WINDOWS\System32\fwpuclnt.dll
0x00007ffbd76d0000 - 0x00007ffbd76d9000 	C:\JDK_Version\JDK17\bin\management.dll
0x00007ffbd7630000 - 0x00007ffbd763b000 	C:\JDK_Version\JDK17\bin\management_ext.dll
0x00007ffbe04a0000 - 0x00007ffbe04a8000 	C:\WINDOWS\System32\PSAPI.DLL
0x00007ffbdd510000 - 0x00007ffbdd52b000 	C:\WINDOWS\SYSTEM32\CRYPTSP.dll
0x00007ffbdcda0000 - 0x00007ffbdcdd5000 	C:\WINDOWS\system32\rsaenh.dll
0x00007ffbdd3b0000 - 0x00007ffbdd3d8000 	C:\WINDOWS\SYSTEM32\USERENV.dll
0x00007ffbdd530000 - 0x00007ffbdd53c000 	C:\WINDOWS\SYSTEM32\CRYPTBASE.dll
0x00007ffbd9da0000 - 0x00007ffbd9db9000 	C:\WINDOWS\SYSTEM32\dhcpcsvc6.DLL
0x00007ffbd9d80000 - 0x00007ffbd9d9f000 	C:\WINDOWS\SYSTEM32\dhcpcsvc.DLL
0x00007ffbb2a80000 - 0x00007ffbb2a97000 	C:\WINDOWS\system32\napinsp.dll
0x00007ffbb2470000 - 0x00007ffbb248b000 	C:\WINDOWS\system32\pnrpnsp.dll
0x00007ffbb23c0000 - 0x00007ffbb23d1000 	C:\WINDOWS\System32\winrnr.dll
0x00007ffbbeb10000 - 0x00007ffbbeb25000 	C:\WINDOWS\system32\wshbth.dll
0x00007ffbb2390000 - 0x00007ffbb23b7000 	C:\WINDOWS\system32\nlansp_c.dll
0x00007ffbcdb40000 - 0x00007ffbcdb50000 	C:\JDK_Version\JDK17\bin\verify.dll

dbghelp: loaded successfully - version: 4.0.5 - missing functions: none
symbol engine: initialized successfully - sym options: 0x614 - pdb path: .;C:\JDK_Version\JDK17\bin;C:\WINDOWS\SYSTEM32;C:\WINDOWS\WinSxS\amd64_microsoft.windows.common-controls_6595b64144ccf1df_6.0.22621.3672_none_2713b9d173822955;C:\JDK_Version\JDK17\bin\server;D:\IntelliJ_Ultimate\IntelliJ IDEA 2023.3.4\bin;C:\Program Files\Bonjour

VM Arguments:
jvm_args: -XX:TieredStopAtLevel=1 -Dspring.output.ansi.enabled=always -Dcom.sun.management.jmxremote -Dspring.jmx.enabled=true -Dspring.liveBeansView.mbeanDomain -Dspring.application.admin.enabled=true -Dmanagement.endpoints.jmx.exposure.include=* -javaagent:D:\IntelliJ_Ultimate\IntelliJ IDEA 2023.3.4\lib\idea_rt.jar=59334:D:\IntelliJ_Ultimate\IntelliJ IDEA 2023.3.4\bin -Dfile.encoding=UTF-8 
java_command: swp391.userservice.UserServiceApplication
java_class_path (initial): D:\Fullsnack\SpringReact\SWP391\Ticket-ReSell-Platform\backend\cloud-config-micro-parent\user-service\target\classes;C:\Users\ADMIN\.m2\repository\org\springframework\cloud\spring-cloud-starter-openfeign\4.1.3\spring-cloud-starter-openfeign-4.1.3.jar;C:\Users\ADMIN\.m2\repository\org\springframework\cloud\spring-cloud-starter\4.1.4\spring-cloud-starter-4.1.4.jar;C:\Users\ADMIN\.m2\repository\org\springframework\cloud\spring-cloud-context\4.1.4\spring-cloud-context-4.1.4.jar;C:\Users\ADMIN\.m2\repository\org\springframework\cloud\spring-cloud-openfeign-core\4.1.3\spring-cloud-openfeign-core-4.1.3.jar;C:\Users\ADMIN\.m2\repository\io\github\openfeign\form\feign-form-spring\3.8.0\feign-form-spring-3.8.0.jar;C:\Users\ADMIN\.m2\repository\io\github\openfeign\form\feign-form\3.8.0\feign-form-3.8.0.jar;C:\Users\ADMIN\.m2\repository\commons-fileupload\commons-fileupload\1.5\commons-fileupload-1.5.jar;C:\Users\ADMIN\.m2\repository\commons-io\commons-io\2.11.0\commons-io-2.11.0.jar;C:\Users\ADMIN\.m2\repository\org\springframework\spring-web\6.1.12\spring-web-6.1.12.jar;C:\Users\ADMIN\.m2\repository\org\springframework\spring-beans\6.1.12\spring-beans-6.1.12.jar;C:\Users\ADMIN\.m2\repository\org\springframework\cloud\spring-cloud-commons\4.1.4\spring-cloud-commons-4.1.4.jar;C:\Users\ADMIN\.m2\repository\io\github\openfeign\feign-core\13.3\feign-core-13.3.jar;C:\Users\ADMIN\.m2\repository\io\github\openfeign\feign-slf4j\13.3\feign-slf4j-13.3.jar;C:\Users\ADMIN\.m2\repository\org\slf4j\slf4j-api\2.0.16\slf4j-api-2.0.16.jar;C:\Users\ADMIN\.m2\repository\org\springframework\cloud\spring-cloud-config-server\4.1.3\spring-cloud-config-server-4.1.3.jar;C:\Users\ADMIN\.m2\repository\org\springframework\cloud\spring-cloud-config-client\4.1.3\spring-cloud-config-client-4.1.3.jar;C:\Users\ADMIN\.m2\repository\com\fasterxml\jackson\core\jackson-annotations\2.17.2\jackson-annotations-2.17.2.jar;C:\Users\ADMIN\.m2\repository\io\micrometer\micrometer-observation\
Launcher Type: SUN_STANDARD

[Global flags]
     intx CICompilerCount                          = 4                                         {product} {ergonomic}
     uint ConcGCThreads                            = 3                                         {product} {ergonomic}
     uint G1ConcRefinementThreads                  = 10                                        {product} {ergonomic}
   size_t G1HeapRegionSize                         = 2097152                                   {product} {ergonomic}
    uintx GCDrainStackTargetSize                   = 64                                        {product} {ergonomic}
   size_t InitialHeapSize                          = 260046848                                 {product} {ergonomic}
     bool ManagementServer                         = true                                      {product} {command line}
   size_t MarkStackSize                            = 4194304                                   {product} {ergonomic}
   size_t MaxHeapSize                              = 4131389440                                {product} {ergonomic}
   size_t MaxNewSize                               = 2478833664                                {product} {ergonomic}
   size_t MinHeapDeltaBytes                        = 2097152                                   {product} {ergonomic}
   size_t MinHeapSize                              = 8388608                                   {product} {ergonomic}
    uintx NonProfiledCodeHeapSize                  = 0                                      {pd product} {ergonomic}
     bool ProfileInterpreter                       = false                                  {pd product} {command line}
    uintx ProfiledCodeHeapSize                     = 0                                      {pd product} {ergonomic}
   size_t SoftMaxHeapSize                          = 4131389440                             {manageable} {ergonomic}
     intx TieredStopAtLevel                        = 1                                         {product} {command line}
     bool UseCompressedClassPointers               = true                           {product lp64_product} {ergonomic}
     bool UseCompressedOops                        = true                           {product lp64_product} {ergonomic}
     bool UseG1GC                                  = true                                      {product} {ergonomic}
     bool UseLargePagesIndividualAllocation        = false                                  {pd product} {ergonomic}

Logging:
Log output configuration:
 #0: stdout all=warning uptime,level,tags
 #1: stderr all=off uptime,level,tags

Environment Variables:
JAVA_HOME=C:\JDK_Version\JDK17
PATH=C:\Program Files (x86)\Common Files\Oracle\Java\javapath;C:\JDK_Version\JDK17\bin;C:\WINDOWS\system32;C:\WINDOWS;C:\WINDOWS\System32\Wbem;C:\WINDOWS\System32\WindowsPowerShell\v1.0\;C:\WINDOWS\System32\OpenSSH\;C:\MinGW\bin;C:\msys64\mingw64\bin;C:\Program Files\Git\cmd;C:\Program Files (x86)\Microsoft SQL Server\160\Tools\Binn\;C:\Program Files\Microsoft SQL Server\160\Tools\Binn\;C:\Program Files\Microsoft SQL Server\Client SDK\ODBC\170\Tools\Binn\;C:\Program Files\Microsoft SQL Server\160\DTS\Binn\;C:\Program Files (x86)\Microsoft SQL Server\160\DTS\Binn\;C:\Program Files\Azure Data Studio\bin;C:\Program Files\dotnet\;D:\NodeJS\;C:\ProgramData\chocolatey\bin;C:\Program Files\Microsoft SQL Server\150\Tools\Binn\;D:\Windows Kits\10\Windows Performance Toolkit\;D:\MongoDB\mongosh-2.3.1-win32-x64\bin;D:\MongoDB\bin;D:\Pycharm\lib\ffmpeg-master-latest-win64-gpl\bin;C:\Users\ADMIN\AppData\Local\Android\Sdk\platform-tools;C:\Users\ADMIN\AppData\Local\Programs\Python\Python312\Scripts\;C:\Users\ADMIN\AppData\Local\Programs\Python\Python312\;C:\Program Files\MySQL\MySQL Shell 8.0\bin\;C:\Users\ADMIN\AppData\Local\Microsoft\WindowsApps;C:\msys64\mingw64\bin;D:\Microsoft VS Code\bin;C:\Program Files\Azure Data Studio\bin;C:\Users\ADMIN\AppData\Roaming\npm;D:\IntelliJ\IntelliJ IDEA Community Edition 2023.3.4\bin;;D:\IntelliJ_Ultimate\IntelliJ IDEA 2023.3.4\bin;;C:\Users\ADMIN\.dotnet\tools;D:\Pycharm\PyCharm 2024.2.0.1\bin;;D:\Pycharm\PyCharm Community Edition 2024.2.0.1\bin;;D:\MongoDB\bin;
USERNAME=ADMIN
OS=Windows_NT
PROCESSOR_IDENTIFIER=AMD64 Family 25 Model 80 Stepping 0, AuthenticAMD
TMP=C:\Users\ADMIN\AppData\Local\Temp
TEMP=C:\Users\ADMIN\AppData\Local\Temp



---------------  S Y S T E M  ---------------

OS:
 Windows 11 , 64 bit Build 22621 (10.0.22621.3958)
OS uptime: 0 days 16:11 hours
Hyper-V role detected

CPU: total 12 (initial active 12) (12 cores per cpu, 2 threads per core) family 25 model 80 stepping 0 microcode 0x0, cx8, cmov, fxsr, ht, mmx, 3dnowpref, sse, sse2, sse3, ssse3, sse4a, sse4.1, sse4.2, popcnt, lzcnt, tsc, tscinvbit, avx, avx2, aes, erms, clmul, bmi1, bmi2, adx, sha, fma, vzeroupper, clflush, clflushopt, hv

Memory: 4k page, system-wide physical 15754M (2658M free)
TotalPageFile size 20766M (AvailPageFile size 346M)
current process WorkingSet (physical memory assigned to process): 100M, peak: 100M
current process commit charge ("private bytes"): 363M, peak: 363M

vm_info: OpenJDK 64-Bit Server VM (17.0.7+7) for windows-amd64 JRE (17.0.7+7), built on Apr 18 2023 22:10:42 by "temurin" with MS VC++ 16.7 (VS2019)

END.
