#
# There is insufficient memory for the Java Runtime Environment to continue.
# Native memory allocation (malloc) failed to allocate 1048576 bytes. Error detail: AllocateHeap
# Possible reasons:
#   The system is out of physical RAM or swap space
#   This process is running with CompressedOops enabled, and the Java Heap may be blocking the growth of the native heap
# Possible solutions:
#   Reduce memory load on the system
#   Increase physical memory or swap space
#   Check if swap backing store is full
#   Decrease Java heap size (-Xmx/-Xms)
#   Decrease number of Java threads
#   Decrease Java thread stack sizes (-Xss)
#   Set larger code cache with -XX:ReservedCodeCacheSize=
#   JVM is running with Unscaled Compressed Oops mode in which the Java heap is
#     placed in the first 4GB address space. The Java Heap base address is the
#     maximum limit for the native heap growth. Please use -XX:HeapBaseMinAddress
#     to set the Java Heap base and to place the Java Heap above 4GB virtual address.
# This output file may be truncated or incomplete.
#
#  Out of Memory Error (allocation.cpp:44), pid=4976, tid=2288
#
# JRE version:  (17.0.12+7) (build )
# Java VM: OpenJDK 64-Bit Server VM (17.0.12+7, mixed mode, tiered, compressed oops, compressed class ptrs, parallel gc, windows-amd64)
# No core dump will be written. Minidumps are not enabled by default on client versions of Windows
#

---------------  S U M M A R Y ------------

Command Line: --add-modules=ALL-SYSTEM --add-opens=java.base/java.util=ALL-UNNAMED --add-opens=java.base/java.lang=ALL-UNNAMED --add-opens=java.base/sun.nio.fs=ALL-UNNAMED -Declipse.application=org.eclipse.jdt.ls.core.id1 -Dosgi.bundles.defaultStartLevel=4 -Declipse.product=org.eclipse.jdt.ls.core.product -Djava.import.generatesMetadataFilesAtProjectRoot=false -DDetectVMInstallationsJob.disabled=true -Dfile.encoding=utf8 -XX:+UseParallelGC -XX:GCTimeRatio=4 -XX:AdaptiveSizePolicyWeight=90 -Dsun.zip.disableMemoryMapping=true -Xmx1G -Xms100m -Xlog:disable -javaagent:c:\Users\ADMIN\.cursor\extensions\redhat.java-1.34.0-win32-x64\lombok\lombok-1.18.33.jar c:\Users\ADMIN\.cursor\extensions\redhat.java-1.34.0-win32-x64\server\plugins\org.eclipse.equinox.launcher_1.6.900.v20240613-2009.jar -configuration c:\Users\ADMIN\AppData\Roaming\Cursor\User\globalStorage\redhat.java\1.34.0\config_ss_win -data c:\Users\ADMIN\AppData\Roaming\Cursor\User\workspaceStorage\ca160f02d95a8740ce578aeb46de5349\redhat.java\ss_ws --pipe=\\.\pipe\lsp-292ce8cfba4386c1112bc6b2af93069b-sock

Host: AMD Ryzen 5 5600H with Radeon Graphics         , 12 cores, 15G,  Windows 11 , 64 bit Build 22621 (10.0.22621.3958)
Time: Sat Sep 28 01:14:44 2024 SE Asia Standard Time elapsed time: 0.023204 seconds (0d 0h 0m 0s)

---------------  T H R E A D  ---------------

Current thread (0x000002926c1de410):  JavaThread "Unknown thread" [_thread_in_vm, id=2288, stack(0x000000f0b0c00000,0x000000f0b0d00000)]

Stack: [0x000000f0b0c00000,0x000000f0b0d00000]
Native frames: (J=compiled Java code, j=interpreted, Vv=VM code, C=native code)
V  [jvm.dll+0x67f929]
V  [jvm.dll+0x8371ba]
V  [jvm.dll+0x838c7e]
V  [jvm.dll+0x8392e3]
V  [jvm.dll+0x24834f]
V  [jvm.dll+0xa70d3]
V  [jvm.dll+0x6b2fb6]
V  [jvm.dll+0x6b3b8f]
V  [jvm.dll+0x68c0b3]
V  [jvm.dll+0x80916b]
V  [jvm.dll+0x36d434]
V  [jvm.dll+0x7e7425]
V  [jvm.dll+0x3f0edf]
V  [jvm.dll+0x3f2a31]
C  [jli.dll+0x528f]
C  [ucrtbase.dll+0x29333]
C  [KERNEL32.DLL+0x1257d]
C  [ntdll.dll+0x5af08]


---------------  P R O C E S S  ---------------

Threads class SMR info:
_java_thread_list=0x00007ff83a876f18, length=0, elements={
}

Java Threads: ( => current thread )

Other Threads:
  0x000002926c1f2f00 GCTaskThread "GC Thread#0" [stack: 0x000000f0b0d00000,0x000000f0b0e00000] [id=18116]

=>0x000002926c1de410 (exited) JavaThread "Unknown thread" [_thread_in_vm, id=2288, stack(0x000000f0b0c00000,0x000000f0b0d00000)]

Threads with active compile tasks:

VM state: not at safepoint (normal execution)

VM Mutex/Monitor currently owned by a thread: None

Heap address: 0x00000000c0000000, size: 1024 MB, Compressed Oops mode: 32-bit

CDS archive(s) not mapped
Compressed class space mapped at: 0x0000000100000000-0x0000000140000000, reserved size: 1073741824
Narrow klass base: 0x0000000000000000, Narrow klass shift: 3, Narrow klass range: 0x140000000

GC Precious Log:
 CPUs: 12 total, 12 available
 Memory: 15754M
 Large Page Support: Disabled
 NUMA Support: Disabled
 Compressed Oops: Enabled (32-bit)
 Alignments: Space 512K, Generation 512K, Heap 2M
 Heap Min Capacity: 100M
 Heap Initial Capacity: 100M
 Heap Max Capacity: 1G
 Pre-touch: Disabled
 Parallel Workers: 10

Heap:
 PSYoungGen      total 29696K, used 512K [0x00000000eab00000, 0x00000000ecc00000, 0x0000000100000000)
  eden space 25600K, 2% used [0x00000000eab00000,0x00000000eab80070,0x00000000ec400000)
  from space 4096K, 0% used [0x00000000ec800000,0x00000000ec800000,0x00000000ecc00000)
  to   space 4096K, 0% used [0x00000000ec400000,0x00000000ec400000,0x00000000ec800000)
 ParOldGen       total 68608K, used 0K [0x00000000c0000000, 0x00000000c4300000, 0x00000000eab00000)
  object space 68608K, 0% used [0x00000000c0000000,0x00000000c0000000,0x00000000c4300000)
 Metaspace       used 1149K, committed 1216K, reserved 1114112K
  class space    used 101K, committed 128K, reserved 1048576K

Card table byte_map: [0x000002926bb90000,0x000002926bda0000] _byte_map_base: 0x000002926b590000

Marking Bits: (ParMarkBitMap*) 0x00007ff83a8e58b0
 Begin Bits: [0x000002927de70000, 0x000002927ee70000)
 End Bits:   [0x000002927ee70000, 0x000002927fe70000)

Polling page: 0x000002926a160000

Metaspace:

Usage:
  Non-class:      1.02 MB used.
      Class:    101.05 KB used.
       Both:      1.12 MB used.

Virtual space:
  Non-class space:       64.00 MB reserved,       1.06 MB (  2%) committed,  1 nodes.
      Class space:        1.00 GB reserved,     128.00 KB ( <1%) committed,  1 nodes.
             Both:        1.06 GB reserved,       1.19 MB ( <1%) committed. 

Chunk freelists:
   Non-Class:  12.00 MB
       Class:  15.75 MB
        Both:  27.75 MB

MaxMetaspaceSize: unlimited
CompressedClassSpaceSize: 1.00 GB
Initial GC threshold: 21.00 MB
Current GC threshold: 17179869184.00 GB
CDS: off
MetaspaceReclaimPolicy: balanced
 - commit_granule_bytes: 65536.
 - commit_granule_words: 8192.
 - virtual_space_node_default_size: 8388608.
 - enlarge_chunks_in_place: 1.
 - new_chunks_are_fully_committed: 0.
 - uncommit_free_chunks: 1.
 - use_allocation_guard: 0.
 - handle_deallocations: 1.


Internal statistics:

num_allocs_failed_limit: 0.
num_arena_births: 2.
num_arena_deaths: 0.
num_vsnodes_births: 2.
num_vsnodes_deaths: 0.
num_space_committed: 19.
num_space_uncommitted: 0.
num_chunks_returned_to_freelist: 0.
num_chunks_taken_from_freelist: 3.
num_chunk_merges: 0.
num_chunk_splits: 2.
num_chunks_enlarged: 0.
num_inconsistent_stats: 0.

CodeHeap 'non-profiled nmethods': size=120000Kb used=0Kb max_used=0Kb free=120000Kb
 bounds [0x0000029276940000, 0x0000029276bb0000, 0x000002927de70000]
CodeHeap 'profiled nmethods': size=120000Kb used=0Kb max_used=0Kb free=120000Kb
 bounds [0x000002926ee70000, 0x000002926f0e0000, 0x00000292763a0000]
CodeHeap 'non-nmethods': size=5760Kb used=202Kb max_used=353Kb free=5557Kb
 bounds [0x00000292763a0000, 0x0000029276610000, 0x0000029276940000]
 total_blobs=66 nmethods=0 adapters=47
 compilation: enabled
              stopped_count=0, restarted_count=0
 full_count=0

Compilation events (0 events):
No events

GC Heap History (0 events):
No events

Dll operation events (1 events):
Event: 0.007 Loaded shared library c:\Users\ADMIN\.cursor\extensions\redhat.java-1.34.0-win32-x64\jre\17.0.12-win32-x86_64\bin\java.dll

Deoptimization events (0 events):
No events

Classes loaded (20 events):
Event: 0.019 Loading class java/lang/Long
Event: 0.019 Loading class java/lang/Long done
Event: 0.019 Loading class java/util/Iterator
Event: 0.019 Loading class java/util/Iterator done
Event: 0.019 Loading class java/lang/reflect/RecordComponent
Event: 0.019 Loading class java/lang/reflect/RecordComponent done
Event: 0.019 Loading class jdk/internal/vm/vector/VectorSupport
Event: 0.019 Loading class jdk/internal/vm/vector/VectorSupport done
Event: 0.019 Loading class jdk/internal/vm/vector/VectorSupport$VectorPayload
Event: 0.019 Loading class jdk/internal/vm/vector/VectorSupport$VectorPayload done
Event: 0.019 Loading class jdk/internal/vm/vector/VectorSupport$Vector
Event: 0.019 Loading class jdk/internal/vm/vector/VectorSupport$Vector done
Event: 0.019 Loading class jdk/internal/vm/vector/VectorSupport$VectorMask
Event: 0.019 Loading class jdk/internal/vm/vector/VectorSupport$VectorMask done
Event: 0.019 Loading class jdk/internal/vm/vector/VectorSupport$VectorShuffle
Event: 0.019 Loading class jdk/internal/vm/vector/VectorSupport$VectorShuffle done
Event: 0.020 Loading class java/lang/NullPointerException
Event: 0.020 Loading class java/lang/NullPointerException done
Event: 0.020 Loading class java/lang/ArithmeticException
Event: 0.021 Loading class java/lang/ArithmeticException done

Classes unloaded (0 events):
No events

Classes redefined (0 events):
No events

Internal exceptions (0 events):
No events

VM Operations (0 events):
No events

Events (0 events):
No events


Dynamic libraries:
0x00007ff630630000 - 0x00007ff63063e000 	c:\Users\ADMIN\.cursor\extensions\redhat.java-1.34.0-win32-x64\jre\17.0.12-win32-x86_64\bin\java.exe
0x00007ff8872d0000 - 0x00007ff8874e7000 	C:\WINDOWS\SYSTEM32\ntdll.dll
0x00007ff886140000 - 0x00007ff886204000 	C:\WINDOWS\System32\KERNEL32.DLL
0x00007ff884a00000 - 0x00007ff884db7000 	C:\WINDOWS\System32\KERNELBASE.dll
0x00007ff8845e0000 - 0x00007ff8846f1000 	C:\WINDOWS\System32\ucrtbase.dll
0x00007ff85e1f0000 - 0x00007ff85e207000 	c:\Users\ADMIN\.cursor\extensions\redhat.java-1.34.0-win32-x64\jre\17.0.12-win32-x86_64\bin\jli.dll
0x00007ff85da10000 - 0x00007ff85da2b000 	c:\Users\ADMIN\.cursor\extensions\redhat.java-1.34.0-win32-x64\jre\17.0.12-win32-x86_64\bin\VCRUNTIME140.dll
0x00007ff885240000 - 0x00007ff8853ef000 	C:\WINDOWS\System32\USER32.dll
0x00007ff862d70000 - 0x00007ff863003000 	C:\WINDOWS\WinSxS\amd64_microsoft.windows.common-controls_6595b64144ccf1df_6.0.22621.3672_none_2713b9d173822955\COMCTL32.dll
0x00007ff8848e0000 - 0x00007ff884906000 	C:\WINDOWS\System32\win32u.dll
0x00007ff886d30000 - 0x00007ff886d59000 	C:\WINDOWS\System32\GDI32.dll
0x00007ff8871e0000 - 0x00007ff887287000 	C:\WINDOWS\System32\msvcrt.dll
0x00007ff8847c0000 - 0x00007ff8848d8000 	C:\WINDOWS\System32\gdi32full.dll
0x00007ff884f60000 - 0x00007ff884ffa000 	C:\WINDOWS\System32\msvcp_win.dll
0x00007ff886d60000 - 0x00007ff886d91000 	C:\WINDOWS\System32\IMM32.DLL
0x00007ff876650000 - 0x00007ff87665c000 	c:\Users\ADMIN\.cursor\extensions\redhat.java-1.34.0-win32-x64\jre\17.0.12-win32-x86_64\bin\vcruntime140_1.dll
0x00007ff8583a0000 - 0x00007ff85842d000 	c:\Users\ADMIN\.cursor\extensions\redhat.java-1.34.0-win32-x64\jre\17.0.12-win32-x86_64\bin\msvcp140.dll
0x00007ff839d40000 - 0x00007ff83a9aa000 	c:\Users\ADMIN\.cursor\extensions\redhat.java-1.34.0-win32-x64\jre\17.0.12-win32-x86_64\bin\server\jvm.dll
0x00007ff8867f0000 - 0x00007ff8868a2000 	C:\WINDOWS\System32\ADVAPI32.dll
0x00007ff885e70000 - 0x00007ff885f18000 	C:\WINDOWS\System32\sechost.dll
0x00007ff884f30000 - 0x00007ff884f58000 	C:\WINDOWS\System32\bcrypt.dll
0x00007ff886e60000 - 0x00007ff886f74000 	C:\WINDOWS\System32\RPCRT4.dll
0x00007ff8865a0000 - 0x00007ff886611000 	C:\WINDOWS\System32\WS2_32.dll
0x00007ff884300000 - 0x00007ff88434d000 	C:\WINDOWS\SYSTEM32\POWRPROF.dll
0x00007ff87d010000 - 0x00007ff87d01a000 	C:\WINDOWS\SYSTEM32\VERSION.dll
0x00007ff87fe20000 - 0x00007ff87fe54000 	C:\WINDOWS\SYSTEM32\WINMM.dll
0x00007ff8842e0000 - 0x00007ff8842f3000 	C:\WINDOWS\SYSTEM32\UMPDC.dll
0x00007ff883600000 - 0x00007ff883618000 	C:\WINDOWS\SYSTEM32\kernel.appcore.dll
0x00007ff876160000 - 0x00007ff87616a000 	c:\Users\ADMIN\.cursor\extensions\redhat.java-1.34.0-win32-x64\jre\17.0.12-win32-x86_64\bin\jimage.dll
0x00007ff87b620000 - 0x00007ff87b852000 	C:\WINDOWS\SYSTEM32\DBGHELP.DLL
0x00007ff886210000 - 0x00007ff88659e000 	C:\WINDOWS\System32\combase.dll
0x00007ff885160000 - 0x00007ff885237000 	C:\WINDOWS\System32\OLEAUT32.dll
0x00007ff87b970000 - 0x00007ff87b9a2000 	C:\WINDOWS\SYSTEM32\dbgcore.DLL
0x00007ff884980000 - 0x00007ff8849fb000 	C:\WINDOWS\System32\bcryptPrimitives.dll
0x00007ff875e70000 - 0x00007ff875e7e000 	c:\Users\ADMIN\.cursor\extensions\redhat.java-1.34.0-win32-x64\jre\17.0.12-win32-x86_64\bin\instrument.dll
0x00007ff85a620000 - 0x00007ff85a645000 	c:\Users\ADMIN\.cursor\extensions\redhat.java-1.34.0-win32-x64\jre\17.0.12-win32-x86_64\bin\java.dll
0x00007ff859d70000 - 0x00007ff859d88000 	c:\Users\ADMIN\.cursor\extensions\redhat.java-1.34.0-win32-x64\jre\17.0.12-win32-x86_64\bin\zip.dll

dbghelp: loaded successfully - version: 4.0.5 - missing functions: none
symbol engine: initialized successfully - sym options: 0x614 - pdb path: .;c:\Users\ADMIN\.cursor\extensions\redhat.java-1.34.0-win32-x64\jre\17.0.12-win32-x86_64\bin;C:\WINDOWS\SYSTEM32;C:\WINDOWS\WinSxS\amd64_microsoft.windows.common-controls_6595b64144ccf1df_6.0.22621.3672_none_2713b9d173822955;c:\Users\ADMIN\.cursor\extensions\redhat.java-1.34.0-win32-x64\jre\17.0.12-win32-x86_64\bin\server

VM Arguments:
jvm_args: --add-modules=ALL-SYSTEM --add-opens=java.base/java.util=ALL-UNNAMED --add-opens=java.base/java.lang=ALL-UNNAMED --add-opens=java.base/sun.nio.fs=ALL-UNNAMED -Declipse.application=org.eclipse.jdt.ls.core.id1 -Dosgi.bundles.defaultStartLevel=4 -Declipse.product=org.eclipse.jdt.ls.core.product -Djava.import.generatesMetadataFilesAtProjectRoot=false -DDetectVMInstallationsJob.disabled=true -Dfile.encoding=utf8 -XX:+UseParallelGC -XX:GCTimeRatio=4 -XX:AdaptiveSizePolicyWeight=90 -Dsun.zip.disableMemoryMapping=true -Xmx1G -Xms100m -Xlog:disable -javaagent:c:\Users\ADMIN\.cursor\extensions\redhat.java-1.34.0-win32-x64\lombok\lombok-1.18.33.jar 
java_command: c:\Users\ADMIN\.cursor\extensions\redhat.java-1.34.0-win32-x64\server\plugins\org.eclipse.equinox.launcher_1.6.900.v20240613-2009.jar -configuration c:\Users\ADMIN\AppData\Roaming\Cursor\User\globalStorage\redhat.java\1.34.0\config_ss_win -data c:\Users\ADMIN\AppData\Roaming\Cursor\User\workspaceStorage\ca160f02d95a8740ce578aeb46de5349\redhat.java\ss_ws --pipe=\\.\pipe\lsp-292ce8cfba4386c1112bc6b2af93069b-sock
java_class_path (initial): c:\Users\ADMIN\.cursor\extensions\redhat.java-1.34.0-win32-x64\server\plugins\org.eclipse.equinox.launcher_1.6.900.v20240613-2009.jar
Launcher Type: SUN_STANDARD

[Global flags]
    uintx AdaptiveSizePolicyWeight                 = 90                                        {product} {command line}
     intx CICompilerCount                          = 4                                         {product} {ergonomic}
    uintx GCTimeRatio                              = 4                                         {product} {command line}
   size_t InitialHeapSize                          = 104857600                                 {product} {command line}
   size_t MaxHeapSize                              = 1073741824                                {product} {command line}
   size_t MaxNewSize                               = 357564416                                 {product} {ergonomic}
   size_t MinHeapDeltaBytes                        = 524288                                    {product} {ergonomic}
   size_t MinHeapSize                              = 104857600                                 {product} {command line}
   size_t NewSize                                  = 34603008                                  {product} {ergonomic}
    uintx NonNMethodCodeHeapSize                   = 5839372                                {pd product} {ergonomic}
    uintx NonProfiledCodeHeapSize                  = 122909434                              {pd product} {ergonomic}
   size_t OldSize                                  = 70254592                                  {product} {ergonomic}
    uintx ProfiledCodeHeapSize                     = 122909434                              {pd product} {ergonomic}
    uintx ReservedCodeCacheSize                    = 251658240                              {pd product} {ergonomic}
     bool SegmentedCodeCache                       = true                                      {product} {ergonomic}
   size_t SoftMaxHeapSize                          = 1073741824                             {manageable} {ergonomic}
     bool UseCompressedClassPointers               = true                           {product lp64_product} {ergonomic}
     bool UseCompressedOops                        = true                           {product lp64_product} {ergonomic}
     bool UseLargePagesIndividualAllocation        = false                                  {pd product} {ergonomic}
     bool UseParallelGC                            = true                                      {product} {command line}

Logging:
Log output configuration:
 #0: stdout all=off uptime,level,tags
 #1: stderr all=off uptime,level,tags

Environment Variables:
JAVA_HOME=C:\JDK_Version\JDK17
PATH=C:\Program Files (x86)\Common Files\Oracle\Java\javapath;C:\JDK_Version\JDK17\bin;C:\WINDOWS\system32;C:\WINDOWS;C:\WINDOWS\System32\Wbem;C:\WINDOWS\System32\WindowsPowerShell\v1.0\;C:\WINDOWS\System32\OpenSSH\;C:\MinGW\bin;C:\msys64\mingw64\bin;C:\Program Files\Git\cmd;C:\Program Files (x86)\Microsoft SQL Server\160\Tools\Binn\;C:\Program Files\Microsoft SQL Server\160\Tools\Binn\;C:\Program Files\Microsoft SQL Server\Client SDK\ODBC\170\Tools\Binn\;C:\Program Files\Microsoft SQL Server\160\DTS\Binn\;C:\Program Files (x86)\Microsoft SQL Server\160\DTS\Binn\;C:\Program Files\Azure Data Studio\bin;C:\Program Files\dotnet\;D:\NodeJS\;C:\ProgramData\chocolatey\bin;C:\Program Files\Microsoft SQL Server\150\Tools\Binn\;D:\Windows Kits\10\Windows Performance Toolkit\;D:\MongoDB\mongosh-2.3.1-win32-x64\bin;D:\MongoDB\bin;D:\Pycharm\lib\ffmpeg-master-latest-win64-gpl\bin;C:\Users\ADMIN\AppData\Local\Android\Sdk\platform-tools;C:\Users\ADMIN\AppData\Local\Programs\Python\Python312\Scripts\;C:\Users\ADMIN\AppData\Local\Programs\Python\Python312\;C:\Program Files\MySQL\MySQL Shell 8.0\bin\;C:\Users\ADMIN\AppData\Local\Microsoft\WindowsApps;C:\msys64\mingw64\bin;D:\Microsoft VS Code\bin;C:\Program Files\Azure Data Studio\bin;C:\Users\ADMIN\AppData\Roaming\npm;D:\IntelliJ\IntelliJ IDEA Community Edition 2023.3.4\bin;;D:\IntelliJ_Ultimate\IntelliJ IDEA 2023.3.4\bin;;C:\Users\ADMIN\.dotnet\tools;D:\Pycharm\PyCharm 2024.2.0.1\bin;;D:\Pycharm\PyCharm Community Edition 2024.2.0.1\bin;;D:\MongoDB\bin;
USERNAME=ADMIN
OS=Windows_NT
PROCESSOR_IDENTIFIER=AMD64 Family 25 Model 80 Stepping 0, AuthenticAMD
TMP=C:\Users\ADMIN\AppData\Local\Temp
TEMP=C:\Users\ADMIN\AppData\Local\Temp



Periodic native trim disabled


---------------  S Y S T E M  ---------------

OS:
 Windows 11 , 64 bit Build 22621 (10.0.22621.3958)
OS uptime: 0 days 4:25 hours
Hyper-V role detected

CPU: total 12 (initial active 12) (12 cores per cpu, 2 threads per core) family 25 model 80 stepping 0 microcode 0x0, cx8, cmov, fxsr, ht, mmx, 3dnowpref, sse, sse2, sse3, ssse3, sse4a, sse4.1, sse4.2, popcnt, lzcnt, tsc, tscinvbit, avx, avx2, aes, erms, clmul, bmi1, bmi2, adx, sha, fma, vzeroupper, clflush, clflushopt, hv
Processor Information for all 12 processors :
  Max Mhz: 3301, Current Mhz: 3301, Mhz Limit: 3301

Memory: 4k page, system-wide physical 15754M (2289M free)
TotalPageFile size 20766M (AvailPageFile size 44M)
current process WorkingSet (physical memory assigned to process): 16M, peak: 16M
current process commit charge ("private bytes"): 151M, peak: 152M

vm_info: OpenJDK 64-Bit Server VM (17.0.12+7) for windows-amd64 JRE (17.0.12+7), built on Jul 16 2024 22:08:24 by "admin" with MS VC++ 16.10 / 16.11 (VS2019)

END.
