#
# There is insufficient memory for the Java Runtime Environment to continue.
# Native memory allocation (mmap) failed to map 65536 bytes for Failed to commit metaspace.
# Possible reasons:
#   The system is out of physical RAM or swap space
#   The process is running with CompressedOops enabled, and the Java Heap may be blocking the growth of the native heap
# Possible solutions:
#   Reduce memory load on the system
#   Increase physical memory or swap space
#   Check if swap backing store is full
#   Decrease Java heap size (-Xmx/-Xms)
#   Decrease number of Java threads
#   Decrease Java thread stack sizes (-Xss)
#   Set larger code cache with -XX:ReservedCodeCacheSize=
#   JVM is running with Zero Based Compressed Oops mode in which the Java heap is
#     placed in the first 32GB address space. The Java Heap base address is the
#     maximum limit for the native heap growth. Please use -XX:HeapBaseMinAddress
#     to set the Java Heap base and to place the Java Heap above 32GB virtual address.
# This output file may be truncated or incomplete.
#
#  Out of Memory Error (virtualSpaceNode.cpp:110), pid=16084, tid=11136
#
# JRE version: OpenJDK Runtime Environment Temurin-17.0.7+7 (17.0.7+7) (build 17.0.7+7)
# Java VM: OpenJDK 64-Bit Server VM Temurin-17.0.7+7 (17.0.7+7, mixed mode, emulated-client, sharing, tiered, compressed oops, compressed class ptrs, g1 gc, windows-amd64)
# No core dump will be written. Minidumps are not enabled by default on client versions of Windows
#

---------------  S U M M A R Y ------------

Command Line: -XX:TieredStopAtLevel=1 -Dspring.output.ansi.enabled=always -Dcom.sun.management.jmxremote -Dspring.jmx.enabled=true -Dspring.liveBeansView.mbeanDomain -Dspring.application.admin.enabled=true -Dmanagement.endpoints.jmx.exposure.include=* -javaagent:D:\IntelliJ_Ultimate\IntelliJ IDEA 2023.3.4\lib\idea_rt.jar=53387:D:\IntelliJ_Ultimate\IntelliJ IDEA 2023.3.4\bin -Dfile.encoding=UTF-8 swp391.userservice.UserServiceApplication

Host: AMD Ryzen 5 5600H with Radeon Graphics         , 12 cores, 15G,  Windows 11 , 64 bit Build 22621 (10.0.22621.3958)
Time: Thu Sep 26 17:08:38 2024 SE Asia Standard Time elapsed time: 3.683673 seconds (0d 0h 0m 3s)

---------------  T H R E A D  ---------------

Current thread (0x000001bf2d2dc980):  JavaThread "restartedMain" [_thread_in_vm, id=11136, stack(0x0000008227f00000,0x0000008228000000)]

Stack: [0x0000008227f00000,0x0000008228000000]
Native frames: (J=compiled Java code, j=interpreted, Vv=VM code, C=native code)
V  [jvm.dll+0x67754a]
V  [jvm.dll+0x834304]
V  [jvm.dll+0x835aae]
V  [jvm.dll+0x836113]
V  [jvm.dll+0x24696f]
V  [jvm.dll+0x83039b]
V  [jvm.dll+0x61c006]
V  [jvm.dll+0x1c169e]
V  [jvm.dll+0x61e961]
V  [jvm.dll+0x61c9a6]
V  [jvm.dll+0x23b391]
V  [jvm.dll+0x1eb530]
V  [jvm.dll+0x1eb9b5]
V  [jvm.dll+0x1ec3ef]
V  [jvm.dll+0x1e1891]
V  [jvm.dll+0x53ea50]
V  [jvm.dll+0x7afc28]
V  [jvm.dll+0x7afd14]
V  [jvm.dll+0x40de05]
V  [jvm.dll+0x413f58]
C  [java.dll+0x17ec]

Java frames: (J=compiled Java code, j=interpreted, Vv=VM code)
J 1175  java.lang.ClassLoader.defineClass1(Ljava/lang/ClassLoader;Ljava/lang/String;[BIILjava/security/ProtectionDomain;Ljava/lang/String;)Ljava/lang/Class; java.base@17.0.7 (0 bytes) @ 0x000001bf1e228663 [0x000001bf1e2285a0+0x00000000000000c3]
J 1247 c1 java.lang.ClassLoader.defineClass(Ljava/lang/String;[BIILjava/security/ProtectionDomain;)Ljava/lang/Class; java.base@17.0.7 (43 bytes) @ 0x000001bf1e2cefec [0x000001bf1e2ceee0+0x000000000000010c]
J 1182 c1 jdk.internal.loader.BuiltinClassLoader.defineClass(Ljava/lang/String;Ljdk/internal/loader/Resource;)Ljava/lang/Class; java.base@17.0.7 (121 bytes) @ 0x000001bf1e22c674 [0x000001bf1e22c1a0+0x00000000000004d4]
J 1181 c1 jdk.internal.loader.BuiltinClassLoader.findClassOnClassPathOrNull(Ljava/lang/String;)Ljava/lang/Class; java.base@17.0.7 (64 bytes) @ 0x000001bf1e22a8ec [0x000001bf1e22a620+0x00000000000002cc]
J 979 c1 jdk.internal.loader.BuiltinClassLoader.loadClassOrNull(Ljava/lang/String;Z)Ljava/lang/Class; java.base@17.0.7 (143 bytes) @ 0x000001bf1e1ca484 [0x000001bf1e1ca000+0x0000000000000484]
J 1100 c1 jdk.internal.loader.ClassLoaders$AppClassLoader.loadClass(Ljava/lang/String;Z)Ljava/lang/Class; java.base@17.0.7 (40 bytes) @ 0x000001bf1e204fac [0x000001bf1e204e60+0x000000000000014c]
J 1099 c1 java.lang.ClassLoader.loadClass(Ljava/lang/String;)Ljava/lang/Class; java.base@17.0.7 (7 bytes) @ 0x000001bf1e2043e4 [0x000001bf1e2043a0+0x0000000000000044]
v  ~StubRoutines::call_stub
J 1175  java.lang.ClassLoader.defineClass1(Ljava/lang/ClassLoader;Ljava/lang/String;[BIILjava/security/ProtectionDomain;Ljava/lang/String;)Ljava/lang/Class; java.base@17.0.7 (0 bytes) @ 0x000001bf1e228663 [0x000001bf1e2285a0+0x00000000000000c3]
J 1247 c1 java.lang.ClassLoader.defineClass(Ljava/lang/String;[BIILjava/security/ProtectionDomain;)Ljava/lang/Class; java.base@17.0.7 (43 bytes) @ 0x000001bf1e2cefec [0x000001bf1e2ceee0+0x000000000000010c]
J 1182 c1 jdk.internal.loader.BuiltinClassLoader.defineClass(Ljava/lang/String;Ljdk/internal/loader/Resource;)Ljava/lang/Class; java.base@17.0.7 (121 bytes) @ 0x000001bf1e22c674 [0x000001bf1e22c1a0+0x00000000000004d4]
J 1181 c1 jdk.internal.loader.BuiltinClassLoader.findClassOnClassPathOrNull(Ljava/lang/String;)Ljava/lang/Class; java.base@17.0.7 (64 bytes) @ 0x000001bf1e22a8ec [0x000001bf1e22a620+0x00000000000002cc]
J 979 c1 jdk.internal.loader.BuiltinClassLoader.loadClassOrNull(Ljava/lang/String;Z)Ljava/lang/Class; java.base@17.0.7 (143 bytes) @ 0x000001bf1e1ca484 [0x000001bf1e1ca000+0x0000000000000484]
J 1100 c1 jdk.internal.loader.ClassLoaders$AppClassLoader.loadClass(Ljava/lang/String;Z)Ljava/lang/Class; java.base@17.0.7 (40 bytes) @ 0x000001bf1e204fac [0x000001bf1e204e60+0x000000000000014c]
J 1099 c1 java.lang.ClassLoader.loadClass(Ljava/lang/String;)Ljava/lang/Class; java.base@17.0.7 (7 bytes) @ 0x000001bf1e2043e4 [0x000001bf1e2043a0+0x0000000000000044]
v  ~StubRoutines::call_stub
j  org.hibernate.persister.internal.StandardPersisterClassResolver.singleTableEntityPersister()Ljava/lang/Class;+0
j  org.hibernate.persister.internal.StandardPersisterClassResolver.getEntityPersisterClass(Lorg/hibernate/mapping/PersistentClass;)Ljava/lang/Class;+32
j  org.hibernate.persister.internal.PersisterFactoryImpl.createEntityPersister(Lorg/hibernate/mapping/PersistentClass;Lorg/hibernate/cache/spi/access/EntityDataAccess;Lorg/hibernate/cache/spi/access/NaturalIdDataAccess;Lorg/hibernate/metamodel/spi/RuntimeModelCreationContext;)Lorg/hibernate/persister/entity/EntityPersister;+16
j  org.hibernate.metamodel.model.domain.internal.MappingMetamodelImpl.processBootEntities(Ljava/util/Collection;Lorg/hibernate/cache/spi/CacheImplementor;Lorg/hibernate/persister/spi/PersisterFactory;Lorg/hibernate/metamodel/spi/RuntimeModelCreationContext;)V+76
j  org.hibernate.metamodel.model.domain.internal.MappingMetamodelImpl.finishInitialization(Lorg/hibernate/metamodel/spi/RuntimeModelCreationContext;)V+90
j  org.hibernate.internal.SessionFactoryImpl.initializeMappingModel(Lorg/hibernate/metamodel/model/domain/internal/MappingMetamodelImpl;Lorg/hibernate/boot/spi/BootstrapContext;Lorg/hibernate/boot/spi/MetadataImplementor;Lorg/hibernate/boot/spi/SessionFactoryOptions;)V+18
j  org.hibernate.internal.SessionFactoryImpl.<init>(Lorg/hibernate/boot/spi/MetadataImplementor;Lorg/hibernate/boot/spi/SessionFactoryOptions;Lorg/hibernate/boot/spi/BootstrapContext;)V+599
j  org.hibernate.boot.internal.SessionFactoryBuilderImpl.build()Lorg/hibernate/SessionFactory;+16
j  org.hibernate.jpa.boot.internal.EntityManagerFactoryBuilderImpl.build()Ljakarta/persistence/EntityManagerFactory;+22
j  org.springframework.orm.jpa.vendor.SpringHibernateJpaPersistenceProvider.createContainerEntityManagerFactory(Ljakarta/persistence/spi/PersistenceUnitInfo;Ljava/util/Map;)Ljakarta/persistence/EntityManagerFactory;+59
j  org.springframework.orm.jpa.LocalContainerEntityManagerFactoryBean.createNativeEntityManagerFactory()Ljakarta/persistence/EntityManagerFactory;+111
j  org.springframework.orm.jpa.AbstractEntityManagerFactoryBean.buildNativeEntityManagerFactory()Ljakarta/persistence/EntityManagerFactory;+1
j  org.springframework.orm.jpa.AbstractEntityManagerFactoryBean.afterPropertiesSet()V+192
j  org.springframework.orm.jpa.LocalContainerEntityManagerFactoryBean.afterPropertiesSet()V+84
j  org.springframework.beans.factory.support.AbstractAutowireCapableBeanFactory.invokeInitMethods(Ljava/lang/String;Ljava/lang/Object;Lorg/springframework/beans/factory/support/RootBeanDefinition;)V+56
j  org.springframework.beans.factory.support.AbstractAutowireCapableBeanFactory.initializeBean(Ljava/lang/String;Ljava/lang/Object;Lorg/springframework/beans/factory/support/RootBeanDefinition;)Ljava/lang/Object;+34
j  org.springframework.beans.factory.support.AbstractAutowireCapableBeanFactory.doCreateBean(Ljava/lang/String;Lorg/springframework/beans/factory/support/RootBeanDefinition;[Ljava/lang/Object;)Ljava/lang/Object;+228
j  org.springframework.beans.factory.support.AbstractAutowireCapableBeanFactory.createBean(Ljava/lang/String;Lorg/springframework/beans/factory/support/RootBeanDefinition;[Ljava/lang/Object;)Ljava/lang/Object;+153
j  org.springframework.beans.factory.support.AbstractBeanFactory.lambda$doGetBean$0(Ljava/lang/String;Lorg/springframework/beans/factory/support/RootBeanDefinition;[Ljava/lang/Object;)Ljava/lang/Object;+4
j  org.springframework.beans.factory.support.AbstractBeanFactory$$Lambda$384+0x0000000801285b10.getObject()Ljava/lang/Object;+16
j  org.springframework.beans.factory.support.DefaultSingletonBeanRegistry.getSingleton(Ljava/lang/String;Lorg/springframework/beans/factory/ObjectFactory;)Ljava/lang/Object;+114
J 3052 c1 org.springframework.beans.factory.support.AbstractBeanFactory.doGetBean(Ljava/lang/String;Ljava/lang/Class;[Ljava/lang/Object;Z)Ljava/lang/Object; (787 bytes) @ 0x000001bf1e5bfa84 [0x000001bf1e5bf480+0x0000000000000604]
J 3061 c1 org.springframework.beans.factory.support.AbstractBeanFactory.getBean(Ljava/lang/String;Ljava/lang/Class;)Ljava/lang/Object; (9 bytes) @ 0x000001bf1e5bd064 [0x000001bf1e5bd020+0x0000000000000044]
j  org.springframework.context.support.AbstractApplicationContext.finishBeanFactoryInitialization(Lorg/springframework/beans/factory/config/ConfigurableListableBeanFactory;)V+109
j  org.springframework.context.support.AbstractApplicationContext.refresh()V+94
j  org.springframework.boot.web.servlet.context.ServletWebServerApplicationContext.refresh()V+1
j  org.springframework.boot.SpringApplication.refresh(Lorg/springframework/context/ConfigurableApplicationContext;)V+1
j  org.springframework.boot.SpringApplication.refreshContext(Lorg/springframework/context/ConfigurableApplicationContext;)V+16
j  org.springframework.boot.SpringApplication.run([Ljava/lang/String;)Lorg/springframework/context/ConfigurableApplicationContext;+110
j  org.springframework.boot.SpringApplication.run([Ljava/lang/Class;[Ljava/lang/String;)Lorg/springframework/context/ConfigurableApplicationContext;+9
j  org.springframework.boot.SpringApplication.run(Ljava/lang/Class;[Ljava/lang/String;)Lorg/springframework/context/ConfigurableApplicationContext;+9
j  swp391.userservice.UserServiceApplication.main([Ljava/lang/String;)V+3
v  ~StubRoutines::call_stub
j  jdk.internal.reflect.NativeMethodAccessorImpl.invoke0(Ljava/lang/reflect/Method;Ljava/lang/Object;[Ljava/lang/Object;)Ljava/lang/Object;+0 java.base@17.0.7
j  jdk.internal.reflect.NativeMethodAccessorImpl.invoke(Ljava/lang/Object;[Ljava/lang/Object;)Ljava/lang/Object;+133 java.base@17.0.7
j  jdk.internal.reflect.DelegatingMethodAccessorImpl.invoke(Ljava/lang/Object;[Ljava/lang/Object;)Ljava/lang/Object;+6 java.base@17.0.7
j  java.lang.reflect.Method.invoke(Ljava/lang/Object;[Ljava/lang/Object;)Ljava/lang/Object;+59 java.base@17.0.7
j  org.springframework.boot.devtools.restart.RestartLauncher.run()V+47
v  ~StubRoutines::call_stub

---------------  P R O C E S S  ---------------

Threads class SMR info:
_java_thread_list=0x000001bf341ad520, length=26, elements={
0x000001bf16379930, 0x000001bf2d0ee5d0, 0x000001bf2d0f7390, 0x000001bf2d10c400,
0x000001bf2d10cf80, 0x000001bf2d10e940, 0x000001bf2d115050, 0x000001bf2d1181c0,
0x000001bf2d120bc0, 0x000001bf2d2dbb10, 0x000001bf2d0dc990, 0x000001bf2d2e6400,
0x000001bf2d2dc4b0, 0x000001bf2d2db640, 0x000001bf2d2dbfe0, 0x000001bf2ddc59c0,
0x000001bf2d2da300, 0x000001bf2d2dc980, 0x000001bf2d2da7d0, 0x000001bf2d2d9e30,
0x000001bf2d2db170, 0x000001bf2d2dce50, 0x000001bf2d2dd320, 0x000001bf2d2dd7f0,
0x000001bf2d2daca0, 0x000001bf33fb1790
}

Java Threads: ( => current thread )
  0x000001bf16379930 JavaThread "main" [_thread_blocked, id=17488, stack(0x0000008226000000,0x0000008226100000)]
  0x000001bf2d0ee5d0 JavaThread "Reference Handler" daemon [_thread_blocked, id=15160, stack(0x0000008226700000,0x0000008226800000)]
  0x000001bf2d0f7390 JavaThread "Finalizer" daemon [_thread_blocked, id=2544, stack(0x0000008226800000,0x0000008226900000)]
  0x000001bf2d10c400 JavaThread "Signal Dispatcher" daemon [_thread_blocked, id=17524, stack(0x0000008226900000,0x0000008226a00000)]
  0x000001bf2d10cf80 JavaThread "Attach Listener" daemon [_thread_blocked, id=16388, stack(0x0000008226a00000,0x0000008226b00000)]
  0x000001bf2d10e940 JavaThread "Service Thread" daemon [_thread_blocked, id=16116, stack(0x0000008226b00000,0x0000008226c00000)]
  0x000001bf2d115050 JavaThread "Monitor Deflation Thread" daemon [_thread_blocked, id=8184, stack(0x0000008226c00000,0x0000008226d00000)]
  0x000001bf2d1181c0 JavaThread "C1 CompilerThread0" daemon [_thread_blocked, id=14380, stack(0x0000008226d00000,0x0000008226e00000)]
  0x000001bf2d120bc0 JavaThread "Sweeper thread" daemon [_thread_blocked, id=16372, stack(0x0000008226e00000,0x0000008226f00000)]
  0x000001bf2d2dbb10 JavaThread "Common-Cleaner" daemon [_thread_blocked, id=18000, stack(0x0000008226f00000,0x0000008227000000)]
  0x000001bf2d0dc990 JavaThread "C1 CompilerThread1" daemon [_thread_blocked, id=1924, stack(0x0000008227000000,0x0000008227100000)]
  0x000001bf2d2e6400 JavaThread "C1 CompilerThread2" daemon [_thread_blocked, id=17380, stack(0x0000008227100000,0x0000008227200000)]
  0x000001bf2d2dc4b0 JavaThread "Monitor Ctrl-Break" daemon [_thread_in_native, id=9288, stack(0x0000008227200000,0x0000008227300000)]
  0x000001bf2d2db640 JavaThread "Notification Thread" daemon [_thread_blocked, id=16912, stack(0x0000008227300000,0x0000008227400000)]
  0x000001bf2d2dbfe0 JavaThread "RMI TCP Accept-0" daemon [_thread_in_native, id=15608, stack(0x0000008227400000,0x0000008227500000)]
  0x000001bf2ddc59c0 JavaThread "C1 CompilerThread3" daemon [_thread_blocked, id=5400, stack(0x0000008227c00000,0x0000008227d00000)]
  0x000001bf2d2da300 JavaThread "Thread-0" [_thread_blocked, id=11664, stack(0x0000008227e00000,0x0000008227f00000)]
=>0x000001bf2d2dc980 JavaThread "restartedMain" [_thread_in_vm, id=11136, stack(0x0000008227f00000,0x0000008228000000)]
  0x000001bf2d2da7d0 JavaThread "RMI TCP Connection(1)-10.3.69.167" daemon [_thread_in_native, id=2480, stack(0x0000008228100000,0x0000008228200000)]
  0x000001bf2d2d9e30 JavaThread "RMI Scheduler(0)" daemon [_thread_blocked, id=15300, stack(0x0000008228200000,0x0000008228300000)]
  0x000001bf2d2db170 JavaThread "Catalina-utility-1" [_thread_blocked, id=18192, stack(0x0000008228600000,0x0000008228700000)]
  0x000001bf2d2dce50 JavaThread "Catalina-utility-2" [_thread_blocked, id=16616, stack(0x0000008228900000,0x0000008228a00000)]
  0x000001bf2d2dd320 JavaThread "container-0" [_thread_blocked, id=18132, stack(0x0000008228a00000,0x0000008228b00000)]
  0x000001bf2d2dd7f0 JavaThread "mssql-jdbc-shared-timer-core-0" daemon [_thread_blocked, id=7328, stack(0x0000008228c00000,0x0000008228d00000)]
  0x000001bf2d2daca0 JavaThread "HikariPool-1 housekeeper" daemon [_thread_blocked, id=13040, stack(0x0000008228d00000,0x0000008228e00000)]
  0x000001bf33fb1790 JavaThread "HikariPool-1 connection adder" daemon [_thread_blocked, id=2812, stack(0x0000008228e00000,0x0000008228f00000)]

Other Threads:
  0x000001bf2d0edb00 VMThread "VM Thread" [stack: 0x0000008226600000,0x0000008226700000] [id=4960]
  0x000001bf1637a7a0 WatcherThread [stack: 0x0000008227500000,0x0000008227600000] [id=9760]
  0x000001bf163e1ec0 GCTaskThread "GC Thread#0" [stack: 0x0000008226100000,0x0000008226200000] [id=18092]
  0x000001bf2d0ff6e0 GCTaskThread "GC Thread#1" [stack: 0x0000008227600000,0x0000008227700000] [id=10476]
  0x000001bf2d0ff430 GCTaskThread "GC Thread#2" [stack: 0x0000008227700000,0x0000008227800000] [id=16968]
  0x000001bf2d0ffef0 GCTaskThread "GC Thread#3" [stack: 0x0000008227800000,0x0000008227900000] [id=14136]
  0x000001bf2d1001a0 GCTaskThread "GC Thread#4" [stack: 0x0000008227900000,0x0000008227a00000] [id=10808]
  0x000001bf2d100700 GCTaskThread "GC Thread#5" [stack: 0x0000008227a00000,0x0000008227b00000] [id=2476]
  0x000001bf2d100c60 GCTaskThread "GC Thread#6" [stack: 0x0000008227d00000,0x0000008227e00000] [id=10396]
  0x000001bf2d100450 GCTaskThread "GC Thread#7" [stack: 0x0000008228300000,0x0000008228400000] [id=1532]
  0x000001bf2d0ff990 GCTaskThread "GC Thread#8" [stack: 0x0000008228400000,0x0000008228500000] [id=11124]
  0x000001bf2d1009b0 GCTaskThread "GC Thread#9" [stack: 0x0000008228500000,0x0000008228600000] [id=7920]
  0x000001bf163f3450 ConcurrentGCThread "G1 Main Marker" [stack: 0x0000008226200000,0x0000008226300000] [id=17652]
  0x000001bf163f4600 ConcurrentGCThread "G1 Conc#0" [stack: 0x0000008226300000,0x0000008226400000] [id=12084]
  0x000001bf32c32590 ConcurrentGCThread "G1 Conc#1" [stack: 0x0000008228700000,0x0000008228800000] [id=14548]
  0x000001bf32c33dc0 ConcurrentGCThread "G1 Conc#2" [stack: 0x0000008228800000,0x0000008228900000] [id=18048]
  0x000001bf2cfa3e30 ConcurrentGCThread "G1 Refine#0" [stack: 0x0000008226400000,0x0000008226500000] [id=10072]
  0x000001bf2dd962f0 ConcurrentGCThread "G1 Refine#1" [stack: 0x0000008227b00000,0x0000008227c00000] [id=13712]
  0x000001bf33460990 ConcurrentGCThread "G1 Refine#2" [stack: 0x0000008228000000,0x0000008228100000] [id=15436]
  0x000001bf2cfa6760 ConcurrentGCThread "G1 Service" [stack: 0x0000008226500000,0x0000008226600000] [id=16536]

Threads with active compile tasks:

VM state: not at safepoint (normal execution)

VM Mutex/Monitor currently owned by a thread:  ([mutex/lock_event])
[0x000001bf16368490] Metaspace_lock - owner thread: 0x000001bf2d2dc980

Heap address: 0x0000000709c00000, size: 3940 MB, Compressed Oops mode: Zero based, Oop shift amount: 3

CDS archive(s) mapped at: [0x0000000800000000-0x0000000800bc0000-0x0000000800bc0000), size 12320768, SharedBaseAddress: 0x0000000800000000, ArchiveRelocationMode: 0.
Compressed class space mapped at: 0x0000000801000000-0x0000000841000000, reserved size: 1073741824
Narrow klass base: 0x0000000800000000, Narrow klass shift: 0, Narrow klass range: 0x100000000

GC Precious Log:
 CPUs: 12 total, 12 available
 Memory: 15754M
 Large Page Support: Disabled
 NUMA Support: Disabled
 Compressed Oops: Enabled (Zero based)
 Heap Region Size: 2M
 Heap Min Capacity: 8M
 Heap Initial Capacity: 248M
 Heap Max Capacity: 3940M
 Pre-touch: Disabled
 Parallel Workers: 10
 Concurrent Workers: 3
 Concurrent Refinement Workers: 10
 Periodic GC: Disabled

Heap:
 garbage-first heap   total 122880K, used 80630K [0x0000000709c00000, 0x0000000800000000)
  region size 2048K, 27 young (55296K), 4 survivors (8192K)
 Metaspace       used 57064K, committed 57600K, reserved 1114112K
  class space    used 8161K, committed 8448K, reserved 1048576K

Heap Regions: E=young(eden), S=young(survivor), O=old, HS=humongous(starts), HC=humongous(continues), CS=collection set, F=free, OA=open archive, CA=closed archive, TAMS=top-at-mark-start (previous, next)
|   0|0x0000000709c00000, 0x0000000709e00000, 0x0000000709e00000|100%| O|  |TAMS 0x0000000709e00000, 0x0000000709c00000| Untracked 
|   1|0x0000000709e00000, 0x000000070a000000, 0x000000070a000000|100%| O|  |TAMS 0x000000070a000000, 0x0000000709e00000| Untracked 
|   2|0x000000070a000000, 0x000000070a200000, 0x000000070a200000|100%| O|  |TAMS 0x000000070a200000, 0x000000070a000000| Untracked 
|   3|0x000000070a200000, 0x000000070a400000, 0x000000070a400000|100%| O|  |TAMS 0x000000070a400000, 0x000000070a200000| Untracked 
|   4|0x000000070a400000, 0x000000070a600000, 0x000000070a600000|100%| O|  |TAMS 0x000000070a4e2000, 0x000000070a400000| Untracked 
|   5|0x000000070a600000, 0x000000070a800000, 0x000000070a800000|100%| O|  |TAMS 0x000000070a800000, 0x000000070a600000| Untracked 
|   6|0x000000070a800000, 0x000000070aa00000, 0x000000070aa00000|100%| O|  |TAMS 0x000000070a800000, 0x000000070a800000| Untracked 
|   7|0x000000070aa00000, 0x000000070ac00000, 0x000000070ac00000|100%| O|  |TAMS 0x000000070aa00000, 0x000000070aa00000| Untracked 
|   8|0x000000070ac00000, 0x000000070ae00000, 0x000000070ae00000|100%| O|  |TAMS 0x000000070ac00000, 0x000000070ac00000| Untracked 
|   9|0x000000070ae00000, 0x000000070b000000, 0x000000070b000000|100%| O|  |TAMS 0x000000070ae00000, 0x000000070ae00000| Untracked 
|  10|0x000000070b000000, 0x000000070b088800, 0x000000070b200000| 26%| O|  |TAMS 0x000000070b000000, 0x000000070b000000| Untracked 
|  11|0x000000070b200000, 0x000000070b400000, 0x000000070b400000|100%| O|  |TAMS 0x000000070b400000, 0x000000070b200000| Untracked 
|  12|0x000000070b400000, 0x000000070b600000, 0x000000070b600000|100%| O|  |TAMS 0x000000070b600000, 0x000000070b400000| Untracked 
|  13|0x000000070b600000, 0x000000070b800000, 0x000000070b800000|100%| O|  |TAMS 0x000000070b800000, 0x000000070b600000| Untracked 
|  14|0x000000070b800000, 0x000000070ba00000, 0x000000070ba00000|100%| O|  |TAMS 0x000000070ba00000, 0x000000070b800000| Untracked 
|  15|0x000000070ba00000, 0x000000070ba00000, 0x000000070bc00000|  0%| F|  |TAMS 0x000000070ba00000, 0x000000070ba00000| Untracked 
|  16|0x000000070bc00000, 0x000000070bc00000, 0x000000070be00000|  0%| F|  |TAMS 0x000000070bc00000, 0x000000070bc00000| Untracked 
|  17|0x000000070be00000, 0x000000070be00000, 0x000000070c000000|  0%| F|  |TAMS 0x000000070be00000, 0x000000070be00000| Untracked 
|  18|0x000000070c000000, 0x000000070c000000, 0x000000070c200000|  0%| F|  |TAMS 0x000000070c000000, 0x000000070c000000| Untracked 
|  19|0x000000070c200000, 0x000000070c2353e8, 0x000000070c400000| 10%| S|CS|TAMS 0x000000070c200000, 0x000000070c200000| Complete 
|  20|0x000000070c400000, 0x000000070c600000, 0x000000070c600000|100%| S|CS|TAMS 0x000000070c400000, 0x000000070c400000| Complete 
|  21|0x000000070c600000, 0x000000070c800000, 0x000000070c800000|100%| S|CS|TAMS 0x000000070c600000, 0x000000070c600000| Complete 
|  22|0x000000070c800000, 0x000000070ca00000, 0x000000070ca00000|100%| S|CS|TAMS 0x000000070c800000, 0x000000070c800000| Complete 
|  23|0x000000070ca00000, 0x000000070ca00000, 0x000000070cc00000|  0%| F|  |TAMS 0x000000070ca00000, 0x000000070ca00000| Untracked 
|  24|0x000000070cc00000, 0x000000070cc00000, 0x000000070ce00000|  0%| F|  |TAMS 0x000000070cc00000, 0x000000070cc00000| Untracked 
|  25|0x000000070ce00000, 0x000000070ce00000, 0x000000070d000000|  0%| F|  |TAMS 0x000000070ce00000, 0x000000070ce00000| Untracked 
|  26|0x000000070d000000, 0x000000070d000000, 0x000000070d200000|  0%| F|  |TAMS 0x000000070d000000, 0x000000070d000000| Untracked 
|  27|0x000000070d200000, 0x000000070d200000, 0x000000070d400000|  0%| F|  |TAMS 0x000000070d200000, 0x000000070d200000| Untracked 
|  28|0x000000070d400000, 0x000000070d400000, 0x000000070d600000|  0%| F|  |TAMS 0x000000070d400000, 0x000000070d400000| Untracked 
|  29|0x000000070d600000, 0x000000070d600000, 0x000000070d800000|  0%| F|  |TAMS 0x000000070d600000, 0x000000070d600000| Untracked 
|  30|0x000000070d800000, 0x000000070d800000, 0x000000070da00000|  0%| F|  |TAMS 0x000000070d800000, 0x000000070d800000| Untracked 
|  31|0x000000070da00000, 0x000000070da00000, 0x000000070dc00000|  0%| F|  |TAMS 0x000000070da00000, 0x000000070da00000| Untracked 
|  32|0x000000070dc00000, 0x000000070dc00000, 0x000000070de00000|  0%| F|  |TAMS 0x000000070dc00000, 0x000000070dc00000| Untracked 
|  33|0x000000070de00000, 0x000000070de00000, 0x000000070e000000|  0%| F|  |TAMS 0x000000070de00000, 0x000000070de00000| Untracked 
|  34|0x000000070e000000, 0x000000070e000000, 0x000000070e200000|  0%| F|  |TAMS 0x000000070e000000, 0x000000070e000000| Untracked 
|  35|0x000000070e200000, 0x000000070e200000, 0x000000070e400000|  0%| F|  |TAMS 0x000000070e200000, 0x000000070e200000| Untracked 
|  36|0x000000070e400000, 0x000000070e400000, 0x000000070e600000|  0%| F|  |TAMS 0x000000070e400000, 0x000000070e400000| Untracked 
|  37|0x000000070e600000, 0x000000070e712a10, 0x000000070e800000| 53%| E|  |TAMS 0x000000070e600000, 0x000000070e600000| Complete 
|  38|0x000000070e800000, 0x000000070ea00000, 0x000000070ea00000|100%| E|CS|TAMS 0x000000070e800000, 0x000000070e800000| Complete 
|  39|0x000000070ea00000, 0x000000070ec00000, 0x000000070ec00000|100%| E|CS|TAMS 0x000000070ea00000, 0x000000070ea00000| Complete 
|  40|0x000000070ec00000, 0x000000070ee00000, 0x000000070ee00000|100%| E|CS|TAMS 0x000000070ec00000, 0x000000070ec00000| Complete 
|  41|0x000000070ee00000, 0x000000070f000000, 0x000000070f000000|100%| E|CS|TAMS 0x000000070ee00000, 0x000000070ee00000| Complete 
|  42|0x000000070f000000, 0x000000070f200000, 0x000000070f200000|100%| E|CS|TAMS 0x000000070f000000, 0x000000070f000000| Complete 
|  43|0x000000070f200000, 0x000000070f400000, 0x000000070f400000|100%| E|CS|TAMS 0x000000070f200000, 0x000000070f200000| Complete 
|  44|0x000000070f400000, 0x000000070f600000, 0x000000070f600000|100%| E|CS|TAMS 0x000000070f400000, 0x000000070f400000| Complete 
|  45|0x000000070f600000, 0x000000070f800000, 0x000000070f800000|100%| E|CS|TAMS 0x000000070f600000, 0x000000070f600000| Complete 
|  46|0x000000070f800000, 0x000000070fa00000, 0x000000070fa00000|100%| E|CS|TAMS 0x000000070f800000, 0x000000070f800000| Complete 
|  47|0x000000070fa00000, 0x000000070fc00000, 0x000000070fc00000|100%| E|CS|TAMS 0x000000070fa00000, 0x000000070fa00000| Complete 
|  48|0x000000070fc00000, 0x000000070fe00000, 0x000000070fe00000|100%| E|CS|TAMS 0x000000070fc00000, 0x000000070fc00000| Complete 
|  49|0x000000070fe00000, 0x0000000710000000, 0x0000000710000000|100%| E|CS|TAMS 0x000000070fe00000, 0x000000070fe00000| Complete 
|  50|0x0000000710000000, 0x0000000710200000, 0x0000000710200000|100%| E|CS|TAMS 0x0000000710000000, 0x0000000710000000| Complete 
|  51|0x0000000710200000, 0x0000000710400000, 0x0000000710400000|100%| E|CS|TAMS 0x0000000710200000, 0x0000000710200000| Complete 
|  52|0x0000000710400000, 0x0000000710600000, 0x0000000710600000|100%| E|CS|TAMS 0x0000000710400000, 0x0000000710400000| Complete 
|  53|0x0000000710600000, 0x0000000710800000, 0x0000000710800000|100%| E|CS|TAMS 0x0000000710600000, 0x0000000710600000| Complete 
|  54|0x0000000710800000, 0x0000000710a00000, 0x0000000710a00000|100%| E|CS|TAMS 0x0000000710800000, 0x0000000710800000| Complete 
|  55|0x0000000710a00000, 0x0000000710c00000, 0x0000000710c00000|100%| E|CS|TAMS 0x0000000710a00000, 0x0000000710a00000| Complete 
|  56|0x0000000710c00000, 0x0000000710e00000, 0x0000000710e00000|100%| E|CS|TAMS 0x0000000710c00000, 0x0000000710c00000| Complete 
|  61|0x0000000711600000, 0x0000000711800000, 0x0000000711800000|100%| E|CS|TAMS 0x0000000711600000, 0x0000000711600000| Complete 
|  62|0x0000000711800000, 0x0000000711a00000, 0x0000000711a00000|100%| E|CS|TAMS 0x0000000711800000, 0x0000000711800000| Complete 
| 123|0x0000000719200000, 0x0000000719400000, 0x0000000719400000|100%| E|CS|TAMS 0x0000000719200000, 0x0000000719200000| Complete 

Card table byte_map: [0x000001bf21930000,0x000001bf220f0000] _byte_map_base: 0x000001bf1e0e2000

Marking Bits (Prev, Next): (CMBitMap*) 0x000001bf163e24d0, (CMBitMap*) 0x000001bf163e2510
 Prev Bits: [0x000001bf228b0000, 0x000001bf26640000)
 Next Bits: [0x000001bf26640000, 0x000001bf2a3d0000)

Polling page: 0x000001bf141a0000

Metaspace:

Usage:
  Non-class:     47.76 MB used.
      Class:      7.97 MB used.
       Both:     55.73 MB used.

Virtual space:
  Non-class space:       64.00 MB reserved,      48.00 MB ( 75%) committed,  1 nodes.
      Class space:        1.00 GB reserved,       8.25 MB ( <1%) committed,  1 nodes.
             Both:        1.06 GB reserved,      56.25 MB (  5%) committed. 

Chunk freelists:
   Non-Class:  15.92 MB
       Class:  7.72 MB
        Both:  23.64 MB

MaxMetaspaceSize: unlimited
CompressedClassSpaceSize: 1.00 GB
Initial GC threshold: 21.00 MB
Current GC threshold: 58.88 MB
CDS: on
MetaspaceReclaimPolicy: balanced
 - commit_granule_bytes: 65536.
 - commit_granule_words: 8192.
 - virtual_space_node_default_size: 8388608.
 - enlarge_chunks_in_place: 1.
 - new_chunks_are_fully_committed: 0.
 - uncommit_free_chunks: 1.
 - use_allocation_guard: 0.
 - handle_deallocations: 1.


Internal statistics:

num_allocs_failed_limit: 8.
num_arena_births: 726.
num_arena_deaths: 0.
num_vsnodes_births: 2.
num_vsnodes_deaths: 0.
num_space_committed: 900.
num_space_uncommitted: 0.
num_chunks_returned_to_freelist: 8.
num_chunks_taken_from_freelist: 2735.
num_chunk_merges: 8.
num_chunk_splits: 1932.
num_chunks_enlarged: 1468.
num_inconsistent_stats: 0.

CodeCache: size=49152Kb used=11789Kb max_used=11789Kb free=37362Kb
 bounds [0x000001bf1de40000, 0x000001bf1e9d0000, 0x000001bf20e40000]
 total_blobs=6176 nmethods=5531 adapters=569
 compilation: enabled
              stopped_count=0, restarted_count=0
 full_count=0

Compilation events (20 events):
Event: 3.658 Thread 0x000001bf2ddc59c0 5521       1       java.security.AlgorithmParameters::getParameterSpec (26 bytes)
Event: 3.658 Thread 0x000001bf2ddc59c0 nmethod 5521 0x000001bf1e9c0110 code [0x000001bf1e9c02c0, 0x000001bf1e9c0458]
Event: 3.659 Thread 0x000001bf2d0dc990 5522       1       java.nio.ByteBuffer::order (48 bytes)
Event: 3.659 Thread 0x000001bf2d0dc990 nmethod 5522 0x000001bf1e9c0510 code [0x000001bf1e9c06a0, 0x000001bf1e9c07b8]
Event: 3.661 Thread 0x000001bf2d2e6400 5523       1       sun.security.ssl.ProtocolVersion::useTLS13PlusSpec (47 bytes)
Event: 3.661 Thread 0x000001bf2d2e6400 nmethod 5523 0x000001bf1e9c0810 code [0x000001bf1e9c09a0, 0x000001bf1e9c0ad8]
Event: 3.664 Thread 0x000001bf2ddc59c0 5524       1       java.nio.Buffer::clear (20 bytes)
Event: 3.664 Thread 0x000001bf2d1181c0 5525       1       sun.security.util.math.intpoly.IntegerPolynomial::carry (36 bytes)
Event: 3.664 Thread 0x000001bf2ddc59c0 nmethod 5524 0x000001bf1e9c0b90 code [0x000001bf1e9c0d20, 0x000001bf1e9c0df8]
Event: 3.664 Thread 0x000001bf2d1181c0 nmethod 5525 0x000001bf1e9c0e90 code [0x000001bf1e9c1020, 0x000001bf1e9c1198]
Event: 3.666 Thread 0x000001bf2d1181c0 5526       1       java.nio.HeapByteBuffer::put (17 bytes)
Event: 3.666 Thread 0x000001bf2d1181c0 nmethod 5526 0x000001bf1e9c1310 code [0x000001bf1e9c14a0, 0x000001bf1e9c15b8]
Event: 3.667 Thread 0x000001bf2d1181c0 5527   !   1       jdk.internal.misc.ScopedMemoryAccess::copyMemory (31 bytes)
Event: 3.667 Thread 0x000001bf2d2e6400 5528   !   1       jdk.internal.misc.ScopedMemoryAccess::copyMemoryInternal (60 bytes)
Event: 3.667 Thread 0x000001bf2ddc59c0 5529       1       java.nio.ByteBuffer::clear (7 bytes)
Event: 3.667 Thread 0x000001bf2ddc59c0 nmethod 5529 0x000001bf1e9c1710 code [0x000001bf1e9c18a0, 0x000001bf1e9c1978]
Event: 3.667 Thread 0x000001bf2ddc59c0 5530       1       sun.security.provider.SHA5::resetHashes (19 bytes)
Event: 3.668 Thread 0x000001bf2d1181c0 nmethod 5527 0x000001bf1e9c1a10 code [0x000001bf1e9c1be0, 0x000001bf1e9c1e78]
Event: 3.668 Thread 0x000001bf2ddc59c0 nmethod 5530 0x000001bf1e9c2010 code [0x000001bf1e9c21a0, 0x000001bf1e9c2308]
Event: 3.668 Thread 0x000001bf2d2e6400 nmethod 5528 0x000001bf1e9c2790 code [0x000001bf1e9c29e0, 0x000001bf1e9c2f78]

GC Heap History (20 events):
Event: 0.423 GC heap before
{Heap before GC invocations=0 (full 0):
 garbage-first heap   total 253952K, used 20480K [0x0000000709c00000, 0x0000000800000000)
  region size 2048K, 11 young (22528K), 0 survivors (0K)
 Metaspace       used 5403K, committed 5632K, reserved 1114112K
  class space    used 673K, committed 768K, reserved 1048576K
}
Event: 0.426 GC heap after
{Heap after GC invocations=1 (full 0):
 garbage-first heap   total 253952K, used 9615K [0x0000000709c00000, 0x0000000800000000)
  region size 2048K, 2 young (4096K), 2 survivors (4096K)
 Metaspace       used 5403K, committed 5632K, reserved 1114112K
  class space    used 673K, committed 768K, reserved 1048576K
}
Event: 0.579 GC heap before
{Heap before GC invocations=1 (full 0):
 garbage-first heap   total 253952K, used 25999K [0x0000000709c00000, 0x0000000800000000)
  region size 2048K, 11 young (22528K), 2 survivors (4096K)
 Metaspace       used 6995K, committed 7104K, reserved 1114112K
  class space    used 905K, committed 960K, reserved 1048576K
}
Event: 0.581 GC heap after
{Heap after GC invocations=2 (full 0):
 garbage-first heap   total 253952K, used 10519K [0x0000000709c00000, 0x0000000800000000)
  region size 2048K, 1 young (2048K), 1 survivors (2048K)
 Metaspace       used 6995K, committed 7104K, reserved 1114112K
  class space    used 905K, committed 960K, reserved 1048576K
}
Event: 1.152 GC heap before
{Heap before GC invocations=2 (full 0):
 garbage-first heap   total 253952K, used 71959K [0x0000000709c00000, 0x0000000800000000)
  region size 2048K, 31 young (63488K), 1 survivors (2048K)
 Metaspace       used 17183K, committed 17536K, reserved 1114112K
  class space    used 2469K, committed 2624K, reserved 1048576K
}
Event: 1.155 GC heap after
{Heap after GC invocations=3 (full 0):
 garbage-first heap   total 253952K, used 13618K [0x0000000709c00000, 0x0000000800000000)
  region size 2048K, 2 young (4096K), 2 survivors (4096K)
 Metaspace       used 17183K, committed 17536K, reserved 1114112K
  class space    used 2469K, committed 2624K, reserved 1048576K
}
Event: 1.257 GC heap before
{Heap before GC invocations=3 (full 0):
 garbage-first heap   total 253952K, used 38194K [0x0000000709c00000, 0x0000000800000000)
  region size 2048K, 15 young (30720K), 2 survivors (4096K)
 Metaspace       used 21193K, committed 21504K, reserved 1114112K
  class space    used 2921K, committed 3072K, reserved 1048576K
}
Event: 1.259 GC heap after
{Heap after GC invocations=4 (full 0):
 garbage-first heap   total 253952K, used 15696K [0x0000000709c00000, 0x0000000800000000)
  region size 2048K, 3 young (6144K), 3 survivors (6144K)
 Metaspace       used 21193K, committed 21504K, reserved 1114112K
  class space    used 2921K, committed 3072K, reserved 1048576K
}
Event: 1.446 GC heap before
{Heap before GC invocations=5 (full 0):
 garbage-first heap   total 61440K, used 44368K [0x0000000709c00000, 0x0000000800000000)
  region size 2048K, 19 young (38912K), 3 survivors (6144K)
 Metaspace       used 23795K, committed 24128K, reserved 1114112K
  class space    used 3313K, committed 3456K, reserved 1048576K
}
Event: 1.449 GC heap after
{Heap after GC invocations=6 (full 0):
 garbage-first heap   total 61440K, used 17970K [0x0000000709c00000, 0x0000000800000000)
  region size 2048K, 5 young (10240K), 5 survivors (10240K)
 Metaspace       used 23795K, committed 24128K, reserved 1114112K
  class space    used 3313K, committed 3456K, reserved 1048576K
}
Event: 1.463 GC heap before
{Heap before GC invocations=6 (full 0):
 garbage-first heap   total 61440K, used 20018K [0x0000000709c00000, 0x0000000800000000)
  region size 2048K, 6 young (12288K), 5 survivors (10240K)
 Metaspace       used 23824K, committed 24192K, reserved 1114112K
  class space    used 3318K, committed 3456K, reserved 1048576K
}
Event: 1.466 GC heap after
{Heap after GC invocations=7 (full 0):
 garbage-first heap   total 61440K, used 19084K [0x0000000709c00000, 0x0000000800000000)
  region size 2048K, 1 young (2048K), 1 survivors (2048K)
 Metaspace       used 23824K, committed 24192K, reserved 1114112K
  class space    used 3318K, committed 3456K, reserved 1048576K
}
Event: 1.629 GC heap before
{Heap before GC invocations=7 (full 0):
 garbage-first heap   total 61440K, used 41612K [0x0000000709c00000, 0x0000000800000000)
  region size 2048K, 12 young (24576K), 1 survivors (2048K)
 Metaspace       used 26301K, committed 26624K, reserved 1114112K
  class space    used 3627K, committed 3776K, reserved 1048576K
}
Event: 1.631 GC heap after
{Heap after GC invocations=8 (full 0):
 garbage-first heap   total 157696K, used 20084K [0x0000000709c00000, 0x0000000800000000)
  region size 2048K, 2 young (4096K), 2 survivors (4096K)
 Metaspace       used 26301K, committed 26624K, reserved 1114112K
  class space    used 3627K, committed 3776K, reserved 1048576K
}
Event: 2.425 GC heap before
{Heap before GC invocations=8 (full 0):
 garbage-first heap   total 157696K, used 108148K [0x0000000709c00000, 0x0000000800000000)
  region size 2048K, 46 young (94208K), 2 survivors (4096K)
 Metaspace       used 34891K, committed 35392K, reserved 1114112K
  class space    used 5035K, committed 5312K, reserved 1048576K
}
Event: 2.431 GC heap after
{Heap after GC invocations=9 (full 0):
 garbage-first heap   total 157696K, used 31624K [0x0000000709c00000, 0x0000000800000000)
  region size 2048K, 6 young (12288K), 6 survivors (12288K)
 Metaspace       used 34891K, committed 35392K, reserved 1114112K
  class space    used 5035K, committed 5312K, reserved 1048576K
}
Event: 2.571 GC heap before
{Heap before GC invocations=9 (full 0):
 garbage-first heap   total 157696K, used 58248K [0x0000000709c00000, 0x0000000800000000)
  region size 2048K, 20 young (40960K), 6 survivors (12288K)
 Metaspace       used 35615K, committed 36096K, reserved 1114112K
  class space    used 5124K, committed 5376K, reserved 1048576K
}
Event: 2.575 GC heap after
{Heap after GC invocations=10 (full 0):
 garbage-first heap   total 157696K, used 32045K [0x0000000709c00000, 0x0000000800000000)
  region size 2048K, 2 young (4096K), 2 survivors (4096K)
 Metaspace       used 35615K, committed 36096K, reserved 1114112K
  class space    used 5124K, committed 5376K, reserved 1048576K
}
Event: 3.269 GC heap before
{Heap before GC invocations=11 (full 0):
 garbage-first heap   total 122880K, used 101677K [0x0000000709c00000, 0x0000000800000000)
  region size 2048K, 37 young (75776K), 2 survivors (4096K)
 Metaspace       used 49816K, committed 50432K, reserved 1114112K
  class space    used 7124K, committed 7424K, reserved 1048576K
}
Event: 3.272 GC heap after
{Heap after GC invocations=12 (full 0):
 garbage-first heap   total 122880K, used 35574K [0x0000000709c00000, 0x0000000800000000)
  region size 2048K, 4 young (8192K), 4 survivors (8192K)
 Metaspace       used 49816K, committed 50432K, reserved 1114112K
  class space    used 7124K, committed 7424K, reserved 1048576K
}

Dll operation events (13 events):
Event: 0.008 Loaded shared library C:\JDK_Version\JDK17\bin\java.dll
Event: 0.017 Loaded shared library C:\JDK_Version\JDK17\bin\jsvml.dll
Event: 0.131 Loaded shared library C:\JDK_Version\JDK17\bin\zip.dll
Event: 0.132 Loaded shared library C:\JDK_Version\JDK17\bin\instrument.dll
Event: 0.136 Loaded shared library C:\JDK_Version\JDK17\bin\net.dll
Event: 0.137 Loaded shared library C:\JDK_Version\JDK17\bin\nio.dll
Event: 0.139 Loaded shared library C:\JDK_Version\JDK17\bin\zip.dll
Event: 0.213 Loaded shared library D:\IntelliJ_Ultimate\IntelliJ IDEA 2023.3.4\bin\breakgen64.dll
Event: 0.216 Loaded shared library C:\JDK_Version\JDK17\bin\jimage.dll
Event: 0.228 Loaded shared library C:\JDK_Version\JDK17\bin\management.dll
Event: 0.234 Loaded shared library C:\JDK_Version\JDK17\bin\management_ext.dll
Event: 0.370 Loaded shared library C:\JDK_Version\JDK17\bin\verify.dll
Event: 1.327 Loaded shared library C:\JDK_Version\JDK17\bin\sunmscapi.dll

Deoptimization events (8 events):
Event: 1.074 Thread 0x000001bf2d2dc980 DEOPT PACKING pc=0x000001bf1e45fc79 sp=0x0000008227ffca70
Event: 1.074 Thread 0x000001bf2d2dc980 DEOPT UNPACKING pc=0x000001bf1de97143 sp=0x0000008227ffbf50 mode 3
Event: 1.167 Thread 0x000001bf2d2dc980 DEOPT PACKING pc=0x000001bf1e4b1dd5 sp=0x0000008227ffd090
Event: 1.167 Thread 0x000001bf2d2dc980 DEOPT UNPACKING pc=0x000001bf1de97143 sp=0x0000008227ffc538 mode 3
Event: 2.603 Thread 0x000001bf2d2dc980 DEOPT PACKING pc=0x000001bf1e79c925 sp=0x0000008227ffbeb0
Event: 2.603 Thread 0x000001bf2d2dc980 DEOPT UNPACKING pc=0x000001bf1de97143 sp=0x0000008227ffb418 mode 3
Event: 2.615 Thread 0x000001bf2d2db170 DEOPT PACKING pc=0x000001bf1e39939f sp=0x00000082286fed60
Event: 2.615 Thread 0x000001bf2d2db170 DEOPT UNPACKING pc=0x000001bf1de97143 sp=0x00000082286fe1b8 mode 3

Classes unloaded (0 events):
No events

Classes redefined (0 events):
No events

Internal exceptions (20 events):
Event: 2.682 Thread 0x000001bf2d2dc980 Exception <a 'sun/nio/fs/WindowsException'{0x00000007101659e0}> (0x00000007101659e0) 
thrown [s\src\hotspot\share\prims\jni.cpp, line 516]
Event: 3.048 Thread 0x000001bf2d2dc980 Exception <a 'java/lang/reflect/InvocationTargetException'{0x000000070d659c80}> (0x000000070d659c80) 
thrown [s\src\hotspot\share\runtime\reflection.cpp, line 1121]
Event: 3.054 Thread 0x000001bf2d2dc980 Exception <a 'sun/nio/fs/WindowsException'{0x000000070d67ca00}> (0x000000070d67ca00) 
thrown [s\src\hotspot\share\prims\jni.cpp, line 516]
Event: 3.059 Thread 0x000001bf2d2dc980 Exception <a 'java/lang/NoSuchMethodError'{0x000000070d69d928}: 'int java.lang.invoke.DirectMethodHandle$Holder.invokeStaticInit(java.lang.Object, java.lang.Object, java.lang.Object, java.lang.Object)'> (0x000000070d69d928) 
thrown [s\src\hotspot\share\interpreter\linkResolver.cpp, line 759]
Event: 3.087 Thread 0x000001bf2d2da7d0 Exception <a 'java/lang/reflect/InvocationTargetException'{0x000000070d400a78}> (0x000000070d400a78) 
thrown [s\src\hotspot\share\runtime\reflection.cpp, line 1121]
Event: 3.223 Thread 0x000001bf2d2dc980 Exception <a 'java/lang/NoSuchMethodError'{0x000000070cf04ad0}: 'java.lang.Object java.lang.invoke.DirectMethodHandle$Holder.invokeStaticInit(java.lang.Object, java.lang.Object, java.lang.Object, java.lang.Object)'> (0x000000070cf04ad0) 
thrown [s\src\hotspot\share\interpreter\linkResolver.cpp, line 759]
Event: 3.283 Thread 0x000001bf33fb1790 Exception <a 'java/lang/reflect/InvocationTargetException'{0x00000007193f7e80}> (0x00000007193f7e80) 
thrown [s\src\hotspot\share\runtime\reflection.cpp, line 1121]
Event: 3.330 Thread 0x000001bf33fb1790 Exception <a 'java/lang/reflect/InvocationTargetException'{0x000000071193ea70}> (0x000000071193ea70) 
thrown [s\src\hotspot\share\runtime\reflection.cpp, line 1121]
Event: 3.376 Thread 0x000001bf33fb1790 Exception <a 'java/lang/reflect/InvocationTargetException'{0x00000007109fb7e0}> (0x00000007109fb7e0) 
thrown [s\src\hotspot\share\runtime\reflection.cpp, line 1121]
Event: 3.424 Thread 0x000001bf33fb1790 Exception <a 'java/lang/reflect/InvocationTargetException'{0x000000071073ead8}> (0x000000071073ead8) 
thrown [s\src\hotspot\share\runtime\reflection.cpp, line 1121]
Event: 3.445 Thread 0x000001bf2d2dc980 Exception <a 'java/lang/NoSuchMethodError'{0x000000071001ead8}: 'java.lang.Object java.lang.invoke.DirectMethodHandle$Holder.invokeSpecial(java.lang.Object, java.lang.Object, int, java.lang.Object, int)'> (0x000000071001ead8) 
thrown [s\src\hotspot\share\interpreter\linkResolver.cpp, line 759]
Event: 3.470 Thread 0x000001bf33fb1790 Exception <a 'java/lang/reflect/InvocationTargetException'{0x0000000710322890}> (0x0000000710322890) 
thrown [s\src\hotspot\share\runtime\reflection.cpp, line 1121]
Event: 3.518 Thread 0x000001bf33fb1790 Exception <a 'java/lang/reflect/InvocationTargetException'{0x000000070fa1a028}> (0x000000070fa1a028) 
thrown [s\src\hotspot\share\runtime\reflection.cpp, line 1121]
Event: 3.564 Thread 0x000001bf33fb1790 Exception <a 'java/lang/reflect/InvocationTargetException'{0x000000070f711190}> (0x000000070f711190) 
thrown [s\src\hotspot\share\runtime\reflection.cpp, line 1121]
Event: 3.570 Thread 0x000001bf2d2dc980 Exception <a 'java/lang/IncompatibleClassChangeError'{0x000000070f350e30}: Found class java.lang.Object, but interface was expected> (0x000000070f350e30) 
thrown [s\src\hotspot\share\interpreter\linkResolver.cpp, line 826]
Event: 3.581 Thread 0x000001bf2d2dc980 Exception <a 'java/lang/NoSuchMethodError'{0x000000070f0a7748}: 'java.lang.Object java.lang.invoke.DirectMethodHandle$Holder.invokeStatic(java.lang.Object, java.lang.Object, int, java.lang.Object)'> (0x000000070f0a7748) 
thrown [s\src\hotspot\share\interpreter\linkResolver.cpp, line 759]
Event: 3.581 Thread 0x000001bf2d2dc980 Exception <a 'java/lang/NoSuchMethodError'{0x000000070f0ab1e0}: 'java.lang.Object java.lang.invoke.DirectMethodHandle$Holder.invokeStaticInit(java.lang.Object, java.lang.Object, int, java.lang.Object)'> (0x000000070f0ab1e0) 
thrown [s\src\hotspot\share\interpreter\linkResolver.cpp, line 759]
Event: 3.591 Thread 0x000001bf2d2da7d0 Exception <a 'java/lang/reflect/InvocationTargetException'{0x000000070ee09528}> (0x000000070ee09528) 
thrown [s\src\hotspot\share\runtime\reflection.cpp, line 1121]
Event: 3.611 Thread 0x000001bf33fb1790 Exception <a 'java/lang/reflect/InvocationTargetException'{0x000000070f035ca0}> (0x000000070f035ca0) 
thrown [s\src\hotspot\share\runtime\reflection.cpp, line 1121]
Event: 3.657 Thread 0x000001bf33fb1790 Exception <a 'java/lang/reflect/InvocationTargetException'{0x000000070edd1018}> (0x000000070edd1018) 
thrown [s\src\hotspot\share\runtime\reflection.cpp, line 1121]

VM Operations (20 events):
Event: 2.663 Executing VM operation: HandshakeAllThreads
Event: 2.663 Executing VM operation: HandshakeAllThreads done
Event: 3.055 Executing VM operation: HandshakeAllThreads
Event: 3.055 Executing VM operation: HandshakeAllThreads done
Event: 3.057 Executing VM operation: HandshakeAllThreads
Event: 3.057 Executing VM operation: HandshakeAllThreads done
Event: 3.092 Executing VM operation: HandshakeAllThreads
Event: 3.092 Executing VM operation: HandshakeAllThreads done
Event: 3.145 Executing VM operation: HandshakeAllThreads
Event: 3.145 Executing VM operation: HandshakeAllThreads done
Event: 3.269 Executing VM operation: G1CollectForAllocation
Event: 3.272 Executing VM operation: G1CollectForAllocation done
Event: 3.306 Executing VM operation: HandshakeAllThreads
Event: 3.306 Executing VM operation: HandshakeAllThreads done
Event: 3.399 Executing VM operation: HandshakeAllThreads
Event: 3.399 Executing VM operation: HandshakeAllThreads done
Event: 3.399 Executing VM operation: HandshakeAllThreads
Event: 3.399 Executing VM operation: HandshakeAllThreads done
Event: 3.532 Executing VM operation: ICBufferFull
Event: 3.533 Executing VM operation: ICBufferFull done

Events (20 events):
Event: 3.410 loading class java/util/stream/ReduceOps$1
Event: 3.410 loading class java/util/stream/ReduceOps$1 done
Event: 3.410 loading class java/util/stream/ReduceOps$1ReducingSink
Event: 3.410 loading class java/util/stream/ReduceOps$1ReducingSink done
Event: 3.469 loading class javax/naming/RefAddr
Event: 3.469 loading class javax/naming/RefAddr done
Event: 3.469 loading class javax/naming/StringRefAddr
Event: 3.469 loading class javax/naming/StringRefAddr done
Event: 3.487 loading class java/util/concurrent/CompletableFuture$AltResult
Event: 3.487 loading class java/util/concurrent/CompletableFuture$AltResult done
Event: 3.487 loading class java/util/concurrent/CompletableFuture$Completion
Event: 3.487 loading class java/util/concurrent/CompletableFuture$AsynchronousCompletionTask
Event: 3.487 loading class java/util/concurrent/CompletableFuture$AsynchronousCompletionTask done
Event: 3.487 loading class java/util/concurrent/CompletableFuture$Completion done
Event: 3.531 loading class sun/reflect/annotation/AnnotatedTypeFactory$AnnotatedArrayTypeImpl
Event: 3.531 loading class sun/reflect/annotation/AnnotatedTypeFactory$AnnotatedArrayTypeImpl done
Event: 3.564 loading class java/util/concurrent/CancellationException
Event: 3.564 loading class java/util/concurrent/CancellationException done
Event: 3.589 Thread 0x000001bf33fb5150 Thread added: 0x000001bf33fb5150
Event: 3.592 Thread 0x000001bf33fb5150 Thread exited: 0x000001bf33fb5150


Dynamic libraries:
0x00007ff7b2fe0000 - 0x00007ff7b2fee000 	C:\JDK_Version\JDK17\bin\java.exe
0x00007ff9a99d0000 - 0x00007ff9a9be7000 	C:\WINDOWS\SYSTEM32\ntdll.dll
0x00007ff9a8300000 - 0x00007ff9a83c4000 	C:\WINDOWS\System32\KERNEL32.DLL
0x00007ff9a7320000 - 0x00007ff9a76cd000 	C:\WINDOWS\System32\KERNELBASE.dll
0x00007ff9a6d60000 - 0x00007ff9a6e71000 	C:\WINDOWS\System32\ucrtbase.dll
0x00007ff9974e0000 - 0x00007ff9974f9000 	C:\JDK_Version\JDK17\bin\VCRUNTIME140.dll
0x00007ff99b450000 - 0x00007ff99b467000 	C:\JDK_Version\JDK17\bin\jli.dll
0x00007ff9a78c0000 - 0x00007ff9a7a6e000 	C:\WINDOWS\System32\USER32.dll
0x00007ff9a71d0000 - 0x00007ff9a71f6000 	C:\WINDOWS\System32\win32u.dll
0x00007ff985d70000 - 0x00007ff986003000 	C:\WINDOWS\WinSxS\amd64_microsoft.windows.common-controls_6595b64144ccf1df_6.0.22621.3672_none_2713b9d173822955\COMCTL32.dll
0x00007ff9a80a0000 - 0x00007ff9a80c9000 	C:\WINDOWS\System32\GDI32.dll
0x00007ff9a7a70000 - 0x00007ff9a7b17000 	C:\WINDOWS\System32\msvcrt.dll
0x00007ff9a7200000 - 0x00007ff9a7319000 	C:\WINDOWS\System32\gdi32full.dll
0x00007ff9a6f00000 - 0x00007ff9a6f9a000 	C:\WINDOWS\System32\msvcp_win.dll
0x00007ff9a7fa0000 - 0x00007ff9a7fd1000 	C:\WINDOWS\System32\IMM32.DLL
0x00007ff9a21e0000 - 0x00007ff9a21ec000 	C:\JDK_Version\JDK17\bin\vcruntime140_1.dll
0x00007ff97d670000 - 0x00007ff97d701000 	C:\JDK_Version\JDK17\bin\msvcp140.dll
0x00007ff95b7c0000 - 0x00007ff95c408000 	C:\JDK_Version\JDK17\bin\server\jvm.dll
0x00007ff9a7800000 - 0x00007ff9a78b2000 	C:\WINDOWS\System32\ADVAPI32.dll
0x00007ff9a7700000 - 0x00007ff9a77a9000 	C:\WINDOWS\System32\sechost.dll
0x00007ff9a76d0000 - 0x00007ff9a76f8000 	C:\WINDOWS\System32\bcrypt.dll
0x00007ff9a8160000 - 0x00007ff9a8274000 	C:\WINDOWS\System32\RPCRT4.dll
0x00007ff9a2460000 - 0x00007ff9a2494000 	C:\WINDOWS\SYSTEM32\WINMM.dll
0x00007ff9a3380000 - 0x00007ff9a3389000 	C:\WINDOWS\SYSTEM32\WSOCK32.dll
0x00007ff99f750000 - 0x00007ff99f75a000 	C:\WINDOWS\SYSTEM32\VERSION.dll
0x00007ff9a8280000 - 0x00007ff9a82f1000 	C:\WINDOWS\System32\WS2_32.dll
0x00007ff9a5d10000 - 0x00007ff9a5d28000 	C:\WINDOWS\SYSTEM32\kernel.appcore.dll
0x00007ff99de30000 - 0x00007ff99de3a000 	C:\JDK_Version\JDK17\bin\jimage.dll
0x00007ff99f410000 - 0x00007ff99f642000 	C:\WINDOWS\SYSTEM32\DBGHELP.DLL
0x00007ff9a8f50000 - 0x00007ff9a92de000 	C:\WINDOWS\System32\combase.dll
0x00007ff9a98b0000 - 0x00007ff9a9987000 	C:\WINDOWS\System32\OLEAUT32.dll
0x00007ff99f3d0000 - 0x00007ff99f402000 	C:\WINDOWS\SYSTEM32\dbgcore.DLL
0x00007ff9a6e80000 - 0x00007ff9a6efb000 	C:\WINDOWS\System32\bcryptPrimitives.dll
0x00007ff9a25e0000 - 0x00007ff9a25ee000 	C:\JDK_Version\JDK17\bin\instrument.dll
0x00007ff98f520000 - 0x00007ff98f545000 	C:\JDK_Version\JDK17\bin\java.dll
0x00007ff97b7f0000 - 0x00007ff97b8c6000 	C:\JDK_Version\JDK17\bin\jsvml.dll
0x00007ff9a8540000 - 0x00007ff9a8da7000 	C:\WINDOWS\System32\SHELL32.dll
0x00007ff9a4c20000 - 0x00007ff9a551f000 	C:\WINDOWS\SYSTEM32\windows.storage.dll
0x00007ff9a4ae0000 - 0x00007ff9a4c1f000 	C:\WINDOWS\SYSTEM32\wintypes.dll
0x00007ff9a8e50000 - 0x00007ff9a8f49000 	C:\WINDOWS\System32\SHCORE.dll
0x00007ff9a92e0000 - 0x00007ff9a933e000 	C:\WINDOWS\System32\shlwapi.dll
0x00007ff9a6c20000 - 0x00007ff9a6c47000 	C:\WINDOWS\SYSTEM32\profapi.dll
0x00007ff9900c0000 - 0x00007ff9900d8000 	C:\JDK_Version\JDK17\bin\zip.dll
0x00007ff990e00000 - 0x00007ff990e19000 	C:\JDK_Version\JDK17\bin\net.dll
0x00007ff9a39a0000 - 0x00007ff9a3ad6000 	C:\WINDOWS\SYSTEM32\WINHTTP.dll
0x00007ff9a6180000 - 0x00007ff9a61e9000 	C:\WINDOWS\system32\mswsock.dll
0x00007ff990c80000 - 0x00007ff990c95000 	C:\JDK_Version\JDK17\bin\nio.dll
0x00007ff997a40000 - 0x00007ff997a5a000 	D:\IntelliJ_Ultimate\IntelliJ IDEA 2023.3.4\bin\breakgen64.dll
0x00007ff9a57b0000 - 0x00007ff9a58a8000 	C:\WINDOWS\SYSTEM32\DNSAPI.dll
0x00007ff9a5780000 - 0x00007ff9a57ad000 	C:\WINDOWS\SYSTEM32\IPHLPAPI.DLL
0x00007ff9a83d0000 - 0x00007ff9a83d9000 	C:\WINDOWS\System32\NSI.dll
0x0000000070510000 - 0x0000000070536000 	C:\Program Files\Bonjour\mdnsNSP.dll
0x00007ff9a29c0000 - 0x00007ff9a29ca000 	C:\Windows\System32\rasadhlp.dll
0x00007ff9a2ff0000 - 0x00007ff9a3073000 	C:\WINDOWS\System32\fwpuclnt.dll
0x00007ff9a25d0000 - 0x00007ff9a25d9000 	C:\JDK_Version\JDK17\bin\management.dll
0x00007ff9a25c0000 - 0x00007ff9a25cb000 	C:\JDK_Version\JDK17\bin\management_ext.dll
0x00007ff9a9340000 - 0x00007ff9a9348000 	C:\WINDOWS\System32\PSAPI.DLL
0x00007ff9a63f0000 - 0x00007ff9a640b000 	C:\WINDOWS\SYSTEM32\CRYPTSP.dll
0x00007ff9a5c70000 - 0x00007ff9a5ca5000 	C:\WINDOWS\system32\rsaenh.dll
0x00007ff9a6280000 - 0x00007ff9a62a8000 	C:\WINDOWS\SYSTEM32\USERENV.dll
0x00007ff9a63e0000 - 0x00007ff9a63ec000 	C:\WINDOWS\SYSTEM32\CRYPTBASE.dll
0x00007ff9a38d0000 - 0x00007ff9a38e9000 	C:\WINDOWS\SYSTEM32\dhcpcsvc6.DLL
0x00007ff9a38b0000 - 0x00007ff9a38cf000 	C:\WINDOWS\SYSTEM32\dhcpcsvc.DLL
0x00007ff979d10000 - 0x00007ff979d27000 	C:\WINDOWS\system32\napinsp.dll
0x00007ff978d10000 - 0x00007ff978d2b000 	C:\WINDOWS\system32\pnrpnsp.dll
0x00007ff976410000 - 0x00007ff976421000 	C:\WINDOWS\System32\winrnr.dll
0x00007ff9900a0000 - 0x00007ff9900b5000 	C:\WINDOWS\system32\wshbth.dll
0x00007ff9763e0000 - 0x00007ff976407000 	C:\WINDOWS\system32\nlansp_c.dll
0x00007ff99b230000 - 0x00007ff99b240000 	C:\JDK_Version\JDK17\bin\verify.dll
0x00007ff99fb50000 - 0x00007ff99fb5e000 	C:\JDK_Version\JDK17\bin\sunmscapi.dll
0x00007ff9a7060000 - 0x00007ff9a71c6000 	C:\WINDOWS\System32\CRYPT32.dll
0x00007ff9a6630000 - 0x00007ff9a665e000 	C:\WINDOWS\SYSTEM32\ncrypt.dll
0x00007ff9a65f0000 - 0x00007ff9a6627000 	C:\WINDOWS\SYSTEM32\NTASN1.dll

dbghelp: loaded successfully - version: 4.0.5 - missing functions: none
symbol engine: initialized successfully - sym options: 0x614 - pdb path: .;C:\JDK_Version\JDK17\bin;C:\WINDOWS\SYSTEM32;C:\WINDOWS\WinSxS\amd64_microsoft.windows.common-controls_6595b64144ccf1df_6.0.22621.3672_none_2713b9d173822955;C:\JDK_Version\JDK17\bin\server;D:\IntelliJ_Ultimate\IntelliJ IDEA 2023.3.4\bin;C:\Program Files\Bonjour

VM Arguments:
jvm_args: -XX:TieredStopAtLevel=1 -Dspring.output.ansi.enabled=always -Dcom.sun.management.jmxremote -Dspring.jmx.enabled=true -Dspring.liveBeansView.mbeanDomain -Dspring.application.admin.enabled=true -Dmanagement.endpoints.jmx.exposure.include=* -javaagent:D:\IntelliJ_Ultimate\IntelliJ IDEA 2023.3.4\lib\idea_rt.jar=53387:D:\IntelliJ_Ultimate\IntelliJ IDEA 2023.3.4\bin -Dfile.encoding=UTF-8 
java_command: swp391.userservice.UserServiceApplication
java_class_path (initial): D:\Fullsnack\SpringReact\SWP391\Ticket-ReSell-Platform\backend\cloud-config-micro-parent\user-service\target\classes;C:\Users\ADMIN\.m2\repository\org\springframework\cloud\spring-cloud-config-server\4.1.3\spring-cloud-config-server-4.1.3.jar;C:\Users\ADMIN\.m2\repository\org\springframework\cloud\spring-cloud-config-client\4.1.3\spring-cloud-config-client-4.1.3.jar;C:\Users\ADMIN\.m2\repository\org\springframework\cloud\spring-cloud-commons\4.1.4\spring-cloud-commons-4.1.4.jar;C:\Users\ADMIN\.m2\repository\org\springframework\cloud\spring-cloud-context\4.1.4\spring-cloud-context-4.1.4.jar;C:\Users\ADMIN\.m2\repository\com\fasterxml\jackson\core\jackson-annotations\2.17.2\jackson-annotations-2.17.2.jar;C:\Users\ADMIN\.m2\repository\io\micrometer\micrometer-observation\1.13.3\micrometer-observation-1.13.3.jar;C:\Users\ADMIN\.m2\repository\io\micrometer\micrometer-commons\1.13.3\micrometer-commons-1.13.3.jar;C:\Users\ADMIN\.m2\repository\org\springframework\security\spring-security-crypto\6.3.3\spring-security-crypto-6.3.3.jar;C:\Users\ADMIN\.m2\repository\org\springframework\security\spring-security-rsa\1.1.3\spring-security-rsa-1.1.3.jar;C:\Users\ADMIN\.m2\repository\org\bouncycastle\bcprov-jdk18on\1.78\bcprov-jdk18on-1.78.jar;C:\Users\ADMIN\.m2\repository\org\apache\httpcomponents\client5\httpclient5\5.3.1\httpclient5-5.3.1.jar;C:\Users\ADMIN\.m2\repository\org\apache\httpcomponents\core5\httpcore5\5.2.5\httpcore5-5.2.5.jar;C:\Users\ADMIN\.m2\repository\org\apache\httpcomponents\core5\httpcore5-h2\5.2.5\httpcore5-h2-5.2.5.jar;C:\Users\ADMIN\.m2\repository\org\slf4j\slf4j-api\2.0.16\slf4j-api-2.0.16.jar;C:\Users\ADMIN\.m2\repository\org\eclipse\jgit\org.eclipse.jgit\6.6.1.202309021850-r\org.eclipse.jgit-6.6.1.202309021850-r.jar;C:\Users\ADMIN\.m2\repository\com\googlecode\javaewah\JavaEWAH\1.2.3\JavaEWAH-1.2.3.jar;C:\Users\ADMIN\.m2\repository\org\eclipse\jgit\org.eclipse.jgit.http.apache\6.6.1.202309021850-r\org.eclipse.jgit.http.apache
Launcher Type: SUN_STANDARD

[Global flags]
     intx CICompilerCount                          = 4                                         {product} {ergonomic}
     uint ConcGCThreads                            = 3                                         {product} {ergonomic}
     uint G1ConcRefinementThreads                  = 10                                        {product} {ergonomic}
   size_t G1HeapRegionSize                         = 2097152                                   {product} {ergonomic}
    uintx GCDrainStackTargetSize                   = 64                                        {product} {ergonomic}
   size_t InitialHeapSize                          = 260046848                                 {product} {ergonomic}
     bool ManagementServer                         = true                                      {product} {command line}
   size_t MarkStackSize                            = 4194304                                   {product} {ergonomic}
   size_t MaxHeapSize                              = 4131389440                                {product} {ergonomic}
   size_t MaxNewSize                               = 2478833664                                {product} {ergonomic}
   size_t MinHeapDeltaBytes                        = 2097152                                   {product} {ergonomic}
   size_t MinHeapSize                              = 8388608                                   {product} {ergonomic}
    uintx NonProfiledCodeHeapSize                  = 0                                      {pd product} {ergonomic}
     bool ProfileInterpreter                       = false                                  {pd product} {command line}
    uintx ProfiledCodeHeapSize                     = 0                                      {pd product} {ergonomic}
   size_t SoftMaxHeapSize                          = 4131389440                             {manageable} {ergonomic}
     intx TieredStopAtLevel                        = 1                                         {product} {command line}
     bool UseCompressedClassPointers               = true                           {product lp64_product} {ergonomic}
     bool UseCompressedOops                        = true                           {product lp64_product} {ergonomic}
     bool UseG1GC                                  = true                                      {product} {ergonomic}
     bool UseLargePagesIndividualAllocation        = false                                  {pd product} {ergonomic}

Logging:
Log output configuration:
 #0: stdout all=warning uptime,level,tags
 #1: stderr all=off uptime,level,tags

Environment Variables:
JAVA_HOME=C:\JDK_Version\JDK17
PATH=C:\Program Files (x86)\Common Files\Oracle\Java\javapath;C:\JDK_Version\JDK17\bin;C:\WINDOWS\system32;C:\WINDOWS;C:\WINDOWS\System32\Wbem;C:\WINDOWS\System32\WindowsPowerShell\v1.0\;C:\WINDOWS\System32\OpenSSH\;C:\MinGW\bin;C:\msys64\mingw64\bin;C:\Program Files\Git\cmd;C:\Program Files (x86)\Microsoft SQL Server\160\Tools\Binn\;C:\Program Files\Microsoft SQL Server\160\Tools\Binn\;C:\Program Files\Microsoft SQL Server\Client SDK\ODBC\170\Tools\Binn\;C:\Program Files\Microsoft SQL Server\160\DTS\Binn\;C:\Program Files (x86)\Microsoft SQL Server\160\DTS\Binn\;C:\Program Files\Azure Data Studio\bin;C:\Program Files\dotnet\;D:\NodeJS\;C:\ProgramData\chocolatey\bin;C:\Program Files\Microsoft SQL Server\150\Tools\Binn\;D:\Windows Kits\10\Windows Performance Toolkit\;D:\MongoDB\mongosh-2.3.1-win32-x64\bin;D:\MongoDB\bin;D:\Pycharm\lib\ffmpeg-master-latest-win64-gpl\bin;C:\Users\ADMIN\AppData\Local\Android\Sdk\platform-tools;C:\Users\ADMIN\AppData\Local\Programs\Python\Python312\Scripts\;C:\Users\ADMIN\AppData\Local\Programs\Python\Python312\;C:\Program Files\MySQL\MySQL Shell 8.0\bin\;C:\Users\ADMIN\AppData\Local\Microsoft\WindowsApps;C:\msys64\mingw64\bin;D:\Microsoft VS Code\bin;C:\Program Files\Azure Data Studio\bin;C:\Users\ADMIN\AppData\Roaming\npm;D:\IntelliJ\IntelliJ IDEA Community Edition 2023.3.4\bin;;D:\IntelliJ_Ultimate\IntelliJ IDEA 2023.3.4\bin;;C:\Users\ADMIN\.dotnet\tools;D:\Pycharm\PyCharm 2024.2.0.1\bin;;D:\Pycharm\PyCharm Community Edition 2024.2.0.1\bin;;D:\MongoDB\bin;
USERNAME=ADMIN
OS=Windows_NT
PROCESSOR_IDENTIFIER=AMD64 Family 25 Model 80 Stepping 0, AuthenticAMD
TMP=C:\Users\ADMIN\AppData\Local\Temp
TEMP=C:\Users\ADMIN\AppData\Local\Temp



---------------  S Y S T E M  ---------------

OS:
 Windows 11 , 64 bit Build 22621 (10.0.22621.3958)
OS uptime: 0 days 7:37 hours
Hyper-V role detected

CPU: total 12 (initial active 12) (12 cores per cpu, 2 threads per core) family 25 model 80 stepping 0 microcode 0x0, cx8, cmov, fxsr, ht, mmx, 3dnowpref, sse, sse2, sse3, ssse3, sse4a, sse4.1, sse4.2, popcnt, lzcnt, tsc, tscinvbit, avx, avx2, aes, erms, clmul, bmi1, bmi2, adx, sha, fma, vzeroupper, clflush, clflushopt, hv

Memory: 4k page, system-wide physical 15754M (1534M free)
TotalPageFile size 20766M (AvailPageFile size 0M)
current process WorkingSet (physical memory assigned to process): 261M, peak: 261M
current process commit charge ("private bytes"): 309M, peak: 379M

vm_info: OpenJDK 64-Bit Server VM (17.0.7+7) for windows-amd64 JRE (17.0.7+7), built on Apr 18 2023 22:10:42 by "temurin" with MS VC++ 16.7 (VS2019)

END.
